Executed '[C58894] Chat: Active conversations - Conversations information' on 31-10-2019
---------------------------------------------------------------------------------
11-10 10:15:43.378  4211  6753 I ActivityManager: Force stopping com.wallapop appid=10311 user=0: from pid 9037 caller com.android.server.am.ActivityManagerShellCommand.runForceStop:967

11-10 10:15:43.380  4211  6753 I ActivityManager: Killing 8254:com.wallapop/u0a311 (adj 200): stop com.wallapop,from pid 9037 caller com.android.server.am.ActivityManagerShellCommand.runForceStop:967

11-10 10:15:43.393  4211  6753 W ActivityManager: Scheduling restart of crashed service com.wallapop/com.rewallapop.ui.debug.view.DebugActivity$Service in 1000ms

11-10 10:15:43.403 23911 23911 D Notification.Badge: [invalid] onNotificationRemoved : StatusBarNotification(pkg=com.wallapop user=UserHandle{0} id=999 tag=null key=0|com.wallapop|999|null|10311: Notification(channel=wallapop_channel pri=-2 contentView=null vibrate=null sound=null defaults=0x0 flags=0x62 color=0x00000000 vis=PRIVATE semFlags=0x0 semPriority=0 semMissedCount=0))

11-10 10:15:43.411  4211  6753 D StorageManagerService: getExternalStorageMountMode : final mountMode=1, uid : 10311, packageName : com.wallapop

11-10 10:15:43.411  4211  6753 I ApplicationPolicy: isApplicationExternalStorageWhitelisted:com.wallapop user:0

11-10 10:15:43.411  4211  6753 D ActivityManager: package  com.wallapop, user - 0 is SDcard whitelisted

11-10 10:15:43.411  4211  6753 I ApplicationPolicy: isApplicationExternalStorageBlacklisted:com.wallapop user:0

11-10 10:15:43.412  4211  6753 I ApplicationPolicy: isApplicationExternalStorageBlacklisted:com.wallapop user:0

11-10 10:15:43.432  4211  6753 I ActivityManager:   Force finishing activity ActivityRecord{71b8866 u0 com.wallapop/com.rewallapop.ui.wall.WallActivity t2120}

11-10 10:15:43.437  4211  6753 I WindowManager: Cancelling animation restarting=false, leash=null, surface=Surface(name=f28f1bd com.wallapop/com.rewallapop.ui.wall.WallActivity)/@0x1b46ba, parent=Surface(name=AppWindowToken{ac06454 token=Token{f2c57a7 ActivityRecord{71b8866 u0 com.wallapop/com.rewallapop.ui.wall.WallActivity t2120}}})/@0x905f96b

11-10 10:15:43.437  4211  6753 V WindowManager: Changing focus from Window{f28f1bd u0 com.wallapop/com.rewallapop.ui.wall.WallActivity} to null Callers=com.android.server.wm.AppWindowToken.setVisibility:536 com.android.server.wm.AppWindowContainerController.setVisibility:495 com.android.server.am.ActivityRecord.setVisibility:1917 com.android.server.am.ActivityStack.prepareActivityHideTransitionAnimation:4429

11-10 10:15:43.439  4211  6753 V WindowManager: Setting visibility of Window{f28f1bd u0 com.wallapop/com.rewallapop.ui.wall.WallActivity}: false, caller=com.android.server.wm.WindowContainer.sendAppVisibilityToClients:615 com.android.server.wm.AppWindowToken.setClientHidden:460 com.android.server.wm.AppWindowToken.onAnimationFinished:2383 com.android.server.wm.AppWindowToken.setVisibility:551 com.android.server.wm.AppWindowContainerController.setVisibility:495

11-10 10:15:43.441  4211  4242 D WindowManager: reportFocusChangedSerialized, focused=false, inTouchMode=true, win=Window{f28f1bd u0 com.wallapop/com.rewallapop.ui.wall.WallActivity}

11-10 10:15:43.454  4211  6753 I ActivityManager:   Force finishing activity ActivityRecord{71b8866 u0 com.wallapop/com.rewallapop.ui.wall.WallActivity t2120 f}

11-10 10:15:43.454  4211  6753 W ActivityManager: Duplicate finish request for ActivityRecord{71b8866 u0 com.wallapop/com.rewallapop.ui.wall.WallActivity t2120 f}

11-10 10:15:43.526  4211  4227 I WindowManager: Cancelling animation restarting=false, leash=null, surface=Surface(name=AppWindowToken{ac06454 token=Token{f2c57a7 ActivityRecord{71b8866 u0 com.wallapop/com.rewallapop.ui.wall.WallActivity t2120}}})/@0x905f96b, parent=Surface(name=Task=2120)/@0x97768b1

11-10 10:15:43.527  4211  4227 V WindowManager: Remove Window{f28f1bd u0 com.wallapop/com.rewallapop.ui.wall.WallActivity}: mSurfaceController=Surface(name=com.wallapop/com.rewallapop.ui.wall.WallActivity[8254])/@0x9914be5 mAnimatingExit=false mRemoveOnExit=false mHasSurface=true surfaceShowing=false isAnimationSet=false app-animation=false mWillReplaceWindow=false inPendingTransaction=false mDisplayFrozen=false callers=com.android.server.wm.WindowState.removeIfPossible:2764 com.android.server.wm.WindowToken.removeAllWindowsIfPossible:150 com.android.server.wm.AppWindowToken.removeIfPossible:743 com.android.server.wm.AppWindowToken.onRemovedFromDisplay:819 com.android.server.wm.DisplayContent.removeAppToken:1079 com.android.server.wm.AppWindowContainerController.removeContainer:305

11-10 10:15:43.528  4211  4227 I WindowManager: Destroying surface Surface(name=com.wallapop/com.rewallapop.ui.wall.WallActivity[8254])/@0x9914be5 called by com.android.server.wm.WindowStateAnimator.destroySurface:1901 com.android.server.wm.WindowStateAnimator.destroySurfaceLocked:838 com.android.server.wm.WindowState.removeImmediately:2743 com.android.server.wm.WindowState.removeIfPossible:2893 com.android.server.wm.WindowState.removeIfPossible:2764 com.android.server.wm.WindowToken.removeAllWindowsIfPossible:150 com.android.server.wm.AppWindowToken.removeIfPossible:743 com.android.server.wm.AppWindowToken.onRemovedFromDisplay:819

11-10 10:15:43.528  3727  3964 I SurfaceFlinger: id=23631 Removed com.wallapop/com.rewallapop.ui.wall.WallActivity[8254]#0 (0/52)

11-10 10:15:43.532  3727  3964 I SurfaceFlinger: id=23630 Removed f28f1bd com.wallapop/com.rewallapop.ui.wall.WallActivity#0 (0/51)

11-10 10:15:43.539  3727  3964 W SurfaceFlinger: Attempting to destroy on removed layer: AppWindowToken{ac06454 token=Token{f2c57a7 ActivityRecord{71b8866 u0 com.wallapop/com.rewallapop.ui.wall.WallActivity t2120}}}#0

11-10 10:15:43.543  3727  3727 I Layer   : id=23630 onRemoved f28f1bd com.wallapop/com.rewallapop.ui.wall.WallActivity#0

11-10 10:15:43.544  3727  3727 I Layer   : id=23631 onRemoved com.wallapop/com.rewallapop.ui.wall.WallActivity[8254]#0

11-10 10:15:43.544  3727  3727 I Layer   : id=23628 onRemoved AppWindowToken{ac06454 token=Token{f2c57a7 ActivityRecord{71b8866 u0 com.wallapop/com.rewallapop.ui.wall.WallActivity t2120}}}#0

11-10 10:15:43.546  9045  9045 I com.wallapop: Late-enabling -Xcheck:jni

11-10 10:15:43.549  4211  4229 I ActivityManager: Start proc 9045:com.wallapop/u0a311 for activity com.wallapop/com.rewallapop.ui.wall.WallActivity

11-10 10:15:43.558  4211  4211 D SamsungAlarmManager: Remove alarm for next reason : android.intent.action.PACKAGE_RESTARTED : package: com.wallapop

11-10 10:15:43.590  4211  4227 W BroadcastQueue: Background execution not allowed: receiving Intent { act=android.intent.action.PACKAGE_RESTARTED dat=package:com.wallapop flg=0x10 (has extras) } to android/com.kddi.android.CpaNotiReceiver

11-10 10:15:43.634 23911 23978 D Notification.Badge: updateLauncherIconBadges() item : [IconInfo(title=_Wallapop_ intent=Intent { act=android.intent.action.MAIN cat=[android.intent.category.LAUNCHER] flg=0x10200000 cmp=com.wallapop/.activities.HomeActivity (has extras) } id=160 type=0 container=-102 screen=1 cellX=3 cellY=0 spanX=1 spanY=1 rank=3 hidden=0 dropPos=null user=UserHandle{0} screenType=0)], mShowBadge : [false], item.mBadgeCount : [0]

11-10 10:15:43.644  9045  9045 I com.wallapop: report jit thread pid = 9052

11-10 10:15:43.674 23911 17128 I AppIconSolution: load=com.wallapop, bg=144-144, dr=126-126, forDefault=true, density=0

11-10 10:15:43.683  4211  5518 I ActivityManager: DSS on for com.wallapop and scale is 1.0

11-10 10:15:43.694 23911 17128 I AppIconSolution: load=com.wallapop-contain, bg=166-166, dr=126-126

11-10 10:15:43.757 23911 23911 D RecommendedView: updateBadgeItems: [IconInfo(title=_Wallapop_ intent=Intent { act=android.intent.action.MAIN cat=[android.intent.category.LAUNCHER] flg=0x10200000 cmp=com.wallapop/.activities.HomeActivity (has extras) } id=160 type=0 container=-102 screen=1 cellX=3 cellY=0 spanX=1 spanY=1 rank=3 hidden=0 dropPos=null user=UserHandle{0} screenType=0)]

11-10 10:15:43.857  9045  9045 I com.wallapop: The ClassLoaderContext is a special shared library.

11-10 10:15:49.867  9045  9099 W com.wallapop: Unsupported class loader

11-10 10:15:49.872  9045  9099 W com.wallapop: Skipping duplicate class check due to unsupported classloader

11-10 10:15:50.008  9045  9099 W com.wallapop: Unsupported class loader

11-10 10:15:50.284  9045  9045 I com.wallapop: Waiting for a blocking GC ClassLinker

11-10 10:15:50.508  9045  9099 I com.wallapop: Waiting for a blocking GC ClassLinker

11-10 10:15:50.841  9045  9045 I com.wallapop: WaitForGcToComplete blocked ClassLinker on ClassLinker for 557.098ms

11-10 10:15:50.846  9045  9045 W com.wallapop: Verification of void com.rewallapop.app.di.a.b.<init>(com.rewallapop.app.di.module.d, com.rewallapop.app.di.module.submodule.PolicyModule, com.rewallapop.app.di.module.ApplicationPresentationModule, com.rewallapop.app.di.module.ApplicationUseCasesModule, com.rewallapop.app.di.module.BillingModule, com.rewallapop.app.di.module.DataSourceModule, com.rewallapop.app.di.module.submodule.ads.AdsDataSourceModule, com.rewallapop.app.di.module.submodule.verticals.VerticalsDataSourceModule, com.rewallapop.app.di.module.ExecutorsModule, com.rewallapop.app.di.module.HelpshiftModule, com.rewallapop.app.di.module.MappersModule, com.rewallapop.app.di.module.submodule.ApiModelMapperModule, com.rewallapop.app.di.module.submodule.ApiV2ModelMapperModule, com.rewallapop.app.di.module.submodule.DataMapperModule, com.rewallapop.app.di.module.submodule.ViewModelMapperModule, com.rewallapop.app.di.module.RepositoryModule, com.rewallapop.app.di.module.submodule.ads.AdsRepositoryModule, com.rewallapop.app.di.module.RestModule, com.re

11-10 10:15:50.849  9045  9099 I com.wallapop: WaitForGcToComplete blocked ClassLinker on ClassLinker for 340.904ms

11-10 10:15:51.011  9045  9045 W com.wallapop: Verification of void com.rewallapop.app.di.a.b.a(com.rewallapop.app.di.module.d, com.rewallapop.app.di.module.submodule.PolicyModule, com.rewallapop.app.di.module.ApplicationPresentationModule, com.rewallapop.app.di.module.ApplicationUseCasesModule, com.rewallapop.app.di.module.BillingModule, com.rewallapop.app.di.module.DataSourceModule, com.rewallapop.app.di.module.submodule.ads.AdsDataSourceModule, com.rewallapop.app.di.module.submodule.verticals.VerticalsDataSourceModule, com.rewallapop.app.di.module.ExecutorsModule, com.rewallapop.app.di.module.HelpshiftModule, com.rewallapop.app.di.module.MappersModule, com.rewallapop.app.di.module.submodule.ApiModelMapperModule, com.rewallapop.app.di.module.submodule.ApiV2ModelMapperModule, com.rewallapop.app.di.module.submodule.DataMapperModule, com.rewallapop.app.di.module.submodule.ViewModelMapperModule, com.rewallapop.app.di.module.RepositoryModule, com.rewallapop.app.di.module.submodule.ads.AdsRepositoryModule, com.rewallapop.app.di.module.RestModule, com.rewalla

11-10 10:15:51.141  9045  9045 W com.wallapop: Verification of void com.rewallapop.app.di.a.b.b(com.rewallapop.app.di.module.d, com.rewallapop.app.di.module.submodule.PolicyModule, com.rewallapop.app.di.module.ApplicationPresentationModule, com.rewallapop.app.di.module.ApplicationUseCasesModule, com.rewallapop.app.di.module.BillingModule, com.rewallapop.app.di.module.DataSourceModule, com.rewallapop.app.di.module.submodule.ads.AdsDataSourceModule, com.rewallapop.app.di.module.submodule.verticals.VerticalsDataSourceModule, com.rewallapop.app.di.module.ExecutorsModule, com.rewallapop.app.di.module.HelpshiftModule, com.rewallapop.app.di.module.MappersModule, com.rewallapop.app.di.module.submodule.ApiModelMapperModule, com.rewallapop.app.di.module.submodule.ApiV2ModelMapperModule, com.rewallapop.app.di.module.submodule.DataMapperModule, com.rewallapop.app.di.module.submodule.ViewModelMapperModule, com.rewallapop.app.di.module.RepositoryModule, com.rewallapop.app.di.module.submodule.ads.AdsRepositoryModule, com.rewallapop.app.di.module.RestModule, com.rewalla

11-10 10:15:51.294  9045  9045 W com.wallapop: Verification of void com.rewallapop.app.di.a.b.c(com.rewallapop.app.di.module.d, com.rewallapop.app.di.module.submodule.PolicyModule, com.rewallapop.app.di.module.ApplicationPresentationModule, com.rewallapop.app.di.module.ApplicationUseCasesModule, com.rewallapop.app.di.module.BillingModule, com.rewallapop.app.di.module.DataSourceModule, com.rewallapop.app.di.module.submodule.ads.AdsDataSourceModule, com.rewallapop.app.di.module.submodule.verticals.VerticalsDataSourceModule, com.rewallapop.app.di.module.ExecutorsModule, com.rewallapop.app.di.module.HelpshiftModule, com.rewallapop.app.di.module.MappersModule, com.rewallapop.app.di.module.submodule.ApiModelMapperModule, com.rewallapop.app.di.module.submodule.ApiV2ModelMapperModule, com.rewallapop.app.di.module.submodule.DataMapperModule, com.rewallapop.app.di.module.submodule.ViewModelMapperModule, com.rewallapop.app.di.module.RepositoryModule, com.rewallapop.app.di.module.submodule.ads.AdsRepositoryModule, com.rewallapop.app.di.module.RestModule, com.rewalla

11-10 10:15:51.537  9045  9045 W com.wallapop: Verification of void com.rewallapop.app.di.a.b.d(com.rewallapop.app.di.module.d, com.rewallapop.app.di.module.submodule.PolicyModule, com.rewallapop.app.di.module.ApplicationPresentationModule, com.rewallapop.app.di.module.ApplicationUseCasesModule, com.rewallapop.app.di.module.BillingModule, com.rewallapop.app.di.module.DataSourceModule, com.rewallapop.app.di.module.submodule.ads.AdsDataSourceModule, com.rewallapop.app.di.module.submodule.verticals.VerticalsDataSourceModule, com.rewallapop.app.di.module.ExecutorsModule, com.rewallapop.app.di.module.HelpshiftModule, com.rewallapop.app.di.module.MappersModule, com.rewallapop.app.di.module.submodule.ApiModelMapperModule, com.rewallapop.app.di.module.submodule.ApiV2ModelMapperModule, com.rewallapop.app.di.module.submodule.DataMapperModule, com.rewallapop.app.di.module.submodule.ViewModelMapperModule, com.rewallapop.app.di.module.RepositoryModule, com.rewallapop.app.di.module.submodule.ads.AdsRepositoryModule, com.rewallapop.app.di.module.RestModule, com.rewalla

11-10 10:15:51.629  9045  9086 W com.wallapop: Verification of void com.google.android.gms.internal.measurement.zzjc.<init>() took 156.368ms

11-10 10:15:51.749  9045  9045 W com.wallapop: Verification of void com.rewallapop.app.di.a.b.e(com.rewallapop.app.di.module.d, com.rewallapop.app.di.module.submodule.PolicyModule, com.rewallapop.app.di.module.ApplicationPresentationModule, com.rewallapop.app.di.module.ApplicationUseCasesModule, com.rewallapop.app.di.module.BillingModule, com.rewallapop.app.di.module.DataSourceModule, com.rewallapop.app.di.module.submodule.ads.AdsDataSourceModule, com.rewallapop.app.di.module.submodule.verticals.VerticalsDataSourceModule, com.rewallapop.app.di.module.ExecutorsModule, com.rewallapop.app.di.module.HelpshiftModule, com.rewallapop.app.di.module.MappersModule, com.rewallapop.app.di.module.submodule.ApiModelMapperModule, com.rewallapop.app.di.module.submodule.ApiV2ModelMapperModule, com.rewallapop.app.di.module.submodule.DataMapperModule, com.rewallapop.app.di.module.submodule.ViewModelMapperModule, com.rewallapop.app.di.module.RepositoryModule, com.rewallapop.app.di.module.submodule.ads.AdsRepositoryModule, com.rewallapop.app.di.module.RestModule, com.rewalla

11-10 10:15:51.854  9045  9045 W com.wallapop: Verification of void com.rewallapop.app.di.a.b.f(com.rewallapop.app.di.module.d, com.rewallapop.app.di.module.submodule.PolicyModule, com.rewallapop.app.di.module.ApplicationPresentationModule, com.rewallapop.app.di.module.ApplicationUseCasesModule, com.rewallapop.app.di.module.BillingModule, com.rewallapop.app.di.module.DataSourceModule, com.rewallapop.app.di.module.submodule.ads.AdsDataSourceModule, com.rewallapop.app.di.module.submodule.verticals.VerticalsDataSourceModule, com.rewallapop.app.di.module.ExecutorsModule, com.rewallapop.app.di.module.HelpshiftModule, com.rewallapop.app.di.module.MappersModule, com.rewallapop.app.di.module.submodule.ApiModelMapperModule, com.rewallapop.app.di.module.submodule.ApiV2ModelMapperModule, com.rewallapop.app.di.module.submodule.DataMapperModule, com.rewallapop.app.di.module.submodule.ViewModelMapperModule, com.rewallapop.app.di.module.RepositoryModule, com.rewallapop.app.di.module.submodule.ads.AdsRepositoryModule, com.rewallapop.app.di.module.RestModule, com.rewalla

11-10 10:15:52.582  9045  9086 I FA      :   adb shell setprop debug.firebase.analytics.app com.wallapop

11-10 10:15:53.138  9045  9045 W com.wallapop: Verification of java.util.Map com.rewallapop.app.di.module.TrackingModule.a() took 193.098ms

11-10 10:15:56.661  9045  9132 I stetho  : Listening on @stetho_com.wallapop_devtools_remote

11-10 10:15:56.961  9045  9138 W com.wallapop: Accessing hidden field Lsun/misc/Unsafe;->theUnsafe:Lsun/misc/Unsafe; (light greylist, reflection)

11-10 10:15:57.083  9045  9140 W com.wallapop: Accessing hidden field Ljava/nio/Buffer;->address:J (light greylist, reflection)

11-10 10:15:57.201  9045  9045 I com.wallapop: The ClassLoaderContext is a special shared library.

11-10 10:15:57.208  9045  9045 I chatty  : uid=10311(com.wallapop) identical 1 line

11-10 10:15:57.219  9045  9045 I com.wallapop: The ClassLoaderContext is a special shared library.

11-10 10:15:57.577  9045  9164 W com.wallapop: Accessing hidden method Landroid/content/Context;->bindServiceAsUser(Landroid/content/Intent;Landroid/content/ServiceConnection;ILandroid/os/Handler;Landroid/os/UserHandle;)Z (light greylist, reflection)

11-10 10:15:57.581  4211  6751 I ApplicationPolicy: isApplicationExternalStorageWhitelisted:com.wallapop user:0

11-10 10:15:57.581  4211  6751 D ActivityManager: package  com.wallapop, user - 0 is SDcard whitelisted

11-10 10:15:57.581  4211  6751 I ApplicationPolicy: isApplicationExternalStorageBlacklisted:com.wallapop user:0

11-10 10:15:57.581  4211  6751 I ApplicationPolicy: isApplicationExternalStorageBlacklisted:com.wallapop user:0

11-10 10:15:57.598  4211  4229 I ActivityManager: Start proc 9167:com.android.chrome:sandboxed_process0/u0i777 for webview_service com.wallapop/org.chromium.content.app.SandboxedProcessService0

11-10 10:15:57.633  4211  6751 D WifiPermissionsUtil: canAccessScanResults: pkgName = com.wallapop, uid = 10311

11-10 10:15:57.640  4211  6751 I ActivityManager: DSS on for com.wallapop and scale is 1.0

11-10 10:15:57.708  9045  9045 W com.wallapop: Accessing hidden method Landroid/view/textclassifier/logging/SmartSelectionEventTracker;-><init>(Landroid/content/Context;I)V (light greylist, reflection)

11-10 10:15:57.709  9045  9045 W com.wallapop: Accessing hidden method Landroid/view/textclassifier/logging/SmartSelectionEventTracker;->logEvent(Landroid/view/textclassifier/logging/SmartSelectionEventTracker$SelectionEvent;)V (light greylist, reflection)

11-10 10:15:57.709  9045  9045 W com.wallapop: Accessing hidden method Landroid/view/textclassifier/logging/SmartSelectionEventTracker$SelectionEvent;->selectionStarted(I)Landroid/view/textclassifier/logging/SmartSelectionEventTracker$SelectionEvent; (light greylist, reflection)

11-10 10:15:57.709  9045  9045 W com.wallapop: Accessing hidden method Landroid/view/textclassifier/logging/SmartSelectionEventTracker$SelectionEvent;->selectionModified(II)Landroid/view/textclassifier/logging/SmartSelectionEventTracker$SelectionEvent; (light greylist, reflection)

11-10 10:15:57.709  9045  9045 W com.wallapop: Accessing hidden method Landroid/view/textclassifier/logging/SmartSelectionEventTracker$SelectionEvent;->selectionModified(IILandroid/view/textclassifier/TextClassification;)Landroid/view/textclassifier/logging/SmartSelectionEventTracker$SelectionEvent; (light greylist, reflection)

11-10 10:15:57.709  9045  9045 W com.wallapop: Accessing hidden method Landroid/view/textclassifier/logging/SmartSelectionEventTracker$SelectionEvent;->selectionModified(IILandroid/view/textclassifier/TextSelection;)Landroid/view/textclassifier/logging/SmartSelectionEventTracker$SelectionEvent; (light greylist, reflection)

11-10 10:15:57.709  9045  9045 W com.wallapop: Accessing hidden method Landroid/view/textclassifier/logging/SmartSelectionEventTracker$SelectionEvent;->selectionAction(III)Landroid/view/textclassifier/logging/SmartSelectionEventTracker$SelectionEvent; (light greylist, reflection)

11-10 10:15:57.709  9045  9045 W com.wallapop: Accessing hidden method Landroid/view/textclassifier/logging/SmartSelectionEventTracker$SelectionEvent;->selectionAction(IIILandroid/view/textclassifier/TextClassification;)Landroid/view/textclassifier/logging/SmartSelectionEventTracker$SelectionEvent; (light greylist, reflection)

11-10 10:15:57.765  9045  9178 W com.wallapop: Accessing hidden method Landroid/media/AudioManager;->getOutputLatency(I)I (light greylist, reflection)

11-10 10:15:57.833  9045  9045 W com.wallapop: Accessing hidden method Landroid/app/ActivityThread;->currentPackageName()Ljava/lang/String; (light greylist, reflection)

11-10 10:15:58.303  9045  9233 W com.wallapop: Accessing hidden method Lcom/android/org/conscrypt/OpenSSLSocketImpl;->setAlpnProtocols([B)V (light greylist, reflection)

11-10 10:15:58.651  9045  9233 W com.wallapop: Accessing hidden method Lcom/android/org/conscrypt/OpenSSLSocketImpl;->getAlpnSelectedProtocol()[B (light greylist, reflection)

11-10 10:16:00.275  4211  6757 D SamsungAlarmManager: Cancel Alarm calling from uid:10311 pid :9045 / op:PendingIntent{21cd54f: PendingIntentRecord{7fe1d31 com.wallapop broadcastIntent}}

11-10 10:16:01.127  9045  9130 W com.wallapop: Accessing hidden method Ldalvik/system/VMRuntime;->getRuntime()Ldalvik/system/VMRuntime; (light greylist, reflection)

11-10 10:16:01.127  9045  9130 W com.wallapop: Accessing hidden method Ldalvik/system/VMRuntime;->vmInstructionSet()Ljava/lang/String; (light greylist, reflection)

11-10 10:16:01.291  9045  9272 I com.wallapop: The ClassLoaderContext is a special shared library.

11-10 10:16:01.296  9045  9272 I com.wallapop: Waiting for a blocking GC ClassLinker

11-10 10:16:01.361  9045  9272 I com.wallapop: WaitForGcToComplete blocked ClassLinker on HeapTrim for 64.219ms

11-10 10:16:01.921  9045  9130 W com.wallapop: Verification of void com.adjust.sdk.AttributionHandler.sendAttributionRequestI() took 148.834ms

11-10 10:24:32.917  9634  9696 I appium  : AppiumResponse: {"sessionId":"10fad507-fd40-484e-8512-7de470c6e0bb","value":{"sessionId":"10fad507-fd40-484e-8512-7de470c6e0bb","capabilities":{"firstMatch":[{"platform":"LINUX","webStorageEnabled":false,"takesScreenshot":true,"javascriptEnabled":true,"databaseEnabled":false,"networkConnectionEnabled":true,"locationContextEnabled":false,"warnings":{},"desired":{"platformName":"android","normalizeTagNames":true,"androidInstallTimeout":150000,"app":"","appActivity":"com.rewallapop.ui.main.MainActivity","appPackage":"com.wallapop","isHeadless":false,"skipDeviceInitialization":true,"autoAcceptAlerts":true,"autoGrantPermissions":true,"automationName":"UiAutomator2","avd":"","deviceName":"3200f02dc0aab5db","deviceReadyTimeout":1,"fullReset":false,"ignoreUnimportantViews":true,"newCommandTimeout":60,"noReset":true,"systemPort":8223,"udid":"3200f02dc0aab5db"},"platformName":"android","normalizeTagNames":true,"androidInstallTimeout":150000,"app":"","appActivity":"com.rewallapop.ui.main.MainActivity","appPackage":"com.wallapop","isHeadless":false,"skipDeviceInitialization":true,"autoAcceptAlerts":true,"autoGrantPermissions":true,"automationName":"UiAutomator2","avd":"","deviceName":"3200f02dc0aab5db","deviceReadyTimeout":1,"fullReset":false,"ignoreUnimportantViews":true,"newCommandTimeout":60,"noReset":true,"systemPort":8223,"udid":"3200f02dc0aab5db","deviceUDID":"3200f02dc0aab5db"}],"alwaysMatch":{}}}}

11-10 10:24:33.465  4211  6755 I ActivityManager: Force stopping com.wallapop appid=10311 user=0: from pid 9703 caller com.android.server.am.ActivityManagerShellCommand.runStartActivity:412

11-10 10:24:33.467  4211  6755 I ActivityManager: Killing 9045:com.wallapop/u0a311 (adj 900): stop com.wallapop,from pid 9703 caller com.android.server.am.ActivityManagerShellCommand.runStartActivity:412

11-10 10:24:33.495  4211  4227 W BroadcastQueue: Background execution not allowed: receiving Intent { act=android.intent.action.PACKAGE_RESTARTED dat=package:com.wallapop flg=0x10 (has extras) } to android/com.kddi.android.CpaNotiReceiver

11-10 10:24:33.497  4211  4211 D SamsungAlarmManager: Remove alarm for next reason : android.intent.action.PACKAGE_RESTARTED : package: com.wallapop

11-10 10:24:33.741  4211  6755 I ActivityManager: START u0 {act=null typ=null flg=0x10000000 cmp=ComponentInfo{com.wallapop/com.rewallapop.ui.main.MainActivity}} from uid 2000

11-10 10:24:33.752  4211  6755 I ActivityManager: [IOP] sourceDir : /data/app/com.wallapop-YuY1orTsl_VIwwe6m0TquQ== in ActivityStacksupervisor

11-10 10:24:33.761  3727  3727 I SurfaceFlinger: id=23640 createSurf (4440x4440),2 flag=4, AppWindowToken{614426f token=Token{fa8c14e ActivityRecord{8dc8449 u0 com.wallapop/com.rewallapop.ui.main.MainActivity t2121}}}#0

11-10 10:24:33.775  3727  3727 I SurfaceFlinger: id=23641 createSurf (4440x4440),2 flag=4, 7ce7780 Splash Screen com.wallapop#0

11-10 10:24:33.780  4211  5505 D StorageManagerService: getExternalStorageMountMode : final mountMode=1, uid : 10311, packageName : com.wallapop

11-10 10:24:33.781  4211  5505 I ApplicationPolicy: isApplicationExternalStorageWhitelisted:com.wallapop user:0

11-10 10:24:33.781  4211  5505 D ActivityManager: package  com.wallapop, user - 0 is SDcard whitelisted

11-10 10:24:33.781  4211  5505 I ApplicationPolicy: isApplicationExternalStorageBlacklisted:com.wallapop user:0

11-10 10:24:33.781  4211  5505 I ApplicationPolicy: isApplicationExternalStorageBlacklisted:com.wallapop user:0

11-10 10:24:33.782  4211  4211 D Telecom:SamsungPrebindingServiceImpl: onTopActivityChanged : ComponentInfo{com.wallapop/com.rewallapop.ui.main.MainActivity}

11-10 10:24:33.786  4211  4310 V WindowManager: Relayout Window{7ce7780 u0 Splash Screen com.wallapop}: viewVisibility=0 req=1080x2220 {(0,0)(fillxfill) sim={adjust=pan} ty=APPLICATION_STARTING fmt=TRANSLUCENT wanim=0x10302fe

11-10 10:24:33.790  3727  3727 I SurfaceFlinger: id=23642 createSurf (1080x2220),1 flag=4, Splash Screen com.wallapop#0

11-10 10:24:33.792  4211  4310 D WindowManager: makeSurface duration=3 name=Splash Screen com.wallapop

11-10 10:24:33.798  4211  5505 V WindowManager: Resize reasons for w=Window{7ce7780 u0 Splash Screen com.wallapop}:  contentInsetsChanged=false [0,63][0,126] visibleInsetsChanged=false [0,63][0,126] stableInsetsChanged=false [0,63][0,126] outsetsChanged=false [0,0][0,0] surfaceResized=false configChanged=false dragResizingChanged=false reportOrientationChanged=false displayCutoutChanged=false nextForceRelayoutToClient=false

11-10 10:24:33.802  4211  4229 I ActivityManager: Start proc 9709:com.wallapop/u0a311 for activity com.wallapop/com.rewallapop.ui.main.MainActivity

11-10 10:24:33.804  9709  9709 I com.wallapop: Late-enabling -Xcheck:jni

11-10 10:24:33.833  4211  4310 D WindowManager: finishDrawingWindow: Window{7ce7780 u0 Splash Screen com.wallapop} mDrawState=DRAW_PENDING

11-10 10:24:33.834  4211  4310 I WindowManager: commitFinishDrawingLocked: mDrawState=READY_TO_SHOW Surface(name=Splash Screen com.wallapop)/@0x68dd80a

11-10 10:24:33.836  9709  9709 I com.wallapop: report jit thread pid = 9714

11-10 10:24:33.853  4211  5518 I ActivityManager: DSS on for com.wallapop and scale is 1.0

11-10 10:24:33.859  4211  5518 I WindowManager: commitFinishDrawingLocked: mDrawState=READY_TO_SHOW Surface(name=Splash Screen com.wallapop)/@0x68dd80a

11-10 10:24:33.862  4211  5518 D GamePkgDataHelper: notifyAppCreate(), pkgName: com.wallapop, sendRet: true

11-10 10:24:33.862  4211  4473 D GamePkgDataHelper: getGamePkgData(). com.wallapop

11-10 10:24:33.862  4211  4473 D GameManagerService: handleMessage(), MSG_APP_CREATE. ignore. pkgName: com.wallapop

11-10 10:24:33.864  4211  4310 I WindowManager: commitFinishDrawingLocked: mDrawState=READY_TO_SHOW Surface(name=Splash Screen com.wallapop)/@0x68dd80a

11-10 10:24:33.864  4211  5518 D GameManagerService: noteResumeComponent(), resumeComponent: com.wallapop

11-10 10:24:33.865  4211  5518 D GamePkgDataHelper: getSosPolicy(). com.wallapop

11-10 10:24:33.865  4211  4473 D GameManagerService: handleForegroundChange(). pkgName: com.wallapop, clsName: com.rewallapop.ui.main.MainActivity,FgActivityName:com.wallapop/com.rewallapop.ui.main.MainActivity

11-10 10:24:33.865  4211  4473 D GameManagerService:   handleForegroundChange(). set mFgApp: com.wallapop

11-10 10:24:33.865  4211  4473 D GameManagerService: notifyResumePause(). pkg: com.wallapop, type: 4, isMinimized: false, isTunableApp: false

11-10 10:24:33.866  4211  5518 D GameManagerService: identifyGamePackage. com.wallapop

11-10 10:24:33.866  4211  5518 D GamePkgDataHelper: getGamePkgData(). com.wallapop

11-10 10:24:33.867  4211  5518 D MARsPolicyManager: onPackageResumedFG pkgName = com.wallapop, userId = 0

11-10 10:24:33.867  4211  7552 D GamePkgDataHelper: getGamePkgDataIncServer(). com.wallapop

11-10 10:24:33.869  4211  4310 I WindowManager: commitFinishDrawingLocked: mDrawState=READY_TO_SHOW Surface(name=Splash Screen com.wallapop)/@0x68dd80a

11-10 10:24:33.878  4211  4310 I WindowManager: Cancelling animation restarting=true, leash=null, surface=Surface(name=AppWindowToken{614426f token=Token{fa8c14e ActivityRecord{8dc8449 u0 com.wallapop/com.rewallapop.ui.main.MainActivity t2121}}})/@0xe83a44f, parent=Surface(name=Task=2121)/@0xe3737dc

11-10 10:24:33.878  4211  4310 I WindowManager: Reparenting to leash, surface=Surface(name=AppWindowToken{614426f token=Token{fa8c14e ActivityRecord{8dc8449 u0 com.wallapop/com.rewallapop.ui.main.MainActivity t2121}}})/@0xe83a44f

11-10 10:24:33.879  3727  3727 I SurfaceFlinger: id=23644 createSurf (4440x4440),2 flag=4, Surface(name=AppWindowToken{614426f token=Token{fa8c14e ActivityRecord{8dc8449 u0 com.wallapop/com.rewallapop.ui.main.MainActivity t2121}}})/@0xe83a44f - animation-leash#0

11-10 10:24:33.881  4211  4310 D WindowManager: makeSurface duration=3 leash=Surface(name=Surface(name=AppWindowToken{614426f token=Token{fa8c14e ActivityRecord{8dc8449 u0 com.wallapop/com.rewallapop.ui.main.MainActivity t2121}}})/@0xe83a44f - animation-leash)/@0xb000e5

11-10 10:24:33.881  4211  4310 D SurfaceControl: reparent is called, sc=Surface(name=AppWindowToken{614426f token=Token{fa8c14e ActivityRecord{8dc8449 u0 com.wallapop/com.rewallapop.ui.main.MainActivity t2121}}})/@0xe83a44f, newParentHandle=android.os.BinderProxy@15457ba, transaction=android.view.SurfaceControl$Transaction@780366b

11-10 10:24:33.882  4211  4310 V WindowManager: performShowLocked: mDrawState=HAS_DRAWN in Window{7ce7780 u0 Splash Screen com.wallapop}

11-10 10:24:33.884  3727  3771 D Layer   : [AppWindowToken{614426f token=Token{fa8c14e ActivityRecord{8dc8449 u0 com.wallapop/com.rewallapop.ui.main.MainActivity t2121}}}#0]::reparent oldParent:[Task=2121#0], newParent:[Surface(name=AppWindowToken{614426f token=Token{fa8c14e ActivityRecord{8dc8449 u0 com.wallapop/com.rewallapop.ui.main.MainActivity t2121}}})/@0xe83a44f - animation-leash#0]

11-10 10:24:33.888  4211  4680 D GamePkgDataHelper: getSosPolicy(). com.wallapop

11-10 10:24:33.889  4211  4228 D CodecSolution: isMaxAspectPackageEx: com.wallapop : true(2)

11-10 10:24:33.891  4211  5500 D GameManagerService: identifyGamePackage. com.wallapop

11-10 10:24:33.891  4211  5500 D GamePkgDataHelper: getGamePkgData(). com.wallapop

11-10 10:24:33.893  4211  4228 D WindowManager: setSystemUiVisibility: vis= 0xa018, fullscreenVis= 0x2000, dockedVis= 0x0, win=Window{7ce7780 u0 Splash Screen com.wallapop}

11-10 10:24:33.898  4211  5500 D GameManagerService: identifyGamePackage. com.wallapop

11-10 10:24:33.898  4211  5500 D GamePkgDataHelper: getGamePkgData(). com.wallapop

11-10 10:24:33.899  9709  9709 I com.wallapop: The ClassLoaderContext is a special shared library.

11-10 10:24:33.991  3727  3727 I SurfaceFlinger:      Client | 0x70d6734e40 | 0000 | RGBA_8888 |   0.0    1.0 1080.0 2219.0 |   89  184  991 2036 | Splash Screen com.wallapop#0

11-10 10:24:34.016  3727  3727 I SurfaceFlinger:      Device | 0x70d6734e40 | 0000 | RGBA_8888 |   0.0    0.0 1080.0 2220.0 |   67  137 1013 2083 | Splash Screen com.wallapop#0

11-10 10:24:34.018  4211  4669 D MdnieScenarioControlService:  packageName : com.wallapop    className : com.rewallapop.ui.main.MainActivity

11-10 10:24:34.133  4211  4310 I WindowManager: reset, Reparenting to original parent, shouldDeferScheduleAnimation=false, destroyLeash=true, surface=Surface(name=AppWindowToken{614426f token=Token{fa8c14e ActivityRecord{8dc8449 u0 com.wallapop/com.rewallapop.ui.main.MainActivity t2121}}})/@0xe83a44f, parent=Surface(name=Task=2121)/@0xe3737dc, parentNativeHandle=android.os.BinderProxy@169ce47, caller=com.android.server.wm.SurfaceAnimator.lambda$getFinishedCallback$0:97 com.android.server.wm.-$$Lambda$SurfaceAnimator$SIBia0mND666K8lMCPsoid8pUTI.run:4 com.android.server.wm.SurfaceAnimator.lambda$getFinishedCallback$1:104 com.android.server.wm.-$$Lambda$SurfaceAnimator$vdRZk66hQVbQCvVXEaQCT1kVmFc.onAnimationFinished:4 com.android.server.wm.LocalAnimationAdapter.lambda$startAnimation$0:74

11-10 10:24:34.133  4211  4310 D SurfaceControl: reparent is called, sc=Surface(name=AppWindowToken{614426f token=Token{fa8c14e ActivityRecord{8dc8449 u0 com.wallapop/com.rewallapop.ui.main.MainActivity t2121}}})/@0xe83a44f, newParentHandle=android.os.BinderProxy@169ce47, transaction=android.view.SurfaceControl$Transaction@780366b

11-10 10:24:34.134  4211  4310 D SurfaceControl: destroy(transaction), animation-leash is destroyed, sc=Surface(name=Surface(name=AppWindowToken{614426f token=Token{fa8c14e ActivityRecord{8dc8449 u0 com.wallapop/com.rewallapop.ui.main.MainActivity t2121}}})/@0xe83a44f - animation-leash)/@0xb000e5, transaction=android.view.SurfaceControl$Transaction@780366b, caller=com.android.server.wm.SurfaceAnimator.reset:338 com.android.server.wm.SurfaceAnimator.lambda$getFinishedCallback$0:97 com.android.server.wm.-$$Lambda$SurfaceAnimator$SIBia0mND666K8lMCPsoid8pUTI.run:4 com.android.server.wm.SurfaceAnimator.lambda$getFinishedCallback$1:104 com.android.server.wm.-$$Lambda$SurfaceAnimator$vdRZk66hQVbQCvVXEaQCT1kVmFc.onAnimationFinished:4 com.android.server.wm.LocalAnimationAdapter.lambda$startAnimation$0:74 com.android.server.wm.-$$Lambda$LocalAnimationAdapter$X--EomqUvw4qy89IeeTFTH7aCMo.run:4

11-10 10:24:34.138  3727  3771 D Layer   : [AppWindowToken{614426f token=Token{fa8c14e ActivityRecord{8dc8449 u0 com.wallapop/com.rewallapop.ui.main.MainActivity t2121}}}#0]::reparent oldParent:[Surface(name=AppWindowToken{614426f token=Token{fa8c14e ActivityRecord{8dc8449 u0 com.wallapop/com.rewallapop.ui.main.MainActivity t2121}}})/@0xe83a44f - animation-leash#0], newParent:[Task=2121#0]

11-10 10:24:34.138  3727  3771 I SurfaceFlinger: id=23644 Removed Surface(name=AppWindowToken{614426f token=Token{fa8c14e ActivityRecord{8dc8449 u0 com.wallapop/com.rewallapop.ui.main.MainActivity t2121}}})/@0xe83a44f - animation-leash#0 (0/54)

11-10 10:24:34.149  3727  3727 I Layer   : id=23644 onRemoved Surface(name=AppWindowToken{614426f token=Token{fa8c14e ActivityRecord{8dc8449 u0 com.wallapop/com.rewallapop.ui.main.MainActivity t2121}}})/@0xe83a44f - animation-leash#0

11-10 10:24:34.190  3727  3727 I SurfaceFlinger:      Device | 0x70d6734e40 | 0000 | RGBA_8888 |   0.0    0.0 1080.0 2220.0 |    0    0 1080 2220 | Splash Screen com.wallapop#0

11-10 10:24:35.812  4211  4390 D WifiTrafficPoller: TrafficStats TxPkts=765134 RxPkts=1360141 TxBytes=174475957 RxBytes=1288566232 , Foreground uid=10311 pkgName=com.wallapop TxPackets=62512 RxPackets=70975 TxBytes=9538082 RxBytes=70453580

11-10 10:24:36.118  9709  9743 W com.wallapop: Unsupported class loader

11-10 10:24:36.121  9709  9743 W com.wallapop: Skipping duplicate class check due to unsupported classloader

11-10 10:24:36.123  9709  9743 I com.wallapop: Waiting for a blocking GC ClassLinker

11-10 10:24:36.133  9709  9730 I FA      :   adb shell setprop debug.firebase.analytics.app com.wallapop

11-10 10:24:36.146  9709  9743 I com.wallapop: WaitForGcToComplete blocked ClassLinker on ClassLinker for 23.441ms

11-10 10:24:36.218  9709  9743 W com.wallapop: Unsupported class loader

11-10 10:24:36.830  9709  9709 W com.wallapop: Verification of java.util.Map com.rewallapop.app.di.module.TrackingModule.a() took 137.923ms

11-10 10:24:37.930  9709  9782 I stetho  : Listening on @stetho_com.wallapop_devtools_remote

11-10 10:24:38.085  9709  9788 W com.wallapop: Accessing hidden field Lsun/misc/Unsafe;->theUnsafe:Lsun/misc/Unsafe; (light greylist, reflection)

11-10 10:24:38.211  9709  9790 W com.wallapop: Accessing hidden field Ljava/nio/Buffer;->address:J (light greylist, reflection)

11-10 10:24:38.310  9709  9709 I com.wallapop: The ClassLoaderContext is a special shared library.

11-10 10:24:38.314  9709  9709 I chatty  : uid=10311(com.wallapop) identical 1 line

11-10 10:24:38.318  9709  9709 I com.wallapop: The ClassLoaderContext is a special shared library.

11-10 10:24:38.637  9709  9813 W com.wallapop: Accessing hidden method Landroid/content/Context;->bindServiceAsUser(Landroid/content/Intent;Landroid/content/ServiceConnection;ILandroid/os/Handler;Landroid/os/UserHandle;)Z (light greylist, reflection)

11-10 10:24:38.643  4211  5500 I ApplicationPolicy: isApplicationExternalStorageWhitelisted:com.wallapop user:0

11-10 10:24:38.643  4211  5500 D ActivityManager: package  com.wallapop, user - 0 is SDcard whitelisted

11-10 10:24:38.643  4211  5500 I ApplicationPolicy: isApplicationExternalStorageBlacklisted:com.wallapop user:0

11-10 10:24:38.643  4211  5500 I ApplicationPolicy: isApplicationExternalStorageBlacklisted:com.wallapop user:0

11-10 10:24:38.675  4211  4229 I ActivityManager: Start proc 9816:com.android.chrome:sandboxed_process0/u0i778 for webview_service com.wallapop/org.chromium.content.app.SandboxedProcessService0

11-10 10:24:38.694  4211  5500 D WifiPermissionsUtil: canAccessScanResults: pkgName = com.wallapop, uid = 10311

11-10 10:24:38.699  4211  5500 I ActivityManager: DSS on for com.wallapop and scale is 1.0

11-10 10:24:38.701  4211  5500 D MultiDisplayManager: init process display: set packageProcessId, displayId=0, same_package_proc=ProcessRecord{2fa2412d0 9709:com.wallapop/u0a311}, app=ProcessRecord{e4be734d0 9816:com.android.chrome:sandboxed_process0/u0a311i778}

11-10 10:24:38.774  9709  9709 W com.wallapop: Accessing hidden method Landroid/view/textclassifier/logging/SmartSelectionEventTracker;-><init>(Landroid/content/Context;I)V (light greylist, reflection)

11-10 10:24:38.774  9709  9709 W com.wallapop: Accessing hidden method Landroid/view/textclassifier/logging/SmartSelectionEventTracker;->logEvent(Landroid/view/textclassifier/logging/SmartSelectionEventTracker$SelectionEvent;)V (light greylist, reflection)

11-10 10:24:38.775  9709  9709 W com.wallapop: Accessing hidden method Landroid/view/textclassifier/logging/SmartSelectionEventTracker$SelectionEvent;->selectionStarted(I)Landroid/view/textclassifier/logging/SmartSelectionEventTracker$SelectionEvent; (light greylist, reflection)

11-10 10:24:38.775  9709  9709 W com.wallapop: Accessing hidden method Landroid/view/textclassifier/logging/SmartSelectionEventTracker$SelectionEvent;->selectionModified(II)Landroid/view/textclassifier/logging/SmartSelectionEventTracker$SelectionEvent; (light greylist, reflection)

11-10 10:24:38.775  9709  9709 W com.wallapop: Accessing hidden method Landroid/view/textclassifier/logging/SmartSelectionEventTracker$SelectionEvent;->selectionModified(IILandroid/view/textclassifier/TextClassification;)Landroid/view/textclassifier/logging/SmartSelectionEventTracker$SelectionEvent; (light greylist, reflection)

11-10 10:24:38.775  9709  9709 W com.wallapop: Accessing hidden method Landroid/view/textclassifier/logging/SmartSelectionEventTracker$SelectionEvent;->selectionModified(IILandroid/view/textclassifier/TextSelection;)Landroid/view/textclassifier/logging/SmartSelectionEventTracker$SelectionEvent; (light greylist, reflection)

11-10 10:24:38.775  9709  9709 W com.wallapop: Accessing hidden method Landroid/view/textclassifier/logging/SmartSelectionEventTracker$SelectionEvent;->selectionAction(III)Landroid/view/textclassifier/logging/SmartSelectionEventTracker$SelectionEvent; (light greylist, reflection)

11-10 10:24:38.775  9709  9709 W com.wallapop: Accessing hidden method Landroid/view/textclassifier/logging/SmartSelectionEventTracker$SelectionEvent;->selectionAction(IIILandroid/view/textclassifier/TextClassification;)Landroid/view/textclassifier/logging/SmartSelectionEventTracker$SelectionEvent; (light greylist, reflection)

11-10 10:24:38.845  9709  9827 W com.wallapop: Accessing hidden method Landroid/media/AudioManager;->getOutputLatency(I)I (light greylist, reflection)

11-10 10:24:38.922  9709  9709 W com.wallapop: Accessing hidden method Landroid/app/ActivityThread;->currentPackageName()Ljava/lang/String; (light greylist, reflection)

11-10 10:24:39.129  9709  9720 I com.wallapop: Background concurrent copying GC freed 245906(16MB) AllocSpace objects, 48(5MB) LOS objects, 49% free, 10MB/21MB, paused 252us total 134.897ms

11-10 10:24:39.377  9709  9884 W com.wallapop: Accessing hidden method Lcom/android/org/conscrypt/OpenSSLSocketImpl;->setAlpnProtocols([B)V (light greylist, reflection)

11-10 10:24:39.708  9709  9884 W com.wallapop: Accessing hidden method Lcom/android/org/conscrypt/OpenSSLSocketImpl;->getAlpnSelectedProtocol()[B (light greylist, reflection)

11-10 10:24:39.896  4211  4390 D WifiTrafficPoller: TrafficStats TxPkts=765163 RxPkts=1360202 TxBytes=174494460 RxBytes=1288585989 , Foreground uid=10311 pkgName=com.wallapop TxPackets=62538 RxPackets=70992 TxBytes=9556415 RxBytes=70465136

11-10 10:24:39.898  4211  7608 D GameManagerService: identifyGamePackage. com.wallapop

11-10 10:24:39.898  4211  7608 D GamePkgDataHelper: getGamePkgData(). com.wallapop

11-10 10:24:41.379  4211  5518 D SamsungAlarmManager: Cancel Alarm calling from uid:10311 pid :9709 / op:PendingIntent{77dacdf: PendingIntentRecord{7fe1d31 com.wallapop broadcastIntent}}

11-10 10:24:41.456  9709  9709 W com.wallapop: Accessing hidden method Landroid/graphics/drawable/Drawable;->getOpticalInsets()Landroid/graphics/Insets; (light greylist, linking)

11-10 10:24:41.457  9709  9709 W com.wallapop: Accessing hidden field Landroid/graphics/Insets;->left:I (light greylist, linking)

11-10 10:24:41.457  9709  9709 W com.wallapop: Accessing hidden field Landroid/graphics/Insets;->right:I (light greylist, linking)

11-10 10:24:41.457  9709  9709 W com.wallapop: Accessing hidden field Landroid/graphics/Insets;->top:I (light greylist, linking)

11-10 10:24:41.457  9709  9709 W com.wallapop: Accessing hidden field Landroid/graphics/Insets;->bottom:I (light greylist, linking)

11-10 10:24:42.021  9709  9709 W com.wallapop: Accessing hidden method Landroid/view/View;->computeFitSystemWindows(Landroid/graphics/Rect;Landroid/graphics/Rect;)Z (light greylist, reflection)

11-10 10:24:42.023  9709  9709 W com.wallapop: Accessing hidden method Landroid/view/ViewGroup;->makeOptionalFitsSystemWindows()V (light greylist, reflection)

11-10 10:24:42.057  9709  9709 W com.wallapop: Accessing hidden field Landroid/view/ViewGroup;->mOnHierarchyChangeListener:Landroid/view/ViewGroup$OnHierarchyChangeListener; (light greylist, reflection)

11-10 10:24:42.102  4211  5500 D SamsungAlarmManager: Cancel Alarm calling from uid:10311 pid :9709 / op:PendingIntent{2591056: PendingIntentRecord{b6a58d7 com.wallapop broadcastIntent}}

11-10 10:24:42.126  4211  5518 D LocationManagerService: request 1f9dcad passive Request[POWER_NONE passive fastest=0 num=1 lowPowerMode=false] from com.wallapop(10311 foreground)

11-10 10:24:42.129  4622  4682 V ListenerMonitor_FLP: addListener, type : 0 packageName : com.wallapop , listener count : 1

11-10 10:24:42.129  4622  4682 E RequestManager_FLP: [LocationManagerService] Location request 1f9dcad(PendingIntent) passive interval=0 from com.wallapop(10311)

11-10 10:24:42.135  9709  9709 I chatty  : uid=10311(com.wallapop) identical 1 line

11-10 10:24:42.141  9709  9709 I chatty  : uid=10311(com.wallapop) identical 7 lines

11-10 10:24:42.142  9709  9709 I chatty  : uid=10311(com.wallapop) identical 1 line

11-10 10:24:42.142  9709  9709 I chatty  : uid=10311(com.wallapop) identical 7 lines

11-10 10:24:42.335  4211  5518 I ActivityManager: START u0 {act=null typ=null flg=0x0 cmp=ComponentInfo{com.wallapop/com.rewallapop.ui.wall.WallActivity}} from uid 10311

11-10 10:24:42.351  3727  3727 I SurfaceFlinger: id=23645 createSurf (4440x4440),2 flag=4, AppWindowToken{e8496a9 token=Token{b353a30 ActivityRecord{191ab73 u0 com.wallapop/com.rewallapop.ui.wall.WallActivity t2121}}}#0

11-10 10:24:42.354  4211  5518 D SurfaceControl: reparent is called, sc=Surface(name=7ce7780 Splash Screen com.wallapop)/@0x411d42e, newParentHandle=android.os.BinderProxy@3d18bcf, transaction=android.view.SurfaceControl$Transaction@9ebc95c

11-10 10:24:42.360  4211  4228 D WindowManager: setSystemUiVisibility: vis= 0xa018, fullscreenVis= 0x2000, dockedVis= 0x0, win=Window{7ce7780 u0 Splash Screen com.wallapop}

11-10 10:24:42.362  3727  3964 D Layer   : [7ce7780 Splash Screen com.wallapop#0]::reparent oldParent:[AppWindowToken{614426f token=Token{fa8c14e ActivityRecord{8dc8449 u0 com.wallapop/com.rewallapop.ui.main.MainActivity t2121}}}#0], newParent:[AppWindowToken{e8496a9 token=Token{b353a30 ActivityRecord{191ab73 u0 com.wallapop/com.rewallapop.ui.wall.WallActivity t2121}}}#0]

11-10 10:24:42.365  4211  4211 D Telecom:SamsungPrebindingServiceImpl: onTopActivityChanged : ComponentInfo{com.wallapop/com.rewallapop.ui.wall.WallActivity}

11-10 10:24:42.503  9709  9720 I com.wallapop: Background concurrent copying GC freed 97187(7MB) AllocSpace objects, 53(2MB) LOS objects, 50% free, 13MB/27MB, paused 443us total 228.672ms

11-10 10:24:42.620  4211  4227 D ApplicationPolicy: isStatusBarNotificationAllowedAsUser: packageName = com.wallapop,userId = 0

11-10 10:24:42.621  4211  4227 D ApplicationPolicy: isStatusBarNotificationAllowedAsUser: packageName = com.wallapop,userId = 0

11-10 10:24:42.690  9709  9979 I com.wallapop: The ClassLoaderContext is a special shared library.

11-10 10:24:42.739 23911 23911 D Notification.Badge: [valid] onNotificationPosted : StatusBarNotification(pkg=com.wallapop user=UserHandle{0} id=999 tag=null key=0|com.wallapop|999|null|10311: Notification(channel=wallapop_channel pri=-2 contentView=null vibrate=null sound=null defaults=0x0 flags=0x62 color=0x00000000 vis=PRIVATE semFlags=0x0 semPriority=0 semMissedCount=0))

11-10 10:24:42.739 23911 23911 D Notification.Badge: notificationKey : 0|com.wallapop|999|null|10311, count : 0, this.count : 1

11-10 10:24:42.739 23911 23978 D Notification.Badge: LauncherModel:onNotificationPosted() : com.wallapop, count : [0], shouldBeFilteredOut : [false]

11-10 10:24:42.739 23911 23978 D Notification.Badge: notificationKey : 0|com.wallapop|999|null|10311, count : 1, mTotalCount : 1

11-10 10:24:42.744 23911 23978 D Notification.Badge: updateLauncherIconBadges() item : [IconInfo(title=_Wallapop_ intent=Intent { act=android.intent.action.MAIN cat=[android.intent.category.LAUNCHER] flg=0x10200000 cmp=com.wallapop/.activities.HomeActivity (has extras) } id=160 type=0 container=-102 screen=1 cellX=3 cellY=0 spanX=1 spanY=1 rank=3 hidden=0 dropPos=null user=UserHandle{0} screenType=0)], mShowBadge : [true], item.mBadgeCount : [1]

11-10 10:24:42.747 23911 23911 D RecommendedView: updateBadgeItems: [IconInfo(title=_Wallapop_ intent=Intent { act=android.intent.action.MAIN cat=[android.intent.category.LAUNCHER] flg=0x10200000 cmp=com.wallapop/.activities.HomeActivity (has extras) } id=160 type=0 container=-102 screen=1 cellX=3 cellY=0 spanX=1 spanY=1 rank=3 hidden=0 dropPos=null user=UserHandle{0} screenType=0)]

11-10 10:24:42.755  9709  9709 W com.wallapop: Accessing hidden method Landroid/view/WindowManagerGlobal;->getInstance()Landroid/view/WindowManagerGlobal; (light greylist, reflection)

11-10 10:24:42.755  9709  9709 W com.wallapop: Accessing hidden field Landroid/view/WindowManagerGlobal;->mRoots:Ljava/util/ArrayList; (light greylist, reflection)

11-10 10:24:42.756  9709  9709 W com.wallapop: Accessing hidden field Landroid/view/ViewRootImpl;->mStopped:Z (light greylist, reflection)

11-10 10:24:42.848  4211  5500 D GamePkgDataHelper: notifyAppCreate(), pkgName: com.wallapop, sendRet: true

11-10 10:24:42.850  4211  4473 D GamePkgDataHelper: getGamePkgData(). com.wallapop

11-10 10:24:42.850  4211  4473 D GameManagerService: handleMessage(), MSG_APP_CREATE. ignore. pkgName: com.wallapop

11-10 10:24:42.850  4211  5500 D GameManagerService: noteResumeComponent(), resumeComponent: com.wallapop

11-10 10:24:42.850  4211  5500 D MARsPolicyManager: onPackageResumedFG pkgName = com.wallapop, userId = 0

11-10 10:24:42.850  4211  4473 D GameManagerService: handleForegroundChange(). pkgName: com.wallapop, clsName: com.rewallapop.ui.wall.WallActivity,FgActivityName:com.wallapop/com.rewallapop.ui.wall.WallActivity

11-10 10:24:42.852  4211  4211 D Telecom:SamsungPrebindingServiceImpl: onTopActivityChanged : ComponentInfo{com.wallapop/com.rewallapop.ui.wall.WallActivity}

11-10 10:24:42.857  4211  5500 I WindowManager: Cancelling animation restarting=true, leash=null, surface=Surface(name=AppWindowToken{614426f token=Token{fa8c14e ActivityRecord{8dc8449 u0 com.wallapop/com.rewallapop.ui.main.MainActivity t2121}}})/@0xe83a44f, parent=Surface(name=Task=2121)/@0xe3737dc

11-10 10:24:42.857  4211  5500 I WindowManager: Reparenting to leash, surface=Surface(name=AppWindowToken{614426f token=Token{fa8c14e ActivityRecord{8dc8449 u0 com.wallapop/com.rewallapop.ui.main.MainActivity t2121}}})/@0xe83a44f

11-10 10:24:42.858  3727  3727 I SurfaceFlinger: id=23646 createSurf (4440x4440),2 flag=4, Surface(name=AppWindowToken{614426f token=Token{fa8c14e ActivityRecord{8dc8449 u0 com.wallapop/com.rewallapop.ui.main.MainActivity t2121}}})/@0xe83a44f - animation-leash#0

11-10 10:24:42.863  4211  5500 D WindowManager: makeSurface duration=6 leash=Surface(name=Surface(name=AppWindowToken{614426f token=Token{fa8c14e ActivityRecord{8dc8449 u0 com.wallapop/com.rewallapop.ui.main.MainActivity t2121}}})/@0xe83a44f - animation-leash)/@0xdaf30ea

11-10 10:24:42.863  4211  5500 D SurfaceControl: reparent is called, sc=Surface(name=AppWindowToken{614426f token=Token{fa8c14e ActivityRecord{8dc8449 u0 com.wallapop/com.rewallapop.ui.main.MainActivity t2121}}})/@0xe83a44f, newParentHandle=android.os.BinderProxy@37b4fdb, transaction=android.view.SurfaceControl$Transaction@780366b

11-10 10:24:42.870  3727  3964 D Layer   : [AppWindowToken{614426f token=Token{fa8c14e ActivityRecord{8dc8449 u0 com.wallapop/com.rewallapop.ui.main.MainActivity t2121}}}#0]::reparent oldParent:[Task=2121#0], newParent:[Surface(name=AppWindowToken{614426f token=Token{fa8c14e ActivityRecord{8dc8449 u0 com.wallapop/com.rewallapop.ui.main.MainActivity t2121}}})/@0xe83a44f - animation-leash#0]

11-10 10:24:42.914  9709  9780 W com.wallapop: Accessing hidden method Ldalvik/system/VMRuntime;->getRuntime()Ldalvik/system/VMRuntime; (light greylist, reflection)

11-10 10:24:42.914  9709  9780 W com.wallapop: Accessing hidden method Ldalvik/system/VMRuntime;->vmInstructionSet()Ljava/lang/String; (light greylist, reflection)

11-10 10:24:42.933  3562  5667 I Finsky  : [8330] fxs.d(3): com.wallapop: Account determined from installer data - [rJj4Md76H4LxoN-B4dnoZM7XaXDDBcXGlC-caOCi6Uc]

11-10 10:24:42.933  3562  5667 I Finsky  : [8330] fxs.d(14): com.wallapop: Account from preferred account - [rJj4Md76H4LxoN-B4dnoZM7XaXDDBcXGlC-caOCi6Uc]

11-10 10:24:42.940  3562  5667 I Finsky  : [8330] fxs.d(3): com.wallapop: Account determined from installer data - [rJj4Md76H4LxoN-B4dnoZM7XaXDDBcXGlC-caOCi6Uc]

11-10 10:24:42.940  3562  5667 I Finsky  : [8330] fxs.d(14): com.wallapop: Account from preferred account - [rJj4Md76H4LxoN-B4dnoZM7XaXDDBcXGlC-caOCi6Uc]

11-10 10:24:42.945  3562  5667 I Finsky  : [8330] fxs.d(3): com.wallapop: Account determined from installer data - [rJj4Md76H4LxoN-B4dnoZM7XaXDDBcXGlC-caOCi6Uc]

11-10 10:24:42.945  3562  5667 I Finsky  : [8330] fxs.d(14): com.wallapop: Account from preferred account - [rJj4Md76H4LxoN-B4dnoZM7XaXDDBcXGlC-caOCi6Uc]

11-10 10:24:42.948  3562  5667 I Finsky  : [8330] fxs.d(3): com.wallapop: Account determined from installer data - [rJj4Md76H4LxoN-B4dnoZM7XaXDDBcXGlC-caOCi6Uc]

11-10 10:24:42.949  3562  5667 I Finsky  : [8330] fxs.d(14): com.wallapop: Account from preferred account - [rJj4Md76H4LxoN-B4dnoZM7XaXDDBcXGlC-caOCi6Uc]

11-10 10:24:43.161  4211  4310 I WindowManager: reset, Reparenting to original parent, shouldDeferScheduleAnimation=false, destroyLeash=true, surface=Surface(name=AppWindowToken{614426f token=Token{fa8c14e ActivityRecord{8dc8449 u0 com.wallapop/com.rewallapop.ui.main.MainActivity t2121}}})/@0xe83a44f, parent=Surface(name=Task=2121)/@0xe3737dc, parentNativeHandle=android.os.BinderProxy@169ce47, caller=com.android.server.wm.SurfaceAnimator.lambda$getFinishedCallback$0:97 com.android.server.wm.-$$Lambda$SurfaceAnimator$SIBia0mND666K8lMCPsoid8pUTI.run:4 com.android.server.wm.SurfaceAnimator.lambda$getFinishedCallback$1:104 com.android.server.wm.-$$Lambda$SurfaceAnimator$vdRZk66hQVbQCvVXEaQCT1kVmFc.onAnimationFinished:4 com.android.server.wm.LocalAnimationAdapter.lambda$startAnimation$0:74

11-10 10:24:43.161  4211  4310 D SurfaceControl: reparent is called, sc=Surface(name=AppWindowToken{614426f token=Token{fa8c14e ActivityRecord{8dc8449 u0 com.wallapop/com.rewallapop.ui.main.MainActivity t2121}}})/@0xe83a44f, newParentHandle=android.os.BinderProxy@169ce47, transaction=android.view.SurfaceControl$Transaction@780366b

11-10 10:24:43.162  4211  4310 D SurfaceControl: destroy(transaction), animation-leash is destroyed, sc=Surface(name=Surface(name=AppWindowToken{614426f token=Token{fa8c14e ActivityRecord{8dc8449 u0 com.wallapop/com.rewallapop.ui.main.MainActivity t2121}}})/@0xe83a44f - animation-leash)/@0xdaf30ea, transaction=android.view.SurfaceControl$Transaction@780366b, caller=com.android.server.wm.SurfaceAnimator.reset:338 com.android.server.wm.SurfaceAnimator.lambda$getFinishedCallback$0:97 com.android.server.wm.-$$Lambda$SurfaceAnimator$SIBia0mND666K8lMCPsoid8pUTI.run:4 com.android.server.wm.SurfaceAnimator.lambda$getFinishedCallback$1:104 com.android.server.wm.-$$Lambda$SurfaceAnimator$vdRZk66hQVbQCvVXEaQCT1kVmFc.onAnimationFinished:4 com.android.server.wm.LocalAnimationAdapter.lambda$startAnimation$0:74 com.android.server.wm.-$$Lambda$LocalAnimationAdapter$X--EomqUvw4qy89IeeTFTH7aCMo.run:4

11-10 10:24:43.178  3727  3964 D Layer   : [AppWindowToken{614426f token=Token{fa8c14e ActivityRecord{8dc8449 u0 com.wallapop/com.rewallapop.ui.main.MainActivity t2121}}}#0]::reparent oldParent:[Surface(name=AppWindowToken{614426f token=Token{fa8c14e ActivityRecord{8dc8449 u0 com.wallapop/com.rewallapop.ui.main.MainActivity t2121}}})/@0xe83a44f - animation-leash#0], newParent:[Task=2121#0]

11-10 10:24:43.178  3727  3964 I SurfaceFlinger: id=23646 Removed Surface(name=AppWindowToken{614426f token=Token{fa8c14e ActivityRecord{8dc8449 u0 com.wallapop/com.rewallapop.ui.main.MainActivity t2121}}})/@0xe83a44f - animation-leash#0 (0/53)

11-10 10:24:43.193  3727  3727 I Layer   : id=23646 onRemoved Surface(name=AppWindowToken{614426f token=Token{fa8c14e ActivityRecord{8dc8449 u0 com.wallapop/com.rewallapop.ui.main.MainActivity t2121}}})/@0xe83a44f - animation-leash#0

11-10 10:24:43.211  4211  4680 D SamsungAlarmManager: Cancel Alarm calling from uid:10311 pid :9709 / op:PendingIntent{c50f342: PendingIntentRecord{b6a58d7 com.wallapop broadcastIntent}}

11-10 10:24:43.376  9709 10008 I com.wallapop: The ClassLoaderContext is a special shared library.

11-10 10:24:43.440  9709  9709 W com.wallapop: Accessing hidden method Landroid/widget/TextView;->getTextDirectionHeuristic()Landroid/text/TextDirectionHeuristic; (light greylist, linking)

11-10 10:24:43.446  9709  9709 W com.wallapop: Accessing hidden method Landroid/graphics/FontFamily;-><init>()V (light greylist, reflection)

11-10 10:24:43.446  9709  9709 W com.wallapop: Accessing hidden method Landroid/graphics/FontFamily;->addFontFromAssetManager(Landroid/content/res/AssetManager;Ljava/lang/String;IZIII[Landroid/graphics/fonts/FontVariationAxis;)Z (light greylist, reflection)

11-10 10:24:43.446  9709  9709 W com.wallapop: Accessing hidden method Landroid/graphics/FontFamily;->addFontFromBuffer(Ljava/nio/ByteBuffer;I[Landroid/graphics/fonts/FontVariationAxis;II)Z (light greylist, reflection)

11-10 10:24:43.446  9709  9709 W com.wallapop: Accessing hidden method Landroid/graphics/FontFamily;->freeze()Z (light greylist, reflection)

11-10 10:24:43.446  9709  9709 W com.wallapop: Accessing hidden method Landroid/graphics/FontFamily;->abortCreation()V (light greylist, reflection)

11-10 10:24:43.446  9709  9709 W com.wallapop: Accessing hidden method Landroid/graphics/Typeface;->createFromFamiliesWithDefault([Landroid/graphics/FontFamily;Ljava/lang/String;II)Landroid/graphics/Typeface; (light greylist, reflection)

11-10 10:24:43.948  4211  4390 D WifiTrafficPoller: TrafficStats TxPkts=765419 RxPkts=1360500 TxBytes=174526360 RxBytes=1288828545 , Foreground uid=10311 pkgName=com.wallapop TxPackets=62769 RxPackets=71241 TxBytes=9586847 RxBytes=70700795

11-10 10:24:44.326  9709  9714 I com.wallapop: Compiler allocated 4MB to compile void android.widget.TextView.<init>(android.content.Context, android.util.AttributeSet, int, int)

11-10 10:24:44.343  4211  5239 D ActivityManagerPerformance: Received MSG_DISABLE_ACT_START, r: ActivityRecord{191ab73 u0 com.wallapop/com.rewallapop.ui.wall.WallActivity t2121}

11-10 10:24:44.512  3727  3727 I SurfaceFlinger: id=23647 createSurf (4440x4440),2 flag=4, 14e5eee com.wallapop/com.rewallapop.ui.wall.WallActivity#0

11-10 10:24:44.559  3562  5667 I Finsky  : [8330] fxs.d(3): com.wallapop: Account determined from installer data - [rJj4Md76H4LxoN-B4dnoZM7XaXDDBcXGlC-caOCi6Uc]

11-10 10:24:44.560  3562  5667 I Finsky  : [8330] fxs.d(14): com.wallapop: Account from preferred account - [rJj4Md76H4LxoN-B4dnoZM7XaXDDBcXGlC-caOCi6Uc]

11-10 10:24:44.658  3562  5667 I Finsky  : [8330] fxs.d(3): com.wallapop: Account determined from installer data - [rJj4Md76H4LxoN-B4dnoZM7XaXDDBcXGlC-caOCi6Uc]

11-10 10:24:44.658  3562  5667 I Finsky  : [8330] fxs.d(14): com.wallapop: Account from preferred account - [rJj4Md76H4LxoN-B4dnoZM7XaXDDBcXGlC-caOCi6Uc]

11-10 10:24:44.738  3562  5667 I Finsky  : [8330] fxs.d(3): com.wallapop: Account determined from installer data - [rJj4Md76H4LxoN-B4dnoZM7XaXDDBcXGlC-caOCi6Uc]

11-10 10:24:44.739  3562  5667 I Finsky  : [8330] fxs.d(14): com.wallapop: Account from preferred account - [rJj4Md76H4LxoN-B4dnoZM7XaXDDBcXGlC-caOCi6Uc]

11-10 10:24:44.826  3562  5667 I Finsky  : [8330] fxs.d(3): com.wallapop: Account determined from installer data - [rJj4Md76H4LxoN-B4dnoZM7XaXDDBcXGlC-caOCi6Uc]

11-10 10:24:44.826  3562  5667 I Finsky  : [8330] fxs.d(14): com.wallapop: Account from preferred account - [rJj4Md76H4LxoN-B4dnoZM7XaXDDBcXGlC-caOCi6Uc]

11-10 10:24:45.189  4211  5500 V WindowManager: Relayout Window{14e5eee u0 com.wallapop/com.rewallapop.ui.wall.WallActivity}: viewVisibility=0 req=1080x2220 {(0,0)(fillxfill) sim={adjust=resize forwardNavigation} ty=BASE_APPLICATION wanim=0x10302fe

11-10 10:24:45.195  3727  3727 I SurfaceFlinger: id=23648 createSurf (1080x2220),1 flag=404, com.wallapop/com.rewallapop.ui.wall.WallActivity[9709]#0

11-10 10:24:45.197  4211  5500 D WindowManager: makeSurface duration=3 name=com.wallapop/com.rewallapop.ui.wall.WallActivity[9709]

11-10 10:24:45.198  4211  5500 V WindowManager: Changing focus from null to Window{14e5eee u0 com.wallapop/com.rewallapop.ui.wall.WallActivity} Callers=com.android.server.wm.WindowManagerService.relayoutWindow:2526 com.android.server.wm.Session.relayoutForTranslate:302 android.view.IWindowSession$Stub.onTransact:518 com.android.server.wm.Session.onTransact:186

11-10 10:24:45.198  4211  4228 D WindowManager: setSystemUiVisibility: vis= 0xa518, fullscreenVis= 0x2000, dockedVis= 0x0, win=Window{14e5eee u0 com.wallapop/com.rewallapop.ui.wall.WallActivity}

11-10 10:24:45.201  4211  4242 D WindowManager: reportFocusChangedSerialized, focused=true, inTouchMode=true, win=Window{14e5eee u0 com.wallapop/com.rewallapop.ui.wall.WallActivity}

11-10 10:24:45.353  3562  5667 I Finsky  : [8330] fxs.d(3): com.wallapop: Account determined from installer data - [rJj4Md76H4LxoN-B4dnoZM7XaXDDBcXGlC-caOCi6Uc]

11-10 10:24:45.354  3562  5667 I Finsky  : [8330] fxs.d(14): com.wallapop: Account from preferred account - [rJj4Md76H4LxoN-B4dnoZM7XaXDDBcXGlC-caOCi6Uc]

11-10 10:24:45.521  4211  9311 D WindowManager: finishDrawingWindow: Window{14e5eee u0 com.wallapop/com.rewallapop.ui.wall.WallActivity} mDrawState=DRAW_PENDING

11-10 10:24:45.524  4211  4310 I WindowManager: commitFinishDrawingLocked: mDrawState=READY_TO_SHOW Surface(name=com.wallapop/com.rewallapop.ui.wall.WallActivity[9709])/@0x1837b11

11-10 10:24:45.525  4211  4310 V WindowManager: Resize reasons for w=Window{14e5eee u0 com.wallapop/com.rewallapop.ui.wall.WallActivity}:  contentInsetsChanged=false [0,63][0,126] visibleInsetsChanged=false [0,63][0,126] stableInsetsChanged=false [0,63][0,126] outsetsChanged=false [0,0][0,0] surfaceResized=false configChanged=false dragResizingChanged=false reportOrientationChanged=false displayCutoutChanged=false nextForceRelayoutToClient=false

11-10 10:24:45.539  4211  4310 I WindowManager: commitFinishDrawingLocked: mDrawState=READY_TO_SHOW Surface(name=com.wallapop/com.rewallapop.ui.wall.WallActivity[9709])/@0x1837b11

11-10 10:24:45.539  4211  4310 I WindowManager: Cancelling animation restarting=false, leash=null, surface=Surface(name=14e5eee com.wallapop/com.rewallapop.ui.wall.WallActivity)/@0x4a0c476, parent=Surface(name=AppWindowToken{e8496a9 token=Token{b353a30 ActivityRecord{191ab73 u0 com.wallapop/com.rewallapop.ui.wall.WallActivity t2121}}})/@0xd93ca77

11-10 10:24:45.539  4211  4310 V WindowManager: performShowLocked: mDrawState=HAS_DRAWN in Window{14e5eee u0 com.wallapop/com.rewallapop.ui.wall.WallActivity}

11-10 10:24:45.557  4211  4242 I ActivityManager: Displayed com.wallapop/com.rewallapop.ui.wall.WallActivity: +2s693ms (total +11s761ms)

11-10 10:24:45.557  4211  4310 V WindowManager: Remove Window{7ce7780 u0 Splash Screen com.wallapop}: mSurfaceController=Surface(name=Splash Screen com.wallapop)/@0x68dd80a mAnimatingExit=false mRemoveOnExit=false mHasSurface=true surfaceShowing=true isAnimationSet=false app-animation=false mWillReplaceWindow=false inPendingTransaction=false mDisplayFrozen=false callers=com.android.server.wm.WindowState.removeIfPossible:2764 com.android.server.wm.WindowManagerService.removeWindow:1943 com.android.server.wm.Session.remove:268 android.view.ViewRootImpl.dispatchDetachedFromWindow:4565 android.view.ViewRootImpl.doDie:7996 android.view.ViewRootImpl$ViewRootHandler.handleMessage:4987

11-10 10:24:45.558  4211  4310 I WindowManager: Cancelling animation restarting=true, leash=null, surface=Surface(name=7ce7780 Splash Screen com.wallapop)/@0x411d42e, parent=Surface(name=AppWindowToken{e8496a9 token=Token{b353a30 ActivityRecord{191ab73 u0 com.wallapop/com.rewallapop.ui.wall.WallActivity t2121}}})/@0xd93ca77

11-10 10:24:45.558  4211  4310 I WindowManager: Reparenting to leash, surface=Surface(name=7ce7780 Splash Screen com.wallapop)/@0x411d42e

11-10 10:24:45.569  3727  3727 I SurfaceFlinger:      Device | 0x70dda21700 | 0002 | RGBA_8888 |   0.0    0.0 1080.0 2220.0 |    0    0 1080 2220 | com.wallapop/com.rewallapop.ui.wall.WallActivity[9709]#0

11-10 10:24:45.569  3727  3727 I SurfaceFlinger:      Device | 0x70d6734e40 | 0000 | RGBA_8888 |   0.0    0.0 1080.0 2220.0 |    0    0 1080 2220 | Splash Screen com.wallapop#0

11-10 10:24:45.570  3727  3727 I SurfaceFlinger: id=23649 createSurf (4440x4440),2 flag=4, Surface(name=7ce7780 Splash Screen com.wallapop)/@0x411d42e - animation-leash#0

11-10 10:24:45.576  4211  4310 D WindowManager: makeSurface duration=18 leash=Surface(name=Surface(name=7ce7780 Splash Screen com.wallapop)/@0x411d42e - animation-leash)/@0xf709713

11-10 10:24:45.576  4211  4310 D SurfaceControl: reparent is called, sc=Surface(name=7ce7780 Splash Screen com.wallapop)/@0x411d42e, newParentHandle=android.os.BinderProxy@caa4d50, transaction=android.view.SurfaceControl$Transaction@9ebc95c

11-10 10:24:45.581  3727  3964 D Layer   : [7ce7780 Splash Screen com.wallapop#0]::reparent oldParent:[AppWindowToken{e8496a9 token=Token{b353a30 ActivityRecord{191ab73 u0 com.wallapop/com.rewallapop.ui.wall.WallActivity t2121}}}#0], newParent:[Surface(name=7ce7780 Splash Screen com.wallapop)/@0x411d42e - animation-leash#0]

11-10 10:24:45.706  9709  9709 V InputMethodManager: Starting input: tba=com.wallapop ic=null mNaviBarColor -1 mIsGetNaviBarColorSuccess true , NavVisible : true , NavTrans : false

11-10 10:24:45.708  4211  5500 V InputMethodManagerService: windowGainedFocus : reason=WINDOW_FOCUS_GAIN client=android.os.BinderProxy@94896f0 inputContext=null missingMethods= attribute=android.view.inputmethod.EditorInfo@5213726 nm = com.wallapop controlFlags=#104 softInputMode=#110 windowFlags=#81810100

11-10 10:24:45.729  4211  4310 I WindowManager: reset, Reparenting to original parent, shouldDeferScheduleAnimation=false, destroyLeash=true, surface=Surface(name=7ce7780 Splash Screen com.wallapop)/@0x411d42e, parent=Surface(name=AppWindowToken{e8496a9 token=Token{b353a30 ActivityRecord{191ab73 u0 com.wallapop/com.rewallapop.ui.wall.WallActivity t2121}}})/@0xd93ca77, parentNativeHandle=android.os.BinderProxy@3d18bcf, caller=com.android.server.wm.SurfaceAnimator.lambda$getFinishedCallback$0:97 com.android.server.wm.-$$Lambda$SurfaceAnimator$SIBia0mND666K8lMCPsoid8pUTI.run:4 com.android.server.wm.SurfaceAnimator.lambda$getFinishedCallback$1:104 com.android.server.wm.-$$Lambda$SurfaceAnimator$vdRZk66hQVbQCvVXEaQCT1kVmFc.onAnimationFinished:4 com.android.server.wm.LocalAnimationAdapter.lambda$startAnimation$0:74

11-10 10:24:45.730  4211  4310 D SurfaceControl: reparent is called, sc=Surface(name=7ce7780 Splash Screen com.wallapop)/@0x411d42e, newParentHandle=android.os.BinderProxy@3d18bcf, transaction=android.view.SurfaceControl$Transaction@9ebc95c

11-10 10:24:45.731  4211  4310 D SurfaceControl: destroy(transaction), animation-leash is destroyed, sc=Surface(name=Surface(name=7ce7780 Splash Screen com.wallapop)/@0x411d42e - animation-leash)/@0xf709713, transaction=android.view.SurfaceControl$Transaction@9ebc95c, caller=com.android.server.wm.SurfaceAnimator.reset:338 com.android.server.wm.SurfaceAnimator.lambda$getFinishedCallback$0:97 com.android.server.wm.-$$Lambda$SurfaceAnimator$SIBia0mND666K8lMCPsoid8pUTI.run:4 com.android.server.wm.SurfaceAnimator.lambda$getFinishedCallback$1:104 com.android.server.wm.-$$Lambda$SurfaceAnimator$vdRZk66hQVbQCvVXEaQCT1kVmFc.onAnimationFinished:4 com.android.server.wm.LocalAnimationAdapter.lambda$startAnimation$0:74 com.android.server.wm.-$$Lambda$LocalAnimationAdapter$X--EomqUvw4qy89IeeTFTH7aCMo.run:4

11-10 10:24:45.732  4211  4310 E WindowManager: win=Window{7ce7780 u0 Splash Screen com.wallapop EXITING} destroySurfaces: appStopped=false win.mWindowRemovalAllowed=true win.mRemoveOnExit=true win.mViewVisibility=0 caller=com.android.server.wm.AppWindowToken.destroySurfaces:870 com.android.server.wm.AppWindowToken.destroySurfaces:851 com.android.server.wm.WindowState.onExitAnimationDone:5436 com.android.server.wm.WindowStateAnimator.onAnimationFinished:319 com.android.server.wm.WindowState.onAnimationFinished:5858 com.android.server.wm.-$$Lambda$yVRF8YoeNdTa8GR1wDStVsHu8xM.run:2 com.android.server.wm.SurfaceAnimator.lambda$getFinishedCallback$0:100

11-10 10:24:45.733  4211  4310 I WindowManager: Destroying surface Surface(name=Splash Screen com.wallapop)/@0x68dd80a called by com.android.server.wm.WindowStateAnimator.destroySurface:1901 com.android.server.wm.WindowStateAnimator.destroySurfaceLocked:838 com.android.server.wm.WindowState.destroySurfaceUnchecked:3839 com.android.server.wm.WindowState.destroySurface:3820 com.android.server.wm.AppWindowToken.destroySurfaces:870 com.android.server.wm.AppWindowToken.destroySurfaces:851 com.android.server.wm.WindowState.onExitAnimationDone:5436 com.android.server.wm.WindowStateAnimator.onAnimationFinished:319

11-10 10:24:45.733  3727  3964 I SurfaceFlinger: id=23642 Removed Splash Screen com.wallapop#0 (0/55)

11-10 10:24:45.740  3727  5001 W SurfaceFlinger: Attempting to set client state on removed layer: Splash Screen com.wallapop#0 [s.what : 40]

11-10 10:24:45.740  3727  5001 D Layer   : [7ce7780 Splash Screen com.wallapop#0]::reparent oldParent:[Surface(name=7ce7780 Splash Screen com.wallapop)/@0x411d42e - animation-leash#0], newParent:[AppWindowToken{e8496a9 token=Token{b353a30 ActivityRecord{191ab73 u0 com.wallapop/com.rewallapop.ui.wall.WallActivity t2121}}}#0]

11-10 10:24:45.740  3727  5001 W SurfaceFlinger: Attempting to destroy on removed layer: Splash Screen com.wallapop#0

11-10 10:24:45.740  3727  5001 I SurfaceFlinger: id=23649 Removed Surface(name=7ce7780 Splash Screen com.wallapop)/@0x411d42e - animation-leash#0 (2/54)

11-10 10:24:45.740  3727  5001 I SurfaceFlinger: id=23641 Removed 7ce7780 Splash Screen com.wallapop#0 (1/53)

11-10 10:24:45.747  3727  3727 I Layer   : id=23649 onRemoved Surface(name=7ce7780 Splash Screen com.wallapop)/@0x411d42e - animation-leash#0

11-10 10:24:45.747  3727  3727 I Layer   : id=23641 onRemoved 7ce7780 Splash Screen com.wallapop#0

11-10 10:24:45.747  3727  3727 I Layer   : id=23642 onRemoved Splash Screen com.wallapop#0

11-10 10:24:45.758  3727  3727 I SurfaceFlinger:      Device | 0x70dda21700 | 0002 | RGBA_8888 |   0.0    0.0 1080.0 2220.0 |    0    0 1080 2220 | com.wallapop/com.rewallapop.ui.wall.WallActivity[9709]#0

11-10 10:24:45.820  9709  9709 V InputMethodManager: Starting input: tba=com.wallapop ic=null mNaviBarColor -1 mIsGetNaviBarColorSuccess true , NavVisible : true , NavTrans : false

11-10 10:24:45.894  4622  4682 E RequestManager_FLP: [FusedLocationApi] Location request b47d4f2(Listener) PRIORITY_BALANCED_POWER_ACCURACY interval=300000 from com.wallapop

11-10 10:24:45.934  4211  5500 I WindowManager: Cancelling animation restarting=false, leash=null, surface=Surface(name=AppWindowToken{614426f token=Token{fa8c14e ActivityRecord{8dc8449 u0 com.wallapop/com.rewallapop.ui.main.MainActivity t2121}}})/@0xe83a44f, parent=Surface(name=Task=2121)/@0xe3737dc

11-10 10:24:45.947  3727  3964 I SurfaceFlinger: id=23640 Removed AppWindowToken{614426f token=Token{fa8c14e ActivityRecord{8dc8449 u0 com.wallapop/com.rewallapop.ui.main.MainActivity t2121}}}#0 (0/52)

11-10 10:24:45.951  3562  5667 I Finsky  : [8330] fxs.d(3): com.wallapop: Account determined from installer data - [rJj4Md76H4LxoN-B4dnoZM7XaXDDBcXGlC-caOCi6Uc]

11-10 10:24:45.952  3562  5667 I Finsky  : [8330] fxs.d(14): com.wallapop: Account from preferred account - [rJj4Md76H4LxoN-B4dnoZM7XaXDDBcXGlC-caOCi6Uc]

11-10 10:24:45.953  4211  4228 D CodecSolution: isMaxAspectPackageEx: com.wallapop : true(2)

11-10 10:24:45.962  3727  3727 I Layer   : id=23640 onRemoved AppWindowToken{614426f token=Token{fa8c14e ActivityRecord{8dc8449 u0 com.wallapop/com.rewallapop.ui.main.MainActivity t2121}}}#0

11-10 10:24:45.983  3562  5667 I Finsky  : [8330] fxs.d(3): com.wallapop: Account determined from installer data - [rJj4Md76H4LxoN-B4dnoZM7XaXDDBcXGlC-caOCi6Uc]

11-10 10:24:45.987  3562  5667 I Finsky  : [8330] fxs.d(14): com.wallapop: Account from preferred account - [rJj4Md76H4LxoN-B4dnoZM7XaXDDBcXGlC-caOCi6Uc]

11-10 10:24:46.082  4211  4669 D MdnieScenarioControlService:  packageName : com.wallapop    className : com.rewallapop.ui.wall.WallActivity

11-10 10:24:46.364  9709  9709 W com.wallapop: Accessing hidden field Landroid/view/View;->mAccessibilityDelegate:Landroid/view/View$AccessibilityDelegate; (light greylist, reflection)

11-10 10:24:47.130  9709  9720 I com.wallapop: Background concurrent copying GC freed 229013(15MB) AllocSpace objects, 105(12MB) LOS objects, 49% free, 19MB/38MB, paused 411us total 221.889ms

11-10 10:24:47.324  9709  9709 W View    : requestLayout() improperly called by com.wallapop.design.view.WallapopTextView{fa4552b V.ED..... ......ID 47,26-47,86 #7f0a0904 app:id/wp__home__tv_bubble} during layout: running second layout pass

11-10 10:24:48.037  4211  4390 D WifiTrafficPoller: TrafficStats TxPkts=765599 RxPkts=1360720 TxBytes=174578158 RxBytes=1288935100 , Foreground uid=10311 pkgName=com.wallapop TxPackets=62890 RxPackets=71353 TxBytes=9613387 RxBytes=70745971

11-10 10:24:48.883  4211  7552 D WifiPermissionsUtil: canAccessScanResults: pkgName = com.wallapop, uid = 10311

11-10 10:24:49.383  9709 10016 D Amazon DTB Ads API: with query params:[?dt=android&app=app&dinfo=%7B%22os%22%3A%22Android%22%2C%22model%22%3A%22SM-A750FN%22%2C%22make%22%3A%22samsung%22%2C%22osVersion%22%3A%229%22%2C%22connectionType%22%3A%22Wifi%22%2C%22country%22%3A%22ES%22%2C%22scalingFactor%22%3A%222.625%22%2C%22carrier%22%3A%22JAZZTEL%22%2C%22language%22%3A%22es%22%2C%22screenSize%22%3A%221080x2094%22%2C%22orientation%22%3A%22portrait%22%7D&oo=0&aud=3p&idfa=bf505ce3-e614-4d9a-a4d7-9c324edc6560&appId=d2ba46e2d5ef4c9883051d9c8d0125d5&sdkVer=aps-android-7.4.3&ua=Dalvik%2F2.1.0%20%28Linux%3B%20U%3B%20Android%209%3B%20SM-A750FN%20Build%2FPPR1.180610.011%29&pkg=%7B%22lbl%22%3A%22_Wallapop_%22%2C%22pn%22%3A%22com.wallapop%22%2C%22v%22%3A%221850000%22%2C%22vn%22%3A%221.85.0-d1910251130%22%7D]

11-10 10:24:49.847  9709 10016 D Amazon DTB Ads API: Error while connecting to remote server: https://s.amazon-adsystem.com/api3/generate_did?dt=android&app=app&dinfo=%7B%22os%22%3A%22Android%22%2C%22model%22%3A%22SM-A750FN%22%2C%22make%22%3A%22samsung%22%2C%22osVersion%22%3A%229%22%2C%22connectionType%22%3A%22Wifi%22%2C%22country%22%3A%22ES%22%2C%22scalingFactor%22%3A%222.625%22%2C%22carrier%22%3A%22JAZZTEL%22%2C%22language%22%3A%22es%22%2C%22screenSize%22%3A%221080x2094%22%2C%22orientation%22%3A%22portrait%22%7D&oo=0&aud=3p&idfa=bf505ce3-e614-4d9a-a4d7-9c324edc6560&appId=d2ba46e2d5ef4c9883051d9c8d0125d5&sdkVer=aps-android-7.4.3&ua=Dalvik%2F2.1.0%20%28Linux%3B%20U%3B%20Android%209%3B%20SM-A750FN%20Build%2FPPR1.180610.011%29&pkg=%7B%22lbl%22%3A%22_Wallapop_%22%2C%22pn%22%3A%22com.wallapop%22%2C%22v%22%3A%221850000%22%2C%22vn%22%3A%221.85.0-d1910251130%22%7D with error:Chain validation failed

11-10 10:24:49.849  9709 10016 E Amazon DTB Ads API: 	at com.wallapop.thirdparty.ads.b.a.a(SourceFile:43)

11-10 10:24:49.849  9709 10016 E Amazon DTB Ads API: 	at com.wallapop.thirdparty.ads.b.a$b$1.invokeSuspend(SourceFile:34)

11-10 10:24:49.849  9709 10016 E Amazon DTB Ads API: 	at com.wallapop.thirdparty.ads.b.a$b$1.invoke(Unknown Source:10)

11-10 10:24:49.849  9709 10016 E Amazon DTB Ads API: 	at com.wallapop.thirdparty.ads.b.a$b.invokeSuspend(SourceFile:33)

11-10 10:24:49.936  9709 10253 D Amazon DTB Ads API: with query params:[?dt=android&app=app&dinfo=%7B%22os%22%3A%22Android%22%2C%22model%22%3A%22SM-A750FN%22%2C%22make%22%3A%22samsung%22%2C%22osVersion%22%3A%229%22%2C%22connectionType%22%3A%22Wifi%22%2C%22country%22%3A%22ES%22%2C%22scalingFactor%22%3A%222.625%22%2C%22carrier%22%3A%22JAZZTEL%22%2C%22language%22%3A%22es%22%2C%22screenSize%22%3A%221080x2094%22%2C%22orientation%22%3A%22portrait%22%7D&oo=0&aud=3p&idfa=bf505ce3-e614-4d9a-a4d7-9c324edc6560&appId=d2ba46e2d5ef4c9883051d9c8d0125d5&sdkVer=aps-android-7.4.3&ua=Dalvik%2F2.1.0%20%28Linux%3B%20U%3B%20Android%209%3B%20SM-A750FN%20Build%2FPPR1.180610.011%29&pkg=%7B%22lbl%22%3A%22_Wallapop_%22%2C%22pn%22%3A%22com.wallapop%22%2C%22v%22%3A%221850000%22%2C%22vn%22%3A%221.85.0-d1910251130%22%7D]

11-10 10:24:50.262  9709  9720 I com.wallapop: Background concurrent copying GC freed 270473(14MB) AllocSpace objects, 92(4MB) LOS objects, 49% free, 21MB/43MB, paused 614us total 209.571ms

11-10 10:24:50.384  9709 10253 D Amazon DTB Ads API: Error while connecting to remote server: https://s.amazon-adsystem.com/api3/generate_did?dt=android&app=app&dinfo=%7B%22os%22%3A%22Android%22%2C%22model%22%3A%22SM-A750FN%22%2C%22make%22%3A%22samsung%22%2C%22osVersion%22%3A%229%22%2C%22connectionType%22%3A%22Wifi%22%2C%22country%22%3A%22ES%22%2C%22scalingFactor%22%3A%222.625%22%2C%22carrier%22%3A%22JAZZTEL%22%2C%22language%22%3A%22es%22%2C%22screenSize%22%3A%221080x2094%22%2C%22orientation%22%3A%22portrait%22%7D&oo=0&aud=3p&idfa=bf505ce3-e614-4d9a-a4d7-9c324edc6560&appId=d2ba46e2d5ef4c9883051d9c8d0125d5&sdkVer=aps-android-7.4.3&ua=Dalvik%2F2.1.0%20%28Linux%3B%20U%3B%20Android%209%3B%20SM-A750FN%20Build%2FPPR1.180610.011%29&pkg=%7B%22lbl%22%3A%22_Wallapop_%22%2C%22pn%22%3A%22com.wallapop%22%2C%22v%22%3A%221850000%22%2C%22vn%22%3A%221.85.0-d1910251130%22%7D with error:Chain validation failed

11-10 10:24:50.419  9709 10253 D Amazon DTB Ads API: with json params:[{"oo":"false","dinfo":{"os":"Android","model":"SM-A750FN","make":"samsung","osVersion":"9","connectionType":"Wifi","country":"ES","scalingFactor":"2.625","carrier":"JAZZTEL","language":"es","screenSize":"1080x2094","orientation":"portrait"},"adsdk":"aps-android-7.4.3","slots":[{"sz":"320x50","slot":"f414d83c-ab9f-4e02-9c59-5137663ee6c7","slotId":1,"supportedMediaTypes":["DISPLAY"]}],"mraid":["1.0","2.0","3.0"],"appId":"d2ba46e2d5ef4c9883051d9c8d0125d5","idfa":"bf505ce3-e614-4d9a-a4d7-9c324edc6560","geoloc":"41.4058221,2.1864421,18.994","isDTBMobile":"true","ua":"Dalvik\/2.1.0 (Linux; U; Android 9; SM-A750FN Build\/PPR1.180610.011)","pkg":{"lbl":"_Wallapop_","pn":"com.wallapop","v":"1850000","vn":"1.85.0-d1910251130"},"gdpr":{"e":"1","c":"BOR0xKKOR0xKKABABAENBZ-AAAAfZ7_______9______9uz_Gv_v_f__33e8__9v_l_7_-___u_-33d4-_1vX99yfm1-7ftr3tp_86ues2vHqK9ZoA"}}]

11-10 10:24:51.615  9709  9709 W com.wallapop: Accessing hidden method Landroid/media/AudioTrack;->getLatency()I (light greylist, reflection)

11-10 10:24:52.040  4211  4475 I CodecSolution: pid(9709) pkg(com.wallapop)

11-10 10:24:52.084  4211  4222 D CodecSolution: topName : com.wallapop

11-10 10:24:52.084  4211  4222 I CodecSolution: Top : com.wallapop

11-10 10:24:52.084  4211  4222 D SCPMHelper: getPackageInfo(com.wallapop)

11-10 10:24:52.137  4211  4390 D WifiTrafficPoller: TrafficStats TxPkts=765986 RxPkts=1361137 TxBytes=174676189 RxBytes=1289196646 , Foreground uid=10311 pkgName=com.wallapop TxPackets=63218 RxPackets=71671 TxBytes=9681865 RxBytes=70953209

11-10 10:24:52.137  4211  4475 I CodecSolution: pid(9709) pkg(com.wallapop)

11-10 10:24:52.152  4211  7552 D CodecSolution: topName : com.wallapop

11-10 10:24:52.152  4211  7552 I CodecSolution: Top : com.wallapop

11-10 10:24:52.152  4211  7552 D SCPMHelper: getPackageInfo(com.wallapop)

11-10 10:24:52.922  9709 10292 I chatty  : uid=10311(com.wallapop) CodecLooper identical 1 line

11-10 10:24:53.017  9709 10300 I chatty  : uid=10311(com.wallapop) CodecLooper identical 1 line

11-10 10:24:53.449  9709  9720 I com.wallapop: Background concurrent copying GC freed 249901(12MB) AllocSpace objects, 154(7MB) LOS objects, 46% free, 27MB/51MB, paused 1.484ms total 194.821ms

11-10 10:24:56.196  4211  4390 D WifiTrafficPoller: TrafficStats TxPkts=766098 RxPkts=1361300 TxBytes=174717272 RxBytes=1289294724 , Foreground uid=10311 pkgName=com.wallapop TxPackets=63318 RxPackets=71782 TxBytes=9717270 RxBytes=71024918

11-10 10:24:57.300  4211  4475 I CodecSolution: pid(9709) pkg(com.wallapop)

11-10 10:24:57.310  4211  5500 D CodecSolution: topName : com.wallapop

11-10 10:24:57.310  4211  5500 I CodecSolution: Top : com.wallapop

11-10 10:24:57.311  4211  5500 D SCPMHelper: getPackageInfo(com.wallapop)

11-10 10:24:57.356  9709 10330 I chatty  : uid=10311(com.wallapop) CodecLooper identical 1 line


