Executed 'TestRailTest_01()' on 03-11-2019
---------------------------------------------------------------------------------
11-03 02:52:09.892 10843 10843 E e4defrag: ext4 defragmentation for directory(/data/data/com.wallapop)

11-03 02:52:09.918 10843 10843 E e4defrag: [79;0H[K[26/709]/data/data/com.wallapop/cache/org.chromium.android_webview/Code Cache/js/2a02cbd8ba9ba5ae_0:	  0%

11-03 02:52:09.920 10843 10843 E e4defrag: [79;0H[K[26/709]/data/data/com.wallapop/cache/org.chromium.android_webview/Code Cache/js/2a02cbd8ba9ba5ae_0:	100%

11-03 02:52:09.921 10843 10843 E e4defrag: [79;0H[K[28/709]/data/data/com.wallapop/cache/org.chromium.android_webview/Code Cache/js/7f17f822e1e62820_0:	100%

11-03 02:52:09.922 10843 10843 E e4defrag: [79;0H[K[32/709]/data/data/com.wallapop/cache/org.chromium.android_webview/Code Cache/js/9ee7b33688d06d20_0:	100%

11-03 02:52:09.923 10843 10843 E e4defrag: [79;0H[K[35/709]/data/data/com.wallapop/cache/org.chromium.android_webview/Code Cache/js/87148a014412bf5f_0:	100%

11-03 02:52:09.923 10843 10843 E e4defrag: [79;0H[K[43/709]/data/data/com.wallapop/cache/org.chromium.android_webview/Code Cache/js/7659751a5e121d9a_0:	100%

11-03 02:52:09.928 10843 10843 E e4defrag: [79;0H[K[87/709]/data/data/com.wallapop/cache/org.chromium.android_webview/f038e94cb33282ab_0:	100%

11-03 02:52:09.932 10843 10843 E e4defrag: [79;0H[K[88/709]/data/data/com.wallapop/cache/org.chromium.android_webview/20f9fcfcbe9fdb98_0:	100%

11-03 02:52:09.934 10843 10843 E e4defrag: [79;0H[K[109/709]/data/data/com.wallapop/cache/org.chromium.android_webview/329b2a609f4b097e_0:	100%

11-03 02:52:09.934 10843 10843 E e4defrag: [79;0H[K[113/709]/data/data/com.wallapop/cache/org.chromium.android_webview/30464f3e87388bfd_0:	100%

11-03 02:52:09.935 10843 10843 E e4defrag: [79;0H[K[115/709]/data/data/com.wallapop/cache/org.chromium.android_webview/45c7ce6f1157700a_0:	100%

11-03 02:52:09.935 10843 10843 E e4defrag: [79;0H[K[118/709]/data/data/com.wallapop/cache/org.chromium.android_webview/1d342b8feff3b552_0:	100%

11-03 02:52:09.935 10843 10843 E e4defrag: [79;0H[K[122/709]/data/data/com.wallapop/cache/org.chromium.android_webview/ab133c0af5e58507_0:	100%

11-03 02:52:09.935 10843 10843 E e4defrag: [79;0H[K[123/709]/data/data/com.wallapop/cache/org.chromium.android_webview/50c8f94b3e1bcb17_0:	100%

11-03 02:52:09.936 10843 10843 E e4defrag: [79;0H[K[124/709]/data/data/com.wallapop/cache/org.chromium.android_webview/d3fa56d974f51612_0:	100%

11-03 02:52:09.936 10843 10843 E e4defrag: [79;0H[K[125/709]/data/data/com.wallapop/cache/org.chromium.android_webview/4cac1714e20b8568_0:	100%

11-03 02:52:09.936 10843 10843 E e4defrag: [79;0H[K[128/709]/data/data/com.wallapop/cache/org.chromium.android_webview/b5f2a06b901f50b0_0:	100%

11-03 02:52:09.936 10843 10843 E e4defrag: [79;0H[K[131/709]/data/data/com.wallapop/cache/org.chromium.android_webview/26dffbb87feed3c4_0:	100%

11-03 02:52:09.936 10843 10843 E e4defrag: [79;0H[K[132/709]/data/data/com.wallapop/cache/org.chromium.android_webview/453eaa54e321c45c_0:	100%

11-03 02:52:09.937 10843 10843 E e4defrag: [79;0H[K[133/709]/data/data/com.wallapop/cache/org.chromium.android_webview/aa503b1d8a336fa5_0:	100%

11-03 02:52:09.937 10843 10843 E e4defrag: [79;0H[K[136/709]/data/data/com.wallapop/cache/org.chromium.android_webview/6065c323d9f916b1_0:	100%

11-03 02:52:09.937 10843 10843 E e4defrag: [79;0H[K[137/709]/data/data/com.wallapop/cache/org.chromium.android_webview/6fea775c39ecd5a8_0:	100%

11-03 02:52:09.937 10843 10843 E e4defrag: [79;0H[K[139/709]/data/data/com.wallapop/cache/org.chromium.android_webview/ace419df7384b5b3_0:	100%

11-03 02:52:09.937 10843 10843 E e4defrag: [79;0H[K[140/709]/data/data/com.wallapop/cache/org.chromium.android_webview/1956b0978867106f_0:	100%

11-03 02:52:09.938 10843 10843 E e4defrag: [79;0H[K[158/709]/data/data/com.wallapop/cache/org.chromium.android_webview/ceec3e55db7d0438_0:	100%

11-03 02:52:09.940 10843 10843 E e4defrag: [79;0H[K[184/709]/data/data/com.wallapop/cache/org.chromium.android_webview/6c643d0814b08bcc_0:	100%

11-03 02:52:09.940 10843 10843 E e4defrag: [79;0H[K[185/709]/data/data/com.wallapop/cache/org.chromium.android_webview/37351c13a06429fe_0:	100%

11-03 02:52:09.950 10843 10843 E e4defrag: [79;0H[K[425/709]/data/data/com.wallapop/cache/-1594999620.png:	100%

11-03 02:52:09.950 10843 10843 E e4defrag: [79;0H[K[427/709]/data/data/com.wallapop/cache/volley/-139605349995085421:	100%

11-03 02:52:09.951 10843 10843 E e4defrag: [79;0H[K[432/709]/data/data/com.wallapop/cache/volley/-42124738536116713:	100%

11-03 02:52:09.957 10843 10843 E e4defrag: [79;0H[K[492/709]/data/data/com.wallapop/cache/1690265669.png:	100%

11-03 02:52:09.957 10843 10843 E e4defrag: [79;0H[K[494/709]/data/data/com.wallapop/code_cache/com.android.opengl.shaders_cache:	100%

11-03 02:52:09.964 10843 10843 E e4defrag: [79;0H[K[594/709]/data/data/com.wallapop/files/TLProperties.json:	100%

11-03 02:52:09.967 10843 10843 E e4defrag: [79;0H[K[617/709]/data/data/com.wallapop/files/pending_events_queue_7v6g4wr3o76e:	100%

11-03 02:52:09.969 10843 10843 E e4defrag: [79;0H[K[630/709]/data/data/com.wallapop/databases/wallapop-chat.db:	100%

11-03 02:52:09.969 10843 10843 E e4defrag: [79;0H[K[632/709]/data/data/com.wallapop/databases/wallapop-app.db:	100%

11-03 02:52:09.969 10843 10843 E e4defrag: [79;0H[K[637/709]/data/data/com.wallapop/databases/clickstream-journal:	100%

11-03 02:52:09.970 10843 10843 E e4defrag: [79;0H[K[638/709]/data/data/com.wallapop/databases/mparticle.db:	100%

11-03 02:52:09.970 10843 10843 E e4defrag: [79;0H[K[639/709]/data/data/com.wallapop/databases/mparticle.db-journal:	100%

11-03 02:52:09.970 10843 10843 E e4defrag: [79;0H[K[642/709]/data/data/com.wallapop/databases/__hs_db_helpshift_users:	100%

11-03 02:52:09.970 10843 10843 E e4defrag: [79;0H[K[648/709]/data/data/com.wallapop/databases/__hs__db_properties:	100%

11-03 02:52:09.971 10843 10843 E e4defrag: [79;0H[K[656/709]/data/data/com.wallapop/databases/__hs__db_issues:	100%

11-03 02:52:09.974 10843 10843 E e4defrag: [79;0H[K[700/709]/data/data/com.wallapop/app_webview/QuotaManager:	100%

11-03 02:52:09.974 10843 10843 E e4defrag: [79;0H[K[703/709]/data/data/com.wallapop/app_webview/databases/Databases.db:	100%

11-03 02:52:10.239 10838 10838 I appproc : Command=app_process /system/bin com.android.commands.am.Am force-stop com.wallapop

11-03 02:52:11.273 10854 10945 I FA      :   adb shell setprop debug.firebase.analytics.app com.wallapop

11-03 02:52:13.014 10854 10854 I art     : Rejecting re-init on previously-failed class java.lang.Class<com.wallapop.clickstream.JobIntentService$f>

11-03 02:52:13.015 10854 10854 I art     : Rejecting re-init on previously-failed class java.lang.Class<com.wallapop.clickstream.JobIntentService$f>

11-03 02:52:16.577 10854 11082 E linker  : warning: unable to get realpath for the library "/data/data/com.wallapop/app_optimized/audience_network.dex". Will use given name.

11-03 02:52:17.070  3066  3388 E HwCHRWebMonitor: HwCHRWifiUIDWebSpeed [appName=com.wallapop UID=10196  WEBSENDSEGS=89  WEBRESENDSEGS=0  WEBRECVSEGS=91  WEBERRSEGS=0  WEBOUTRSTS=0  WEBESTABLISRST=0  WEBRTTDURATION=162  WEBRTTSEGS=34  WEBSNDDUPACKS=0  suckTimes=0 recovage_times=0]

11-03 02:52:22.116  3066  3388 E HwCHRWebMonitor: HwCHRWifiUIDWebSpeed [appName=com.wallapop UID=10196  WEBSENDSEGS=27  WEBRESENDSEGS=0  WEBRECVSEGS=24  WEBERRSEGS=0  WEBOUTRSTS=0  WEBESTABLISRST=0  WEBRTTDURATION=35  WEBRTTSEGS=13  WEBSNDDUPACKS=0  suckTimes=0 recovage_times=1]

11-03 02:53:42.733  3066  3388 E HwCHRWebMonitor: HwCHRWifiUIDWebSpeed [appName=com.wallapop UID=10196  WEBSENDSEGS=3  WEBRESENDSEGS=0  WEBRECVSEGS=3  WEBERRSEGS=0  WEBOUTRSTS=0  WEBESTABLISRST=0  WEBRTTDURATION=8  WEBRTTSEGS=2  WEBSNDDUPACKS=0  suckTimes=0 recovage_times=0]

11-03 02:55:55.492 11399 11437 I appium  : AppiumResponse: {"sessionId":"584a0c2d-189b-41af-b9e0-3f7ddf684a31","value":{"sessionId":"584a0c2d-189b-41af-b9e0-3f7ddf684a31","capabilities":{"firstMatch":[{"platform":"LINUX","webStorageEnabled":false,"takesScreenshot":true,"javascriptEnabled":true,"databaseEnabled":false,"networkConnectionEnabled":true,"locationContextEnabled":false,"warnings":{},"desired":{"platformName":"android","normalizeTagNames":true,"androidInstallTimeout":150000,"app":"","appActivity":"com.rewallapop.ui.main.MainActivity","appPackage":"com.wallapop","isHeadless":false,"skipDeviceInitialization":true,"autoAcceptAlerts":true,"autoGrantPermissions":true,"automationName":"UiAutomator2","avd":"","deviceName":"W3D7N16219018904","deviceReadyTimeout":1,"fullReset":false,"ignoreUnimportantViews":true,"newCommandTimeout":60,"noReset":true,"systemPort":8223,"udid":"W3D7N16219018904"},"platformName":"android","normalizeTagNames":true,"androidInstallTimeout":150000,"app":"","appActivity":"com.rewallapop.ui.main.MainActivity","appPackage":"com.wallapop","isHeadless":false,"skipDeviceInitialization":true,"autoAcceptAlerts":true,"autoGrantPermissions":true,"automationName":"UiAutomator2","avd":"","deviceName":"W3D7N16219018904","deviceReadyTimeout":1,"fullReset":false,"ignoreUnimportantViews":true,"newCommandTimeout":60,"noReset":true,"systemPort":8223,"udid":"W3D7N16219018904","deviceUDID":"W3D7N16219018904"}],"alwaysMatch":{}}}}

11-03 02:55:56.641 11441 11441 I appproc : Command=app_process /system/bin com.android.commands.am.Am start -W -n com.wallapop/com.rewallapop.ui.main.MainActivity -S

11-03 02:55:57.209  3986  4530 W PGApi_client: recv actoionId = 10000, action = com.huawei.pgmng.PGAction@15b2077 actionId =10000 pkg =com.wallapop extend1 =14989 extend2 = flag =3 type =1

11-03 02:55:57.209  3986  4530 W PGMiddleWare: in handleAction, invoke client = com.huawei.pgmng.middleware.AudioEffectLowPowerImpl@1eaa45e, action = com.huawei.pgmng.PGAction@15b2077 actionId =10000 pkg =com.wallapop extend1 =14989 extend2 = flag =3 type =1

11-03 02:55:58.016 11452 11561 I FA      :   adb shell setprop debug.firebase.analytics.app com.wallapop

11-03 02:55:59.560 11452 11452 I art     : Rejecting re-init on previously-failed class java.lang.Class<com.wallapop.clickstream.JobIntentService$f>

11-03 02:55:59.561 11452 11452 I art     : Rejecting re-init on previously-failed class java.lang.Class<com.wallapop.clickstream.JobIntentService$f>

11-03 02:56:03.582 11452 11769 E linker  : warning: unable to get realpath for the library "/data/data/com.wallapop/app_optimized/audience_network.dex". Will use given name.

11-03 02:56:03.740  3066  3388 E HwCHRWebMonitor: running processNamecom.wallapop

11-03 02:56:03.743  3066  3388 E HwCHRWebMonitor: HwCHRWifiUIDWebSpeed [appName=com.wallapop UID=10196  WEBSENDSEGS=145  WEBRESENDSEGS=0  WEBRECVSEGS=116  WEBERRSEGS=0  WEBOUTRSTS=0  WEBESTABLISRST=0  WEBRTTDURATION=383  WEBRTTSEGS=51  WEBSNDDUPACKS=0  suckTimes=0 recovage_times=0]

11-03 02:56:04.955 11452 11653 E linker  : warning: unable to get realpath for the library "/data/data/com.wallapop/cache/1570054248636.dex". Will use given name.

11-03 02:56:05.446 30059 30258 I Finsky  : [858] fyd.d(3): com.wallapop: Account determined from installer data - [VoWxNn8b5rEQ16LF0i3-s5KcEVYDMATZSI2v8NbSQx0]

11-03 02:56:05.447 30059 30258 I Finsky  : [858] fyd.d(14): com.wallapop: Account from preferred account - [VoWxNn8b5rEQ16LF0i3-s5KcEVYDMATZSI2v8NbSQx0]

11-03 02:56:05.452 30059 30073 I Finsky  : [783] fyd.d(3): com.wallapop: Account determined from installer data - [VoWxNn8b5rEQ16LF0i3-s5KcEVYDMATZSI2v8NbSQx0]

11-03 02:56:05.453 30059 30073 I Finsky  : [783] fyd.d(14): com.wallapop: Account from preferred account - [VoWxNn8b5rEQ16LF0i3-s5KcEVYDMATZSI2v8NbSQx0]

11-03 02:56:05.455 30059 30072 I Finsky  : [782] fyd.d(3): com.wallapop: Account determined from installer data - [VoWxNn8b5rEQ16LF0i3-s5KcEVYDMATZSI2v8NbSQx0]

11-03 02:56:05.456 30059 30072 I Finsky  : [782] fyd.d(14): com.wallapop: Account from preferred account - [VoWxNn8b5rEQ16LF0i3-s5KcEVYDMATZSI2v8NbSQx0]

11-03 02:56:05.460 30059 30257 I Finsky  : [857] fyd.d(3): com.wallapop: Account determined from installer data - [VoWxNn8b5rEQ16LF0i3-s5KcEVYDMATZSI2v8NbSQx0]

11-03 02:56:05.461 30059 30257 I Finsky  : [857] fyd.d(14): com.wallapop: Account from preferred account - [VoWxNn8b5rEQ16LF0i3-s5KcEVYDMATZSI2v8NbSQx0]

11-03 02:56:06.144  3066  3085 I ActivityManager: Displayed com.wallapop/com.rewallapop.ui.wall.WallActivity: +2s879ms (total +3m55s700ms)

11-03 02:56:06.204 30059 30072 I Finsky  : [782] fyd.d(3): com.wallapop: Account determined from installer data - [VoWxNn8b5rEQ16LF0i3-s5KcEVYDMATZSI2v8NbSQx0]

11-03 02:56:06.205 30059 30072 I Finsky  : [782] fyd.d(14): com.wallapop: Account from preferred account - [VoWxNn8b5rEQ16LF0i3-s5KcEVYDMATZSI2v8NbSQx0]

11-03 02:56:06.247 30059 30257 I Finsky  : [857] fyd.d(3): com.wallapop: Account determined from installer data - [VoWxNn8b5rEQ16LF0i3-s5KcEVYDMATZSI2v8NbSQx0]

11-03 02:56:06.248 30059 30257 I Finsky  : [857] fyd.d(14): com.wallapop: Account from preferred account - [VoWxNn8b5rEQ16LF0i3-s5KcEVYDMATZSI2v8NbSQx0]

11-03 02:56:06.273 30059 30258 I Finsky  : [858] fyd.d(3): com.wallapop: Account determined from installer data - [VoWxNn8b5rEQ16LF0i3-s5KcEVYDMATZSI2v8NbSQx0]

11-03 02:56:06.274 30059 30258 I Finsky  : [858] fyd.d(14): com.wallapop: Account from preferred account - [VoWxNn8b5rEQ16LF0i3-s5KcEVYDMATZSI2v8NbSQx0]

11-03 02:56:06.293 30059 30073 I Finsky  : [783] fyd.d(3): com.wallapop: Account determined from installer data - [VoWxNn8b5rEQ16LF0i3-s5KcEVYDMATZSI2v8NbSQx0]

11-03 02:56:06.294 30059 30073 I Finsky  : [783] fyd.d(14): com.wallapop: Account from preferred account - [VoWxNn8b5rEQ16LF0i3-s5KcEVYDMATZSI2v8NbSQx0]

11-03 02:56:06.478 30059 30072 I Finsky  : [782] fyd.d(3): com.wallapop: Account determined from installer data - [VoWxNn8b5rEQ16LF0i3-s5KcEVYDMATZSI2v8NbSQx0]

11-03 02:56:06.479 30059 30072 I Finsky  : [782] fyd.d(14): com.wallapop: Account from preferred account - [VoWxNn8b5rEQ16LF0i3-s5KcEVYDMATZSI2v8NbSQx0]

11-03 02:56:06.688 30059 30257 I Finsky  : [857] fyd.d(3): com.wallapop: Account determined from installer data - [VoWxNn8b5rEQ16LF0i3-s5KcEVYDMATZSI2v8NbSQx0]

11-03 02:56:06.689 30059 30257 I Finsky  : [857] fyd.d(14): com.wallapop: Account from preferred account - [VoWxNn8b5rEQ16LF0i3-s5KcEVYDMATZSI2v8NbSQx0]

11-03 02:56:06.729 30059 30258 I Finsky  : [858] fyd.d(3): com.wallapop: Account determined from installer data - [VoWxNn8b5rEQ16LF0i3-s5KcEVYDMATZSI2v8NbSQx0]

11-03 02:56:06.730 30059 30258 I Finsky  : [858] fyd.d(14): com.wallapop: Account from preferred account - [VoWxNn8b5rEQ16LF0i3-s5KcEVYDMATZSI2v8NbSQx0]

11-03 02:56:08.772  3066  3388 E HwCHRWebMonitor: running processNamecom.wallapop

11-03 02:56:08.772  3066  3388 E HwCHRWebMonitor: HwCHRWifiUIDWebSpeed [appName=com.wallapop UID=10196  WEBSENDSEGS=156  WEBRESENDSEGS=0  WEBRECVSEGS=131  WEBERRSEGS=0  WEBOUTRSTS=0  WEBESTABLISRST=0  WEBRTTDURATION=493  WEBRTTSEGS=57  WEBSNDDUPACKS=0  suckTimes=0 recovage_times=1]

11-03 02:56:13.804  3066  3388 E HwCHRWebMonitor: running processNamecom.wallapop

11-03 02:56:13.805  3066  3388 E HwCHRWebMonitor: HwCHRWifiUIDWebSpeed [appName=com.wallapop UID=10196  WEBSENDSEGS=39  WEBRESENDSEGS=0  WEBRECVSEGS=38  WEBERRSEGS=0  WEBOUTRSTS=0  WEBESTABLISRST=0  WEBRTTDURATION=88  WEBRTTSEGS=12  WEBSNDDUPACKS=0  suckTimes=0 recovage_times=2]


