Executed '[C739] Help: Legal agreements' on 30-06-2019
---------------------------------------------------------------------------------
06-30 23:22:46.184  3140  3159 I ActivityManager: Displayed com.wallapop/.activities.WebViewActivity: +447ms

06-30 23:22:46.483  3140  3476 E HwCHRWebMonitor: running processNamecom.wallapop

06-30 23:22:46.484  3140  3476 E HwCHRWebMonitor: HwCHRWifiUIDWebSpeed [appName=com.wallapop UID=10181  WEBSENDSEGS=3  WEBRESENDSEGS=0  WEBRECVSEGS=1  WEBERRSEGS=0  WEBOUTRSTS=0  WEBESTABLISRST=0  WEBRTTDURATION=11  WEBRTTSEGS=1  WEBSNDDUPACKS=0  suckTimes=1 recovage_times=0]

06-30 23:22:51.520  3140  3476 E HwCHRWebMonitor: running processNamecom.wallapop

06-30 23:22:51.521  3140  3476 E HwCHRWebMonitor: HwCHRWifiUIDWebSpeed [appName=com.wallapop UID=10181  WEBSENDSEGS=793  WEBRESENDSEGS=0  WEBRECVSEGS=971  WEBERRSEGS=0  WEBOUTRSTS=0  WEBESTABLISRST=0  WEBRTTDURATION=868  WEBRTTSEGS=128  WEBSNDDUPACKS=0  suckTimes=1 recovage_times=1]

06-30 23:22:53.583 18422 18430 W REALM_JAVA: Remember to call close() on all Realm instances. Realm /data/data/com.wallapop/files/feature_flags is being finalized without being closed, this can lead to running out of native memory.

06-30 23:22:53.583 18422 18430 W REALM_JAVA: Remember to call close() on all Realm instances. Realm /data/data/com.wallapop/files/feature_flags is being finalized without being closed, this can lead to running out of native memory.

06-30 23:22:53.584 18422 18430 W REALM_JAVA: Remember to call close() on all Realm instances. Realm /data/data/com.wallapop/files/feature_flags is being finalized without being closed, this can lead to running out of native memory.

06-30 23:22:55.719  3140  3159 I ActivityManager: Displayed com.wallapop/.activities.WebViewActivity: +541ms

06-30 23:22:56.563  3140  3476 E HwCHRWebMonitor: running processNamecom.wallapop

06-30 23:22:56.564  3140  3476 E HwCHRWebMonitor: HwCHRWifiUIDWebSpeed [appName=com.wallapop UID=10181  WEBSENDSEGS=328  WEBRESENDSEGS=0  WEBRECVSEGS=397  WEBERRSEGS=0  WEBOUTRSTS=0  WEBESTABLISRST=0  WEBRTTDURATION=478  WEBRTTSEGS=97  WEBSNDDUPACKS=0  suckTimes=0 recovage_times=2]

06-30 23:23:01.600  3140  3476 E HwCHRWebMonitor: running processNamecom.wallapop

06-30 23:23:01.601  3140  3476 E HwCHRWebMonitor: HwCHRWifiUIDWebSpeed [appName=com.wallapop UID=10181  WEBSENDSEGS=55  WEBRESENDSEGS=0  WEBRECVSEGS=68  WEBERRSEGS=0  WEBOUTRSTS=0  WEBESTABLISRST=2  WEBRTTDURATION=161  WEBRTTSEGS=26  WEBSNDDUPACKS=0  suckTimes=0 recovage_times=3]

06-30 23:23:02.718  3140  3159 I ActivityManager: Displayed com.wallapop/.activities.WebViewActivity: +356ms

06-30 23:23:06.644  3140  3476 E HwCHRWebMonitor: running processNamecom.wallapop

06-30 23:23:06.645  3140  3476 E HwCHRWebMonitor: HwCHRWifiUIDWebSpeed [appName=com.wallapop UID=10181  WEBSENDSEGS=58  WEBRESENDSEGS=0  WEBRECVSEGS=73  WEBERRSEGS=0  WEBOUTRSTS=0  WEBESTABLISRST=0  WEBRTTDURATION=159  WEBRTTSEGS=29  WEBSNDDUPACKS=0  suckTimes=0 recovage_times=4]

06-30 23:23:09.093  3140  3159 I ActivityManager: Displayed com.wallapop/.activities.WebViewActivity: +256ms

06-30 23:23:11.674  3140  3476 E HwCHRWebMonitor: running processNamecom.wallapop

06-30 23:23:11.675  3140  3476 E HwCHRWebMonitor: HwCHRWifiUIDWebSpeed [appName=com.wallapop UID=10181  WEBSENDSEGS=37  WEBRESENDSEGS=0  WEBRECVSEGS=47  WEBERRSEGS=0  WEBOUTRSTS=0  WEBESTABLISRST=1  WEBRTTDURATION=124  WEBRTTSEGS=15  WEBSNDDUPACKS=0  suckTimes=0 recovage_times=5]

06-30 23:23:16.721  3140  3476 E HwCHRWebMonitor: running processNamecom.wallapop

06-30 23:23:16.722  3140  3476 E HwCHRWebMonitor: HwCHRWifiUIDWebSpeed [appName=com.wallapop UID=10181  WEBSENDSEGS=32  WEBRESENDSEGS=0  WEBRECVSEGS=36  WEBERRSEGS=0  WEBOUTRSTS=0  WEBESTABLISRST=0  WEBRTTDURATION=93  WEBRTTSEGS=13  WEBSNDDUPACKS=0  suckTimes=0 recovage_times=6]


