Executed 'TestRailTest_01()' on 03-11-2019
---------------------------------------------------------------------------------
11-03 01:15:15.463 21519 21519 I appproc : Command=app_process /system/bin com.android.commands.am.Am force-stop com.wallapop

11-03 01:15:15.534 21524 21524 E e4defrag: ext4 defragmentation for directory(/data/data/com.wallapop)

11-03 01:15:15.659 21524 21524 E e4defrag: [79;0H[K[26/561]/data/data/com.wallapop/cache/org.chromium.android_webview/Code Cache/js/2a02cbd8ba9ba5ae_0:	  0%

11-03 01:15:15.660 21524 21524 E e4defrag: [79;0H[K[26/561]/data/data/com.wallapop/cache/org.chromium.android_webview/Code Cache/js/2a02cbd8ba9ba5ae_0:	100%

11-03 01:15:15.685 21524 21524 E e4defrag: [79;0H[K[28/561]/data/data/com.wallapop/cache/org.chromium.android_webview/Code Cache/js/7f17f822e1e62820_0:	100%

11-03 01:15:15.686 21524 21524 E e4defrag: [79;0H[K[32/561]/data/data/com.wallapop/cache/org.chromium.android_webview/Code Cache/js/9ee7b33688d06d20_0:	100%

11-03 01:15:15.687 21524 21524 E e4defrag: [79;0H[K[35/561]/data/data/com.wallapop/cache/org.chromium.android_webview/Code Cache/js/87148a014412bf5f_0:	100%

11-03 01:15:15.687 21524 21524 E e4defrag: [79;0H[K[43/561]/data/data/com.wallapop/cache/org.chromium.android_webview/Code Cache/js/7659751a5e121d9a_0:	100%

11-03 01:15:15.693 21524 21524 E e4defrag: [79;0H[K[74/561]/data/data/com.wallapop/cache/org.chromium.android_webview/f038e94cb33282ab_0:	100%

11-03 01:15:15.693 21524 21524 E e4defrag: [79;0H[K[75/561]/data/data/com.wallapop/cache/org.chromium.android_webview/20f9fcfcbe9fdb98_0:	100%

11-03 01:15:15.694 21524 21524 E e4defrag: [79;0H[K[96/561]/data/data/com.wallapop/cache/org.chromium.android_webview/329b2a609f4b097e_0:	100%

11-03 01:15:15.695 21524 21524 E e4defrag: [79;0H[K[100/561]/data/data/com.wallapop/cache/org.chromium.android_webview/30464f3e87388bfd_0:	100%

11-03 01:15:15.695 21524 21524 E e4defrag: [79;0H[K[102/561]/data/data/com.wallapop/cache/org.chromium.android_webview/45c7ce6f1157700a_0:	100%

11-03 01:15:15.696 21524 21524 E e4defrag: [79;0H[K[105/561]/data/data/com.wallapop/cache/org.chromium.android_webview/1d342b8feff3b552_0:	100%

11-03 01:15:15.700 21524 21524 E e4defrag: [79;0H[K[109/561]/data/data/com.wallapop/cache/org.chromium.android_webview/ab133c0af5e58507_0:	100%

11-03 01:15:15.700 21524 21524 E e4defrag: [79;0H[K[110/561]/data/data/com.wallapop/cache/org.chromium.android_webview/50c8f94b3e1bcb17_0:	100%

11-03 01:15:15.701 21524 21524 E e4defrag: [79;0H[K[111/561]/data/data/com.wallapop/cache/org.chromium.android_webview/d3fa56d974f51612_0:	100%

11-03 01:15:15.701 21524 21524 E e4defrag: [79;0H[K[112/561]/data/data/com.wallapop/cache/org.chromium.android_webview/4cac1714e20b8568_0:	100%

11-03 01:15:15.701 21524 21524 E e4defrag: [79;0H[K[115/561]/data/data/com.wallapop/cache/org.chromium.android_webview/b5f2a06b901f50b0_0:	100%

11-03 01:15:15.702 21524 21524 E e4defrag: [79;0H[K[118/561]/data/data/com.wallapop/cache/org.chromium.android_webview/26dffbb87feed3c4_0:	100%

11-03 01:15:15.702 21524 21524 E e4defrag: [79;0H[K[119/561]/data/data/com.wallapop/cache/org.chromium.android_webview/453eaa54e321c45c_0:	100%

11-03 01:15:15.702 21524 21524 E e4defrag: [79;0H[K[120/561]/data/data/com.wallapop/cache/org.chromium.android_webview/aa503b1d8a336fa5_0:	100%

11-03 01:15:15.702 21524 21524 E e4defrag: [79;0H[K[123/561]/data/data/com.wallapop/cache/org.chromium.android_webview/6065c323d9f916b1_0:	100%

11-03 01:15:15.702 21524 21524 E e4defrag: [79;0H[K[124/561]/data/data/com.wallapop/cache/org.chromium.android_webview/6fea775c39ecd5a8_0:	100%

11-03 01:15:15.703 21524 21524 E e4defrag: [79;0H[K[126/561]/data/data/com.wallapop/cache/org.chromium.android_webview/ace419df7384b5b3_0:	100%

11-03 01:15:15.703 21524 21524 E e4defrag: [79;0H[K[127/561]/data/data/com.wallapop/cache/org.chromium.android_webview/1956b0978867106f_0:	100%

11-03 01:15:15.704 21524 21524 E e4defrag: [79;0H[K[145/561]/data/data/com.wallapop/cache/org.chromium.android_webview/ceec3e55db7d0438_0:	100%

11-03 01:15:15.705 21524 21524 E e4defrag: [79;0H[K[171/561]/data/data/com.wallapop/cache/org.chromium.android_webview/6c643d0814b08bcc_0:	100%

11-03 01:15:15.706 21524 21524 E e4defrag: [79;0H[K[172/561]/data/data/com.wallapop/cache/org.chromium.android_webview/37351c13a06429fe_0:	100%

11-03 01:15:15.712 21524 21524 E e4defrag: [79;0H[K[297/561]/data/data/com.wallapop/cache/1570054248636.tmp:	100%

11-03 01:15:15.712 21524 21524 E e4defrag: [79;0H[K[299/561]/data/data/com.wallapop/cache/-1594999620.png:	100%

11-03 01:15:15.712 21524 21524 E e4defrag: [79;0H[K[301/561]/data/data/com.wallapop/cache/volley/-139605349995085421:	100%

11-03 01:15:15.713 21524 21524 E e4defrag: [79;0H[K[306/561]/data/data/com.wallapop/cache/volley/-42124738536116713:	100%

11-03 01:15:15.713 21524 21524 E e4defrag: [79;0H[K[310/561]/data/data/com.wallapop/cache/video-cache/c763744b20beddceef26ca7f2f489c13:	100%

11-03 01:15:15.728 21524 21524 E e4defrag: [79;0H[K[315/561]/data/data/com.wallapop/cache/-32524539.png:	100%

11-03 01:15:15.728 21524 21524 E e4defrag: [79;0H[K[317/561]/data/data/com.wallapop/cache/-1260739988.png:	100%

11-03 01:15:15.728 21524 21524 E e4defrag: [79;0H[K[319/561]/data/data/com.wallapop/cache/1273374688.png:	100%

11-03 01:15:15.729 21524 21524 E e4defrag: [79;0H[K[320/561]/data/data/com.wallapop/cache/-293122384.png:	100%

11-03 01:15:15.729 21524 21524 E e4defrag: [79;0H[K[322/561]/data/data/com.wallapop/cache/-904077341.png:	100%

11-03 01:15:15.729 21524 21524 E e4defrag: [79;0H[K[324/561]/data/data/com.wallapop/cache/976557359.png:	100%

11-03 01:15:15.730 21524 21524 E e4defrag: [79;0H[K[326/561]/data/data/com.wallapop/cache/812713292.png:	100%

11-03 01:15:15.730 21524 21524 E e4defrag: [79;0H[K[327/561]/data/data/com.wallapop/cache/-260561402.png:	100%

11-03 01:15:15.730 21524 21524 E e4defrag: [79;0H[K[329/561]/data/data/com.wallapop/cache/848766010.png:	100%

11-03 01:15:15.730 21524 21524 E e4defrag: [79;0H[K[330/561]/data/data/com.wallapop/cache/1574353768.png:	100%

11-03 01:15:15.730 21524 21524 E e4defrag: [79;0H[K[331/561]/data/data/com.wallapop/cache/-1285007290.png:	100%

11-03 01:15:15.731 21524 21524 E e4defrag: [79;0H[K[332/561]/data/data/com.wallapop/cache/525472003.png:	100%

11-03 01:15:15.731 21524 21524 E e4defrag: [79;0H[K[334/561]/data/data/com.wallapop/cache/-1119611001.png:	100%

11-03 01:15:15.731 21524 21524 E e4defrag: [79;0H[K[336/561]/data/data/com.wallapop/cache/1897595743.png:	100%

11-03 01:15:15.731 21524 21524 E e4defrag: [79;0H[K[338/561]/data/data/com.wallapop/cache/-499985404.png:	100%

11-03 01:15:15.732 21524 21524 E e4defrag: [79;0H[K[342/561]/data/data/com.wallapop/cache/-1071536691.png:	100%

11-03 01:15:15.732 21524 21524 E e4defrag: [79;0H[K[343/561]/data/data/com.wallapop/cache/-1272953479.png:	100%

11-03 01:15:15.732 21524 21524 E e4defrag: [79;0H[K[345/561]/data/data/com.wallapop/cache/1061813874.png:	100%

11-03 01:15:15.733 21524 21524 E e4defrag: [79;0H[K[347/561]/data/data/com.wallapop/code_cache/com.android.opengl.shaders_cache:	100%

11-03 01:15:15.748 21524 21524 E e4defrag: [79;0H[K[555/561]/data/data/com.wallapop/app_webview/databases/Databases.db:	100%

11-03 01:15:16.661 21532 21623 I FA      :   adb shell setprop debug.firebase.analytics.app com.wallapop

11-03 01:15:18.422 21532 21532 I art     : Rejecting re-init on previously-failed class java.lang.Class<com.wallapop.clickstream.JobIntentService$f>

11-03 01:15:18.422 21532 21532 I art     : Rejecting re-init on previously-failed class java.lang.Class<com.wallapop.clickstream.JobIntentService$f>

11-03 01:15:21.918 21532 21762 E linker  : warning: unable to get realpath for the library "/data/data/com.wallapop/app_optimized/audience_network.dex". Will use given name.

11-03 01:15:23.382  3066  3388 E HwCHRWebMonitor: HwCHRWifiUIDWebSpeed [appName=com.wallapop UID=10196  WEBSENDSEGS=108  WEBRESENDSEGS=0  WEBRECVSEGS=110  WEBERRSEGS=0  WEBOUTRSTS=0  WEBESTABLISRST=0  WEBRTTDURATION=168  WEBRTTSEGS=45  WEBSNDDUPACKS=0  suckTimes=0 recovage_times=0]

11-03 01:16:38.987  3066  3388 E HwCHRWebMonitor: HwCHRWifiUIDWebSpeed [appName=com.wallapop UID=10196  WEBSENDSEGS=3  WEBRESENDSEGS=0  WEBRECVSEGS=3  WEBERRSEGS=0  WEBOUTRSTS=0  WEBESTABLISRST=0  WEBRTTDURATION=9  WEBRTTSEGS=2  WEBSNDDUPACKS=0  suckTimes=0 recovage_times=0]

11-03 01:36:48.850 22903 22932 I appium  : AppiumResponse: {"sessionId":"2e8aa143-66b5-4de2-aa0b-4026adeef92f","value":{"sessionId":"2e8aa143-66b5-4de2-aa0b-4026adeef92f","capabilities":{"firstMatch":[{"platform":"LINUX","webStorageEnabled":false,"takesScreenshot":true,"javascriptEnabled":true,"databaseEnabled":false,"networkConnectionEnabled":true,"locationContextEnabled":false,"warnings":{},"desired":{"platformName":"android","normalizeTagNames":true,"androidInstallTimeout":150000,"app":"","appActivity":"com.rewallapop.ui.main.MainActivity","appPackage":"com.wallapop","isHeadless":false,"skipDeviceInitialization":true,"autoAcceptAlerts":true,"autoGrantPermissions":true,"automationName":"UiAutomator2","avd":"","deviceName":"W3D7N16219018904","deviceReadyTimeout":1,"fullReset":false,"ignoreUnimportantViews":true,"newCommandTimeout":60,"noReset":true,"systemPort":8223,"udid":"W3D7N16219018904"},"platformName":"android","normalizeTagNames":true,"androidInstallTimeout":150000,"app":"","appActivity":"com.rewallapop.ui.main.MainActivity","appPackage":"com.wallapop","isHeadless":false,"skipDeviceInitialization":true,"autoAcceptAlerts":true,"autoGrantPermissions":true,"automationName":"UiAutomator2","avd":"","deviceName":"W3D7N16219018904","deviceReadyTimeout":1,"fullReset":false,"ignoreUnimportantViews":true,"newCommandTimeout":60,"noReset":true,"systemPort":8223,"udid":"W3D7N16219018904","deviceUDID":"W3D7N16219018904"}],"alwaysMatch":{}}}}

11-03 01:36:50.019 22939 22939 I appproc : Command=app_process /system/bin com.android.commands.am.Am start -W -n com.wallapop/com.rewallapop.ui.main.MainActivity -S

11-03 01:36:50.584  3986  4530 W PGApi_client: recv actoionId = 10000, action = com.huawei.pgmng.PGAction@15c46d actionId =10000 pkg =com.wallapop extend1 =14989 extend2 = flag =3 type =1

11-03 01:36:50.587  3986  4530 W PGMiddleWare: in handleAction, invoke client = com.huawei.pgmng.middleware.AudioEffectLowPowerImpl@1eaa45e, action = com.huawei.pgmng.PGAction@15c46d actionId =10000 pkg =com.wallapop extend1 =14989 extend2 = flag =3 type =1

11-03 01:36:51.439 22949 23035 I FA      :   adb shell setprop debug.firebase.analytics.app com.wallapop

11-03 01:36:52.867 22949 22949 I art     : Rejecting re-init on previously-failed class java.lang.Class<com.wallapop.clickstream.JobIntentService$f>

11-03 01:36:52.868 22949 22949 I art     : Rejecting re-init on previously-failed class java.lang.Class<com.wallapop.clickstream.JobIntentService$f>

11-03 01:36:57.010 22949 23239 E linker  : warning: unable to get realpath for the library "/data/data/com.wallapop/app_optimized/audience_network.dex". Will use given name.

11-03 01:36:57.971 22949 23098 E linker  : warning: unable to get realpath for the library "/data/data/com.wallapop/cache/1570054248636.dex". Will use given name.

11-03 01:36:58.441  3066  3388 E HwCHRWebMonitor: running processNamecom.wallapop

11-03 01:36:58.443  3066  3388 E HwCHRWebMonitor: HwCHRWifiUIDWebSpeed [appName=com.wallapop UID=10196  WEBSENDSEGS=203  WEBRESENDSEGS=0  WEBRECVSEGS=161  WEBERRSEGS=0  WEBOUTRSTS=0  WEBESTABLISRST=0  WEBRTTDURATION=585  WEBRTTSEGS=70  WEBSNDDUPACKS=0  suckTimes=0 recovage_times=0]

11-03 01:36:59.437 30059 30072 I Finsky  : [782] fyd.d(3): com.wallapop: Account determined from installer data - [VoWxNn8b5rEQ16LF0i3-s5KcEVYDMATZSI2v8NbSQx0]

11-03 01:36:59.438 30059 30072 I Finsky  : [782] fyd.d(14): com.wallapop: Account from preferred account - [VoWxNn8b5rEQ16LF0i3-s5KcEVYDMATZSI2v8NbSQx0]

11-03 01:36:59.454 30059 30073 I Finsky  : [783] fyd.d(3): com.wallapop: Account determined from installer data - [VoWxNn8b5rEQ16LF0i3-s5KcEVYDMATZSI2v8NbSQx0]

11-03 01:36:59.455 30059 30073 I Finsky  : [783] fyd.d(14): com.wallapop: Account from preferred account - [VoWxNn8b5rEQ16LF0i3-s5KcEVYDMATZSI2v8NbSQx0]

11-03 01:36:59.460 30059 30258 I Finsky  : [858] fyd.d(3): com.wallapop: Account determined from installer data - [VoWxNn8b5rEQ16LF0i3-s5KcEVYDMATZSI2v8NbSQx0]

11-03 01:36:59.461 30059 30258 I Finsky  : [858] fyd.d(14): com.wallapop: Account from preferred account - [VoWxNn8b5rEQ16LF0i3-s5KcEVYDMATZSI2v8NbSQx0]

11-03 01:36:59.466 30059 30257 I Finsky  : [857] fyd.d(3): com.wallapop: Account determined from installer data - [VoWxNn8b5rEQ16LF0i3-s5KcEVYDMATZSI2v8NbSQx0]

11-03 01:36:59.467 30059 30257 I Finsky  : [857] fyd.d(14): com.wallapop: Account from preferred account - [VoWxNn8b5rEQ16LF0i3-s5KcEVYDMATZSI2v8NbSQx0]

11-03 01:36:59.999  3066  3085 I ActivityManager: Displayed com.wallapop/com.rewallapop.ui.wall.WallActivity: +3s333ms (total +21m44s295ms)

11-03 01:37:00.035 30059 30258 I Finsky  : [858] fyd.d(3): com.wallapop: Account determined from installer data - [VoWxNn8b5rEQ16LF0i3-s5KcEVYDMATZSI2v8NbSQx0]

11-03 01:37:00.036 30059 30258 I Finsky  : [858] fyd.d(14): com.wallapop: Account from preferred account - [VoWxNn8b5rEQ16LF0i3-s5KcEVYDMATZSI2v8NbSQx0]

11-03 01:37:00.191 30059 30257 I Finsky  : [857] fyd.d(3): com.wallapop: Account determined from installer data - [VoWxNn8b5rEQ16LF0i3-s5KcEVYDMATZSI2v8NbSQx0]

11-03 01:37:00.192 30059 30257 I Finsky  : [857] fyd.d(14): com.wallapop: Account from preferred account - [VoWxNn8b5rEQ16LF0i3-s5KcEVYDMATZSI2v8NbSQx0]

11-03 01:37:00.229 30059 30073 I Finsky  : [783] fyd.d(3): com.wallapop: Account determined from installer data - [VoWxNn8b5rEQ16LF0i3-s5KcEVYDMATZSI2v8NbSQx0]

11-03 01:37:00.229 30059 30073 I Finsky  : [783] fyd.d(14): com.wallapop: Account from preferred account - [VoWxNn8b5rEQ16LF0i3-s5KcEVYDMATZSI2v8NbSQx0]

11-03 01:37:00.324 30059 30072 I Finsky  : [782] fyd.d(3): com.wallapop: Account determined from installer data - [VoWxNn8b5rEQ16LF0i3-s5KcEVYDMATZSI2v8NbSQx0]

11-03 01:37:00.325 30059 30072 I Finsky  : [782] fyd.d(14): com.wallapop: Account from preferred account - [VoWxNn8b5rEQ16LF0i3-s5KcEVYDMATZSI2v8NbSQx0]

11-03 01:37:00.592 30059 30258 I Finsky  : [858] fyd.d(3): com.wallapop: Account determined from installer data - [VoWxNn8b5rEQ16LF0i3-s5KcEVYDMATZSI2v8NbSQx0]

11-03 01:37:00.593 30059 30258 I Finsky  : [858] fyd.d(14): com.wallapop: Account from preferred account - [VoWxNn8b5rEQ16LF0i3-s5KcEVYDMATZSI2v8NbSQx0]

11-03 01:37:00.846 30059 30257 I Finsky  : [857] fyd.d(3): com.wallapop: Account determined from installer data - [VoWxNn8b5rEQ16LF0i3-s5KcEVYDMATZSI2v8NbSQx0]

11-03 01:37:00.850 30059 30257 I Finsky  : [857] fyd.d(14): com.wallapop: Account from preferred account - [VoWxNn8b5rEQ16LF0i3-s5KcEVYDMATZSI2v8NbSQx0]

11-03 01:37:00.953 30059 30073 I Finsky  : [783] fyd.d(3): com.wallapop: Account determined from installer data - [VoWxNn8b5rEQ16LF0i3-s5KcEVYDMATZSI2v8NbSQx0]

11-03 01:37:00.954 30059 30073 I Finsky  : [783] fyd.d(14): com.wallapop: Account from preferred account - [VoWxNn8b5rEQ16LF0i3-s5KcEVYDMATZSI2v8NbSQx0]

11-03 01:37:03.466  3066  3388 E HwCHRWebMonitor: running processNamecom.wallapop

11-03 01:37:03.467  3066  3388 E HwCHRWebMonitor: HwCHRWifiUIDWebSpeed [appName=com.wallapop UID=10196  WEBSENDSEGS=152  WEBRESENDSEGS=0  WEBRECVSEGS=129  WEBERRSEGS=0  WEBOUTRSTS=0  WEBESTABLISRST=0  WEBRTTDURATION=292  WEBRTTSEGS=54  WEBSNDDUPACKS=0  suckTimes=0 recovage_times=1]

11-03 01:37:08.495  3066  3388 E HwCHRWebMonitor: running processNamecom.wallapop

11-03 01:37:08.495  3066  3388 E HwCHRWebMonitor: HwCHRWifiUIDWebSpeed [appName=com.wallapop UID=10196  WEBSENDSEGS=233  WEBRESENDSEGS=0  WEBRECVSEGS=267  WEBERRSEGS=0  WEBOUTRSTS=0  WEBESTABLISRST=0  WEBRTTDURATION=234  WEBRTTSEGS=45  WEBSNDDUPACKS=0  suckTimes=0 recovage_times=2]


