Executed 'TestRailTest_01()' on 03-11-2019
---------------------------------------------------------------------------------
11-03 23:42:15.766 20851 20936 I FA      :   adb shell setprop debug.firebase.analytics.app com.wallapop

11-03 23:42:17.722 20851 20851 I art     : Rejecting re-init on previously-failed class java.lang.Class<com.wallapop.clickstream.JobIntentService$f>

11-03 23:42:17.723 20851 20851 I art     : Rejecting re-init on previously-failed class java.lang.Class<com.wallapop.clickstream.JobIntentService$f>

11-03 23:42:21.332 20851 21076 E linker  : warning: unable to get realpath for the library "/data/data/com.wallapop/app_optimized/audience_network.dex". Will use given name.

11-03 23:42:22.774  3066  3388 E HwCHRWebMonitor: HwCHRWifiUIDWebSpeed [appName=com.wallapop UID=10196  WEBSENDSEGS=91  WEBRESENDSEGS=0  WEBRECVSEGS=82  WEBERRSEGS=0  WEBOUTRSTS=0  WEBESTABLISRST=0  WEBRTTDURATION=131  WEBRTTSEGS=35  WEBSNDDUPACKS=0  suckTimes=0 recovage_times=0]

11-03 23:44:34.005 21262 21307 I appium  : AppiumResponse: {"sessionId":"4f16d784-d32a-48dd-bbb3-cae58659b28b","value":{"sessionId":"4f16d784-d32a-48dd-bbb3-cae58659b28b","capabilities":{"firstMatch":[{"platform":"LINUX","webStorageEnabled":false,"takesScreenshot":true,"javascriptEnabled":true,"databaseEnabled":false,"networkConnectionEnabled":true,"locationContextEnabled":false,"warnings":{},"desired":{"platformName":"android","normalizeTagNames":true,"androidInstallTimeout":150000,"app":"","appActivity":"com.rewallapop.ui.main.MainActivity","appPackage":"com.wallapop","isHeadless":false,"skipDeviceInitialization":true,"autoAcceptAlerts":true,"autoGrantPermissions":true,"automationName":"UiAutomator2","avd":"","deviceName":"W3D7N16219018904","deviceReadyTimeout":1,"fullReset":false,"ignoreUnimportantViews":true,"newCommandTimeout":60,"noReset":true,"systemPort":8223,"udid":"W3D7N16219018904"},"platformName":"android","normalizeTagNames":true,"androidInstallTimeout":150000,"app":"","appActivity":"com.rewallapop.ui.main.MainActivity","appPackage":"com.wallapop","isHeadless":false,"skipDeviceInitialization":true,"autoAcceptAlerts":true,"autoGrantPermissions":true,"automationName":"UiAutomator2","avd":"","deviceName":"W3D7N16219018904","deviceReadyTimeout":1,"fullReset":false,"ignoreUnimportantViews":true,"newCommandTimeout":60,"noReset":true,"systemPort":8223,"udid":"W3D7N16219018904","deviceUDID":"W3D7N16219018904"}],"alwaysMatch":{}}}}

11-03 23:44:37.529 21370 21370 I appproc : Command=app_process /system/bin com.android.commands.am.Am start -W -n com.wallapop/com.rewallapop.ui.main.MainActivity -S

11-03 23:44:38.120  3986  4530 W PGApi_client: recv actoionId = 10000, action = com.huawei.pgmng.PGAction@4b630ce actionId =10000 pkg =com.wallapop extend1 =16550 extend2 = flag =3 type =1

11-03 23:44:38.120  3986  4530 W PGMiddleWare: in handleAction, invoke client = com.huawei.pgmng.middleware.AudioEffectLowPowerImpl@1eaa45e, action = com.huawei.pgmng.PGAction@4b630ce actionId =10000 pkg =com.wallapop extend1 =16550 extend2 = flag =3 type =1

11-03 23:44:38.558 21383 21468 I FA      :   adb shell setprop debug.firebase.analytics.app com.wallapop

11-03 23:44:40.041 21383 21383 I art     : Rejecting re-init on previously-failed class java.lang.Class<com.wallapop.clickstream.JobIntentService$f>

11-03 23:44:40.042 21383 21383 I art     : Rejecting re-init on previously-failed class java.lang.Class<com.wallapop.clickstream.JobIntentService$f>

11-03 23:44:43.867  3066  3388 E HwCHRWebMonitor: running processNamecom.wallapop

11-03 23:44:43.867  3066  3388 E HwCHRWebMonitor: HwCHRWifiUIDWebSpeed [appName=com.wallapop UID=10196  WEBSENDSEGS=91  WEBRESENDSEGS=0  WEBRECVSEGS=71  WEBERRSEGS=0  WEBOUTRSTS=0  WEBESTABLISRST=0  WEBRTTDURATION=235  WEBRTTSEGS=32  WEBSNDDUPACKS=0  suckTimes=0 recovage_times=0]

11-03 23:44:43.874 21383 21629 E linker  : warning: unable to get realpath for the library "/data/data/com.wallapop/app_optimized/audience_network.dex". Will use given name.

11-03 23:44:44.599 21383 21518 E linker  : warning: unable to get realpath for the library "/data/data/com.wallapop/cache/1570054248636.dex". Will use given name.

11-03 23:44:45.570 14910 14925 I Finsky  : [1007] fyd.d(3): com.wallapop: Account determined from installer data - [VoWxNn8b5rEQ16LF0i3-s5KcEVYDMATZSI2v8NbSQx0]

11-03 23:44:45.570 14910 14925 I Finsky  : [1007] fyd.d(14): com.wallapop: Account from preferred account - [VoWxNn8b5rEQ16LF0i3-s5KcEVYDMATZSI2v8NbSQx0]

11-03 23:44:45.573 14910 15104 I Finsky  : [1081] fyd.d(3): com.wallapop: Account determined from installer data - [VoWxNn8b5rEQ16LF0i3-s5KcEVYDMATZSI2v8NbSQx0]

11-03 23:44:45.574 14910 15104 I Finsky  : [1081] fyd.d(14): com.wallapop: Account from preferred account - [VoWxNn8b5rEQ16LF0i3-s5KcEVYDMATZSI2v8NbSQx0]

11-03 23:44:46.147 14910 15104 I Finsky  : [1081] fyd.d(3): com.wallapop: Account determined from installer data - [VoWxNn8b5rEQ16LF0i3-s5KcEVYDMATZSI2v8NbSQx0]

11-03 23:44:46.147 14910 15104 I Finsky  : [1081] fyd.d(14): com.wallapop: Account from preferred account - [VoWxNn8b5rEQ16LF0i3-s5KcEVYDMATZSI2v8NbSQx0]

11-03 23:44:46.228 14910 15105 I Finsky  : [1082] fyd.d(3): com.wallapop: Account determined from installer data - [VoWxNn8b5rEQ16LF0i3-s5KcEVYDMATZSI2v8NbSQx0]

11-03 23:44:46.228 14910 15105 I Finsky  : [1082] fyd.d(14): com.wallapop: Account from preferred account - [VoWxNn8b5rEQ16LF0i3-s5KcEVYDMATZSI2v8NbSQx0]

11-03 23:44:46.254 14910 14922 I Finsky  : [1006] fyd.d(3): com.wallapop: Account determined from installer data - [VoWxNn8b5rEQ16LF0i3-s5KcEVYDMATZSI2v8NbSQx0]

11-03 23:44:46.255 14910 14922 I Finsky  : [1006] fyd.d(14): com.wallapop: Account from preferred account - [VoWxNn8b5rEQ16LF0i3-s5KcEVYDMATZSI2v8NbSQx0]

11-03 23:44:46.295 14910 14925 I Finsky  : [1007] fyd.d(3): com.wallapop: Account determined from installer data - [VoWxNn8b5rEQ16LF0i3-s5KcEVYDMATZSI2v8NbSQx0]

11-03 23:44:46.296 14910 14925 I Finsky  : [1007] fyd.d(14): com.wallapop: Account from preferred account - [VoWxNn8b5rEQ16LF0i3-s5KcEVYDMATZSI2v8NbSQx0]

11-03 23:44:46.309  3066  3085 I ActivityManager: Displayed com.wallapop/com.rewallapop.ui.wall.WallActivity: +2s341ms (total +2m31s452ms)

11-03 23:44:46.594 14910 14925 I Finsky  : [1007] fyd.d(3): com.wallapop: Account determined from installer data - [VoWxNn8b5rEQ16LF0i3-s5KcEVYDMATZSI2v8NbSQx0]

11-03 23:44:46.595 14910 14925 I Finsky  : [1007] fyd.d(14): com.wallapop: Account from preferred account - [VoWxNn8b5rEQ16LF0i3-s5KcEVYDMATZSI2v8NbSQx0]

11-03 23:44:47.097 14910 15104 I Finsky  : [1081] fyd.d(3): com.wallapop: Account determined from installer data - [VoWxNn8b5rEQ16LF0i3-s5KcEVYDMATZSI2v8NbSQx0]

11-03 23:44:47.097 14910 15104 I Finsky  : [1081] fyd.d(14): com.wallapop: Account from preferred account - [VoWxNn8b5rEQ16LF0i3-s5KcEVYDMATZSI2v8NbSQx0]

11-03 23:44:47.108 14910 15105 I Finsky  : [1082] fyd.d(3): com.wallapop: Account determined from installer data - [VoWxNn8b5rEQ16LF0i3-s5KcEVYDMATZSI2v8NbSQx0]

11-03 23:44:47.109 14910 15105 I Finsky  : [1082] fyd.d(14): com.wallapop: Account from preferred account - [VoWxNn8b5rEQ16LF0i3-s5KcEVYDMATZSI2v8NbSQx0]

11-03 23:44:48.889  3066  3388 E HwCHRWebMonitor: running processNamecom.wallapop

11-03 23:44:48.890  3066  3388 E HwCHRWebMonitor: HwCHRWifiUIDWebSpeed [appName=com.wallapop UID=10196  WEBSENDSEGS=134  WEBRESENDSEGS=0  WEBRECVSEGS=120  WEBERRSEGS=0  WEBOUTRSTS=0  WEBESTABLISRST=0  WEBRTTDURATION=356  WEBRTTSEGS=47  WEBSNDDUPACKS=0  suckTimes=0 recovage_times=1]

11-03 23:44:49.124 21383 21383 W View    : requestLayout() improperly called by com.wallapop.design.view.WallapopTextView{a5e4193 V.ED..... ......ID 36,20-36,61 #7f0a08f8 app:id/wp__home__tv_bubble} during layout: running second layout pass

11-03 23:44:53.928  3066  3388 E HwCHRWebMonitor: running processNamecom.wallapop

11-03 23:44:53.929  3066  3388 E HwCHRWebMonitor: HwCHRWifiUIDWebSpeed [appName=com.wallapop UID=10196  WEBSENDSEGS=323  WEBRESENDSEGS=0  WEBRECVSEGS=322  WEBERRSEGS=0  WEBOUTRSTS=0  WEBESTABLISRST=0  WEBRTTDURATION=340  WEBRTTSEGS=80  WEBSNDDUPACKS=0  suckTimes=0 recovage_times=2]

11-03 23:44:58.952  3066  3388 E HwCHRWebMonitor: running processNamecom.wallapop

11-03 23:44:58.953  3066  3388 E HwCHRWebMonitor: HwCHRWifiUIDWebSpeed [appName=com.wallapop UID=10196  WEBSENDSEGS=240  WEBRESENDSEGS=0  WEBRECVSEGS=235  WEBERRSEGS=0  WEBOUTRSTS=0  WEBESTABLISRST=0  WEBRTTDURATION=461  WEBRTTSEGS=111  WEBSNDDUPACKS=0  suckTimes=0 recovage_times=3]

11-03 23:45:03.611  3986  3986 I AppsCleanUp: don't kill audio playing proc: com.wallapop

11-03 23:45:03.981  3066  3388 E HwCHRWebMonitor: running processNamecom.wallapop

11-03 23:45:03.982  3066  3388 E HwCHRWebMonitor: HwCHRWifiUIDWebSpeed [appName=com.wallapop UID=10196  WEBSENDSEGS=65  WEBRESENDSEGS=0  WEBRECVSEGS=72  WEBERRSEGS=0  WEBOUTRSTS=0  WEBESTABLISRST=0  WEBRTTDURATION=338  WEBRTTSEGS=32  WEBSNDDUPACKS=0  suckTimes=0 recovage_times=4]

11-03 23:45:09.019  3066  3388 E HwCHRWebMonitor: running processNamecom.wallapop

11-03 23:45:09.020  3066  3388 E HwCHRWebMonitor: HwCHRWifiUIDWebSpeed [appName=com.wallapop UID=10196  WEBSENDSEGS=3  WEBRESENDSEGS=0  WEBRECVSEGS=4  WEBERRSEGS=0  WEBOUTRSTS=0  WEBESTABLISRST=0  WEBRTTDURATION=17  WEBRTTSEGS=1  WEBSNDDUPACKS=0  suckTimes=0 recovage_times=5]

11-03 23:45:14.055  3066  3388 E HwCHRWebMonitor: running processNamecom.wallapop

11-03 23:46:01.356 22230 22230 I appproc : Command=app_process /system/bin com.android.commands.am.Am force-stop com.wallapop

11-03 23:46:02.508 22242 22332 I FA      :   adb shell setprop debug.firebase.analytics.app com.wallapop

11-03 23:46:04.571 22242 22242 I art     : Rejecting re-init on previously-failed class java.lang.Class<com.wallapop.clickstream.JobIntentService$f>

11-03 23:46:04.571 22242 22242 I art     : Rejecting re-init on previously-failed class java.lang.Class<com.wallapop.clickstream.JobIntentService$f>

11-03 23:46:08.149 22242 22468 E linker  : warning: unable to get realpath for the library "/data/data/com.wallapop/app_optimized/audience_network.dex". Will use given name.

11-03 23:46:09.469  3066  3388 E HwCHRWebMonitor: HwCHRWifiUIDWebSpeed [appName=com.wallapop UID=10196  WEBSENDSEGS=93  WEBRESENDSEGS=0  WEBRECVSEGS=88  WEBERRSEGS=0  WEBOUTRSTS=0  WEBESTABLISRST=0  WEBRTTDURATION=142  WEBRTTSEGS=37  WEBSNDDUPACKS=0  suckTimes=0 recovage_times=0]

11-03 23:50:16.448  3066  3388 E HwCHRWebMonitor: HwCHRWifiUIDWebSpeed [appName=com.wallapop UID=10196  WEBSENDSEGS=8  WEBRESENDSEGS=0  WEBRECVSEGS=12  WEBERRSEGS=0  WEBOUTRSTS=0  WEBESTABLISRST=0  WEBRTTDURATION=7  WEBRTTSEGS=2  WEBSNDDUPACKS=0  suckTimes=0 recovage_times=0]

11-03 23:51:45.232 22799 22834 I appium  : AppiumResponse: {"sessionId":"0c592a66-56ec-42eb-b5fc-05027078c222","value":{"sessionId":"0c592a66-56ec-42eb-b5fc-05027078c222","capabilities":{"firstMatch":[{"platform":"LINUX","webStorageEnabled":false,"takesScreenshot":true,"javascriptEnabled":true,"databaseEnabled":false,"networkConnectionEnabled":true,"locationContextEnabled":false,"warnings":{},"desired":{"platformName":"android","normalizeTagNames":true,"androidInstallTimeout":150000,"app":"","appActivity":"com.rewallapop.ui.main.MainActivity","appPackage":"com.wallapop","isHeadless":false,"skipDeviceInitialization":true,"autoAcceptAlerts":true,"autoGrantPermissions":true,"automationName":"UiAutomator2","avd":"","deviceName":"W3D7N16219018904","deviceReadyTimeout":1,"fullReset":false,"ignoreUnimportantViews":true,"newCommandTimeout":60,"noReset":true,"systemPort":8223,"udid":"W3D7N16219018904"},"platformName":"android","normalizeTagNames":true,"androidInstallTimeout":150000,"app":"","appActivity":"com.rewallapop.ui.main.MainActivity","appPackage":"com.wallapop","isHeadless":false,"skipDeviceInitialization":true,"autoAcceptAlerts":true,"autoGrantPermissions":true,"automationName":"UiAutomator2","avd":"","deviceName":"W3D7N16219018904","deviceReadyTimeout":1,"fullReset":false,"ignoreUnimportantViews":true,"newCommandTimeout":60,"noReset":true,"systemPort":8223,"udid":"W3D7N16219018904","deviceUDID":"W3D7N16219018904"}],"alwaysMatch":{}}}}

11-03 23:51:48.767 22880 22880 I appproc : Command=app_process /system/bin com.android.commands.am.Am start -W -n com.wallapop/com.rewallapop.ui.main.MainActivity -S

11-03 23:51:49.348  3986  4530 W PGApi_client: recv actoionId = 10000, action = com.huawei.pgmng.PGAction@1888bda actionId =10000 pkg =com.wallapop extend1 =16550 extend2 = flag =3 type =1

11-03 23:51:49.348  3986  4530 W PGMiddleWare: in handleAction, invoke client = com.huawei.pgmng.middleware.AudioEffectLowPowerImpl@1eaa45e, action = com.huawei.pgmng.PGAction@1888bda actionId =10000 pkg =com.wallapop extend1 =16550 extend2 = flag =3 type =1

11-03 23:51:49.788 22896 22979 I FA      :   adb shell setprop debug.firebase.analytics.app com.wallapop

11-03 23:51:51.248 22896 22896 I art     : Rejecting re-init on previously-failed class java.lang.Class<com.wallapop.clickstream.JobIntentService$f>

11-03 23:51:51.248 22896 22896 I art     : Rejecting re-init on previously-failed class java.lang.Class<com.wallapop.clickstream.JobIntentService$f>

11-03 23:51:55.262 22896 23162 E linker  : warning: unable to get realpath for the library "/data/data/com.wallapop/app_optimized/audience_network.dex". Will use given name.

11-03 23:51:56.053 22896 23026 E linker  : warning: unable to get realpath for the library "/data/data/com.wallapop/cache/1570054248636.dex". Will use given name.

11-03 23:51:56.894 14910 15105 I Finsky  : [1082] fyd.d(3): com.wallapop: Account determined from installer data - [VoWxNn8b5rEQ16LF0i3-s5KcEVYDMATZSI2v8NbSQx0]

11-03 23:51:56.895 14910 15105 I Finsky  : [1082] fyd.d(14): com.wallapop: Account from preferred account - [VoWxNn8b5rEQ16LF0i3-s5KcEVYDMATZSI2v8NbSQx0]

11-03 23:51:56.899 14910 14922 I Finsky  : [1006] fyd.d(3): com.wallapop: Account determined from installer data - [VoWxNn8b5rEQ16LF0i3-s5KcEVYDMATZSI2v8NbSQx0]

11-03 23:51:56.899 14910 14922 I Finsky  : [1006] fyd.d(14): com.wallapop: Account from preferred account - [VoWxNn8b5rEQ16LF0i3-s5KcEVYDMATZSI2v8NbSQx0]

11-03 23:51:57.238  3066  3388 E HwCHRWebMonitor: running processNamecom.wallapop

11-03 23:51:57.240  3066  3388 E HwCHRWebMonitor: HwCHRWifiUIDWebSpeed [appName=com.wallapop UID=10196  WEBSENDSEGS=201  WEBRESENDSEGS=0  WEBRECVSEGS=162  WEBERRSEGS=0  WEBOUTRSTS=0  WEBESTABLISRST=0  WEBRTTDURATION=530  WEBRTTSEGS=69  WEBSNDDUPACKS=0  suckTimes=0 recovage_times=0]

11-03 23:51:57.913 14910 14922 I Finsky  : [1006] fyd.d(3): com.wallapop: Account determined from installer data - [VoWxNn8b5rEQ16LF0i3-s5KcEVYDMATZSI2v8NbSQx0]

11-03 23:51:57.913 14910 14922 I Finsky  : [1006] fyd.d(14): com.wallapop: Account from preferred account - [VoWxNn8b5rEQ16LF0i3-s5KcEVYDMATZSI2v8NbSQx0]

11-03 23:51:57.935 14910 15104 I Finsky  : [1081] fyd.d(3): com.wallapop: Account determined from installer data - [VoWxNn8b5rEQ16LF0i3-s5KcEVYDMATZSI2v8NbSQx0]

11-03 23:51:57.935 14910 15104 I Finsky  : [1081] fyd.d(14): com.wallapop: Account from preferred account - [VoWxNn8b5rEQ16LF0i3-s5KcEVYDMATZSI2v8NbSQx0]

11-03 23:51:57.970 14910 14925 I Finsky  : [1007] fyd.d(3): com.wallapop: Account determined from installer data - [VoWxNn8b5rEQ16LF0i3-s5KcEVYDMATZSI2v8NbSQx0]

11-03 23:51:57.971 14910 14925 I Finsky  : [1007] fyd.d(14): com.wallapop: Account from preferred account - [VoWxNn8b5rEQ16LF0i3-s5KcEVYDMATZSI2v8NbSQx0]

11-03 23:51:58.027 14910 15105 I Finsky  : [1082] fyd.d(3): com.wallapop: Account determined from installer data - [VoWxNn8b5rEQ16LF0i3-s5KcEVYDMATZSI2v8NbSQx0]

11-03 23:51:58.027 14910 15105 I Finsky  : [1082] fyd.d(14): com.wallapop: Account from preferred account - [VoWxNn8b5rEQ16LF0i3-s5KcEVYDMATZSI2v8NbSQx0]

11-03 23:51:58.150  3066  3085 I ActivityManager: Displayed com.wallapop/com.rewallapop.ui.wall.WallActivity: +2s807ms (total +5m56s600ms)

11-03 23:51:58.455 14910 14922 I Finsky  : [1006] fyd.d(3): com.wallapop: Account determined from installer data - [VoWxNn8b5rEQ16LF0i3-s5KcEVYDMATZSI2v8NbSQx0]

11-03 23:51:58.456 14910 14922 I Finsky  : [1006] fyd.d(14): com.wallapop: Account from preferred account - [VoWxNn8b5rEQ16LF0i3-s5KcEVYDMATZSI2v8NbSQx0]

11-03 23:51:59.033 14910 14922 I Finsky  : [1006] fyd.d(3): com.wallapop: Account determined from installer data - [VoWxNn8b5rEQ16LF0i3-s5KcEVYDMATZSI2v8NbSQx0]

11-03 23:51:59.033 14910 14922 I Finsky  : [1006] fyd.d(14): com.wallapop: Account from preferred account - [VoWxNn8b5rEQ16LF0i3-s5KcEVYDMATZSI2v8NbSQx0]

11-03 23:51:59.091 14910 14925 I Finsky  : [1007] fyd.d(3): com.wallapop: Account determined from installer data - [VoWxNn8b5rEQ16LF0i3-s5KcEVYDMATZSI2v8NbSQx0]

11-03 23:51:59.092 14910 14925 I Finsky  : [1007] fyd.d(14): com.wallapop: Account from preferred account - [VoWxNn8b5rEQ16LF0i3-s5KcEVYDMATZSI2v8NbSQx0]

11-03 23:52:00.438 22896 22896 W View    : requestLayout() improperly called by com.wallapop.design.view.WallapopTextView{88f6300 V.ED..... ......ID 36,20-36,61 #7f0a08f8 app:id/wp__home__tv_bubble} during layout: running second layout pass

11-03 23:52:02.253  3066  3388 E HwCHRWebMonitor: running processNamecom.wallapop

11-03 23:52:02.254  3066  3388 E HwCHRWebMonitor: HwCHRWifiUIDWebSpeed [appName=com.wallapop UID=10196  WEBSENDSEGS=359  WEBRESENDSEGS=0  WEBRECVSEGS=341  WEBERRSEGS=0  WEBOUTRSTS=0  WEBESTABLISRST=0  WEBRTTDURATION=138  WEBRTTSEGS=34  WEBSNDDUPACKS=0  suckTimes=0 recovage_times=1]

11-03 23:52:07.282  3066  3388 E HwCHRWebMonitor: running processNamecom.wallapop

11-03 23:52:07.283  3066  3388 E HwCHRWebMonitor: HwCHRWifiUIDWebSpeed [appName=com.wallapop UID=10196  WEBSENDSEGS=208  WEBRESENDSEGS=1  WEBRECVSEGS=193  WEBERRSEGS=0  WEBOUTRSTS=0  WEBESTABLISRST=0  WEBRTTDURATION=344  WEBRTTSEGS=95  WEBSNDDUPACKS=0  suckTimes=0 recovage_times=2]


