Executed 'TestRailTest_01()' on 03-11-2019
---------------------------------------------------------------------------------
11-03 02:30:14.323  5240  5240 E e4defrag: ext4 defragmentation for directory(/data/data/com.wallapop)

11-03 02:30:14.352  5240  5240 E e4defrag: [79;0H[K[26/670]/data/data/com.wallapop/cache/org.chromium.android_webview/Code Cache/js/2a02cbd8ba9ba5ae_0:	100%

11-03 02:30:14.353  5240  5240 E e4defrag: [79;0H[K[28/670]/data/data/com.wallapop/cache/org.chromium.android_webview/Code Cache/js/7f17f822e1e62820_0:	100%

11-03 02:30:14.354  5240  5240 E e4defrag: [79;0H[K[32/670]/data/data/com.wallapop/cache/org.chromium.android_webview/Code Cache/js/9ee7b33688d06d20_0:	100%

11-03 02:30:14.354  5240  5240 E e4defrag: [79;0H[K[35/670]/data/data/com.wallapop/cache/org.chromium.android_webview/Code Cache/js/87148a014412bf5f_0:	100%

11-03 02:30:14.355  5240  5240 E e4defrag: [79;0H[K[43/670]/data/data/com.wallapop/cache/org.chromium.android_webview/Code Cache/js/7659751a5e121d9a_0:	100%

11-03 02:30:14.357  5240  5240 E e4defrag: [79;0H[K[83/670]/data/data/com.wallapop/cache/org.chromium.android_webview/f038e94cb33282ab_0:	100%

11-03 02:30:14.358  5240  5240 E e4defrag: [79;0H[K[84/670]/data/data/com.wallapop/cache/org.chromium.android_webview/20f9fcfcbe9fdb98_0:	100%

11-03 02:30:16.048  5243  5243 I appproc : Command=app_process /system/bin com.android.commands.am.Am force-stop com.wallapop

11-03 02:31:25.950  5363  5401 I appium  : AppiumResponse: {"sessionId":"204ce858-735f-447a-8dbd-f1fbc6eef80f","value":{"sessionId":"204ce858-735f-447a-8dbd-f1fbc6eef80f","capabilities":{"firstMatch":[{"platform":"LINUX","webStorageEnabled":false,"takesScreenshot":true,"javascriptEnabled":true,"databaseEnabled":false,"networkConnectionEnabled":true,"locationContextEnabled":false,"warnings":{},"desired":{"platformName":"android","normalizeTagNames":true,"androidInstallTimeout":150000,"app":"","appActivity":"com.rewallapop.ui.main.MainActivity","appPackage":"com.wallapop","isHeadless":false,"skipDeviceInitialization":true,"autoAcceptAlerts":true,"autoGrantPermissions":true,"automationName":"UiAutomator2","avd":"","deviceName":"W3D7N16219018904","deviceReadyTimeout":1,"fullReset":false,"ignoreUnimportantViews":true,"newCommandTimeout":60,"noReset":true,"systemPort":8223,"udid":"W3D7N16219018904"},"platformName":"android","normalizeTagNames":true,"androidInstallTimeout":150000,"app":"","appActivity":"com.rewallapop.ui.main.MainActivity","appPackage":"com.wallapop","isHeadless":false,"skipDeviceInitialization":true,"autoAcceptAlerts":true,"autoGrantPermissions":true,"automationName":"UiAutomator2","avd":"","deviceName":"W3D7N16219018904","deviceReadyTimeout":1,"fullReset":false,"ignoreUnimportantViews":true,"newCommandTimeout":60,"noReset":true,"systemPort":8223,"udid":"W3D7N16219018904","deviceUDID":"W3D7N16219018904"}],"alwaysMatch":{}}}}

11-03 02:31:27.113  5405  5405 I appproc : Command=app_process /system/bin com.android.commands.am.Am start -W -n com.wallapop/com.rewallapop.ui.main.MainActivity -S

11-03 02:31:27.653  3986  4530 W PGApi_client: recv actoionId = 10000, action = com.huawei.pgmng.PGAction@5d7a07f actionId =10000 pkg =com.wallapop extend1 =14989 extend2 = flag =3 type =1

11-03 02:31:27.653  3986  4530 W PGMiddleWare: in handleAction, invoke client = com.huawei.pgmng.middleware.AudioEffectLowPowerImpl@1eaa45e, action = com.huawei.pgmng.PGAction@5d7a07f actionId =10000 pkg =com.wallapop extend1 =14989 extend2 = flag =3 type =1

11-03 02:31:28.433  5414  5497 I FA      :   adb shell setprop debug.firebase.analytics.app com.wallapop

11-03 02:31:29.927  5414  5414 I art     : Rejecting re-init on previously-failed class java.lang.Class<com.wallapop.clickstream.JobIntentService$f>

11-03 02:31:29.927  5414  5414 I art     : Rejecting re-init on previously-failed class java.lang.Class<com.wallapop.clickstream.JobIntentService$f>

11-03 02:31:33.978  5414  5693 E linker  : warning: unable to get realpath for the library "/data/data/com.wallapop/app_optimized/audience_network.dex". Will use given name.

11-03 02:31:34.667  5414  5557 E linker  : warning: unable to get realpath for the library "/data/data/com.wallapop/cache/1570054248636.dex". Will use given name.

11-03 02:31:35.631 30059 30072 I Finsky  : [782] fyd.d(3): com.wallapop: Account determined from installer data - [VoWxNn8b5rEQ16LF0i3-s5KcEVYDMATZSI2v8NbSQx0]

11-03 02:31:35.632 30059 30072 I Finsky  : [782] fyd.d(14): com.wallapop: Account from preferred account - [VoWxNn8b5rEQ16LF0i3-s5KcEVYDMATZSI2v8NbSQx0]

11-03 02:31:35.640 30059 30073 I Finsky  : [783] fyd.d(3): com.wallapop: Account determined from installer data - [VoWxNn8b5rEQ16LF0i3-s5KcEVYDMATZSI2v8NbSQx0]

11-03 02:31:35.641 30059 30073 I Finsky  : [783] fyd.d(14): com.wallapop: Account from preferred account - [VoWxNn8b5rEQ16LF0i3-s5KcEVYDMATZSI2v8NbSQx0]

11-03 02:31:35.644 30059 30258 I Finsky  : [858] fyd.d(3): com.wallapop: Account determined from installer data - [VoWxNn8b5rEQ16LF0i3-s5KcEVYDMATZSI2v8NbSQx0]

11-03 02:31:35.645 30059 30258 I Finsky  : [858] fyd.d(14): com.wallapop: Account from preferred account - [VoWxNn8b5rEQ16LF0i3-s5KcEVYDMATZSI2v8NbSQx0]

11-03 02:31:35.648 30059 30257 I Finsky  : [857] fyd.d(3): com.wallapop: Account determined from installer data - [VoWxNn8b5rEQ16LF0i3-s5KcEVYDMATZSI2v8NbSQx0]

11-03 02:31:35.649 30059 30257 I Finsky  : [857] fyd.d(14): com.wallapop: Account from preferred account - [VoWxNn8b5rEQ16LF0i3-s5KcEVYDMATZSI2v8NbSQx0]

11-03 02:31:36.262  3066  3085 I ActivityManager: Displayed com.wallapop/com.rewallapop.ui.wall.WallActivity: +2s716ms (total +2m22s402ms)

11-03 02:31:36.291 30059 30258 I Finsky  : [858] fyd.d(3): com.wallapop: Account determined from installer data - [VoWxNn8b5rEQ16LF0i3-s5KcEVYDMATZSI2v8NbSQx0]

11-03 02:31:36.292 30059 30258 I Finsky  : [858] fyd.d(14): com.wallapop: Account from preferred account - [VoWxNn8b5rEQ16LF0i3-s5KcEVYDMATZSI2v8NbSQx0]

11-03 02:31:36.315 30059 30257 I Finsky  : [857] fyd.d(3): com.wallapop: Account determined from installer data - [VoWxNn8b5rEQ16LF0i3-s5KcEVYDMATZSI2v8NbSQx0]

11-03 02:31:36.316 30059 30257 I Finsky  : [857] fyd.d(14): com.wallapop: Account from preferred account - [VoWxNn8b5rEQ16LF0i3-s5KcEVYDMATZSI2v8NbSQx0]

11-03 02:31:36.340 30059 30072 I Finsky  : [782] fyd.d(3): com.wallapop: Account determined from installer data - [VoWxNn8b5rEQ16LF0i3-s5KcEVYDMATZSI2v8NbSQx0]

11-03 02:31:36.341 30059 30072 I Finsky  : [782] fyd.d(14): com.wallapop: Account from preferred account - [VoWxNn8b5rEQ16LF0i3-s5KcEVYDMATZSI2v8NbSQx0]

11-03 02:31:36.382 30059 30073 I Finsky  : [783] fyd.d(3): com.wallapop: Account determined from installer data - [VoWxNn8b5rEQ16LF0i3-s5KcEVYDMATZSI2v8NbSQx0]

11-03 02:31:36.382 30059 30073 I Finsky  : [783] fyd.d(14): com.wallapop: Account from preferred account - [VoWxNn8b5rEQ16LF0i3-s5KcEVYDMATZSI2v8NbSQx0]

11-03 02:31:36.577 30059 30258 I Finsky  : [858] fyd.d(3): com.wallapop: Account determined from installer data - [VoWxNn8b5rEQ16LF0i3-s5KcEVYDMATZSI2v8NbSQx0]

11-03 02:31:36.578 30059 30258 I Finsky  : [858] fyd.d(14): com.wallapop: Account from preferred account - [VoWxNn8b5rEQ16LF0i3-s5KcEVYDMATZSI2v8NbSQx0]

11-03 02:31:36.847 30059 30257 I Finsky  : [857] fyd.d(3): com.wallapop: Account determined from installer data - [VoWxNn8b5rEQ16LF0i3-s5KcEVYDMATZSI2v8NbSQx0]

11-03 02:31:36.849 30059 30257 I Finsky  : [857] fyd.d(14): com.wallapop: Account from preferred account - [VoWxNn8b5rEQ16LF0i3-s5KcEVYDMATZSI2v8NbSQx0]

11-03 02:31:36.945 30059 30072 I Finsky  : [782] fyd.d(3): com.wallapop: Account determined from installer data - [VoWxNn8b5rEQ16LF0i3-s5KcEVYDMATZSI2v8NbSQx0]

11-03 02:31:36.946 30059 30072 I Finsky  : [782] fyd.d(14): com.wallapop: Account from preferred account - [VoWxNn8b5rEQ16LF0i3-s5KcEVYDMATZSI2v8NbSQx0]

11-03 02:31:37.936  3066  3388 E HwCHRWebMonitor: running processNamecom.wallapop

11-03 02:31:37.937  3066  3388 E HwCHRWebMonitor: HwCHRWifiUIDWebSpeed [appName=com.wallapop UID=10196  WEBSENDSEGS=278  WEBRESENDSEGS=0  WEBRECVSEGS=213  WEBERRSEGS=0  WEBOUTRSTS=0  WEBESTABLISRST=0  WEBRTTDURATION=840  WEBRTTSEGS=94  WEBSNDDUPACKS=0  suckTimes=0 recovage_times=0]

11-03 02:31:42.954  3066  3388 E HwCHRWebMonitor: running processNamecom.wallapop

11-03 02:31:42.954  3066  3388 E HwCHRWebMonitor: HwCHRWifiUIDWebSpeed [appName=com.wallapop UID=10196  WEBSENDSEGS=190  WEBRESENDSEGS=0  WEBRECVSEGS=195  WEBERRSEGS=0  WEBOUTRSTS=0  WEBESTABLISRST=0  WEBRTTDURATION=249  WEBRTTSEGS=49  WEBSNDDUPACKS=0  suckTimes=0 recovage_times=1]


