Executed 'TestRailTest_01()' on 03-11-2019
---------------------------------------------------------------------------------
11-03 23:25:40.198  3066  3388 E HwCHRWebMonitor: running processNamecom.wallapop

11-03 23:25:40.199  3066  3388 E HwCHRWebMonitor: HwCHRWifiUIDWebSpeed [appName=com.wallapop UID=10196  WEBSENDSEGS=51  WEBRESENDSEGS=0  WEBRECVSEGS=64  WEBERRSEGS=0  WEBOUTRSTS=0  WEBESTABLISRST=0  WEBRTTDURATION=245  WEBRTTSEGS=26  WEBSNDDUPACKS=0  suckTimes=0 recovage_times=3]

11-03 23:25:42.506  3986  3986 I AppsCleanUp: don't kill audio playing proc: com.wallapop

11-03 23:25:45.229  3066  3388 E HwCHRWebMonitor: running processNamecom.wallapop

11-03 23:25:45.229  3066  3388 E HwCHRWebMonitor: HwCHRWifiUIDWebSpeed [appName=com.wallapop UID=10196  WEBSENDSEGS=13  WEBRESENDSEGS=0  WEBRECVSEGS=10  WEBERRSEGS=0  WEBOUTRSTS=0  WEBESTABLISRST=0  WEBRTTDURATION=55  WEBRTTSEGS=4  WEBSNDDUPACKS=0  suckTimes=0 recovage_times=4]

11-03 23:26:40.669 16806 16806 I appproc : Command=app_process /system/bin com.android.commands.am.Am force-stop com.wallapop

11-03 23:26:41.691 16818 16907 I FA      :   adb shell setprop debug.firebase.analytics.app com.wallapop

11-03 23:26:43.459 16818 16818 I art     : Rejecting re-init on previously-failed class java.lang.Class<com.wallapop.clickstream.JobIntentService$f>

11-03 23:26:43.459 16818 16818 I art     : Rejecting re-init on previously-failed class java.lang.Class<com.wallapop.clickstream.JobIntentService$f>

11-03 23:26:46.916 16818 17044 E linker  : warning: unable to get realpath for the library "/data/data/com.wallapop/app_optimized/audience_network.dex". Will use given name.

11-03 23:26:50.717  3066  3388 E HwCHRWebMonitor: HwCHRWifiUIDWebSpeed [appName=com.wallapop UID=10196  WEBSENDSEGS=93  WEBRESENDSEGS=0  WEBRECVSEGS=93  WEBERRSEGS=0  WEBOUTRSTS=0  WEBESTABLISRST=1  WEBRTTDURATION=168  WEBRTTSEGS=40  WEBSNDDUPACKS=0  suckTimes=0 recovage_times=0]

11-03 23:29:17.334 17246 17276 I appium  : AppiumResponse: {"sessionId":"41f8cf89-379f-41bb-bb90-9aa293e3f437","value":{"sessionId":"41f8cf89-379f-41bb-bb90-9aa293e3f437","capabilities":{"firstMatch":[{"platform":"LINUX","webStorageEnabled":false,"takesScreenshot":true,"javascriptEnabled":true,"databaseEnabled":false,"networkConnectionEnabled":true,"locationContextEnabled":false,"warnings":{},"desired":{"platformName":"android","normalizeTagNames":true,"androidInstallTimeout":150000,"app":"","appActivity":"com.rewallapop.ui.main.MainActivity","appPackage":"com.wallapop","isHeadless":false,"skipDeviceInitialization":true,"autoAcceptAlerts":true,"autoGrantPermissions":true,"automationName":"UiAutomator2","avd":"","deviceName":"W3D7N16219018904","deviceReadyTimeout":1,"fullReset":false,"ignoreUnimportantViews":true,"newCommandTimeout":60,"noReset":true,"systemPort":8223,"udid":"W3D7N16219018904"},"platformName":"android","normalizeTagNames":true,"androidInstallTimeout":150000,"app":"","appActivity":"com.rewallapop.ui.main.MainActivity","appPackage":"com.wallapop","isHeadless":false,"skipDeviceInitialization":true,"autoAcceptAlerts":true,"autoGrantPermissions":true,"automationName":"UiAutomator2","avd":"","deviceName":"W3D7N16219018904","deviceReadyTimeout":1,"fullReset":false,"ignoreUnimportantViews":true,"newCommandTimeout":60,"noReset":true,"systemPort":8223,"udid":"W3D7N16219018904","deviceUDID":"W3D7N16219018904"}],"alwaysMatch":{}}}}

11-03 23:29:20.873 17318 17318 I appproc : Command=app_process /system/bin com.android.commands.am.Am start -W -n com.wallapop/com.rewallapop.ui.main.MainActivity -S

11-03 23:29:21.454  3986  4530 W PGApi_client: recv actoionId = 10000, action = com.huawei.pgmng.PGAction@c1ec42a actionId =10000 pkg =com.wallapop extend1 =16550 extend2 = flag =3 type =1

11-03 23:29:21.454  3986  4530 W PGMiddleWare: in handleAction, invoke client = com.huawei.pgmng.middleware.AudioEffectLowPowerImpl@1eaa45e, action = com.huawei.pgmng.PGAction@c1ec42a actionId =10000 pkg =com.wallapop extend1 =16550 extend2 = flag =3 type =1

11-03 23:29:21.891 17332 17415 I FA      :   adb shell setprop debug.firebase.analytics.app com.wallapop

11-03 23:29:23.326 17332 17332 I art     : Rejecting re-init on previously-failed class java.lang.Class<com.wallapop.clickstream.JobIntentService$f>

11-03 23:29:23.326 17332 17332 I art     : Rejecting re-init on previously-failed class java.lang.Class<com.wallapop.clickstream.JobIntentService$f>

11-03 23:29:27.278 17332 17575 E linker  : warning: unable to get realpath for the library "/data/data/com.wallapop/app_optimized/audience_network.dex". Will use given name.

11-03 23:29:27.947 17332 17465 E linker  : warning: unable to get realpath for the library "/data/data/com.wallapop/cache/1570054248636.dex". Will use given name.

11-03 23:29:28.705 14910 14925 I Finsky  : [1007] fyd.d(3): com.wallapop: Account determined from installer data - [VoWxNn8b5rEQ16LF0i3-s5KcEVYDMATZSI2v8NbSQx0]

11-03 23:29:28.706 14910 14925 I Finsky  : [1007] fyd.d(14): com.wallapop: Account from preferred account - [VoWxNn8b5rEQ16LF0i3-s5KcEVYDMATZSI2v8NbSQx0]

11-03 23:29:28.725 14910 15105 I Finsky  : [1082] fyd.d(3): com.wallapop: Account determined from installer data - [VoWxNn8b5rEQ16LF0i3-s5KcEVYDMATZSI2v8NbSQx0]

11-03 23:29:28.727 14910 15105 I Finsky  : [1082] fyd.d(14): com.wallapop: Account from preferred account - [VoWxNn8b5rEQ16LF0i3-s5KcEVYDMATZSI2v8NbSQx0]

11-03 23:29:29.405 14910 15105 I Finsky  : [1082] fyd.d(3): com.wallapop: Account determined from installer data - [VoWxNn8b5rEQ16LF0i3-s5KcEVYDMATZSI2v8NbSQx0]

11-03 23:29:29.406 14910 15105 I Finsky  : [1082] fyd.d(14): com.wallapop: Account from preferred account - [VoWxNn8b5rEQ16LF0i3-s5KcEVYDMATZSI2v8NbSQx0]

11-03 23:29:29.427 14910 15104 I Finsky  : [1081] fyd.d(3): com.wallapop: Account determined from installer data - [VoWxNn8b5rEQ16LF0i3-s5KcEVYDMATZSI2v8NbSQx0]

11-03 23:29:29.428 14910 15104 I Finsky  : [1081] fyd.d(14): com.wallapop: Account from preferred account - [VoWxNn8b5rEQ16LF0i3-s5KcEVYDMATZSI2v8NbSQx0]

11-03 23:29:29.444 14910 14925 I Finsky  : [1007] fyd.d(3): com.wallapop: Account determined from installer data - [VoWxNn8b5rEQ16LF0i3-s5KcEVYDMATZSI2v8NbSQx0]

11-03 23:29:29.445 14910 14925 I Finsky  : [1007] fyd.d(14): com.wallapop: Account from preferred account - [VoWxNn8b5rEQ16LF0i3-s5KcEVYDMATZSI2v8NbSQx0]

11-03 23:29:29.467 14910 14922 I Finsky  : [1006] fyd.d(3): com.wallapop: Account determined from installer data - [VoWxNn8b5rEQ16LF0i3-s5KcEVYDMATZSI2v8NbSQx0]

11-03 23:29:29.468 14910 14922 I Finsky  : [1006] fyd.d(14): com.wallapop: Account from preferred account - [VoWxNn8b5rEQ16LF0i3-s5KcEVYDMATZSI2v8NbSQx0]

11-03 23:29:29.734  3066  3085 I ActivityManager: Displayed com.wallapop/com.rewallapop.ui.wall.WallActivity: +2s382ms (total +2m48s874ms)

11-03 23:29:30.008 14910 14922 I Finsky  : [1006] fyd.d(3): com.wallapop: Account determined from installer data - [VoWxNn8b5rEQ16LF0i3-s5KcEVYDMATZSI2v8NbSQx0]

11-03 23:29:30.009 14910 14922 I Finsky  : [1006] fyd.d(14): com.wallapop: Account from preferred account - [VoWxNn8b5rEQ16LF0i3-s5KcEVYDMATZSI2v8NbSQx0]

11-03 23:29:30.467 14910 14922 I Finsky  : [1006] fyd.d(3): com.wallapop: Account determined from installer data - [VoWxNn8b5rEQ16LF0i3-s5KcEVYDMATZSI2v8NbSQx0]

11-03 23:29:30.468 14910 14922 I Finsky  : [1006] fyd.d(14): com.wallapop: Account from preferred account - [VoWxNn8b5rEQ16LF0i3-s5KcEVYDMATZSI2v8NbSQx0]

11-03 23:29:30.495 14910 15105 I Finsky  : [1082] fyd.d(3): com.wallapop: Account determined from installer data - [VoWxNn8b5rEQ16LF0i3-s5KcEVYDMATZSI2v8NbSQx0]

11-03 23:29:30.495 14910 15105 I Finsky  : [1082] fyd.d(14): com.wallapop: Account from preferred account - [VoWxNn8b5rEQ16LF0i3-s5KcEVYDMATZSI2v8NbSQx0]

11-03 23:29:31.915  3066  3388 E HwCHRWebMonitor: running processNamecom.wallapop

11-03 23:29:31.917  3066  3388 E HwCHRWebMonitor: HwCHRWifiUIDWebSpeed [appName=com.wallapop UID=10196  WEBSENDSEGS=216  WEBRESENDSEGS=1  WEBRECVSEGS=185  WEBERRSEGS=0  WEBOUTRSTS=0  WEBESTABLISRST=0  WEBRTTDURATION=694  WEBRTTSEGS=77  WEBSNDDUPACKS=0  suckTimes=0 recovage_times=0]

11-03 23:29:32.119 17332 17332 W View    : requestLayout() improperly called by com.wallapop.design.view.WallapopTextView{7048efc V.ED..... ......ID 36,20-36,61 #7f0a08f8 app:id/wp__home__tv_bubble} during layout: running second layout pass

11-03 23:29:36.936  3066  3388 E HwCHRWebMonitor: running processNamecom.wallapop

11-03 23:29:36.937  3066  3388 E HwCHRWebMonitor: HwCHRWifiUIDWebSpeed [appName=com.wallapop UID=10196  WEBSENDSEGS=274  WEBRESENDSEGS=0  WEBRECVSEGS=263  WEBERRSEGS=0  WEBOUTRSTS=0  WEBESTABLISRST=0  WEBRTTDURATION=312  WEBRTTSEGS=72  WEBSNDDUPACKS=0  suckTimes=0 recovage_times=1]

11-03 23:29:41.956  3066  3388 E HwCHRWebMonitor: running processNamecom.wallapop

11-03 23:29:41.956  3066  3388 E HwCHRWebMonitor: HwCHRWifiUIDWebSpeed [appName=com.wallapop UID=10196  WEBSENDSEGS=180  WEBRESENDSEGS=0  WEBRECVSEGS=166  WEBERRSEGS=0  WEBOUTRSTS=0  WEBESTABLISRST=0  WEBRTTDURATION=432  WEBRTTSEGS=80  WEBSNDDUPACKS=0  suckTimes=0 recovage_times=2]

11-03 23:29:46.494  3986  3986 I AppsCleanUp: don't kill audio playing proc: com.wallapop

11-03 23:29:46.980  3066  3388 E HwCHRWebMonitor: running processNamecom.wallapop

11-03 23:29:46.981  3066  3388 E HwCHRWebMonitor: HwCHRWifiUIDWebSpeed [appName=com.wallapop UID=10196  WEBSENDSEGS=25  WEBRESENDSEGS=0  WEBRECVSEGS=23  WEBERRSEGS=0  WEBOUTRSTS=0  WEBESTABLISRST=0  WEBRTTDURATION=169  WEBRTTSEGS=11  WEBSNDDUPACKS=0  suckTimes=0 recovage_times=3]

11-03 23:29:52.025  3066  3388 E HwCHRWebMonitor: running processNamecom.wallapop

11-03 23:29:52.026  3066  3388 E HwCHRWebMonitor: HwCHRWifiUIDWebSpeed [appName=com.wallapop UID=10196  WEBSENDSEGS=3  WEBRESENDSEGS=0  WEBRECVSEGS=4  WEBERRSEGS=0  WEBOUTRSTS=0  WEBESTABLISRST=0  WEBRTTDURATION=17  WEBRTTSEGS=1  WEBSNDDUPACKS=0  suckTimes=0 recovage_times=4]

11-03 23:30:44.068 18080 18080 I appproc : Command=app_process /system/bin com.android.commands.am.Am force-stop com.wallapop

11-03 23:30:45.099 18089 18179 I FA      :   adb shell setprop debug.firebase.analytics.app com.wallapop

11-03 23:30:46.869 18089 18089 I art     : Rejecting re-init on previously-failed class java.lang.Class<com.wallapop.clickstream.JobIntentService$f>

11-03 23:30:46.869 18089 18089 I art     : Rejecting re-init on previously-failed class java.lang.Class<com.wallapop.clickstream.JobIntentService$f>

11-03 23:30:50.360 18089 18319 E linker  : warning: unable to get realpath for the library "/data/data/com.wallapop/app_optimized/audience_network.dex". Will use given name.

11-03 23:30:52.468  3066  3388 E HwCHRWebMonitor: HwCHRWifiUIDWebSpeed [appName=com.wallapop UID=10196  WEBSENDSEGS=95  WEBRESENDSEGS=0  WEBRECVSEGS=86  WEBERRSEGS=0  WEBOUTRSTS=0  WEBESTABLISRST=0  WEBRTTDURATION=142  WEBRTTSEGS=37  WEBSNDDUPACKS=0  suckTimes=0 recovage_times=0]

11-03 23:31:22.698  3066  3388 E HwCHRWebMonitor: HwCHRWifiUIDWebSpeed [appName=com.wallapop UID=10196  WEBSENDSEGS=3  WEBRESENDSEGS=0  WEBRECVSEGS=3  WEBERRSEGS=0  WEBOUTRSTS=0  WEBESTABLISRST=0  WEBRTTDURATION=9  WEBRTTSEGS=2  WEBSNDDUPACKS=0  suckTimes=0 recovage_times=0]

11-03 23:32:37.256 18489 18520 I appium  : AppiumResponse: {"sessionId":"6a552943-3166-4af9-a3b1-447a7c25c508","value":{"sessionId":"6a552943-3166-4af9-a3b1-447a7c25c508","capabilities":{"firstMatch":[{"platform":"LINUX","webStorageEnabled":false,"takesScreenshot":true,"javascriptEnabled":true,"databaseEnabled":false,"networkConnectionEnabled":true,"locationContextEnabled":false,"warnings":{},"desired":{"platformName":"android","normalizeTagNames":true,"androidInstallTimeout":150000,"app":"","appActivity":"com.rewallapop.ui.main.MainActivity","appPackage":"com.wallapop","isHeadless":false,"skipDeviceInitialization":true,"autoAcceptAlerts":true,"autoGrantPermissions":true,"automationName":"UiAutomator2","avd":"","deviceName":"W3D7N16219018904","deviceReadyTimeout":1,"fullReset":false,"ignoreUnimportantViews":true,"newCommandTimeout":60,"noReset":true,"systemPort":8223,"udid":"W3D7N16219018904"},"platformName":"android","normalizeTagNames":true,"androidInstallTimeout":150000,"app":"","appActivity":"com.rewallapop.ui.main.MainActivity","appPackage":"com.wallapop","isHeadless":false,"skipDeviceInitialization":true,"autoAcceptAlerts":true,"autoGrantPermissions":true,"automationName":"UiAutomator2","avd":"","deviceName":"W3D7N16219018904","deviceReadyTimeout":1,"fullReset":false,"ignoreUnimportantViews":true,"newCommandTimeout":60,"noReset":true,"systemPort":8223,"udid":"W3D7N16219018904","deviceUDID":"W3D7N16219018904"}],"alwaysMatch":{}}}}

11-03 23:32:40.749 18559 18559 I appproc : Command=app_process /system/bin com.android.commands.am.Am start -W -n com.wallapop/com.rewallapop.ui.main.MainActivity -S

11-03 23:32:41.313  3986  4530 W PGApi_client: recv actoionId = 10000, action = com.huawei.pgmng.PGAction@cbcf8f6 actionId =10000 pkg =com.wallapop extend1 =16550 extend2 = flag =3 type =1

11-03 23:32:41.313  3986  4530 W PGMiddleWare: in handleAction, invoke client = com.huawei.pgmng.middleware.AudioEffectLowPowerImpl@1eaa45e, action = com.huawei.pgmng.PGAction@cbcf8f6 actionId =10000 pkg =com.wallapop extend1 =16550 extend2 = flag =3 type =1

11-03 23:32:41.774 18573 18656 I FA      :   adb shell setprop debug.firebase.analytics.app com.wallapop

11-03 23:32:43.212 18573 18573 I art     : Rejecting re-init on previously-failed class java.lang.Class<com.wallapop.clickstream.JobIntentService$f>

11-03 23:32:43.212 18573 18573 I art     : Rejecting re-init on previously-failed class java.lang.Class<com.wallapop.clickstream.JobIntentService$f>

11-03 23:32:47.002 18573 18826 E linker  : warning: unable to get realpath for the library "/data/data/com.wallapop/app_optimized/audience_network.dex". Will use given name.

11-03 23:32:47.593 18573 18709 E linker  : warning: unable to get realpath for the library "/data/data/com.wallapop/cache/1570054248636.dex". Will use given name.

11-03 23:32:48.353  3066  3388 E HwCHRWebMonitor: running processNamecom.wallapop

11-03 23:32:48.357  3066  3388 E HwCHRWebMonitor: HwCHRWifiUIDWebSpeed [appName=com.wallapop UID=10196  WEBSENDSEGS=157  WEBRESENDSEGS=0  WEBRECVSEGS=131  WEBERRSEGS=0  WEBOUTRSTS=0  WEBESTABLISRST=0  WEBRTTDURATION=449  WEBRTTSEGS=57  WEBSNDDUPACKS=0  suckTimes=0 recovage_times=0]

11-03 23:32:48.363 14910 15104 I Finsky  : [1081] fyd.d(3): com.wallapop: Account determined from installer data - [VoWxNn8b5rEQ16LF0i3-s5KcEVYDMATZSI2v8NbSQx0]

11-03 23:32:48.363 14910 15104 I Finsky  : [1081] fyd.d(14): com.wallapop: Account from preferred account - [VoWxNn8b5rEQ16LF0i3-s5KcEVYDMATZSI2v8NbSQx0]

11-03 23:32:48.368 14910 15105 I Finsky  : [1082] fyd.d(3): com.wallapop: Account determined from installer data - [VoWxNn8b5rEQ16LF0i3-s5KcEVYDMATZSI2v8NbSQx0]

11-03 23:32:48.368 14910 15105 I Finsky  : [1082] fyd.d(14): com.wallapop: Account from preferred account - [VoWxNn8b5rEQ16LF0i3-s5KcEVYDMATZSI2v8NbSQx0]

11-03 23:32:48.994 14910 15104 I Finsky  : [1081] fyd.d(3): com.wallapop: Account determined from installer data - [VoWxNn8b5rEQ16LF0i3-s5KcEVYDMATZSI2v8NbSQx0]

11-03 23:32:48.995 14910 15104 I Finsky  : [1081] fyd.d(14): com.wallapop: Account from preferred account - [VoWxNn8b5rEQ16LF0i3-s5KcEVYDMATZSI2v8NbSQx0]

11-03 23:32:49.024 14910 14925 I Finsky  : [1007] fyd.d(3): com.wallapop: Account determined from installer data - [VoWxNn8b5rEQ16LF0i3-s5KcEVYDMATZSI2v8NbSQx0]

11-03 23:32:49.024 14910 14925 I Finsky  : [1007] fyd.d(14): com.wallapop: Account from preferred account - [VoWxNn8b5rEQ16LF0i3-s5KcEVYDMATZSI2v8NbSQx0]

11-03 23:32:49.051 14910 14922 I Finsky  : [1006] fyd.d(3): com.wallapop: Account determined from installer data - [VoWxNn8b5rEQ16LF0i3-s5KcEVYDMATZSI2v8NbSQx0]

11-03 23:32:49.052 14910 14922 I Finsky  : [1006] fyd.d(14): com.wallapop: Account from preferred account - [VoWxNn8b5rEQ16LF0i3-s5KcEVYDMATZSI2v8NbSQx0]

11-03 23:32:49.066 14910 15105 I Finsky  : [1082] fyd.d(3): com.wallapop: Account determined from installer data - [VoWxNn8b5rEQ16LF0i3-s5KcEVYDMATZSI2v8NbSQx0]

11-03 23:32:49.067 14910 15105 I Finsky  : [1082] fyd.d(14): com.wallapop: Account from preferred account - [VoWxNn8b5rEQ16LF0i3-s5KcEVYDMATZSI2v8NbSQx0]

11-03 23:32:49.134  3066  3085 I ActivityManager: Displayed com.wallapop/com.rewallapop.ui.wall.WallActivity: +2s62ms (total +2m4s875ms)

11-03 23:32:49.373 14910 14925 I Finsky  : [1007] fyd.d(3): com.wallapop: Account determined from installer data - [VoWxNn8b5rEQ16LF0i3-s5KcEVYDMATZSI2v8NbSQx0]

11-03 23:32:49.374 14910 14925 I Finsky  : [1007] fyd.d(14): com.wallapop: Account from preferred account - [VoWxNn8b5rEQ16LF0i3-s5KcEVYDMATZSI2v8NbSQx0]

11-03 23:32:49.878 14910 14922 I Finsky  : [1006] fyd.d(3): com.wallapop: Account determined from installer data - [VoWxNn8b5rEQ16LF0i3-s5KcEVYDMATZSI2v8NbSQx0]

11-03 23:32:49.878 14910 14922 I Finsky  : [1006] fyd.d(14): com.wallapop: Account from preferred account - [VoWxNn8b5rEQ16LF0i3-s5KcEVYDMATZSI2v8NbSQx0]

11-03 23:32:49.986 14910 15105 I Finsky  : [1082] fyd.d(3): com.wallapop: Account determined from installer data - [VoWxNn8b5rEQ16LF0i3-s5KcEVYDMATZSI2v8NbSQx0]

11-03 23:32:49.987 14910 15105 I Finsky  : [1082] fyd.d(14): com.wallapop: Account from preferred account - [VoWxNn8b5rEQ16LF0i3-s5KcEVYDMATZSI2v8NbSQx0]

11-03 23:32:51.390 18573 18573 W View    : requestLayout() improperly called by com.wallapop.design.view.WallapopTextView{5d1cc1e V.ED..... ......ID 36,20-36,61 #7f0a08f8 app:id/wp__home__tv_bubble} during layout: running second layout pass

11-03 23:32:53.377  3066  3388 E HwCHRWebMonitor: running processNamecom.wallapop

11-03 23:32:53.378  3066  3388 E HwCHRWebMonitor: HwCHRWifiUIDWebSpeed [appName=com.wallapop UID=10196  WEBSENDSEGS=199  WEBRESENDSEGS=0  WEBRECVSEGS=189  WEBERRSEGS=0  WEBOUTRSTS=0  WEBESTABLISRST=0  WEBRTTDURATION=409  WEBRTTSEGS=55  WEBSNDDUPACKS=0  suckTimes=0 recovage_times=1]

11-03 23:32:58.403  3066  3388 E HwCHRWebMonitor: running processNamecom.wallapop

11-03 23:32:58.403  3066  3388 E HwCHRWebMonitor: HwCHRWifiUIDWebSpeed [appName=com.wallapop UID=10196  WEBSENDSEGS=210  WEBRESENDSEGS=0  WEBRECVSEGS=197  WEBERRSEGS=0  WEBOUTRSTS=0  WEBESTABLISRST=0  WEBRTTDURATION=228  WEBRTTSEGS=78  WEBSNDDUPACKS=0  suckTimes=0 recovage_times=2]


