Executed '[C740] Help: Access and sections' on 28-07-2019
---------------------------------------------------------------------------------
07-28 21:54:53.769   804   890 V MARsPolicyManager: updatePackagesScore PackageInfo name -- com.wallapop

07-28 21:54:53.809   804  1502 V AlarmManager:  remove PendingIntent] PendingIntent{bc129a6: PendingIntentRecord{ec9f899 com.wallapop broadcastIntent}}

07-28 21:54:53.819   804   891 D StatusBarManagerService: manageDisableList userId=0 what=0x0 pkg=Window{4c93182 u0 d0 com.wallapop/com.wallapop.activities.PreferencesActivity}

07-28 21:54:53.879   804  1737 V WindowStateAnimator: Finishing drawing window Window{4c93182 u0 d0 com.wallapop/com.wallapop.activities.PreferencesActivity}: mDrawState=DRAW_PENDING

07-28 21:54:53.889   804   932 I ActivityManager: Displayed com.wallapop/.activities.PreferencesActivity: +126ms (total +18s244ms)

07-28 21:54:54.129   804   932 I Timeline: Timeline: Activity_windows_visible id: ActivityRecord{e727091 u0 com.wallapop/.activities.PreferencesActivity t1465} time:191484529

07-28 21:54:54.949   804   890 V MARsPolicyManager: updatePackagesScore PackageInfo name -- com.wallapop

07-28 21:54:55.009   804  1919 V AlarmManager:  remove PendingIntent] PendingIntent{ddc15c: PendingIntentRecord{ec9f899 com.wallapop broadcastIntent}}

07-28 21:54:55.099 15796  2051 W ResourcesManager: getTopLevelResources: /data/app/com.wallapop-1/base.apk / 1.0 running in com.google.android.gms rsrc of package null

07-28 21:54:55.109   804   891 D StatusBarManagerService: manageDisableList userId=0 what=0x0 pkg=Window{48cffab u0 d0 com.wallapop/com.rewallapop.ui.wall.WallActivity}

07-28 21:54:55.149 15796  2051 W ResourcesManager: getTopLevelResources: /data/app/com.wallapop-1/base.apk / 1.0 running in com.google.android.gms rsrc of package null

07-28 21:54:55.279   804  1920 V WindowStateAnimator: Finishing drawing window Window{48cffab u0 d0 com.wallapop/com.rewallapop.ui.wall.WallActivity}: mDrawState=DRAW_PENDING

07-28 21:54:55.309   804   932 I ActivityManager: Displayed com.wallapop/com.rewallapop.ui.wall.WallActivity: +368ms

07-28 21:54:55.569   804   932 I Timeline: Timeline: Activity_windows_visible id: ActivityRecord{ea9b542 u0 com.wallapop/com.rewallapop.ui.wall.WallActivity t1465} time:191485961

07-28 21:55:05.379  9915  9915 I Timeline: Timeline: Activity_launch_request id:com.wallapop time:191495778

07-28 21:55:05.409   804  2439 V WindowManager: addAppToken: AppWindowToken{2a42e24 token=Token{d9ce6b7 ActivityRecord{f67a9b6 u0 com.wallapop/.activities.PreferencesActivity t1465}}} to stack=1 task=1465 at 1

07-28 21:55:05.439  9915  9915 W ResourcesManager: getTopLevelResources: /data/app/com.wallapop-1/base.apk / 1.0 running in com.wallapop rsrc of package null

07-28 21:55:05.439   804   890 V MARsPolicyManager: updatePackagesScore PackageInfo name -- com.wallapop

07-28 21:55:05.439  9915  9915 W ResourcesManager: getTopLevelResources: /data/app/com.wallapop-1/base.apk / 1.0 running in com.wallapop rsrc of package null

07-28 21:55:05.469   804  2436 V AlarmManager:  remove PendingIntent] PendingIntent{e8f3753: PendingIntentRecord{ec9f899 com.wallapop broadcastIntent}}

07-28 21:55:05.519   804  1720 D ISSUE_DEBUG: InputChannelName : c67b589 com.wallapop/com.wallapop.activities.PreferencesActivity

07-28 21:55:05.539   804   891 D StatusBarManagerService: manageDisableList userId=0 what=0x0 pkg=Window{c67b589 u0 d0 com.wallapop/com.wallapop.activities.PreferencesActivity}

07-28 21:55:05.579   804  1724 V WindowStateAnimator: Finishing drawing window Window{c67b589 u0 d0 com.wallapop/com.wallapop.activities.PreferencesActivity}: mDrawState=DRAW_PENDING

07-28 21:55:05.589   804   932 I ActivityManager: Displayed com.wallapop/.activities.PreferencesActivity: +171ms

07-28 21:55:05.609   804  2377 V WindowStateAnimator: Finishing drawing window Window{c67b589 u0 d0 com.wallapop/com.wallapop.activities.PreferencesActivity}: mDrawState=HAS_DRAWN

07-28 21:55:05.849   804   932 I Timeline: Timeline: Activity_windows_visible id: ActivityRecord{f67a9b6 u0 com.wallapop/.activities.PreferencesActivity t1465} time:191496244

07-28 21:55:05.879  9915  9915 W GmsClientEvents: unregisterConnectionFailedListener(): listener GooglePlayServicesHeadlessFragment{efc8a61 (cf037b50-e097-4f68-9db2-c65defc2337e) com.wallapop.fragments.headless.GooglePlayServicesHeadlessFragment} not found

07-28 21:55:05.879  9915  9915 W GmsClientEvents: unregisterConnectionCallbacks(): listener GooglePlayServicesHeadlessFragment{efc8a61 (cf037b50-e097-4f68-9db2-c65defc2337e) com.wallapop.fragments.headless.GooglePlayServicesHeadlessFragment} not found

07-28 21:55:05.889  9915  9915 V ActivityThread: updateVisibility : ActivityRecord{756cc8a token=android.os.BinderProxy@d1e576a {com.wallapop/com.rewallapop.ui.wall.WallActivity}} show : false


