Executed '[C58894] Chat: Active conversations - Conversations information' on 31-10-2019
---------------------------------------------------------------------------------
11-10 10:44:47.176  4622  4682 E RequestManager_FLP: [FusedLocationApi] Location remove a5379ec from com.wallapop

11-10 10:44:47.181  4211  4809 D SamsungAlarmManager: Cancel Alarm calling from uid:10311 pid :13514 / op:PendingIntent{f11028d: PendingIntentRecord{4cd4d04 com.wallapop broadcastIntent}}

11-10 10:44:57.466  4211  5505 D SamsungAlarmManager: Cancel Alarm calling from uid:10311 pid :13514 / op:PendingIntent{dc26ec0: PendingIntentRecord{4cd4d04 com.wallapop broadcastIntent}}

11-10 10:45:02.154  4211  5514 D SamsungAlarmManager: Cancel Alarm calling from uid:10311 pid :13514 / op:PendingIntent{fafd6c6: PendingIntentRecord{e6b616e com.wallapop broadcastIntent}}

11-10 10:45:47.655  4211  5505 I ActivityManager: Force stopping com.wallapop appid=10311 user=0: from pid 14238 caller com.android.server.am.ActivityManagerShellCommand.runForceStop:967

11-10 10:45:47.657  4211  5505 I ActivityManager: Killing 13514:com.wallapop/u0a311 (adj 200): stop com.wallapop,from pid 14238 caller com.android.server.am.ActivityManagerShellCommand.runForceStop:967

11-10 10:45:47.669  4211  5505 W ActivityManager: Scheduling restart of crashed service com.wallapop/com.rewallapop.ui.debug.view.DebugActivity$Service in 1000ms

11-10 10:45:47.678  4211  5505 D StorageManagerService: getExternalStorageMountMode : final mountMode=1, uid : 10311, packageName : com.wallapop

11-10 10:45:47.678  4211  5505 I ApplicationPolicy: isApplicationExternalStorageWhitelisted:com.wallapop user:0

11-10 10:45:47.679  4211  5505 D ActivityManager: package  com.wallapop, user - 0 is SDcard whitelisted

11-10 10:45:47.679  4211  5505 I ApplicationPolicy: isApplicationExternalStorageBlacklisted:com.wallapop user:0

11-10 10:45:47.679  4211  5505 I ApplicationPolicy: isApplicationExternalStorageBlacklisted:com.wallapop user:0

11-10 10:45:47.683 23911 23911 D Notification.Badge: [invalid] onNotificationRemoved : StatusBarNotification(pkg=com.wallapop user=UserHandle{0} id=999 tag=null key=0|com.wallapop|999|null|10311: Notification(channel=wallapop_channel pri=-2 contentView=null vibrate=null sound=null defaults=0x0 flags=0x62 color=0x00000000 vis=PRIVATE semFlags=0x0 semPriority=0 semMissedCount=0))

11-10 10:45:47.695  4211  5505 I ActivityManager:   Force finishing activity ActivityRecord{afdf071 u0 com.wallapop/com.rewallapop.ui.wall.WallActivity t2124}

11-10 10:45:47.702  4211  5505 I WindowManager: Cancelling animation restarting=false, leash=null, surface=Surface(name=7303484 com.wallapop/com.rewallapop.ui.wall.WallActivity)/@0xf084d13, parent=Surface(name=AppWindowToken{229aed7 token=Token{5c7fe56 ActivityRecord{afdf071 u0 com.wallapop/com.rewallapop.ui.wall.WallActivity t2124}}})/@0xdb6cb50

11-10 10:45:47.703  4211  5505 V WindowManager: Changing focus from Window{7303484 u0 com.wallapop/com.rewallapop.ui.wall.WallActivity} to null Callers=com.android.server.wm.AppWindowToken.setVisibility:536 com.android.server.wm.AppWindowContainerController.setVisibility:495 com.android.server.am.ActivityRecord.setVisibility:1917 com.android.server.am.ActivityStack.prepareActivityHideTransitionAnimation:4429

11-10 10:45:47.705  4211  5505 V WindowManager: Setting visibility of Window{7303484 u0 com.wallapop/com.rewallapop.ui.wall.WallActivity}: false, caller=com.android.server.wm.WindowContainer.sendAppVisibilityToClients:615 com.android.server.wm.AppWindowToken.setClientHidden:460 com.android.server.wm.AppWindowToken.onAnimationFinished:2383 com.android.server.wm.AppWindowToken.setVisibility:551 com.android.server.wm.AppWindowContainerController.setVisibility:495

11-10 10:45:47.706  4211  4242 D WindowManager: reportFocusChangedSerialized, focused=false, inTouchMode=true, win=Window{7303484 u0 com.wallapop/com.rewallapop.ui.wall.WallActivity}

11-10 10:45:47.716  4211  5505 I ActivityManager:   Force finishing activity ActivityRecord{afdf071 u0 com.wallapop/com.rewallapop.ui.wall.WallActivity t2124 f}

11-10 10:45:47.716  4211  5505 W ActivityManager: Duplicate finish request for ActivityRecord{afdf071 u0 com.wallapop/com.rewallapop.ui.wall.WallActivity t2124 f}

11-10 10:45:47.765  4211  4227 I WindowManager: Cancelling animation restarting=false, leash=null, surface=Surface(name=AppWindowToken{229aed7 token=Token{5c7fe56 ActivityRecord{afdf071 u0 com.wallapop/com.rewallapop.ui.wall.WallActivity t2124}}})/@0xdb6cb50, parent=Surface(name=Task=2124)/@0xe2e2d9d

11-10 10:45:47.766  4211  4227 V WindowManager: Remove Window{7303484 u0 com.wallapop/com.rewallapop.ui.wall.WallActivity}: mSurfaceController=Surface(name=com.wallapop/com.rewallapop.ui.wall.WallActivity[13514])/@0x6398002 mAnimatingExit=false mRemoveOnExit=false mHasSurface=true surfaceShowing=false isAnimationSet=false app-animation=false mWillReplaceWindow=false inPendingTransaction=false mDisplayFrozen=false callers=com.android.server.wm.WindowState.removeIfPossible:2764 com.android.server.wm.WindowToken.removeAllWindowsIfPossible:150 com.android.server.wm.AppWindowToken.removeIfPossible:743 com.android.server.wm.AppWindowToken.onRemovedFromDisplay:819 com.android.server.wm.DisplayContent.removeAppToken:1079 com.android.server.wm.AppWindowContainerController.removeContainer:305

11-10 10:45:47.767  4211  4227 I WindowManager: Destroying surface Surface(name=com.wallapop/com.rewallapop.ui.wall.WallActivity[13514])/@0x6398002 called by com.android.server.wm.WindowStateAnimator.destroySurface:1901 com.android.server.wm.WindowStateAnimator.destroySurfaceLocked:838 com.android.server.wm.WindowState.removeImmediately:2743 com.android.server.wm.WindowState.removeIfPossible:2893 com.android.server.wm.WindowState.removeIfPossible:2764 com.android.server.wm.WindowToken.removeAllWindowsIfPossible:150 com.android.server.wm.AppWindowToken.removeIfPossible:743 com.android.server.wm.AppWindowToken.onRemovedFromDisplay:819

11-10 10:45:47.768  3727  3771 I SurfaceFlinger: id=23699 Removed com.wallapop/com.rewallapop.ui.wall.WallActivity[13514]#0 (0/52)

11-10 10:45:47.773  3727  3771 I SurfaceFlinger: id=23698 Removed 7303484 com.wallapop/com.rewallapop.ui.wall.WallActivity#0 (0/51)

11-10 10:45:47.778  3727  3771 W SurfaceFlinger: Attempting to destroy on removed layer: AppWindowToken{229aed7 token=Token{5c7fe56 ActivityRecord{afdf071 u0 com.wallapop/com.rewallapop.ui.wall.WallActivity t2124}}}#0

11-10 10:45:47.783  3727  3727 I Layer   : id=23696 onRemoved AppWindowToken{229aed7 token=Token{5c7fe56 ActivityRecord{afdf071 u0 com.wallapop/com.rewallapop.ui.wall.WallActivity t2124}}}#0

11-10 10:45:47.783  3727  3727 I Layer   : id=23699 onRemoved com.wallapop/com.rewallapop.ui.wall.WallActivity[13514]#0

11-10 10:45:47.784  3727  3727 I Layer   : id=23698 onRemoved 7303484 com.wallapop/com.rewallapop.ui.wall.WallActivity#0

11-10 10:45:47.810 14243 14243 I com.wallapop: Late-enabling -Xcheck:jni

11-10 10:45:47.812  4211  4227 W BroadcastQueue: Background execution not allowed: receiving Intent { act=android.intent.action.PACKAGE_RESTARTED dat=package:com.wallapop flg=0x10 (has extras) } to android/com.kddi.android.CpaNotiReceiver

11-10 10:45:47.824  4211  4229 I ActivityManager: Start proc 14243:com.wallapop/u0a311 for activity com.wallapop/com.rewallapop.ui.wall.WallActivity

11-10 10:45:47.834  4211  4211 D SamsungAlarmManager: Remove alarm for next reason : android.intent.action.PACKAGE_RESTARTED : package: com.wallapop

11-10 10:45:47.875 23911 23978 D Notification.Badge: updateLauncherIconBadges() item : [IconInfo(title=_Wallapop_ intent=Intent { act=android.intent.action.MAIN cat=[android.intent.category.LAUNCHER] flg=0x10200000 cmp=com.wallapop/.activities.HomeActivity (has extras) } id=160 type=0 container=-102 screen=1 cellX=3 cellY=0 spanX=1 spanY=1 rank=3 hidden=0 dropPos=null user=UserHandle{0} screenType=0)], mShowBadge : [false], item.mBadgeCount : [0]

11-10 10:45:47.899 14243 14243 I com.wallapop: report jit thread pid = 14249

11-10 10:45:47.925 23911 29952 I AppIconSolution: load=com.wallapop, bg=144-144, dr=126-126, forDefault=true, density=0

11-10 10:45:47.932 23911 29952 I AppIconSolution: load=com.wallapop-contain, bg=166-166, dr=126-126

11-10 10:45:47.943  4211  4679 I ActivityManager: DSS on for com.wallapop and scale is 1.0

11-10 10:45:47.966 23911 23911 D RecommendedView: updateBadgeItems: [IconInfo(title=_Wallapop_ intent=Intent { act=android.intent.action.MAIN cat=[android.intent.category.LAUNCHER] flg=0x10200000 cmp=com.wallapop/.activities.HomeActivity (has extras) } id=160 type=0 container=-102 screen=1 cellX=3 cellY=0 spanX=1 spanY=1 rank=3 hidden=0 dropPos=null user=UserHandle{0} screenType=0)]

11-10 10:45:48.107 14243 14243 I com.wallapop: The ClassLoaderContext is a special shared library.

11-10 10:45:54.464 14243 14299 W com.wallapop: Unsupported class loader

11-10 10:45:54.473 14243 14299 W com.wallapop: Skipping duplicate class check due to unsupported classloader

11-10 10:45:54.549 14243 14286 W com.wallapop: Verification of void com.google.android.gms.internal.measurement.zzjq.<init>() took 116.314ms

11-10 10:45:54.555 14243 14299 I com.wallapop: Waiting for a blocking GC ClassLinker

11-10 10:45:54.602 14243 14243 W com.wallapop: Verification of void com.rewallapop.app.di.a.b.a(com.rewallapop.app.di.module.d, com.rewallapop.app.di.module.submodule.PolicyModule, com.rewallapop.app.di.module.ApplicationPresentationModule, com.rewallapop.app.di.module.ApplicationUseCasesModule, com.rewallapop.app.di.module.BillingModule, com.rewallapop.app.di.module.DataSourceModule, com.rewallapop.app.di.module.submodule.ads.AdsDataSourceModule, com.rewallapop.app.di.module.submodule.verticals.VerticalsDataSourceModule, com.rewallapop.app.di.module.ExecutorsModule, com.rewallapop.app.di.module.HelpshiftModule, com.rewallapop.app.di.module.MappersModule, com.rewallapop.app.di.module.submodule.ApiModelMapperModule, com.rewallapop.app.di.module.submodule.ApiV2ModelMapperModule, com.rewallapop.app.di.module.submodule.DataMapperModule, com.rewallapop.app.di.module.submodule.ViewModelMapperModule, com.rewallapop.app.di.module.RepositoryModule, com.rewallapop.app.di.module.submodule.ads.AdsRepositoryModule, com.rewallapop.app.di.module.RestModule, com.rewalla

11-10 10:45:54.809 14243 14299 I com.wallapop: WaitForGcToComplete blocked ClassLinker on ClassLinker for 253.846ms

11-10 10:45:54.842 14243 14243 W com.wallapop: Verification of void com.rewallapop.app.di.a.b.b(com.rewallapop.app.di.module.d, com.rewallapop.app.di.module.submodule.PolicyModule, com.rewallapop.app.di.module.ApplicationPresentationModule, com.rewallapop.app.di.module.ApplicationUseCasesModule, com.rewallapop.app.di.module.BillingModule, com.rewallapop.app.di.module.DataSourceModule, com.rewallapop.app.di.module.submodule.ads.AdsDataSourceModule, com.rewallapop.app.di.module.submodule.verticals.VerticalsDataSourceModule, com.rewallapop.app.di.module.ExecutorsModule, com.rewallapop.app.di.module.HelpshiftModule, com.rewallapop.app.di.module.MappersModule, com.rewallapop.app.di.module.submodule.ApiModelMapperModule, com.rewallapop.app.di.module.submodule.ApiV2ModelMapperModule, com.rewallapop.app.di.module.submodule.DataMapperModule, com.rewallapop.app.di.module.submodule.ViewModelMapperModule, com.rewallapop.app.di.module.RepositoryModule, com.rewallapop.app.di.module.submodule.ads.AdsRepositoryModule, com.rewallapop.app.di.module.RestModule, com.rewalla

11-10 10:45:54.885 14243 14324 W com.wallapop: Verification of void com.crashlytics.android.core.CrashlyticsController$22.writeTo(java.io.FileOutputStream) took 121.030ms

11-10 10:45:55.011 14243 14243 W com.wallapop: Verification of void com.rewallapop.app.di.a.b.c(com.rewallapop.app.di.module.d, com.rewallapop.app.di.module.submodule.PolicyModule, com.rewallapop.app.di.module.ApplicationPresentationModule, com.rewallapop.app.di.module.ApplicationUseCasesModule, com.rewallapop.app.di.module.BillingModule, com.rewallapop.app.di.module.DataSourceModule, com.rewallapop.app.di.module.submodule.ads.AdsDataSourceModule, com.rewallapop.app.di.module.submodule.verticals.VerticalsDataSourceModule, com.rewallapop.app.di.module.ExecutorsModule, com.rewallapop.app.di.module.HelpshiftModule, com.rewallapop.app.di.module.MappersModule, com.rewallapop.app.di.module.submodule.ApiModelMapperModule, com.rewallapop.app.di.module.submodule.ApiV2ModelMapperModule, com.rewallapop.app.di.module.submodule.DataMapperModule, com.rewallapop.app.di.module.submodule.ViewModelMapperModule, com.rewallapop.app.di.module.RepositoryModule, com.rewallapop.app.di.module.submodule.ads.AdsRepositoryModule, com.rewallapop.app.di.module.RestModule, com.rewalla

11-10 10:45:55.065 14243 14299 W com.wallapop: Unsupported class loader

11-10 10:45:55.324 14243 14243 W com.wallapop: Verification of void com.rewallapop.app.di.a.b.d(com.rewallapop.app.di.module.d, com.rewallapop.app.di.module.submodule.PolicyModule, com.rewallapop.app.di.module.ApplicationPresentationModule, com.rewallapop.app.di.module.ApplicationUseCasesModule, com.rewallapop.app.di.module.BillingModule, com.rewallapop.app.di.module.DataSourceModule, com.rewallapop.app.di.module.submodule.ads.AdsDataSourceModule, com.rewallapop.app.di.module.submodule.verticals.VerticalsDataSourceModule, com.rewallapop.app.di.module.ExecutorsModule, com.rewallapop.app.di.module.HelpshiftModule, com.rewallapop.app.di.module.MappersModule, com.rewallapop.app.di.module.submodule.ApiModelMapperModule, com.rewallapop.app.di.module.submodule.ApiV2ModelMapperModule, com.rewallapop.app.di.module.submodule.DataMapperModule, com.rewallapop.app.di.module.submodule.ViewModelMapperModule, com.rewallapop.app.di.module.RepositoryModule, com.rewallapop.app.di.module.submodule.ads.AdsRepositoryModule, com.rewallapop.app.di.module.RestModule, com.rewalla

11-10 10:45:55.502 14243 14243 W com.wallapop: Verification of void com.rewallapop.app.di.a.b.e(com.rewallapop.app.di.module.d, com.rewallapop.app.di.module.submodule.PolicyModule, com.rewallapop.app.di.module.ApplicationPresentationModule, com.rewallapop.app.di.module.ApplicationUseCasesModule, com.rewallapop.app.di.module.BillingModule, com.rewallapop.app.di.module.DataSourceModule, com.rewallapop.app.di.module.submodule.ads.AdsDataSourceModule, com.rewallapop.app.di.module.submodule.verticals.VerticalsDataSourceModule, com.rewallapop.app.di.module.ExecutorsModule, com.rewallapop.app.di.module.HelpshiftModule, com.rewallapop.app.di.module.MappersModule, com.rewallapop.app.di.module.submodule.ApiModelMapperModule, com.rewallapop.app.di.module.submodule.ApiV2ModelMapperModule, com.rewallapop.app.di.module.submodule.DataMapperModule, com.rewallapop.app.di.module.submodule.ViewModelMapperModule, com.rewallapop.app.di.module.RepositoryModule, com.rewallapop.app.di.module.submodule.ads.AdsRepositoryModule, com.rewallapop.app.di.module.RestModule, com.rewalla

11-10 10:45:55.849 14243 14243 W com.wallapop: Verification of void com.rewallapop.app.di.a.b.f(com.rewallapop.app.di.module.d, com.rewallapop.app.di.module.submodule.PolicyModule, com.rewallapop.app.di.module.ApplicationPresentationModule, com.rewallapop.app.di.module.ApplicationUseCasesModule, com.rewallapop.app.di.module.BillingModule, com.rewallapop.app.di.module.DataSourceModule, com.rewallapop.app.di.module.submodule.ads.AdsDataSourceModule, com.rewallapop.app.di.module.submodule.verticals.VerticalsDataSourceModule, com.rewallapop.app.di.module.ExecutorsModule, com.rewallapop.app.di.module.HelpshiftModule, com.rewallapop.app.di.module.MappersModule, com.rewallapop.app.di.module.submodule.ApiModelMapperModule, com.rewallapop.app.di.module.submodule.ApiV2ModelMapperModule, com.rewallapop.app.di.module.submodule.DataMapperModule, com.rewallapop.app.di.module.submodule.ViewModelMapperModule, com.rewallapop.app.di.module.RepositoryModule, com.rewallapop.app.di.module.submodule.ads.AdsRepositoryModule, com.rewallapop.app.di.module.RestModule, com.rewalla

11-10 10:45:55.895 14243 14299 I com.wallapop: Waiting for a blocking GC ClassLinker

11-10 10:45:55.949 14243 14286 W com.wallapop: Verification of void com.google.android.gms.internal.measurement.zzmo.<init>() took 148.654ms

11-10 10:45:56.066 14243 14299 I com.wallapop: WaitForGcToComplete blocked ClassLinker on ClassLinker for 170.356ms

11-10 10:45:56.164 14243 14243 W com.wallapop: Verification of void com.rewallapop.app.di.a.b.g(com.rewallapop.app.di.module.d, com.rewallapop.app.di.module.submodule.PolicyModule, com.rewallapop.app.di.module.ApplicationPresentationModule, com.rewallapop.app.di.module.ApplicationUseCasesModule, com.rewallapop.app.di.module.BillingModule, com.rewallapop.app.di.module.DataSourceModule, com.rewallapop.app.di.module.submodule.ads.AdsDataSourceModule, com.rewallapop.app.di.module.submodule.verticals.VerticalsDataSourceModule, com.rewallapop.app.di.module.ExecutorsModule, com.rewallapop.app.di.module.HelpshiftModule, com.rewallapop.app.di.module.MappersModule, com.rewallapop.app.di.module.submodule.ApiModelMapperModule, com.rewallapop.app.di.module.submodule.ApiV2ModelMapperModule, com.rewallapop.app.di.module.submodule.DataMapperModule, com.rewallapop.app.di.module.submodule.ViewModelMapperModule, com.rewallapop.app.di.module.RepositoryModule, com.rewallapop.app.di.module.submodule.ads.AdsRepositoryModule, com.rewallapop.app.di.module.RestModule, com.rewalla

11-10 10:45:56.397 14243 14243 W com.wallapop: Verification of void com.rewallapop.app.di.a.b.h(com.rewallapop.app.di.module.d, com.rewallapop.app.di.module.submodule.PolicyModule, com.rewallapop.app.di.module.ApplicationPresentationModule, com.rewallapop.app.di.module.ApplicationUseCasesModule, com.rewallapop.app.di.module.BillingModule, com.rewallapop.app.di.module.DataSourceModule, com.rewallapop.app.di.module.submodule.ads.AdsDataSourceModule, com.rewallapop.app.di.module.submodule.verticals.VerticalsDataSourceModule, com.rewallapop.app.di.module.ExecutorsModule, com.rewallapop.app.di.module.HelpshiftModule, com.rewallapop.app.di.module.MappersModule, com.rewallapop.app.di.module.submodule.ApiModelMapperModule, com.rewallapop.app.di.module.submodule.ApiV2ModelMapperModule, com.rewallapop.app.di.module.submodule.DataMapperModule, com.rewallapop.app.di.module.submodule.ViewModelMapperModule, com.rewallapop.app.di.module.RepositoryModule, com.rewallapop.app.di.module.submodule.ads.AdsRepositoryModule, com.rewallapop.app.di.module.RestModule, com.rewalla

11-10 10:45:56.802 14243 14286 I FA      :   adb shell setprop debug.firebase.analytics.app com.wallapop

11-10 10:45:57.521 14243 14243 W com.wallapop: Verification of java.util.Map com.rewallapop.app.di.module.TrackingModule.a() took 189.094ms

11-10 10:46:01.035 14243 14333 I stetho  : Listening on @stetho_com.wallapop_devtools_remote

11-10 10:46:01.337 14243 14339 W com.wallapop: Accessing hidden field Lsun/misc/Unsafe;->theUnsafe:Lsun/misc/Unsafe; (light greylist, reflection)

11-10 10:46:01.454 14243 14341 W com.wallapop: Accessing hidden field Ljava/nio/Buffer;->address:J (light greylist, reflection)

11-10 10:46:01.566 14243 14243 I com.wallapop: The ClassLoaderContext is a special shared library.

11-10 10:46:01.570 14243 14243 I chatty  : uid=10311(com.wallapop) identical 1 line

11-10 10:46:01.575 14243 14243 I com.wallapop: The ClassLoaderContext is a special shared library.

11-10 10:46:01.598 14243 14243 I com.wallapop: Waiting for a blocking GC ClassLinker

11-10 10:46:01.638 14243 14243 I com.wallapop: WaitForGcToComplete blocked ClassLinker on HeapTrim for 40.098ms

11-10 10:46:01.993 14243 14366 W com.wallapop: Accessing hidden method Landroid/content/Context;->bindServiceAsUser(Landroid/content/Intent;Landroid/content/ServiceConnection;ILandroid/os/Handler;Landroid/os/UserHandle;)Z (light greylist, reflection)

11-10 10:46:01.998  4211  5662 I ApplicationPolicy: isApplicationExternalStorageWhitelisted:com.wallapop user:0

11-10 10:46:01.998  4211  5662 D ActivityManager: package  com.wallapop, user - 0 is SDcard whitelisted

11-10 10:46:01.998  4211  5662 I ApplicationPolicy: isApplicationExternalStorageBlacklisted:com.wallapop user:0

11-10 10:46:01.998  4211  5662 I ApplicationPolicy: isApplicationExternalStorageBlacklisted:com.wallapop user:0

11-10 10:46:02.015  4211  4229 I ActivityManager: Start proc 14369:com.android.chrome:sandboxed_process0/u0i785 for webview_service com.wallapop/org.chromium.content.app.SandboxedProcessService0

11-10 10:46:02.050  4211  5662 D WifiPermissionsUtil: canAccessScanResults: pkgName = com.wallapop, uid = 10311

11-10 10:46:02.057  4211  5662 I ActivityManager: DSS on for com.wallapop and scale is 1.0

11-10 10:46:02.128 14243 14243 W com.wallapop: Accessing hidden method Landroid/view/textclassifier/logging/SmartSelectionEventTracker;-><init>(Landroid/content/Context;I)V (light greylist, reflection)

11-10 10:46:02.129 14243 14243 W com.wallapop: Accessing hidden method Landroid/view/textclassifier/logging/SmartSelectionEventTracker;->logEvent(Landroid/view/textclassifier/logging/SmartSelectionEventTracker$SelectionEvent;)V (light greylist, reflection)

11-10 10:46:02.129 14243 14243 W com.wallapop: Accessing hidden method Landroid/view/textclassifier/logging/SmartSelectionEventTracker$SelectionEvent;->selectionStarted(I)Landroid/view/textclassifier/logging/SmartSelectionEventTracker$SelectionEvent; (light greylist, reflection)

11-10 10:46:02.129 14243 14243 W com.wallapop: Accessing hidden method Landroid/view/textclassifier/logging/SmartSelectionEventTracker$SelectionEvent;->selectionModified(II)Landroid/view/textclassifier/logging/SmartSelectionEventTracker$SelectionEvent; (light greylist, reflection)

11-10 10:46:02.129 14243 14243 W com.wallapop: Accessing hidden method Landroid/view/textclassifier/logging/SmartSelectionEventTracker$SelectionEvent;->selectionModified(IILandroid/view/textclassifier/TextClassification;)Landroid/view/textclassifier/logging/SmartSelectionEventTracker$SelectionEvent; (light greylist, reflection)

11-10 10:46:02.129 14243 14243 W com.wallapop: Accessing hidden method Landroid/view/textclassifier/logging/SmartSelectionEventTracker$SelectionEvent;->selectionModified(IILandroid/view/textclassifier/TextSelection;)Landroid/view/textclassifier/logging/SmartSelectionEventTracker$SelectionEvent; (light greylist, reflection)

11-10 10:46:02.129 14243 14243 W com.wallapop: Accessing hidden method Landroid/view/textclassifier/logging/SmartSelectionEventTracker$SelectionEvent;->selectionAction(III)Landroid/view/textclassifier/logging/SmartSelectionEventTracker$SelectionEvent; (light greylist, reflection)

11-10 10:46:02.129 14243 14243 W com.wallapop: Accessing hidden method Landroid/view/textclassifier/logging/SmartSelectionEventTracker$SelectionEvent;->selectionAction(IIILandroid/view/textclassifier/TextClassification;)Landroid/view/textclassifier/logging/SmartSelectionEventTracker$SelectionEvent; (light greylist, reflection)

11-10 10:46:02.188 14243 14381 W com.wallapop: Accessing hidden method Landroid/media/AudioManager;->getOutputLatency(I)I (light greylist, reflection)

11-10 10:46:02.255 14243 14243 W com.wallapop: Accessing hidden method Landroid/app/ActivityThread;->currentPackageName()Ljava/lang/String; (light greylist, reflection)

11-10 10:46:02.749 14243 14433 W com.wallapop: Accessing hidden method Lcom/android/org/conscrypt/OpenSSLSocketImpl;->setAlpnProtocols([B)V (light greylist, reflection)

11-10 10:46:03.095 14243 14433 W com.wallapop: Accessing hidden method Lcom/android/org/conscrypt/OpenSSLSocketImpl;->getAlpnSelectedProtocol()[B (light greylist, reflection)

11-10 10:46:04.752  4211  4221 D SamsungAlarmManager: Cancel Alarm calling from uid:10311 pid :14243 / op:PendingIntent{6f6a6a0: PendingIntentRecord{d89e259 com.wallapop broadcastIntent}}

11-10 10:46:05.319 14243 14469 I com.wallapop: The ClassLoaderContext is a special shared library.

11-10 10:46:05.354 14243 14469 I com.wallapop: Waiting for a blocking GC ClassLinker

11-10 10:46:05.536 14243 14331 W com.wallapop: Accessing hidden method Ldalvik/system/VMRuntime;->getRuntime()Ldalvik/system/VMRuntime; (light greylist, reflection)

11-10 10:46:05.579 14243 14331 W com.wallapop: Accessing hidden method Ldalvik/system/VMRuntime;->vmInstructionSet()Ljava/lang/String; (light greylist, reflection)

11-10 10:46:06.397 14243 14469 I com.wallapop: WaitForGcToComplete blocked ClassLinker on HeapTrim for 1.042s

11-10 10:51:39.053 14663 14725 I appium  : AppiumResponse: {"sessionId":"b45d543d-cf51-44f9-b409-7fc3edfdc2b0","value":{"sessionId":"b45d543d-cf51-44f9-b409-7fc3edfdc2b0","capabilities":{"firstMatch":[{"platform":"LINUX","webStorageEnabled":false,"takesScreenshot":true,"javascriptEnabled":true,"databaseEnabled":false,"networkConnectionEnabled":true,"locationContextEnabled":false,"warnings":{},"desired":{"platformName":"android","normalizeTagNames":true,"androidInstallTimeout":150000,"app":"","appActivity":"com.rewallapop.ui.main.MainActivity","appPackage":"com.wallapop","isHeadless":false,"skipDeviceInitialization":true,"autoAcceptAlerts":true,"autoGrantPermissions":true,"automationName":"UiAutomator2","avd":"","deviceName":"3200f02dc0aab5db","deviceReadyTimeout":1,"fullReset":false,"ignoreUnimportantViews":true,"newCommandTimeout":60,"noReset":true,"systemPort":8223,"udid":"3200f02dc0aab5db"},"platformName":"android","normalizeTagNames":true,"androidInstallTimeout":150000,"app":"","appActivity":"com.rewallapop.ui.main.MainActivity","appPackage":"com.wallapop","isHeadless":false,"skipDeviceInitialization":true,"autoAcceptAlerts":true,"autoGrantPermissions":true,"automationName":"UiAutomator2","avd":"","deviceName":"3200f02dc0aab5db","deviceReadyTimeout":1,"fullReset":false,"ignoreUnimportantViews":true,"newCommandTimeout":60,"noReset":true,"systemPort":8223,"udid":"3200f02dc0aab5db","deviceUDID":"3200f02dc0aab5db"}],"alwaysMatch":{}}}}

11-10 10:51:39.623  4211  5505 I ActivityManager: Force stopping com.wallapop appid=10311 user=0: from pid 14732 caller com.android.server.am.ActivityManagerShellCommand.runStartActivity:412

11-10 10:51:39.625  4211  5505 I ActivityManager: Killing 14243:com.wallapop/u0a311 (adj 900): stop com.wallapop,from pid 14732 caller com.android.server.am.ActivityManagerShellCommand.runStartActivity:412

11-10 10:51:39.658  4211  4227 W BroadcastQueue: Background execution not allowed: receiving Intent { act=android.intent.action.PACKAGE_RESTARTED dat=package:com.wallapop flg=0x10 (has extras) } to android/com.kddi.android.CpaNotiReceiver

11-10 10:51:39.664  4211  4211 D SamsungAlarmManager: Remove alarm for next reason : android.intent.action.PACKAGE_RESTARTED : package: com.wallapop

11-10 10:51:39.909  4211  5505 I ActivityManager: START u0 {act=null typ=null flg=0x10000000 cmp=ComponentInfo{com.wallapop/com.rewallapop.ui.main.MainActivity}} from uid 2000

11-10 10:51:39.918  4211  5505 I ActivityManager: [IOP] sourceDir : /data/app/com.wallapop-YuY1orTsl_VIwwe6m0TquQ== in ActivityStacksupervisor

11-10 10:51:39.928  3727  3727 I SurfaceFlinger: id=23708 createSurf (4440x4440),2 flag=4, AppWindowToken{e30274f token=Token{3a3adae ActivityRecord{337e629 u0 com.wallapop/com.rewallapop.ui.main.MainActivity t2125}}}#0

11-10 10:51:39.942  4211  6751 D StorageManagerService: getExternalStorageMountMode : final mountMode=1, uid : 10311, packageName : com.wallapop

11-10 10:51:39.942  4211  6751 I ApplicationPolicy: isApplicationExternalStorageWhitelisted:com.wallapop user:0

11-10 10:51:39.942  4211  6751 D ActivityManager: package  com.wallapop, user - 0 is SDcard whitelisted

11-10 10:51:39.942  4211  6751 I ApplicationPolicy: isApplicationExternalStorageBlacklisted:com.wallapop user:0

11-10 10:51:39.942  4211  6751 I ApplicationPolicy: isApplicationExternalStorageBlacklisted:com.wallapop user:0

11-10 10:51:39.943  3727  3727 I SurfaceFlinger: id=23709 createSurf (4440x4440),2 flag=4, 7cecce0 Splash Screen com.wallapop#0

11-10 10:51:39.947  4211  4211 D Telecom:SamsungPrebindingServiceImpl: onTopActivityChanged : ComponentInfo{com.wallapop/com.rewallapop.ui.main.MainActivity}

11-10 10:51:39.952  4211  4310 V WindowManager: Relayout Window{7cecce0 u0 Splash Screen com.wallapop}: viewVisibility=0 req=1080x2220 {(0,0)(fillxfill) sim={adjust=pan} ty=APPLICATION_STARTING fmt=TRANSLUCENT wanim=0x10302fe

11-10 10:51:39.955  3727  3727 I SurfaceFlinger: id=23710 createSurf (1080x2220),1 flag=4, Splash Screen com.wallapop#0

11-10 10:51:39.957  4211  4310 D WindowManager: makeSurface duration=3 name=Splash Screen com.wallapop

11-10 10:51:39.962  4211  6751 V WindowManager: Resize reasons for w=Window{7cecce0 u0 Splash Screen com.wallapop}:  contentInsetsChanged=false [0,63][0,126] visibleInsetsChanged=false [0,63][0,126] stableInsetsChanged=false [0,63][0,126] outsetsChanged=false [0,0][0,0] surfaceResized=false configChanged=false dragResizingChanged=false reportOrientationChanged=false displayCutoutChanged=false nextForceRelayoutToClient=false

11-10 10:51:39.965  4211  4229 I ActivityManager: Start proc 14740:com.wallapop/u0a311 for activity com.wallapop/com.rewallapop.ui.main.MainActivity

11-10 10:51:39.978 14740 14740 I com.wallapop: Late-enabling -Xcheck:jni

11-10 10:51:39.998  4211  4310 D WindowManager: finishDrawingWindow: Window{7cecce0 u0 Splash Screen com.wallapop} mDrawState=DRAW_PENDING

11-10 10:51:39.999  4211  4310 I WindowManager: commitFinishDrawingLocked: mDrawState=READY_TO_SHOW Surface(name=Splash Screen com.wallapop)/@0x264826a

11-10 10:51:40.009 14740 14740 I com.wallapop: report jit thread pid = 14745

11-10 10:51:40.026  4211  6751 I ActivityManager: DSS on for com.wallapop and scale is 1.0

11-10 10:51:40.030  4211  6751 I WindowManager: commitFinishDrawingLocked: mDrawState=READY_TO_SHOW Surface(name=Splash Screen com.wallapop)/@0x264826a

11-10 10:51:40.038  4211  4310 I WindowManager: commitFinishDrawingLocked: mDrawState=READY_TO_SHOW Surface(name=Splash Screen com.wallapop)/@0x264826a

11-10 10:51:40.039  4211  6751 D GamePkgDataHelper: notifyAppCreate(), pkgName: com.wallapop, sendRet: true

11-10 10:51:40.039  4211  4473 D GamePkgDataHelper: getGamePkgData(). com.wallapop

11-10 10:51:40.039  4211  4473 D GameManagerService: handleMessage(), MSG_APP_CREATE. ignore. pkgName: com.wallapop

11-10 10:51:40.043  4211  6751 D GameManagerService: noteResumeComponent(), resumeComponent: com.wallapop

11-10 10:51:40.043  4211  4473 D GameManagerService: handleForegroundChange(). pkgName: com.wallapop, clsName: com.rewallapop.ui.main.MainActivity,FgActivityName:com.wallapop/com.rewallapop.ui.main.MainActivity

11-10 10:51:40.043  4211  6751 D GamePkgDataHelper: getSosPolicy(). com.wallapop

11-10 10:51:40.043  4211  4473 D GameManagerService:   handleForegroundChange(). set mFgApp: com.wallapop

11-10 10:51:40.043  4211  9311 D GamePkgDataHelper: getGamePkgDataIncServer(). com.wallapop

11-10 10:51:40.043  4211  4473 D GameManagerService: notifyResumePause(). pkg: com.wallapop, type: 4, isMinimized: false, isTunableApp: false

11-10 10:51:40.043  4211  6751 D GameManagerService: identifyGamePackage. com.wallapop

11-10 10:51:40.044  4211  6751 D GamePkgDataHelper: getGamePkgData(). com.wallapop

11-10 10:51:40.044  4211  6751 D MARsPolicyManager: onPackageResumedFG pkgName = com.wallapop, userId = 0

11-10 10:51:40.045  4211  4310 I WindowManager: commitFinishDrawingLocked: mDrawState=READY_TO_SHOW Surface(name=Splash Screen com.wallapop)/@0x264826a

11-10 10:51:40.057  4211  4310 I WindowManager: Cancelling animation restarting=true, leash=null, surface=Surface(name=AppWindowToken{e30274f token=Token{3a3adae ActivityRecord{337e629 u0 com.wallapop/com.rewallapop.ui.main.MainActivity t2125}}})/@0x2b3792f, parent=Surface(name=Task=2125)/@0xeb11b3c

11-10 10:51:40.057  4211  4310 I WindowManager: Reparenting to leash, surface=Surface(name=AppWindowToken{e30274f token=Token{3a3adae ActivityRecord{337e629 u0 com.wallapop/com.rewallapop.ui.main.MainActivity t2125}}})/@0x2b3792f

11-10 10:51:40.058  3727  3727 I SurfaceFlinger: id=23712 createSurf (4440x4440),2 flag=4, Surface(name=AppWindowToken{e30274f token=Token{3a3adae ActivityRecord{337e629 u0 com.wallapop/com.rewallapop.ui.main.MainActivity t2125}}})/@0x2b3792f - animation-leash#0

11-10 10:51:40.060  4211  4310 D WindowManager: makeSurface duration=3 leash=Surface(name=Surface(name=AppWindowToken{e30274f token=Token{3a3adae ActivityRecord{337e629 u0 com.wallapop/com.rewallapop.ui.main.MainActivity t2125}}})/@0x2b3792f - animation-leash)/@0x41d10c5

11-10 10:51:40.060  4211  4310 D SurfaceControl: reparent is called, sc=Surface(name=AppWindowToken{e30274f token=Token{3a3adae ActivityRecord{337e629 u0 com.wallapop/com.rewallapop.ui.main.MainActivity t2125}}})/@0x2b3792f, newParentHandle=android.os.BinderProxy@8da5a1a, transaction=android.view.SurfaceControl$Transaction@688794b

11-10 10:51:40.060  4211  4310 V WindowManager: performShowLocked: mDrawState=HAS_DRAWN in Window{7cecce0 u0 Splash Screen com.wallapop}

11-10 10:51:40.063  3727  3964 D Layer   : [AppWindowToken{e30274f token=Token{3a3adae ActivityRecord{337e629 u0 com.wallapop/com.rewallapop.ui.main.MainActivity t2125}}}#0]::reparent oldParent:[Task=2125#0], newParent:[Surface(name=AppWindowToken{e30274f token=Token{3a3adae ActivityRecord{337e629 u0 com.wallapop/com.rewallapop.ui.main.MainActivity t2125}}})/@0x2b3792f - animation-leash#0]

11-10 10:51:40.068  4211  6751 D GamePkgDataHelper: getSosPolicy(). com.wallapop

11-10 10:51:40.068  4211  4228 D CodecSolution: isMaxAspectPackageEx: com.wallapop : true(2)

11-10 10:51:40.070  4211  6759 D GameManagerService: identifyGamePackage. com.wallapop

11-10 10:51:40.071  4211  6759 D GamePkgDataHelper: getGamePkgData(). com.wallapop

11-10 10:51:40.073  4211  4228 D WindowManager: setSystemUiVisibility: vis= 0xa018, fullscreenVis= 0x2000, dockedVis= 0x0, win=Window{7cecce0 u0 Splash Screen com.wallapop}

11-10 10:51:40.073 14740 14740 I com.wallapop: The ClassLoaderContext is a special shared library.

11-10 10:51:40.075  4211  6753 D GameManagerService: identifyGamePackage. com.wallapop

11-10 10:51:40.075  4211  6753 D GamePkgDataHelper: getGamePkgData(). com.wallapop

11-10 10:51:40.157  3727  3727 I SurfaceFlinger:      Client | 0x70de0335c0 | 0000 | RGBA_8888 |   0.0    0.0 1080.0 2220.0 |   91  186  989 2034 | Splash Screen com.wallapop#0

11-10 10:51:40.198  4211  4669 D MdnieScenarioControlService:  packageName : com.wallapop    className : com.rewallapop.ui.main.MainActivity

11-10 10:51:40.198  3727  3727 I SurfaceFlinger:      Device | 0x70de0335c0 | 0000 | RGBA_8888 |   0.0    0.0 1080.0 2220.0 |   50  103 1030 2117 | Splash Screen com.wallapop#0

11-10 10:51:40.314  4211  4310 I WindowManager: reset, Reparenting to original parent, shouldDeferScheduleAnimation=false, destroyLeash=true, surface=Surface(name=AppWindowToken{e30274f token=Token{3a3adae ActivityRecord{337e629 u0 com.wallapop/com.rewallapop.ui.main.MainActivity t2125}}})/@0x2b3792f, parent=Surface(name=Task=2125)/@0xeb11b3c, parentNativeHandle=android.os.BinderProxy@b635f27, caller=com.android.server.wm.SurfaceAnimator.lambda$getFinishedCallback$0:97 com.android.server.wm.-$$Lambda$SurfaceAnimator$SIBia0mND666K8lMCPsoid8pUTI.run:4 com.android.server.wm.SurfaceAnimator.lambda$getFinishedCallback$1:104 com.android.server.wm.-$$Lambda$SurfaceAnimator$vdRZk66hQVbQCvVXEaQCT1kVmFc.onAnimationFinished:4 com.android.server.wm.LocalAnimationAdapter.lambda$startAnimation$0:74

11-10 10:51:40.314  4211  4310 D SurfaceControl: reparent is called, sc=Surface(name=AppWindowToken{e30274f token=Token{3a3adae ActivityRecord{337e629 u0 com.wallapop/com.rewallapop.ui.main.MainActivity t2125}}})/@0x2b3792f, newParentHandle=android.os.BinderProxy@b635f27, transaction=android.view.SurfaceControl$Transaction@688794b

11-10 10:51:40.315  4211  4310 D SurfaceControl: destroy(transaction), animation-leash is destroyed, sc=Surface(name=Surface(name=AppWindowToken{e30274f token=Token{3a3adae ActivityRecord{337e629 u0 com.wallapop/com.rewallapop.ui.main.MainActivity t2125}}})/@0x2b3792f - animation-leash)/@0x41d10c5, transaction=android.view.SurfaceControl$Transaction@688794b, caller=com.android.server.wm.SurfaceAnimator.reset:338 com.android.server.wm.SurfaceAnimator.lambda$getFinishedCallback$0:97 com.android.server.wm.-$$Lambda$SurfaceAnimator$SIBia0mND666K8lMCPsoid8pUTI.run:4 com.android.server.wm.SurfaceAnimator.lambda$getFinishedCallback$1:104 com.android.server.wm.-$$Lambda$SurfaceAnimator$vdRZk66hQVbQCvVXEaQCT1kVmFc.onAnimationFinished:4 com.android.server.wm.LocalAnimationAdapter.lambda$startAnimation$0:74 com.android.server.wm.-$$Lambda$LocalAnimationAdapter$X--EomqUvw4qy89IeeTFTH7aCMo.run:4

11-10 10:51:40.316  3727  3771 D Layer   : [AppWindowToken{e30274f token=Token{3a3adae ActivityRecord{337e629 u0 com.wallapop/com.rewallapop.ui.main.MainActivity t2125}}}#0]::reparent oldParent:[Surface(name=AppWindowToken{e30274f token=Token{3a3adae ActivityRecord{337e629 u0 com.wallapop/com.rewallapop.ui.main.MainActivity t2125}}})/@0x2b3792f - animation-leash#0], newParent:[Task=2125#0]

11-10 10:51:40.316  3727  3771 I SurfaceFlinger: id=23712 Removed Surface(name=AppWindowToken{e30274f token=Token{3a3adae ActivityRecord{337e629 u0 com.wallapop/com.rewallapop.ui.main.MainActivity t2125}}})/@0x2b3792f - animation-leash#0 (0/54)

11-10 10:51:40.330  3727  3727 I Layer   : id=23712 onRemoved Surface(name=AppWindowToken{e30274f token=Token{3a3adae ActivityRecord{337e629 u0 com.wallapop/com.rewallapop.ui.main.MainActivity t2125}}})/@0x2b3792f - animation-leash#0

11-10 10:51:40.355  3727  3727 I SurfaceFlinger:      Device | 0x70de0335c0 | 0000 | RGBA_8888 |   0.0    0.0 1080.0 2220.0 |    0    0 1080 2220 | Splash Screen com.wallapop#0

11-10 10:51:41.990  4211  4390 D WifiTrafficPoller: TrafficStats TxPkts=770709 RxPkts=1366970 TxBytes=175793861 RxBytes=1292059470 , Foreground uid=10311 pkgName=com.wallapop TxPackets=66979 RxPackets=75336 TxBytes=10526846 RxBytes=73051482

11-10 10:51:42.280 14740 14775 W com.wallapop: Unsupported class loader

11-10 10:51:42.283 14740 14775 W com.wallapop: Skipping duplicate class check due to unsupported classloader

11-10 10:51:42.289 14740 14762 I FA      :   adb shell setprop debug.firebase.analytics.app com.wallapop

11-10 10:51:42.327 14740 14775 W com.wallapop: Unsupported class loader

11-10 10:51:44.090 14740 14808 I stetho  : Listening on @stetho_com.wallapop_devtools_remote

11-10 10:51:44.251 14740 14814 W com.wallapop: Accessing hidden field Lsun/misc/Unsafe;->theUnsafe:Lsun/misc/Unsafe; (light greylist, reflection)

11-10 10:51:44.389 14740 14816 W com.wallapop: Accessing hidden field Ljava/nio/Buffer;->address:J (light greylist, reflection)

11-10 10:51:44.487 14740 14740 I com.wallapop: The ClassLoaderContext is a special shared library.

11-10 10:51:44.492 14740 14740 I chatty  : uid=10311(com.wallapop) identical 1 line

11-10 10:51:44.496 14740 14740 I com.wallapop: The ClassLoaderContext is a special shared library.

11-10 10:51:44.741 14740 14740 I com.wallapop: Waiting for a blocking GC ClassLinker

11-10 10:51:44.776 14740 14751 I com.wallapop: Background concurrent copying GC freed 212051(11MB) AllocSpace objects, 34(5MB) LOS objects, 49% free, 11MB/22MB, paused 247us total 123.536ms

11-10 10:51:44.776 14740 14740 I com.wallapop: WaitForGcToComplete blocked ClassLinker on ClassLinker for 35.389ms

11-10 10:51:44.874 14740 14840 W com.wallapop: Accessing hidden method Landroid/content/Context;->bindServiceAsUser(Landroid/content/Intent;Landroid/content/ServiceConnection;ILandroid/os/Handler;Landroid/os/UserHandle;)Z (light greylist, reflection)

11-10 10:51:44.879  4211  6751 I ApplicationPolicy: isApplicationExternalStorageWhitelisted:com.wallapop user:0

11-10 10:51:44.880  4211  6751 D ActivityManager: package  com.wallapop, user - 0 is SDcard whitelisted

11-10 10:51:44.880  4211  6751 I ApplicationPolicy: isApplicationExternalStorageBlacklisted:com.wallapop user:0

11-10 10:51:44.880  4211  6751 I ApplicationPolicy: isApplicationExternalStorageBlacklisted:com.wallapop user:0

11-10 10:51:44.896  4211  4229 I ActivityManager: Start proc 14843:com.android.chrome:sandboxed_process0/u0i786 for webview_service com.wallapop/org.chromium.content.app.SandboxedProcessService0

11-10 10:51:44.934  4211  6257 D WifiPermissionsUtil: canAccessScanResults: pkgName = com.wallapop, uid = 10311

11-10 10:51:44.946  4211  6753 I ActivityManager: DSS on for com.wallapop and scale is 1.0

11-10 10:51:44.948  4211  6753 D MultiDisplayManager: init process display: set packageProcessId, displayId=0, same_package_proc=ProcessRecord{4321272d0 14740:com.wallapop/u0a311}, app=ProcessRecord{b1fc3e8d0 14843:com.android.chrome:sandboxed_process0/u0a311i786}

11-10 10:51:45.005 14740 14740 W com.wallapop: Accessing hidden method Landroid/view/textclassifier/logging/SmartSelectionEventTracker;-><init>(Landroid/content/Context;I)V (light greylist, reflection)

11-10 10:51:45.005 14740 14740 W com.wallapop: Accessing hidden method Landroid/view/textclassifier/logging/SmartSelectionEventTracker;->logEvent(Landroid/view/textclassifier/logging/SmartSelectionEventTracker$SelectionEvent;)V (light greylist, reflection)

11-10 10:51:45.006 14740 14740 W com.wallapop: Accessing hidden method Landroid/view/textclassifier/logging/SmartSelectionEventTracker$SelectionEvent;->selectionStarted(I)Landroid/view/textclassifier/logging/SmartSelectionEventTracker$SelectionEvent; (light greylist, reflection)

11-10 10:51:45.006 14740 14740 W com.wallapop: Accessing hidden method Landroid/view/textclassifier/logging/SmartSelectionEventTracker$SelectionEvent;->selectionModified(II)Landroid/view/textclassifier/logging/SmartSelectionEventTracker$SelectionEvent; (light greylist, reflection)

11-10 10:51:45.006 14740 14740 W com.wallapop: Accessing hidden method Landroid/view/textclassifier/logging/SmartSelectionEventTracker$SelectionEvent;->selectionModified(IILandroid/view/textclassifier/TextClassification;)Landroid/view/textclassifier/logging/SmartSelectionEventTracker$SelectionEvent; (light greylist, reflection)

11-10 10:51:45.006 14740 14740 W com.wallapop: Accessing hidden method Landroid/view/textclassifier/logging/SmartSelectionEventTracker$SelectionEvent;->selectionModified(IILandroid/view/textclassifier/TextSelection;)Landroid/view/textclassifier/logging/SmartSelectionEventTracker$SelectionEvent; (light greylist, reflection)

11-10 10:51:45.006 14740 14740 W com.wallapop: Accessing hidden method Landroid/view/textclassifier/logging/SmartSelectionEventTracker$SelectionEvent;->selectionAction(III)Landroid/view/textclassifier/logging/SmartSelectionEventTracker$SelectionEvent; (light greylist, reflection)

11-10 10:51:45.006 14740 14740 W com.wallapop: Accessing hidden method Landroid/view/textclassifier/logging/SmartSelectionEventTracker$SelectionEvent;->selectionAction(IIILandroid/view/textclassifier/TextClassification;)Landroid/view/textclassifier/logging/SmartSelectionEventTracker$SelectionEvent; (light greylist, reflection)

11-10 10:51:45.065 14740 14854 W com.wallapop: Accessing hidden method Landroid/media/AudioManager;->getOutputLatency(I)I (light greylist, reflection)

11-10 10:51:45.144 14740 14740 W com.wallapop: Accessing hidden method Landroid/app/ActivityThread;->currentPackageName()Ljava/lang/String; (light greylist, reflection)

11-10 10:51:45.506 14740 14911 W com.wallapop: Accessing hidden method Lcom/android/org/conscrypt/OpenSSLSocketImpl;->setAlpnProtocols([B)V (light greylist, reflection)

11-10 10:51:45.849 14740 14911 W com.wallapop: Accessing hidden method Lcom/android/org/conscrypt/OpenSSLSocketImpl;->getAlpnSelectedProtocol()[B (light greylist, reflection)

11-10 10:51:46.074  4211  7608 D GameManagerService: identifyGamePackage. com.wallapop

11-10 10:51:46.074  4211  4390 D WifiTrafficPoller: TrafficStats TxPkts=770739 RxPkts=1367046 TxBytes=175812416 RxBytes=1292085155 , Foreground uid=10311 pkgName=com.wallapop TxPackets=67005 RxPackets=75353 TxBytes=10545179 RxBytes=73063090

11-10 10:51:46.074  4211  7608 D GamePkgDataHelper: getGamePkgData(). com.wallapop

11-10 10:51:47.495  4211  6257 D SamsungAlarmManager: Cancel Alarm calling from uid:10311 pid :14740 / op:PendingIntent{bd29130: PendingIntentRecord{d89e259 com.wallapop broadcastIntent}}

11-10 10:51:47.555 14740 14740 W com.wallapop: Accessing hidden method Landroid/graphics/drawable/Drawable;->getOpticalInsets()Landroid/graphics/Insets; (light greylist, linking)

11-10 10:51:47.555 14740 14740 W com.wallapop: Accessing hidden field Landroid/graphics/Insets;->left:I (light greylist, linking)

11-10 10:51:47.555 14740 14740 W com.wallapop: Accessing hidden field Landroid/graphics/Insets;->right:I (light greylist, linking)

11-10 10:51:47.555 14740 14740 W com.wallapop: Accessing hidden field Landroid/graphics/Insets;->top:I (light greylist, linking)

11-10 10:51:47.555 14740 14740 W com.wallapop: Accessing hidden field Landroid/graphics/Insets;->bottom:I (light greylist, linking)

11-10 10:51:47.914 14740 14751 I com.wallapop: Background concurrent copying GC freed 93059(9MB) AllocSpace objects, 43(2020KB) LOS objects, 49% free, 11MB/22MB, paused 291us total 132.392ms

11-10 10:51:48.157 14740 14740 W com.wallapop: Accessing hidden method Landroid/view/View;->computeFitSystemWindows(Landroid/graphics/Rect;Landroid/graphics/Rect;)Z (light greylist, reflection)

11-10 10:51:48.159 14740 14740 W com.wallapop: Accessing hidden method Landroid/view/ViewGroup;->makeOptionalFitsSystemWindows()V (light greylist, reflection)

11-10 10:51:48.187 14740 14740 W com.wallapop: Accessing hidden field Landroid/view/ViewGroup;->mOnHierarchyChangeListener:Landroid/view/ViewGroup$OnHierarchyChangeListener; (light greylist, reflection)

11-10 10:51:48.227  4211  6751 D SamsungAlarmManager: Cancel Alarm calling from uid:10311 pid :14740 / op:PendingIntent{dccc8eb: PendingIntentRecord{62b5648 com.wallapop broadcastIntent}}

11-10 10:51:48.251  4211  6751 D LocationManagerService: request 1f9dcad passive Request[POWER_NONE passive fastest=0 num=1 lowPowerMode=false] from com.wallapop(10311 foreground)

11-10 10:51:48.253  4622  4682 E RequestManager_FLP: [LocationManagerService] Location request 1f9dcad(PendingIntent) passive interval=0 from com.wallapop(10311)

11-10 10:51:48.281 14740 14740 I chatty  : uid=10311(com.wallapop) identical 2 lines

11-10 10:51:48.298 14740 14740 I chatty  : uid=10311(com.wallapop) identical 8 lines

11-10 10:51:48.298 14740 14740 I chatty  : uid=10311(com.wallapop) identical 1 line

11-10 10:51:48.300 14740 14740 I chatty  : uid=10311(com.wallapop) identical 8 lines

11-10 10:51:48.447  4211  6257 I ActivityManager: START u0 {act=null typ=null flg=0x0 cmp=ComponentInfo{com.wallapop/com.rewallapop.ui.wall.WallActivity}} from uid 10311

11-10 10:51:48.460  3727  3727 I SurfaceFlinger: id=23713 createSurf (4440x4440),2 flag=4, AppWindowToken{4c38ef4 token=Token{82d08c7 ActivityRecord{719ca06 u0 com.wallapop/com.rewallapop.ui.wall.WallActivity t2125}}}#0

11-10 10:51:48.464  4211  6257 D SurfaceControl: reparent is called, sc=Surface(name=7cecce0 Splash Screen com.wallapop)/@0x18a661d, newParentHandle=android.os.BinderProxy@a788092, transaction=android.view.SurfaceControl$Transaction@f676a63

11-10 10:51:48.467  4211  4228 D WindowManager: setSystemUiVisibility: vis= 0xa018, fullscreenVis= 0x2000, dockedVis= 0x0, win=Window{7cecce0 u0 Splash Screen com.wallapop}

11-10 10:51:48.468  3727  3771 D Layer   : [7cecce0 Splash Screen com.wallapop#0]::reparent oldParent:[AppWindowToken{e30274f token=Token{3a3adae ActivityRecord{337e629 u0 com.wallapop/com.rewallapop.ui.main.MainActivity t2125}}}#0], newParent:[AppWindowToken{4c38ef4 token=Token{82d08c7 ActivityRecord{719ca06 u0 com.wallapop/com.rewallapop.ui.wall.WallActivity t2125}}}#0]

11-10 10:51:48.470  4211  4211 D Telecom:SamsungPrebindingServiceImpl: onTopActivityChanged : ComponentInfo{com.wallapop/com.rewallapop.ui.wall.WallActivity}

11-10 10:51:48.633 14740 14994 I com.wallapop: The ClassLoaderContext is a special shared library.

11-10 10:51:48.716  4211  4227 D ApplicationPolicy: isStatusBarNotificationAllowedAsUser: packageName = com.wallapop,userId = 0

11-10 10:51:48.716  4211  4227 D ApplicationPolicy: isStatusBarNotificationAllowedAsUser: packageName = com.wallapop,userId = 0

11-10 10:51:48.723  4211  6751 D GamePkgDataHelper: notifyAppCreate(), pkgName: com.wallapop, sendRet: true

11-10 10:51:48.724  4211  4473 D GamePkgDataHelper: getGamePkgData(). com.wallapop

11-10 10:51:48.724  4211  4473 D GameManagerService: handleMessage(), MSG_APP_CREATE. ignore. pkgName: com.wallapop

11-10 10:51:48.726  4211  6751 D GameManagerService: noteResumeComponent(), resumeComponent: com.wallapop

11-10 10:51:48.726  4211  6751 D MARsPolicyManager: onPackageResumedFG pkgName = com.wallapop, userId = 0

11-10 10:51:48.726  4211  4473 D GameManagerService: handleForegroundChange(). pkgName: com.wallapop, clsName: com.rewallapop.ui.wall.WallActivity,FgActivityName:com.wallapop/com.rewallapop.ui.wall.WallActivity

11-10 10:51:48.728  4211  4211 D Telecom:SamsungPrebindingServiceImpl: onTopActivityChanged : ComponentInfo{com.wallapop/com.rewallapop.ui.wall.WallActivity}

11-10 10:51:48.734  4211  6751 I WindowManager: Cancelling animation restarting=true, leash=null, surface=Surface(name=AppWindowToken{e30274f token=Token{3a3adae ActivityRecord{337e629 u0 com.wallapop/com.rewallapop.ui.main.MainActivity t2125}}})/@0x2b3792f, parent=Surface(name=Task=2125)/@0xeb11b3c

11-10 10:51:48.734  4211  6751 I WindowManager: Reparenting to leash, surface=Surface(name=AppWindowToken{e30274f token=Token{3a3adae ActivityRecord{337e629 u0 com.wallapop/com.rewallapop.ui.main.MainActivity t2125}}})/@0x2b3792f

11-10 10:51:48.734  3727  3727 I SurfaceFlinger: id=23714 createSurf (4440x4440),2 flag=4, Surface(name=AppWindowToken{e30274f token=Token{3a3adae ActivityRecord{337e629 u0 com.wallapop/com.rewallapop.ui.main.MainActivity t2125}}})/@0x2b3792f - animation-leash#0

11-10 10:51:48.736  4211  6751 D WindowManager: makeSurface duration=2 leash=Surface(name=Surface(name=AppWindowToken{e30274f token=Token{3a3adae ActivityRecord{337e629 u0 com.wallapop/com.rewallapop.ui.main.MainActivity t2125}}})/@0x2b3792f - animation-leash)/@0x33e6790

11-10 10:51:48.736  4211  6751 D SurfaceControl: reparent is called, sc=Surface(name=AppWindowToken{e30274f token=Token{3a3adae ActivityRecord{337e629 u0 com.wallapop/com.rewallapop.ui.main.MainActivity t2125}}})/@0x2b3792f, newParentHandle=android.os.BinderProxy@e802889, transaction=android.view.SurfaceControl$Transaction@688794b

11-10 10:51:48.740  3727  3964 D Layer   : [AppWindowToken{e30274f token=Token{3a3adae ActivityRecord{337e629 u0 com.wallapop/com.rewallapop.ui.main.MainActivity t2125}}}#0]::reparent oldParent:[Task=2125#0], newParent:[Surface(name=AppWindowToken{e30274f token=Token{3a3adae ActivityRecord{337e629 u0 com.wallapop/com.rewallapop.ui.main.MainActivity t2125}}})/@0x2b3792f - animation-leash#0]

11-10 10:51:48.795 14740 14806 W com.wallapop: Accessing hidden method Ldalvik/system/VMRuntime;->getRuntime()Ldalvik/system/VMRuntime; (light greylist, reflection)

11-10 10:51:48.796 14740 14806 W com.wallapop: Accessing hidden method Ldalvik/system/VMRuntime;->vmInstructionSet()Ljava/lang/String; (light greylist, reflection)

11-10 10:51:48.822 23911 23911 D Notification.Badge: [valid] onNotificationPosted : StatusBarNotification(pkg=com.wallapop user=UserHandle{0} id=999 tag=null key=0|com.wallapop|999|null|10311: Notification(channel=wallapop_channel pri=-2 contentView=null vibrate=null sound=null defaults=0x0 flags=0x62 color=0x00000000 vis=PRIVATE semFlags=0x0 semPriority=0 semMissedCount=0))

11-10 10:51:48.822 23911 23911 D Notification.Badge: notificationKey : 0|com.wallapop|999|null|10311, count : 0, this.count : 1

11-10 10:51:48.823 23911 23978 D Notification.Badge: LauncherModel:onNotificationPosted() : com.wallapop, count : [0], shouldBeFilteredOut : [false]

11-10 10:51:48.823 23911 23978 D Notification.Badge: notificationKey : 0|com.wallapop|999|null|10311, count : 1, mTotalCount : 1

11-10 10:51:48.828 23911 23978 D Notification.Badge: updateLauncherIconBadges() item : [IconInfo(title=_Wallapop_ intent=Intent { act=android.intent.action.MAIN cat=[android.intent.category.LAUNCHER] flg=0x10200000 cmp=com.wallapop/.activities.HomeActivity (has extras) } id=160 type=0 container=-102 screen=1 cellX=3 cellY=0 spanX=1 spanY=1 rank=3 hidden=0 dropPos=null user=UserHandle{0} screenType=0)], mShowBadge : [true], item.mBadgeCount : [1]

11-10 10:51:48.832 23911 23911 D RecommendedView: updateBadgeItems: [IconInfo(title=_Wallapop_ intent=Intent { act=android.intent.action.MAIN cat=[android.intent.category.LAUNCHER] flg=0x10200000 cmp=com.wallapop/.activities.HomeActivity (has extras) } id=160 type=0 container=-102 screen=1 cellX=3 cellY=0 spanX=1 spanY=1 rank=3 hidden=0 dropPos=null user=UserHandle{0} screenType=0)]

11-10 10:51:48.841  3562  3582 I Finsky  : [8251] fxs.d(3): com.wallapop: Account determined from installer data - [rJj4Md76H4LxoN-B4dnoZM7XaXDDBcXGlC-caOCi6Uc]

11-10 10:51:48.842  3562  3582 I Finsky  : [8251] fxs.d(14): com.wallapop: Account from preferred account - [rJj4Md76H4LxoN-B4dnoZM7XaXDDBcXGlC-caOCi6Uc]

11-10 10:51:48.847  3562  3587 I Finsky  : [8252] fxs.d(3): com.wallapop: Account determined from installer data - [rJj4Md76H4LxoN-B4dnoZM7XaXDDBcXGlC-caOCi6Uc]

11-10 10:51:48.847  3562  3587 I Finsky  : [8252] fxs.d(14): com.wallapop: Account from preferred account - [rJj4Md76H4LxoN-B4dnoZM7XaXDDBcXGlC-caOCi6Uc]

11-10 10:51:48.849  3562  3587 I Finsky  : [8252] fxs.d(3): com.wallapop: Account determined from installer data - [rJj4Md76H4LxoN-B4dnoZM7XaXDDBcXGlC-caOCi6Uc]

11-10 10:51:48.849  3562  3587 I Finsky  : [8252] fxs.d(14): com.wallapop: Account from preferred account - [rJj4Md76H4LxoN-B4dnoZM7XaXDDBcXGlC-caOCi6Uc]

11-10 10:51:48.852  3562  3587 I Finsky  : [8252] fxs.d(3): com.wallapop: Account determined from installer data - [rJj4Md76H4LxoN-B4dnoZM7XaXDDBcXGlC-caOCi6Uc]

11-10 10:51:48.852  3562  3587 I Finsky  : [8252] fxs.d(14): com.wallapop: Account from preferred account - [rJj4Md76H4LxoN-B4dnoZM7XaXDDBcXGlC-caOCi6Uc]

11-10 10:51:49.044  4211  4310 I WindowManager: reset, Reparenting to original parent, shouldDeferScheduleAnimation=false, destroyLeash=true, surface=Surface(name=AppWindowToken{e30274f token=Token{3a3adae ActivityRecord{337e629 u0 com.wallapop/com.rewallapop.ui.main.MainActivity t2125}}})/@0x2b3792f, parent=Surface(name=Task=2125)/@0xeb11b3c, parentNativeHandle=android.os.BinderProxy@b635f27, caller=com.android.server.wm.SurfaceAnimator.lambda$getFinishedCallback$0:97 com.android.server.wm.-$$Lambda$SurfaceAnimator$SIBia0mND666K8lMCPsoid8pUTI.run:4 com.android.server.wm.SurfaceAnimator.lambda$getFinishedCallback$1:104 com.android.server.wm.-$$Lambda$SurfaceAnimator$vdRZk66hQVbQCvVXEaQCT1kVmFc.onAnimationFinished:4 com.android.server.wm.LocalAnimationAdapter.lambda$startAnimation$0:74

11-10 10:51:49.044  4211  4310 D SurfaceControl: reparent is called, sc=Surface(name=AppWindowToken{e30274f token=Token{3a3adae ActivityRecord{337e629 u0 com.wallapop/com.rewallapop.ui.main.MainActivity t2125}}})/@0x2b3792f, newParentHandle=android.os.BinderProxy@b635f27, transaction=android.view.SurfaceControl$Transaction@688794b

11-10 10:51:49.044  4211  4310 D SurfaceControl: destroy(transaction), animation-leash is destroyed, sc=Surface(name=Surface(name=AppWindowToken{e30274f token=Token{3a3adae ActivityRecord{337e629 u0 com.wallapop/com.rewallapop.ui.main.MainActivity t2125}}})/@0x2b3792f - animation-leash)/@0x33e6790, transaction=android.view.SurfaceControl$Transaction@688794b, caller=com.android.server.wm.SurfaceAnimator.reset:338 com.android.server.wm.SurfaceAnimator.lambda$getFinishedCallback$0:97 com.android.server.wm.-$$Lambda$SurfaceAnimator$SIBia0mND666K8lMCPsoid8pUTI.run:4 com.android.server.wm.SurfaceAnimator.lambda$getFinishedCallback$1:104 com.android.server.wm.-$$Lambda$SurfaceAnimator$vdRZk66hQVbQCvVXEaQCT1kVmFc.onAnimationFinished:4 com.android.server.wm.LocalAnimationAdapter.lambda$startAnimation$0:74 com.android.server.wm.-$$Lambda$LocalAnimationAdapter$X--EomqUvw4qy89IeeTFTH7aCMo.run:4

11-10 10:51:49.059  3727  5386 D Layer   : [AppWindowToken{e30274f token=Token{3a3adae ActivityRecord{337e629 u0 com.wallapop/com.rewallapop.ui.main.MainActivity t2125}}}#0]::reparent oldParent:[Surface(name=AppWindowToken{e30274f token=Token{3a3adae ActivityRecord{337e629 u0 com.wallapop/com.rewallapop.ui.main.MainActivity t2125}}})/@0x2b3792f - animation-leash#0], newParent:[Task=2125#0]

11-10 10:51:49.059  3727  5386 I SurfaceFlinger: id=23714 Removed Surface(name=AppWindowToken{e30274f token=Token{3a3adae ActivityRecord{337e629 u0 com.wallapop/com.rewallapop.ui.main.MainActivity t2125}}})/@0x2b3792f - animation-leash#0 (0/53)

11-10 10:51:49.075  3727  3727 I Layer   : id=23714 onRemoved Surface(name=AppWindowToken{e30274f token=Token{3a3adae ActivityRecord{337e629 u0 com.wallapop/com.rewallapop.ui.main.MainActivity t2125}}})/@0x2b3792f - animation-leash#0

11-10 10:51:49.205  4211  6759 D SamsungAlarmManager: Cancel Alarm calling from uid:10311 pid :14740 / op:PendingIntent{a61d643: PendingIntentRecord{62b5648 com.wallapop broadcastIntent}}

11-10 10:51:49.299 14740 14751 I com.wallapop: Background concurrent copying GC freed 148640(8MB) AllocSpace objects, 42(1544KB) LOS objects, 50% free, 16MB/33MB, paused 386us total 304.905ms

11-10 10:51:49.432 14740 14740 W com.wallapop: Accessing hidden method Landroid/widget/TextView;->getTextDirectionHeuristic()Landroid/text/TextDirectionHeuristic; (light greylist, linking)

11-10 10:51:49.439 14740 14740 W com.wallapop: Accessing hidden method Landroid/graphics/FontFamily;-><init>()V (light greylist, reflection)

11-10 10:51:49.439 14740 14740 W com.wallapop: Accessing hidden method Landroid/graphics/FontFamily;->addFontFromAssetManager(Landroid/content/res/AssetManager;Ljava/lang/String;IZIII[Landroid/graphics/fonts/FontVariationAxis;)Z (light greylist, reflection)

11-10 10:51:49.439 14740 14740 W com.wallapop: Accessing hidden method Landroid/graphics/FontFamily;->addFontFromBuffer(Ljava/nio/ByteBuffer;I[Landroid/graphics/fonts/FontVariationAxis;II)Z (light greylist, reflection)

11-10 10:51:49.440 14740 14740 W com.wallapop: Accessing hidden method Landroid/graphics/FontFamily;->freeze()Z (light greylist, reflection)

11-10 10:51:49.440 14740 14740 W com.wallapop: Accessing hidden method Landroid/graphics/FontFamily;->abortCreation()V (light greylist, reflection)

11-10 10:51:49.440 14740 14740 W com.wallapop: Accessing hidden method Landroid/graphics/Typeface;->createFromFamiliesWithDefault([Landroid/graphics/FontFamily;Ljava/lang/String;II)Landroid/graphics/Typeface; (light greylist, reflection)

11-10 10:51:49.943 14740 14906 I com.wallapop: The ClassLoaderContext is a special shared library.

11-10 10:51:50.107  4211  4390 D WifiTrafficPoller: TrafficStats TxPkts=770927 RxPkts=1367251 TxBytes=175840317 RxBytes=1292184041 , Foreground uid=10311 pkgName=com.wallapop TxPackets=67173 RxPackets=75489 TxBytes=10572004 RxBytes=73145897

11-10 10:51:50.452  3727  3727 I SurfaceFlinger: id=23715 createSurf (4440x4440),2 flag=4, fd14d7f com.wallapop/com.rewallapop.ui.wall.WallActivity#0

11-10 10:51:50.455  4211  5239 D ActivityManagerPerformance: Received MSG_DISABLE_ACT_START, r: ActivityRecord{719ca06 u0 com.wallapop/com.rewallapop.ui.wall.WallActivity t2125}

11-10 10:51:50.490  3562  3587 I Finsky  : [8252] fxs.d(3): com.wallapop: Account determined from installer data - [rJj4Md76H4LxoN-B4dnoZM7XaXDDBcXGlC-caOCi6Uc]

11-10 10:51:50.491  3562  3587 I Finsky  : [8252] fxs.d(14): com.wallapop: Account from preferred account - [rJj4Md76H4LxoN-B4dnoZM7XaXDDBcXGlC-caOCi6Uc]

11-10 10:51:50.571  3562  3587 I Finsky  : [8252] fxs.d(3): com.wallapop: Account determined from installer data - [rJj4Md76H4LxoN-B4dnoZM7XaXDDBcXGlC-caOCi6Uc]

11-10 10:51:50.572  3562  3587 I Finsky  : [8252] fxs.d(14): com.wallapop: Account from preferred account - [rJj4Md76H4LxoN-B4dnoZM7XaXDDBcXGlC-caOCi6Uc]

11-10 10:51:50.651  3562  3587 I Finsky  : [8252] fxs.d(3): com.wallapop: Account determined from installer data - [rJj4Md76H4LxoN-B4dnoZM7XaXDDBcXGlC-caOCi6Uc]

11-10 10:51:50.651  3562  3587 I Finsky  : [8252] fxs.d(14): com.wallapop: Account from preferred account - [rJj4Md76H4LxoN-B4dnoZM7XaXDDBcXGlC-caOCi6Uc]

11-10 10:51:50.732  3562  3587 I Finsky  : [8252] fxs.d(3): com.wallapop: Account determined from installer data - [rJj4Md76H4LxoN-B4dnoZM7XaXDDBcXGlC-caOCi6Uc]

11-10 10:51:50.732  3562  3587 I Finsky  : [8252] fxs.d(14): com.wallapop: Account from preferred account - [rJj4Md76H4LxoN-B4dnoZM7XaXDDBcXGlC-caOCi6Uc]

11-10 10:51:50.770 14740 14751 I com.wallapop: Background concurrent copying GC freed 184341(15MB) AllocSpace objects, 52(2MB) LOS objects, 50% free, 18MB/36MB, paused 402us total 194.386ms

11-10 10:51:51.237  4211  6751 V WindowManager: Relayout Window{fd14d7f u0 com.wallapop/com.rewallapop.ui.wall.WallActivity}: viewVisibility=0 req=1080x2220 {(0,0)(fillxfill) sim={adjust=resize forwardNavigation} ty=BASE_APPLICATION wanim=0x10302fe

11-10 10:51:51.243  3727  3727 I SurfaceFlinger: id=23716 createSurf (1080x2220),1 flag=404, com.wallapop/com.rewallapop.ui.wall.WallActivity[14740]#0

11-10 10:51:51.245  4211  6751 D WindowManager: makeSurface duration=4 name=com.wallapop/com.rewallapop.ui.wall.WallActivity[14740]

11-10 10:51:51.246  4211  6751 V WindowManager: Changing focus from null to Window{fd14d7f u0 com.wallapop/com.rewallapop.ui.wall.WallActivity} Callers=com.android.server.wm.WindowManagerService.relayoutWindow:2526 com.android.server.wm.Session.relayoutForTranslate:302 android.view.IWindowSession$Stub.onTransact:518 com.android.server.wm.Session.onTransact:186

11-10 10:51:51.247  4211  4228 D WindowManager: setSystemUiVisibility: vis= 0xa518, fullscreenVis= 0x2000, dockedVis= 0x0, win=Window{fd14d7f u0 com.wallapop/com.rewallapop.ui.wall.WallActivity}

11-10 10:51:51.251  4211  4242 D WindowManager: reportFocusChangedSerialized, focused=true, inTouchMode=true, win=Window{fd14d7f u0 com.wallapop/com.rewallapop.ui.wall.WallActivity}

11-10 10:51:51.398  3562  3582 I Finsky  : [8251] fxs.d(3): com.wallapop: Account determined from installer data - [rJj4Md76H4LxoN-B4dnoZM7XaXDDBcXGlC-caOCi6Uc]

11-10 10:51:51.399  3562  3582 I Finsky  : [8251] fxs.d(14): com.wallapop: Account from preferred account - [rJj4Md76H4LxoN-B4dnoZM7XaXDDBcXGlC-caOCi6Uc]

11-10 10:51:51.684  4211  6753 D WindowManager: finishDrawingWindow: Window{fd14d7f u0 com.wallapop/com.rewallapop.ui.wall.WallActivity} mDrawState=DRAW_PENDING

11-10 10:51:51.687  4211  4310 I WindowManager: commitFinishDrawingLocked: mDrawState=READY_TO_SHOW Surface(name=com.wallapop/com.rewallapop.ui.wall.WallActivity[14740])/@0xa3380f1

11-10 10:51:51.687  4211  4310 V WindowManager: Resize reasons for w=Window{fd14d7f u0 com.wallapop/com.rewallapop.ui.wall.WallActivity}:  contentInsetsChanged=false [0,63][0,126] visibleInsetsChanged=false [0,63][0,126] stableInsetsChanged=false [0,63][0,126] outsetsChanged=false [0,0][0,0] surfaceResized=false configChanged=false dragResizingChanged=false reportOrientationChanged=false displayCutoutChanged=false nextForceRelayoutToClient=false

11-10 10:51:51.696  4211  4310 I WindowManager: commitFinishDrawingLocked: mDrawState=READY_TO_SHOW Surface(name=com.wallapop/com.rewallapop.ui.wall.WallActivity[14740])/@0xa3380f1

11-10 10:51:51.697  4211  4310 I WindowManager: Cancelling animation restarting=false, leash=null, surface=Surface(name=fd14d7f com.wallapop/com.rewallapop.ui.wall.WallActivity)/@0x49d84d6, parent=Surface(name=AppWindowToken{4c38ef4 token=Token{82d08c7 ActivityRecord{719ca06 u0 com.wallapop/com.rewallapop.ui.wall.WallActivity t2125}}})/@0x90ef357

11-10 10:51:51.697  4211  4310 V WindowManager: performShowLocked: mDrawState=HAS_DRAWN in Window{fd14d7f u0 com.wallapop/com.rewallapop.ui.wall.WallActivity}

11-10 10:51:51.720  4211  4310 V WindowManager: Remove Window{7cecce0 u0 Splash Screen com.wallapop}: mSurfaceController=Surface(name=Splash Screen com.wallapop)/@0x264826a mAnimatingExit=false mRemoveOnExit=false mHasSurface=true surfaceShowing=true isAnimationSet=false app-animation=false mWillReplaceWindow=false inPendingTransaction=false mDisplayFrozen=false callers=com.android.server.wm.WindowState.removeIfPossible:2764 com.android.server.wm.WindowManagerService.removeWindow:1943 com.android.server.wm.Session.remove:268 android.view.ViewRootImpl.dispatchDetachedFromWindow:4565 android.view.ViewRootImpl.doDie:7996 android.view.ViewRootImpl$ViewRootHandler.handleMessage:4987

11-10 10:51:51.723  4211  4310 I WindowManager: Cancelling animation restarting=true, leash=null, surface=Surface(name=7cecce0 Splash Screen com.wallapop)/@0x18a661d, parent=Surface(name=AppWindowToken{4c38ef4 token=Token{82d08c7 ActivityRecord{719ca06 u0 com.wallapop/com.rewallapop.ui.wall.WallActivity t2125}}})/@0x90ef357

11-10 10:51:51.724  4211  4310 I WindowManager: Reparenting to leash, surface=Surface(name=7cecce0 Splash Screen com.wallapop)/@0x18a661d

11-10 10:51:51.725  3727  3727 I SurfaceFlinger:      Device | 0x70d6734cc0 | 0002 | RGBA_8888 |   0.0    0.0 1080.0 2220.0 |    0    0 1080 2220 | com.wallapop/com.rewallapop.ui.wall.WallActivity[14740]#0

11-10 10:51:51.725  3727  3727 I SurfaceFlinger:      Device | 0x70de0335c0 | 0000 | RGBA_8888 |   0.0    0.0 1080.0 2220.0 |    0    0 1080 2220 | Splash Screen com.wallapop#0

11-10 10:51:51.731  3727  3727 I SurfaceFlinger: id=23717 createSurf (4440x4440),2 flag=4, Surface(name=7cecce0 Splash Screen com.wallapop)/@0x18a661d - animation-leash#0

11-10 10:51:51.734  4211  4310 D WindowManager: makeSurface duration=10 leash=Surface(name=Surface(name=7cecce0 Splash Screen com.wallapop)/@0x18a661d - animation-leash)/@0x46e3b2d

11-10 10:51:51.734  4211  4310 D SurfaceControl: reparent is called, sc=Surface(name=7cecce0 Splash Screen com.wallapop)/@0x18a661d, newParentHandle=android.os.BinderProxy@ac51862, transaction=android.view.SurfaceControl$Transaction@f676a63

11-10 10:51:51.738  3727  3964 D Layer   : [7cecce0 Splash Screen com.wallapop#0]::reparent oldParent:[AppWindowToken{4c38ef4 token=Token{82d08c7 ActivityRecord{719ca06 u0 com.wallapop/com.rewallapop.ui.wall.WallActivity t2125}}}#0], newParent:[Surface(name=7cecce0 Splash Screen com.wallapop)/@0x18a661d - animation-leash#0]

11-10 10:51:51.743  4211  4242 I ActivityManager: Displayed com.wallapop/com.rewallapop.ui.wall.WallActivity: +2s977ms (total +11s757ms)

11-10 10:51:51.897  4211  4310 I WindowManager: reset, Reparenting to original parent, shouldDeferScheduleAnimation=false, destroyLeash=true, surface=Surface(name=7cecce0 Splash Screen com.wallapop)/@0x18a661d, parent=Surface(name=AppWindowToken{4c38ef4 token=Token{82d08c7 ActivityRecord{719ca06 u0 com.wallapop/com.rewallapop.ui.wall.WallActivity t2125}}})/@0x90ef357, parentNativeHandle=android.os.BinderProxy@a788092, caller=com.android.server.wm.SurfaceAnimator.lambda$getFinishedCallback$0:97 com.android.server.wm.-$$Lambda$SurfaceAnimator$SIBia0mND666K8lMCPsoid8pUTI.run:4 com.android.server.wm.SurfaceAnimator.lambda$getFinishedCallback$1:104 com.android.server.wm.-$$Lambda$SurfaceAnimator$vdRZk66hQVbQCvVXEaQCT1kVmFc.onAnimationFinished:4 com.android.server.wm.LocalAnimationAdapter.lambda$startAnimation$0:74

11-10 10:51:51.897  4211  4310 D SurfaceControl: reparent is called, sc=Surface(name=7cecce0 Splash Screen com.wallapop)/@0x18a661d, newParentHandle=android.os.BinderProxy@a788092, transaction=android.view.SurfaceControl$Transaction@f676a63

11-10 10:51:51.897  4211  4310 D SurfaceControl: destroy(transaction), animation-leash is destroyed, sc=Surface(name=Surface(name=7cecce0 Splash Screen com.wallapop)/@0x18a661d - animation-leash)/@0x46e3b2d, transaction=android.view.SurfaceControl$Transaction@f676a63, caller=com.android.server.wm.SurfaceAnimator.reset:338 com.android.server.wm.SurfaceAnimator.lambda$getFinishedCallback$0:97 com.android.server.wm.-$$Lambda$SurfaceAnimator$SIBia0mND666K8lMCPsoid8pUTI.run:4 com.android.server.wm.SurfaceAnimator.lambda$getFinishedCallback$1:104 com.android.server.wm.-$$Lambda$SurfaceAnimator$vdRZk66hQVbQCvVXEaQCT1kVmFc.onAnimationFinished:4 com.android.server.wm.LocalAnimationAdapter.lambda$startAnimation$0:74 com.android.server.wm.-$$Lambda$LocalAnimationAdapter$X--EomqUvw4qy89IeeTFTH7aCMo.run:4

11-10 10:51:51.898  4211  4310 E WindowManager: win=Window{7cecce0 u0 Splash Screen com.wallapop EXITING} destroySurfaces: appStopped=false win.mWindowRemovalAllowed=true win.mRemoveOnExit=true win.mViewVisibility=0 caller=com.android.server.wm.AppWindowToken.destroySurfaces:870 com.android.server.wm.AppWindowToken.destroySurfaces:851 com.android.server.wm.WindowState.onExitAnimationDone:5436 com.android.server.wm.WindowStateAnimator.onAnimationFinished:319 com.android.server.wm.WindowState.onAnimationFinished:5858 com.android.server.wm.-$$Lambda$yVRF8YoeNdTa8GR1wDStVsHu8xM.run:2 com.android.server.wm.SurfaceAnimator.lambda$getFinishedCallback$0:100

11-10 10:51:51.899  4211  4310 I WindowManager: Destroying surface Surface(name=Splash Screen com.wallapop)/@0x264826a called by com.android.server.wm.WindowStateAnimator.destroySurface:1901 com.android.server.wm.WindowStateAnimator.destroySurfaceLocked:838 com.android.server.wm.WindowState.destroySurfaceUnchecked:3839 com.android.server.wm.WindowState.destroySurface:3820 com.android.server.wm.AppWindowToken.destroySurfaces:870 com.android.server.wm.AppWindowToken.destroySurfaces:851 com.android.server.wm.WindowState.onExitAnimationDone:5436 com.android.server.wm.WindowStateAnimator.onAnimationFinished:319

11-10 10:51:51.900  3727  3964 I SurfaceFlinger: id=23710 Removed Splash Screen com.wallapop#0 (0/55)

11-10 10:51:51.908  3727  5386 W SurfaceFlinger: Attempting to set client state on removed layer: Splash Screen com.wallapop#0 [s.what : 40]

11-10 10:51:51.908  3727  5386 D Layer   : [7cecce0 Splash Screen com.wallapop#0]::reparent oldParent:[Surface(name=7cecce0 Splash Screen com.wallapop)/@0x18a661d - animation-leash#0], newParent:[AppWindowToken{4c38ef4 token=Token{82d08c7 ActivityRecord{719ca06 u0 com.wallapop/com.rewallapop.ui.wall.WallActivity t2125}}}#0]

11-10 10:51:51.908  3727  5386 W SurfaceFlinger: Attempting to destroy on removed layer: Splash Screen com.wallapop#0

11-10 10:51:51.908  3727  5386 I SurfaceFlinger: id=23717 Removed Surface(name=7cecce0 Splash Screen com.wallapop)/@0x18a661d - animation-leash#0 (2/54)

11-10 10:51:51.908  3727  5386 I SurfaceFlinger: id=23709 Removed 7cecce0 Splash Screen com.wallapop#0 (1/53)

11-10 10:51:51.912  3727  3727 I Layer   : id=23717 onRemoved Surface(name=7cecce0 Splash Screen com.wallapop)/@0x18a661d - animation-leash#0

11-10 10:51:51.913  3727  3727 I Layer   : id=23710 onRemoved Splash Screen com.wallapop#0

11-10 10:51:51.914  3727  3727 I Layer   : id=23709 onRemoved 7cecce0 Splash Screen com.wallapop#0

11-10 10:51:51.920  3727  3727 I SurfaceFlinger:      Device | 0x70d6734cc0 | 0002 | RGBA_8888 |   0.0    0.0 1080.0 2220.0 |    0    0 1080 2220 | com.wallapop/com.rewallapop.ui.wall.WallActivity[14740]#0

11-10 10:51:51.925 14740 14740 V InputMethodManager: Starting input: tba=com.wallapop ic=null mNaviBarColor -1 mIsGetNaviBarColorSuccess true , NavVisible : true , NavTrans : false

11-10 10:51:51.927  4211  6753 V InputMethodManagerService: windowGainedFocus : reason=WINDOW_FOCUS_GAIN client=android.os.BinderProxy@c4b34d9 inputContext=null missingMethods= attribute=android.view.inputmethod.EditorInfo@a205d29 nm = com.wallapop controlFlags=#104 softInputMode=#110 windowFlags=#81810100

11-10 10:51:52.073  3562  3587 I Finsky  : [8252] fxs.d(3): com.wallapop: Account determined from installer data - [rJj4Md76H4LxoN-B4dnoZM7XaXDDBcXGlC-caOCi6Uc]

11-10 10:51:52.073  3562  3587 I Finsky  : [8252] fxs.d(14): com.wallapop: Account from preferred account - [rJj4Md76H4LxoN-B4dnoZM7XaXDDBcXGlC-caOCi6Uc]

11-10 10:51:52.090  3562  3587 I Finsky  : [8252] fxs.d(3): com.wallapop: Account determined from installer data - [rJj4Md76H4LxoN-B4dnoZM7XaXDDBcXGlC-caOCi6Uc]

11-10 10:51:52.090  3562  3587 I Finsky  : [8252] fxs.d(14): com.wallapop: Account from preferred account - [rJj4Md76H4LxoN-B4dnoZM7XaXDDBcXGlC-caOCi6Uc]

11-10 10:51:52.119 14740 14740 V InputMethodManager: Starting input: tba=com.wallapop ic=null mNaviBarColor -1 mIsGetNaviBarColorSuccess true , NavVisible : true , NavTrans : false

11-10 10:51:52.164  4622  4682 E RequestManager_FLP: [FusedLocationApi] Location request 6c9104a(Listener) PRIORITY_BALANCED_POWER_ACCURACY interval=300000 from com.wallapop

11-10 10:51:52.235  4211  5505 I WindowManager: Cancelling animation restarting=false, leash=null, surface=Surface(name=AppWindowToken{e30274f token=Token{3a3adae ActivityRecord{337e629 u0 com.wallapop/com.rewallapop.ui.main.MainActivity t2125}}})/@0x2b3792f, parent=Surface(name=Task=2125)/@0xeb11b3c

11-10 10:51:52.242  4211  4228 D CodecSolution: isMaxAspectPackageEx: com.wallapop : true(2)

11-10 10:51:52.249  3727  5386 I SurfaceFlinger: id=23708 Removed AppWindowToken{e30274f token=Token{3a3adae ActivityRecord{337e629 u0 com.wallapop/com.rewallapop.ui.main.MainActivity t2125}}}#0 (0/52)

11-10 10:51:52.263  3727  3727 I Layer   : id=23708 onRemoved AppWindowToken{e30274f token=Token{3a3adae ActivityRecord{337e629 u0 com.wallapop/com.rewallapop.ui.main.MainActivity t2125}}}#0

11-10 10:51:52.370  4211  4669 D MdnieScenarioControlService:  packageName : com.wallapop    className : com.rewallapop.ui.wall.WallActivity

11-10 10:51:52.572 14740 14740 W com.wallapop: Accessing hidden field Landroid/view/View;->mAccessibilityDelegate:Landroid/view/View$AccessibilityDelegate; (light greylist, reflection)

11-10 10:51:52.707 14740 14745 I com.wallapop: Compiler allocated 4MB to compile void android.widget.TextView.<init>(android.content.Context, android.util.AttributeSet, int, int)

11-10 10:51:52.980 14740 14751 I com.wallapop: Background concurrent copying GC freed 181136(10MB) AllocSpace objects, 92(7MB) LOS objects, 40% free, 35MB/59MB, paused 373us total 205.040ms

11-10 10:51:53.548 14740 14740 W View    : requestLayout() improperly called by com.wallapop.design.view.WallapopTextView{7cc51f7 V.ED..... ......ID 47,26-47,86 #7f0a0904 app:id/wp__home__tv_bubble} during layout: running second layout pass

11-10 10:51:54.201  4211  4390 D WifiTrafficPoller: TrafficStats TxPkts=771173 RxPkts=1367535 TxBytes=175899663 RxBytes=1292352097 , Foreground uid=10311 pkgName=com.wallapop TxPackets=67358 RxPackets=75669 TxBytes=10605727 RxBytes=73249683

11-10 10:51:55.546  4211  5504 D WifiPermissionsUtil: canAccessScanResults: pkgName = com.wallapop, uid = 10311

11-10 10:51:56.090 14740 14990 D Amazon DTB Ads API: with query params:[?dt=android&app=app&dinfo=%7B%22os%22%3A%22Android%22%2C%22model%22%3A%22SM-A750FN%22%2C%22make%22%3A%22samsung%22%2C%22osVersion%22%3A%229%22%2C%22connectionType%22%3A%22Wifi%22%2C%22country%22%3A%22ES%22%2C%22scalingFactor%22%3A%222.625%22%2C%22carrier%22%3A%22JAZZTEL%22%2C%22language%22%3A%22es%22%2C%22screenSize%22%3A%221080x2094%22%2C%22orientation%22%3A%22portrait%22%7D&oo=0&aud=3p&idfa=bf505ce3-e614-4d9a-a4d7-9c324edc6560&appId=d2ba46e2d5ef4c9883051d9c8d0125d5&sdkVer=aps-android-7.4.3&ua=Dalvik%2F2.1.0%20%28Linux%3B%20U%3B%20Android%209%3B%20SM-A750FN%20Build%2FPPR1.180610.011%29&pkg=%7B%22lbl%22%3A%22_Wallapop_%22%2C%22pn%22%3A%22com.wallapop%22%2C%22v%22%3A%221850000%22%2C%22vn%22%3A%221.85.0-d1910251130%22%7D]

11-10 10:51:56.536 14740 14990 D Amazon DTB Ads API: Error while connecting to remote server: https://s.amazon-adsystem.com/api3/generate_did?dt=android&app=app&dinfo=%7B%22os%22%3A%22Android%22%2C%22model%22%3A%22SM-A750FN%22%2C%22make%22%3A%22samsung%22%2C%22osVersion%22%3A%229%22%2C%22connectionType%22%3A%22Wifi%22%2C%22country%22%3A%22ES%22%2C%22scalingFactor%22%3A%222.625%22%2C%22carrier%22%3A%22JAZZTEL%22%2C%22language%22%3A%22es%22%2C%22screenSize%22%3A%221080x2094%22%2C%22orientation%22%3A%22portrait%22%7D&oo=0&aud=3p&idfa=bf505ce3-e614-4d9a-a4d7-9c324edc6560&appId=d2ba46e2d5ef4c9883051d9c8d0125d5&sdkVer=aps-android-7.4.3&ua=Dalvik%2F2.1.0%20%28Linux%3B%20U%3B%20Android%209%3B%20SM-A750FN%20Build%2FPPR1.180610.011%29&pkg=%7B%22lbl%22%3A%22_Wallapop_%22%2C%22pn%22%3A%22com.wallapop%22%2C%22v%22%3A%221850000%22%2C%22vn%22%3A%221.85.0-d1910251130%22%7D with error:Chain validation failed

11-10 10:51:56.538 14740 14990 E Amazon DTB Ads API: 	at com.wallapop.thirdparty.ads.b.a.a(SourceFile:43)

11-10 10:51:56.538 14740 14990 E Amazon DTB Ads API: 	at com.wallapop.thirdparty.ads.b.a$b$1.invokeSuspend(SourceFile:34)

11-10 10:51:56.538 14740 14990 E Amazon DTB Ads API: 	at com.wallapop.thirdparty.ads.b.a$b$1.invoke(Unknown Source:10)

11-10 10:51:56.538 14740 14990 E Amazon DTB Ads API: 	at com.wallapop.thirdparty.ads.b.a$b.invokeSuspend(SourceFile:33)

11-10 10:51:56.621 14740 15301 D Amazon DTB Ads API: with query params:[?dt=android&app=app&dinfo=%7B%22os%22%3A%22Android%22%2C%22model%22%3A%22SM-A750FN%22%2C%22make%22%3A%22samsung%22%2C%22osVersion%22%3A%229%22%2C%22connectionType%22%3A%22Wifi%22%2C%22country%22%3A%22ES%22%2C%22scalingFactor%22%3A%222.625%22%2C%22carrier%22%3A%22JAZZTEL%22%2C%22language%22%3A%22es%22%2C%22screenSize%22%3A%221080x2094%22%2C%22orientation%22%3A%22portrait%22%7D&oo=0&aud=3p&idfa=bf505ce3-e614-4d9a-a4d7-9c324edc6560&appId=d2ba46e2d5ef4c9883051d9c8d0125d5&sdkVer=aps-android-7.4.3&ua=Dalvik%2F2.1.0%20%28Linux%3B%20U%3B%20Android%209%3B%20SM-A750FN%20Build%2FPPR1.180610.011%29&pkg=%7B%22lbl%22%3A%22_Wallapop_%22%2C%22pn%22%3A%22com.wallapop%22%2C%22v%22%3A%221850000%22%2C%22vn%22%3A%221.85.0-d1910251130%22%7D]

11-10 10:51:57.066 14740 15301 D Amazon DTB Ads API: Error while connecting to remote server: https://s.amazon-adsystem.com/api3/generate_did?dt=android&app=app&dinfo=%7B%22os%22%3A%22Android%22%2C%22model%22%3A%22SM-A750FN%22%2C%22make%22%3A%22samsung%22%2C%22osVersion%22%3A%229%22%2C%22connectionType%22%3A%22Wifi%22%2C%22country%22%3A%22ES%22%2C%22scalingFactor%22%3A%222.625%22%2C%22carrier%22%3A%22JAZZTEL%22%2C%22language%22%3A%22es%22%2C%22screenSize%22%3A%221080x2094%22%2C%22orientation%22%3A%22portrait%22%7D&oo=0&aud=3p&idfa=bf505ce3-e614-4d9a-a4d7-9c324edc6560&appId=d2ba46e2d5ef4c9883051d9c8d0125d5&sdkVer=aps-android-7.4.3&ua=Dalvik%2F2.1.0%20%28Linux%3B%20U%3B%20Android%209%3B%20SM-A750FN%20Build%2FPPR1.180610.011%29&pkg=%7B%22lbl%22%3A%22_Wallapop_%22%2C%22pn%22%3A%22com.wallapop%22%2C%22v%22%3A%221850000%22%2C%22vn%22%3A%221.85.0-d1910251130%22%7D with error:Chain validation failed

11-10 10:51:57.104 14740 15301 D Amazon DTB Ads API: with json params:[{"oo":"false","dinfo":{"os":"Android","model":"SM-A750FN","make":"samsung","osVersion":"9","connectionType":"Wifi","country":"ES","scalingFactor":"2.625","carrier":"JAZZTEL","language":"es","screenSize":"1080x2094","orientation":"portrait"},"adsdk":"aps-android-7.4.3","slots":[{"sz":"320x50","slot":"f414d83c-ab9f-4e02-9c59-5137663ee6c7","slotId":1,"supportedMediaTypes":["DISPLAY"]}],"mraid":["1.0","2.0","3.0"],"appId":"d2ba46e2d5ef4c9883051d9c8d0125d5","idfa":"bf505ce3-e614-4d9a-a4d7-9c324edc6560","geoloc":"41.4058221,2.1864421,18.994","isDTBMobile":"true","ua":"Dalvik\/2.1.0 (Linux; U; Android 9; SM-A750FN Build\/PPR1.180610.011)","pkg":{"lbl":"_Wallapop_","pn":"com.wallapop","v":"1850000","vn":"1.85.0-d1910251130"},"gdpr":{"e":"1","c":"BOR0xKKOR0xKKABABAENBZ-AAAAfZ7_______9______9uz_Gv_v_f__33e8__9v_l_7_-___u_-33d4-_1vX99yfm1-7ftr3tp_86ues2vHqK9ZoA"}}]

11-10 10:51:57.256 14740 14751 I com.wallapop: Background concurrent copying GC freed 391919(22MB) AllocSpace objects, 163(16MB) LOS objects, 49% free, 21MB/42MB, paused 388us total 199.755ms

11-10 10:51:58.255  4211  4390 D WifiTrafficPoller: TrafficStats TxPkts=771458 RxPkts=1367843 TxBytes=175976871 RxBytes=1292579966 , Foreground uid=10311 pkgName=com.wallapop TxPackets=67590 RxPackets=75882 TxBytes=10653485 RxBytes=73423925

11-10 10:51:58.454 14740 14740 W com.wallapop: Accessing hidden method Landroid/media/AudioTrack;->getLatency()I (light greylist, reflection)

11-10 10:51:58.907  4211  4475 I CodecSolution: pid(14740) pkg(com.wallapop)

11-10 10:51:58.917  4211  6257 D CodecSolution: topName : com.wallapop

11-10 10:51:58.917  4211  6257 I CodecSolution: Top : com.wallapop

11-10 10:51:58.917  4211  6257 D SCPMHelper: getPackageInfo(com.wallapop)

11-10 10:51:59.461  4211  4475 I CodecSolution: pid(14740) pkg(com.wallapop)

11-10 10:51:59.474  4211  6759 D CodecSolution: topName : com.wallapop

11-10 10:51:59.474  4211  6759 I CodecSolution: Top : com.wallapop

11-10 10:51:59.474  4211  6759 D SCPMHelper: getPackageInfo(com.wallapop)

11-10 10:51:59.531 14740 15341 I chatty  : uid=10311(com.wallapop) CodecLooper identical 1 line

11-10 10:51:59.775 14740 15320 I chatty  : uid=10311(com.wallapop) CodecLooper identical 3 lines

11-10 10:52:00.398 14740 15341 I chatty  : uid=10311(com.wallapop) CodecLooper identical 1 line

11-10 10:52:00.792 14740 14751 I com.wallapop: Background concurrent copying GC freed 190809(10MB) AllocSpace objects, 152(7MB) LOS objects, 47% free, 26MB/50MB, paused 316us total 183.738ms

11-10 10:52:02.333  4211  4390 D WifiTrafficPoller: TrafficStats TxPkts=771677 RxPkts=1368081 TxBytes=176036066 RxBytes=1292683516 , Foreground uid=10311 pkgName=com.wallapop TxPackets=67790 RxPackets=76090 TxBytes=10706791 RxBytes=73520054


