Executed '[C754] Contact us: Open a Helpshift ticket from the FAQs' on 28-07-2019
---------------------------------------------------------------------------------
07-28 21:59:20.759 11990 11990 I Timeline: Timeline: Activity_launch_request id:com.wallapop time:191751151

07-28 21:59:20.769   804   832 V WindowManager: addAppToken: AppWindowToken{50531af token=Token{596e58e ActivityRecord{d579189 u0 com.wallapop/com.helpshift.support.activities.ParentActivity t1466}}} to stack=1 task=1466 at 2

07-28 21:59:20.789   804   890 V MARsPolicyManager: updatePackagesScore PackageInfo name -- com.wallapop

07-28 21:59:20.799 11990 11990 W ResourcesManager: getTopLevelResources: /data/app/com.wallapop-1/base.apk / 1.0 running in com.wallapop rsrc of package null

07-28 21:59:20.809 11990 11990 W ResourcesManager: getTopLevelResources: /data/app/com.wallapop-1/base.apk / 1.0 running in com.wallapop rsrc of package null

07-28 21:59:20.839   804  1324 V AlarmManager:  remove PendingIntent] PendingIntent{4b3a9bc: PendingIntentRecord{7a411f8 com.wallapop broadcastIntent}}

07-28 21:59:20.919   804  1257 D ISSUE_DEBUG: InputChannelName : 69fcc9a com.wallapop/com.helpshift.support.activities.ParentActivity

07-28 21:59:20.929   804   891 D StatusBarManagerService: manageDisableList userId=0 what=0x0 pkg=Window{69fcc9a u0 d0 com.wallapop/com.helpshift.support.activities.ParentActivity}

07-28 21:59:21.059 11990 11999 W REALM_JAVA: Remember to call close() on all Realm instances. Realm /data/data/com.wallapop/files/feature_flags is being finalized without being closed, this can lead to running out of native memory.

07-28 21:59:21.059 11990 11999 W REALM_JAVA: Remember to call close() on all Realm instances. Realm /data/data/com.wallapop/files/feature_flags is being finalized without being closed, this can lead to running out of native memory.

07-28 21:59:21.059 11990 11999 W REALM_JAVA: Remember to call close() on all Realm instances. Realm /data/data/com.wallapop/files/feature_flags is being finalized without being closed, this can lead to running out of native memory.

07-28 21:59:21.109   804  2439 V WindowStateAnimator: Finishing drawing window Window{69fcc9a u0 d0 com.wallapop/com.helpshift.support.activities.ParentActivity}: mDrawState=DRAW_PENDING

07-28 21:59:21.149   804   932 I ActivityManager: Displayed com.wallapop/com.helpshift.support.activities.ParentActivity: +374ms

07-28 21:59:21.389   804   932 I Timeline: Timeline: Activity_windows_visible id: ActivityRecord{d579189 u0 com.wallapop/com.helpshift.support.activities.ParentActivity t1466} time:191751788

07-28 21:59:21.419 11990 11990 V ActivityThread: updateVisibility : ActivityRecord{3a7dacc token=android.os.BinderProxy@b7ed4e0 {com.wallapop/com.wallapop.activities.PreferencesActivity}} show : false

07-28 21:59:40.419   804  1920 V WindowManager: addAppToken: AppWindowToken{52bc8d8 token=Token{c342bbb ActivityRecord{554904a u0 com.wallapop/com.rewallapop.ui.main.MainActivity t1466}}} to stack=1 task=1466 at 3

07-28 21:59:40.459 11990 11990 W ResourcesManager: getTopLevelResources: /data/app/com.wallapop-1/base.apk / 1.0 running in com.wallapop rsrc of package null

07-28 21:59:40.459 11990 11990 W ResourcesManager: getTopLevelResources: /data/app/com.wallapop-1/base.apk / 1.0 running in com.wallapop rsrc of package null

07-28 21:59:40.459   804   890 V MARsPolicyManager: updatePackagesScore PackageInfo name -- com.wallapop

07-28 21:59:40.479   804  1324 V AlarmManager:  remove PendingIntent] PendingIntent{7efc897: PendingIntentRecord{c009a84 com.wallapop broadcastIntent}}

07-28 21:59:40.719 11990 11990 I Timeline: Timeline: Activity_launch_request id:com.wallapop time:191771115

07-28 21:59:40.729   804  2437 W ActivityManager: startActivity called from finishing ActivityRecord{554904a u0 com.wallapop/com.rewallapop.ui.main.MainActivity t1466 f}; forcing Intent.FLAG_ACTIVITY_NEW_TASK for: Intent { cmp=com.wallapop/com.helpshift.support.activities.ParentActivity (has extras) }

07-28 21:59:40.729   804   890 V MARsPolicyManager: updatePackagesScore PackageInfo name -- com.wallapop

07-28 21:59:41.029   804   833 V AlarmManager:  remove PendingIntent] PendingIntent{8599ffa: PendingIntentRecord{3d20ad5 com.wallapop broadcastIntent}}

07-28 21:59:41.789 11990 11990 I Timeline: Timeline: Activity_launch_request id:com.wallapop time:191772189

07-28 21:59:41.799   804  2437 W ActivityManager: startActivity called from non-Activity context; forcing Intent.FLAG_ACTIVITY_NEW_TASK for: Intent { cmp=com.wallapop/com.helpshift.support.activities.ParentActivity (has extras) }

07-28 21:59:43.149 11990 11990 I Timeline: Timeline: Activity_launch_request id:com.wallapop time:191773546

07-28 21:59:43.159   804  1324 W ActivityManager: startActivity called from non-Activity context; forcing Intent.FLAG_ACTIVITY_NEW_TASK for: Intent { cmp=com.wallapop/com.helpshift.support.activities.ParentActivity (has extras) }


