Executed 'TestRailTest_01()' on 03-11-2019
---------------------------------------------------------------------------------
11-03 02:00:32.845 30872 30872 E e4defrag: ext4 defragmentation for directory(/data/data/com.wallapop)

11-03 02:00:32.881 30872 30872 E e4defrag: [79;0H[K[26/636]/data/data/com.wallapop/cache/org.chromium.android_webview/Code Cache/js/2a02cbd8ba9ba5ae_0:	100%

11-03 02:00:32.882 30872 30872 E e4defrag: [79;0H[K[28/636]/data/data/com.wallapop/cache/org.chromium.android_webview/Code Cache/js/7f17f822e1e62820_0:	100%

11-03 02:00:32.883 30872 30872 E e4defrag: [79;0H[K[32/636]/data/data/com.wallapop/cache/org.chromium.android_webview/Code Cache/js/9ee7b33688d06d20_0:	100%

11-03 02:00:32.883 30872 30872 E e4defrag: [79;0H[K[35/636]/data/data/com.wallapop/cache/org.chromium.android_webview/Code Cache/js/87148a014412bf5f_0:	100%

11-03 02:00:32.883 30872 30872 E e4defrag: [79;0H[K[43/636]/data/data/com.wallapop/cache/org.chromium.android_webview/Code Cache/js/7659751a5e121d9a_0:	100%

11-03 02:00:32.886 30872 30872 E e4defrag: [79;0H[K[80/636]/data/data/com.wallapop/cache/org.chromium.android_webview/f038e94cb33282ab_0:	100%

11-03 02:00:32.886 30872 30872 E e4defrag: [79;0H[K[81/636]/data/data/com.wallapop/cache/org.chromium.android_webview/20f9fcfcbe9fdb98_0:	100%

11-03 02:00:34.002 30877 30877 I appproc : Command=app_process /system/bin com.android.commands.am.Am force-stop com.wallapop

11-03 02:00:35.120 30887 30981 I FA      :   adb shell setprop debug.firebase.analytics.app com.wallapop

11-03 02:00:36.880 30887 30887 I art     : Rejecting re-init on previously-failed class java.lang.Class<com.wallapop.clickstream.JobIntentService$f>

11-03 02:00:36.881 30887 30887 I art     : Rejecting re-init on previously-failed class java.lang.Class<com.wallapop.clickstream.JobIntentService$f>

11-03 02:00:40.347 30887 31128 E linker  : warning: unable to get realpath for the library "/data/data/com.wallapop/app_optimized/audience_network.dex". Will use given name.

11-03 02:00:43.974  3066  3388 E HwCHRWebMonitor: HwCHRWifiUIDWebSpeed [appName=com.wallapop UID=10196  WEBSENDSEGS=122  WEBRESENDSEGS=0  WEBRECVSEGS=122  WEBERRSEGS=0  WEBOUTRSTS=0  WEBESTABLISRST=0  WEBRTTDURATION=203  WEBRTTSEGS=48  WEBSNDDUPACKS=0  suckTimes=0 recovage_times=0]

11-03 02:02:22.986 31304 31351 I appium  : AppiumResponse: {"sessionId":"019460b2-b831-418a-83e0-c0e8e4d72063","value":{"sessionId":"019460b2-b831-418a-83e0-c0e8e4d72063","capabilities":{"firstMatch":[{"platform":"LINUX","webStorageEnabled":false,"takesScreenshot":true,"javascriptEnabled":true,"databaseEnabled":false,"networkConnectionEnabled":true,"locationContextEnabled":false,"warnings":{},"desired":{"platformName":"android","normalizeTagNames":true,"androidInstallTimeout":150000,"app":"","appActivity":"com.rewallapop.ui.main.MainActivity","appPackage":"com.wallapop","isHeadless":false,"skipDeviceInitialization":true,"autoAcceptAlerts":true,"autoGrantPermissions":true,"automationName":"UiAutomator2","avd":"","deviceName":"W3D7N16219018904","deviceReadyTimeout":1,"fullReset":false,"ignoreUnimportantViews":true,"newCommandTimeout":60,"noReset":true,"systemPort":8223,"udid":"W3D7N16219018904"},"platformName":"android","normalizeTagNames":true,"androidInstallTimeout":150000,"app":"","appActivity":"com.rewallapop.ui.main.MainActivity","appPackage":"com.wallapop","isHeadless":false,"skipDeviceInitialization":true,"autoAcceptAlerts":true,"autoGrantPermissions":true,"automationName":"UiAutomator2","avd":"","deviceName":"W3D7N16219018904","deviceReadyTimeout":1,"fullReset":false,"ignoreUnimportantViews":true,"newCommandTimeout":60,"noReset":true,"systemPort":8223,"udid":"W3D7N16219018904","deviceUDID":"W3D7N16219018904"}],"alwaysMatch":{}}}}

11-03 02:02:24.341 31358 31358 I appproc : Command=app_process /system/bin com.android.commands.am.Am start -W -n com.wallapop/com.rewallapop.ui.main.MainActivity -S

11-03 02:02:24.898  3986  4530 W PGApi_client: recv actoionId = 10000, action = com.huawei.pgmng.PGAction@c3ecbc6 actionId =10000 pkg =com.wallapop extend1 =14989 extend2 = flag =3 type =1

11-03 02:02:24.899  3986  4530 W PGMiddleWare: in handleAction, invoke client = com.huawei.pgmng.middleware.AudioEffectLowPowerImpl@1eaa45e, action = com.huawei.pgmng.PGAction@c3ecbc6 actionId =10000 pkg =com.wallapop extend1 =14989 extend2 = flag =3 type =1

11-03 02:02:25.670 31379 31462 I FA      :   adb shell setprop debug.firebase.analytics.app com.wallapop

11-03 02:02:27.172 31379 31379 I art     : Rejecting re-init on previously-failed class java.lang.Class<com.wallapop.clickstream.JobIntentService$f>

11-03 02:02:27.172 31379 31379 I art     : Rejecting re-init on previously-failed class java.lang.Class<com.wallapop.clickstream.JobIntentService$f>

11-03 02:02:31.201 31379 31639 E linker  : warning: unable to get realpath for the library "/data/data/com.wallapop/app_optimized/audience_network.dex". Will use given name.

11-03 02:02:32.150 31379 31516 E linker  : warning: unable to get realpath for the library "/data/data/com.wallapop/cache/1570054248636.dex". Will use given name.

11-03 02:02:32.862 30059 30072 I Finsky  : [782] fyd.d(3): com.wallapop: Account determined from installer data - [VoWxNn8b5rEQ16LF0i3-s5KcEVYDMATZSI2v8NbSQx0]

11-03 02:02:32.863 30059 30072 I Finsky  : [782] fyd.d(14): com.wallapop: Account from preferred account - [VoWxNn8b5rEQ16LF0i3-s5KcEVYDMATZSI2v8NbSQx0]

11-03 02:02:32.867 30059 30258 I Finsky  : [858] fyd.d(3): com.wallapop: Account determined from installer data - [VoWxNn8b5rEQ16LF0i3-s5KcEVYDMATZSI2v8NbSQx0]

11-03 02:02:32.867 30059 30258 I Finsky  : [858] fyd.d(14): com.wallapop: Account from preferred account - [VoWxNn8b5rEQ16LF0i3-s5KcEVYDMATZSI2v8NbSQx0]

11-03 02:02:32.870 30059 30257 I Finsky  : [857] fyd.d(3): com.wallapop: Account determined from installer data - [VoWxNn8b5rEQ16LF0i3-s5KcEVYDMATZSI2v8NbSQx0]

11-03 02:02:32.871 30059 30257 I Finsky  : [857] fyd.d(14): com.wallapop: Account from preferred account - [VoWxNn8b5rEQ16LF0i3-s5KcEVYDMATZSI2v8NbSQx0]

11-03 02:02:32.877 30059 30073 I Finsky  : [783] fyd.d(3): com.wallapop: Account determined from installer data - [VoWxNn8b5rEQ16LF0i3-s5KcEVYDMATZSI2v8NbSQx0]

11-03 02:02:32.878 30059 30073 I Finsky  : [783] fyd.d(14): com.wallapop: Account from preferred account - [VoWxNn8b5rEQ16LF0i3-s5KcEVYDMATZSI2v8NbSQx0]

11-03 02:02:33.529  3066  3085 I ActivityManager: Displayed com.wallapop/com.rewallapop.ui.wall.WallActivity: +2s728ms (total +1m59s307ms)

11-03 02:02:33.565 30059 30073 I Finsky  : [783] fyd.d(3): com.wallapop: Account determined from installer data - [VoWxNn8b5rEQ16LF0i3-s5KcEVYDMATZSI2v8NbSQx0]

11-03 02:02:33.566 30059 30073 I Finsky  : [783] fyd.d(14): com.wallapop: Account from preferred account - [VoWxNn8b5rEQ16LF0i3-s5KcEVYDMATZSI2v8NbSQx0]

11-03 02:02:33.608 30059 30072 I Finsky  : [782] fyd.d(3): com.wallapop: Account determined from installer data - [VoWxNn8b5rEQ16LF0i3-s5KcEVYDMATZSI2v8NbSQx0]

11-03 02:02:33.608 30059 30072 I Finsky  : [782] fyd.d(14): com.wallapop: Account from preferred account - [VoWxNn8b5rEQ16LF0i3-s5KcEVYDMATZSI2v8NbSQx0]

11-03 02:02:33.653 30059 30258 I Finsky  : [858] fyd.d(3): com.wallapop: Account determined from installer data - [VoWxNn8b5rEQ16LF0i3-s5KcEVYDMATZSI2v8NbSQx0]

11-03 02:02:33.654 30059 30258 I Finsky  : [858] fyd.d(14): com.wallapop: Account from preferred account - [VoWxNn8b5rEQ16LF0i3-s5KcEVYDMATZSI2v8NbSQx0]

11-03 02:02:33.698 30059 30257 I Finsky  : [857] fyd.d(3): com.wallapop: Account determined from installer data - [VoWxNn8b5rEQ16LF0i3-s5KcEVYDMATZSI2v8NbSQx0]

11-03 02:02:33.699 30059 30257 I Finsky  : [857] fyd.d(14): com.wallapop: Account from preferred account - [VoWxNn8b5rEQ16LF0i3-s5KcEVYDMATZSI2v8NbSQx0]

11-03 02:02:33.924 30059 30073 I Finsky  : [783] fyd.d(3): com.wallapop: Account determined from installer data - [VoWxNn8b5rEQ16LF0i3-s5KcEVYDMATZSI2v8NbSQx0]

11-03 02:02:33.924 30059 30073 I Finsky  : [783] fyd.d(14): com.wallapop: Account from preferred account - [VoWxNn8b5rEQ16LF0i3-s5KcEVYDMATZSI2v8NbSQx0]

11-03 02:02:34.121 30059 30072 I Finsky  : [782] fyd.d(3): com.wallapop: Account determined from installer data - [VoWxNn8b5rEQ16LF0i3-s5KcEVYDMATZSI2v8NbSQx0]

11-03 02:02:34.122 30059 30072 I Finsky  : [782] fyd.d(14): com.wallapop: Account from preferred account - [VoWxNn8b5rEQ16LF0i3-s5KcEVYDMATZSI2v8NbSQx0]

11-03 02:02:34.149 30059 30258 I Finsky  : [858] fyd.d(3): com.wallapop: Account determined from installer data - [VoWxNn8b5rEQ16LF0i3-s5KcEVYDMATZSI2v8NbSQx0]

11-03 02:02:34.150 30059 30258 I Finsky  : [858] fyd.d(14): com.wallapop: Account from preferred account - [VoWxNn8b5rEQ16LF0i3-s5KcEVYDMATZSI2v8NbSQx0]

11-03 02:02:34.804  3066  3388 E HwCHRWebMonitor: running processNamecom.wallapop

11-03 02:02:34.806  3066  3388 E HwCHRWebMonitor: HwCHRWifiUIDWebSpeed [appName=com.wallapop UID=10196  WEBSENDSEGS=275  WEBRESENDSEGS=0  WEBRECVSEGS=221  WEBERRSEGS=0  WEBOUTRSTS=0  WEBESTABLISRST=0  WEBRTTDURATION=905  WEBRTTSEGS=101  WEBSNDDUPACKS=0  suckTimes=0 recovage_times=0]

11-03 02:02:39.809  3066  3388 E HwCHRWebMonitor: running processNamecom.wallapop

11-03 02:02:39.810  3066  3388 E HwCHRWebMonitor: HwCHRWifiUIDWebSpeed [appName=com.wallapop UID=10196  WEBSENDSEGS=222  WEBRESENDSEGS=0  WEBRECVSEGS=223  WEBERRSEGS=0  WEBOUTRSTS=0  WEBESTABLISRST=0  WEBRTTDURATION=287  WEBRTTSEGS=59  WEBSNDDUPACKS=0  suckTimes=0 recovage_times=1]

11-03 02:02:44.843  3066  3388 E HwCHRWebMonitor: running processNamecom.wallapop

11-03 02:02:44.844  3066  3388 E HwCHRWebMonitor: HwCHRWifiUIDWebSpeed [appName=com.wallapop UID=10196  WEBSENDSEGS=2  WEBRESENDSEGS=0  WEBRECVSEGS=3  WEBERRSEGS=0  WEBOUTRSTS=0  WEBESTABLISRST=0  WEBRTTDURATION=11  WEBRTTSEGS=1  WEBSNDDUPACKS=0  suckTimes=0 recovage_times=2]


