Executed 'TestRailTest_01()' on 04-11-2019
---------------------------------------------------------------------------------
11-14 17:48:42.247   452   452 V InputMethodManager: Starting input: tba=com.wallapop ic=null mNaviBarColor -1 mIsGetNaviBarColorSuccess true , NavVisible : true , NavTrans : false

11-14 17:48:42.622  4211  4211 D Telecom:SamsungPrebindingServiceImpl: onTopActivityChanged : ComponentInfo{com.wallapop/com.rewallapop.ui.wall.WallActivity}

11-14 17:48:42.712  4211  4390 D WifiTrafficPoller: TrafficStats TxPkts=980204 RxPkts=1715084 TxBytes=211467767 RxBytes=1631360478 , Foreground uid=10313 pkgName=com.wallapop TxPackets=64509 RxPackets=58557 TxBytes=13614249 RxBytes=39919070

11-14 17:48:42.745  4211  4808 D SamsungAlarmManager: Cancel Alarm calling from uid:10313 pid :452 / op:PendingIntent{91226ee: PendingIntentRecord{f654bac com.wallapop broadcastIntent}}

11-14 17:48:42.751  4622  4682 E RequestManager_FLP: [FusedLocationApi] Location remove f0bde7e from com.wallapop

11-14 17:48:43.110   452   463 I com.wallapop: Background concurrent copying GC freed 115037(7MB) AllocSpace objects, 128(5MB) LOS objects, 50% free, 19MB/38MB, paused 447us total 212.950ms

11-14 17:48:45.599  4211  4475 I CodecSolution: pid(452) pkg(com.wallapop)

11-14 17:48:45.610  4211  6257 D CodecSolution: topName : com.wallapop

11-14 17:48:45.610  4211  6257 I CodecSolution: Top : com.wallapop

11-14 17:48:45.610  4211  6257 D SCPMHelper: getPackageInfo(com.wallapop)

11-14 17:48:45.661   452  1116 I chatty  : uid=10313(com.wallapop) identical 1 line

11-14 17:48:46.057  4211  4475 I CodecSolution: pid(452) pkg(com.wallapop)

11-14 17:48:46.068  4211  4808 D CodecSolution: topName : com.wallapop

11-14 17:48:46.068  4211  4808 I CodecSolution: Top : com.wallapop

11-14 17:48:46.068  4211  4808 D SCPMHelper: getPackageInfo(com.wallapop)

11-14 17:48:46.122   452  1135 I chatty  : uid=10313(com.wallapop) identical 1 line

11-14 17:48:46.590   452  1116 I chatty  : uid=10313(com.wallapop) identical 1 line

11-14 17:48:47.035   452  1135 I chatty  : uid=10313(com.wallapop) identical 1 line

11-14 17:48:52.950  4211  4808 D SamsungAlarmManager: Cancel Alarm calling from uid:10313 pid :452 / op:PendingIntent{e46b0b9: PendingIntentRecord{f654bac com.wallapop broadcastIntent}}

11-14 17:48:57.789  4211  6257 D SamsungAlarmManager: Cancel Alarm calling from uid:10313 pid :452 / op:PendingIntent{d8fbb0a: PendingIntentRecord{96eb07c com.wallapop broadcastIntent}}

11-14 17:49:27.281   452   463 I com.wallapop: Background concurrent copying GC freed 165642(9MB) AllocSpace objects, 129(6MB) LOS objects, 49% free, 22MB/45MB, paused 369us total 167.546ms

11-14 17:49:27.288   452   461 W REALM_JAVA: Remember to call close() on all Realm instances. Realm /data/data/com.wallapop/files/feature_flags is being finalized without being closed, this can lead to running out of native memory.

11-14 17:49:27.289   452   461 W REALM_JAVA: Remember to call close() on all Realm instances. Realm /data/data/com.wallapop/files/feature_flags is being finalized without being closed, this can lead to running out of native memory.

11-14 17:49:27.290   452   461 W REALM_JAVA: Remember to call close() on all Realm instances. Realm /data/data/com.wallapop/files/chat_inbox_vxpzpymr4z30 is being finalized without being closed, this can lead to running out of native memory.

11-14 17:49:27.291   452   461 W REALM_JAVA: Remember to call close() on all Realm instances. Realm /data/data/com.wallapop/files/feature_flags is being finalized without being closed, this can lead to running out of native memory.

11-14 17:49:27.291   452   461 I chatty  : uid=10313(com.wallapop) identical 1 line

11-14 17:49:27.292   452   461 W REALM_JAVA: Remember to call close() on all Realm instances. Realm /data/data/com.wallapop/files/feature_flags is being finalized without being closed, this can lead to running out of native memory.

11-14 17:49:41.568   397  1302 I appium  : AppiumResponse: {"sessionId":"None","value":[{"id":"8a215671-2336-4883-af65-c51476990c3a","capabilities":{"appPackage":"com.wallapop","isHeadless":false,"noReset":true,"deviceName":"3200f02dc0aab5db","deviceReadyTimeout":1,"fullReset":false,"platform":"LINUX","avd":"","ignoreUnimportantViews":true,"deviceUDID":"3200f02dc0aab5db","androidInstallTimeout":150000,"desired":"{platformName=android, normalizeTagNames=true, androidInstallTimeout=150000, app=, appActivity=com.rewallapop.ui.main.MainActivity, appPackage=com.wallapop, isHeadless=false, skipDeviceInitialization=true, autoAcceptAlerts=true, autoGrantPermissions=true, automationName=UiAutomator2, avd=, deviceName=3200f02dc0aab5db, deviceReadyTimeout=1, fullReset=false, ignoreUnimportantViews=true, newCommandTimeout=60, noReset=true, systemPort=8223, udid=3200f02dc0aab5db}","newCommandTimeout":60,"webStorageEnabled":false,"automationName":"UiAutomator2","takesScreenshot":true,"javascriptEnabled":true,"normalizeTagNames":true,"platformName":"android","udid":"3200f02dc0aab5db","systemPort":8223,"app":"","networkConnectionEnabled":true,"warnings":"{}","databaseEnabled":false,"appActivity":"com.rewallapop.ui.main.MainActivity","locationContextEnabled":false,"skipDeviceInitialization":true,"autoGrantPermissions":true,"autoAcceptAlerts":true}}]}

11-14 17:49:43.179  4211  6757 I ActivityManager: Force stopping com.wallapop appid=10313 user=0: from pid 1325 caller com.android.server.am.ActivityManagerShellCommand.runForceStop:967

11-14 17:49:43.181  4211  6757 I ActivityManager: Killing 452:com.wallapop/u0a313 (adj 200): stop com.wallapop,from pid 1325 caller com.android.server.am.ActivityManagerShellCommand.runForceStop:967

11-14 17:49:43.196  4211  6757 W ActivityManager: Scheduling restart of crashed service com.wallapop/com.rewallapop.ui.debug.view.DebugActivity$Service in 1000ms

11-14 17:49:43.200 23911 23911 D Notification.Badge: [invalid] onNotificationRemoved : StatusBarNotification(pkg=com.wallapop user=UserHandle{0} id=999 tag=null key=0|com.wallapop|999|null|10313: Notification(channel=wallapop_channel pri=-2 contentView=null vibrate=null sound=null defaults=0x0 flags=0x62 color=0x00000000 vis=PRIVATE semFlags=0x0 semPriority=0 semMissedCount=0))

11-14 17:49:43.201  4211  6757 D StorageManagerService: getExternalStorageMountMode : final mountMode=1, uid : 10313, packageName : com.wallapop

11-14 17:49:43.201  4211  6757 I ApplicationPolicy: isApplicationExternalStorageWhitelisted:com.wallapop user:0

11-14 17:49:43.202  4211  6757 D ActivityManager: package  com.wallapop, user - 0 is SDcard whitelisted

11-14 17:49:43.202  4211  6757 I ApplicationPolicy: isApplicationExternalStorageBlacklisted:com.wallapop user:0

11-14 17:49:43.202  4211  6757 I ApplicationPolicy: isApplicationExternalStorageBlacklisted:com.wallapop user:0

11-14 17:49:43.224  4211  6757 I ActivityManager:   Force finishing activity ActivityRecord{7264c33 u0 com.wallapop/com.rewallapop.ui.wall.WallActivity t2200}

11-14 17:49:43.232  4211  6757 I WindowManager: Cancelling animation restarting=false, leash=null, surface=Surface(name=dfec6ae com.wallapop/com.rewallapop.ui.wall.WallActivity)/@0xfccdc3c, parent=Surface(name=AppWindowToken{aae0569 token=Token{8f82bf0 ActivityRecord{7264c33 u0 com.wallapop/com.rewallapop.ui.wall.WallActivity t2200}}})/@0x7bc3dc5

11-14 17:49:43.233  4211  6757 V WindowManager: Changing focus from Window{dfec6ae u0 com.wallapop/com.rewallapop.ui.wall.WallActivity} to null Callers=com.android.server.wm.AppWindowToken.setVisibility:536 com.android.server.wm.AppWindowContainerController.setVisibility:495 com.android.server.am.ActivityRecord.setVisibility:1917 com.android.server.am.ActivityStack.prepareActivityHideTransitionAnimation:4429

11-14 17:49:43.234  4211  6757 V WindowManager: Setting visibility of Window{dfec6ae u0 com.wallapop/com.rewallapop.ui.wall.WallActivity}: false, caller=com.android.server.wm.WindowContainer.sendAppVisibilityToClients:615 com.android.server.wm.AppWindowToken.setClientHidden:460 com.android.server.wm.AppWindowToken.onAnimationFinished:2383 com.android.server.wm.AppWindowToken.setVisibility:551 com.android.server.wm.AppWindowContainerController.setVisibility:495

11-14 17:49:43.236  4211  4242 D WindowManager: reportFocusChangedSerialized, focused=false, inTouchMode=true, win=Window{dfec6ae u0 com.wallapop/com.rewallapop.ui.wall.WallActivity}

11-14 17:49:43.246  4211  6757 I ActivityManager:   Force finishing activity ActivityRecord{7264c33 u0 com.wallapop/com.rewallapop.ui.wall.WallActivity t2200 f}

11-14 17:49:43.246  4211  6757 W ActivityManager: Duplicate finish request for ActivityRecord{7264c33 u0 com.wallapop/com.rewallapop.ui.wall.WallActivity t2200 f}

11-14 17:49:43.302  4211  4227 I WindowManager: Cancelling animation restarting=false, leash=null, surface=Surface(name=AppWindowToken{aae0569 token=Token{8f82bf0 ActivityRecord{7264c33 u0 com.wallapop/com.rewallapop.ui.wall.WallActivity t2200}}})/@0x7bc3dc5, parent=Surface(name=Task=2200)/@0x8395bff

11-14 17:49:43.303  4211  4227 V WindowManager: Remove Window{dfec6ae u0 com.wallapop/com.rewallapop.ui.wall.WallActivity}: mSurfaceController=Surface(name=com.wallapop/com.rewallapop.ui.wall.WallActivity[452])/@0x5d19e2f mAnimatingExit=false mRemoveOnExit=false mHasSurface=true surfaceShowing=false isAnimationSet=false app-animation=false mWillReplaceWindow=false inPendingTransaction=false mDisplayFrozen=false callers=com.android.server.wm.WindowState.removeIfPossible:2764 com.android.server.wm.WindowToken.removeAllWindowsIfPossible:150 com.android.server.wm.AppWindowToken.removeIfPossible:743 com.android.server.wm.AppWindowToken.onRemovedFromDisplay:819 com.android.server.wm.DisplayContent.removeAppToken:1079 com.android.server.wm.AppWindowContainerController.removeContainer:305

11-14 17:49:43.304  4211  4227 I WindowManager: Destroying surface Surface(name=com.wallapop/com.rewallapop.ui.wall.WallActivity[452])/@0x5d19e2f called by com.android.server.wm.WindowStateAnimator.destroySurface:1901 com.android.server.wm.WindowStateAnimator.destroySurfaceLocked:838 com.android.server.wm.WindowState.removeImmediately:2743 com.android.server.wm.WindowState.removeIfPossible:2893 com.android.server.wm.WindowState.removeIfPossible:2764 com.android.server.wm.WindowToken.removeAllWindowsIfPossible:150 com.android.server.wm.AppWindowToken.removeIfPossible:743 com.android.server.wm.AppWindowToken.onRemovedFromDisplay:819

11-14 17:49:43.304  3727  5386 I SurfaceFlinger: id=28264 Removed com.wallapop/com.rewallapop.ui.wall.WallActivity[452]#0 (0/62)

11-14 17:49:43.308  3727  5386 I SurfaceFlinger: id=28263 Removed dfec6ae com.wallapop/com.rewallapop.ui.wall.WallActivity#0 (0/61)

11-14 17:49:43.312  3727  3727 I Layer   : id=28263 onRemoved dfec6ae com.wallapop/com.rewallapop.ui.wall.WallActivity#0

11-14 17:49:43.312  3727  3727 I Layer   : id=28264 onRemoved com.wallapop/com.rewallapop.ui.wall.WallActivity[452]#0

11-14 17:49:43.315  3727  5386 W SurfaceFlinger: Attempting to destroy on removed layer: AppWindowToken{aae0569 token=Token{8f82bf0 ActivityRecord{7264c33 u0 com.wallapop/com.rewallapop.ui.wall.WallActivity t2200}}}#0

11-14 17:49:43.329  3727  3727 I Layer   : id=28261 onRemoved AppWindowToken{aae0569 token=Token{8f82bf0 ActivityRecord{7264c33 u0 com.wallapop/com.rewallapop.ui.wall.WallActivity t2200}}}#0

11-14 17:49:43.331  4211  4227 W BroadcastQueue: Background execution not allowed: receiving Intent { act=android.intent.action.PACKAGE_RESTARTED dat=package:com.wallapop flg=0x10 (has extras) } to android/com.kddi.android.CpaNotiReceiver

11-14 17:49:43.396  4211  4211 D SamsungAlarmManager: Remove alarm for next reason : android.intent.action.PACKAGE_RESTARTED : package: com.wallapop

11-14 17:49:43.402  4211  4229 I ActivityManager: Start proc 1335:com.wallapop/u0a313 for activity com.wallapop/com.rewallapop.ui.wall.WallActivity

11-14 17:49:43.409  1335  1335 I com.wallapop: Late-enabling -Xcheck:jni

11-14 17:49:43.413 23911 23978 D Notification.Badge: updateLauncherIconBadges() item : [IconInfo(title=_Wallapop_ intent=Intent { act=android.intent.action.MAIN cat=[android.intent.category.LAUNCHER] flg=0x10200000 cmp=com.wallapop/.activities.HomeActivity (has extras) } id=162 type=0 container=-102 screen=1 cellX=3 cellY=0 spanX=1 spanY=1 rank=3 hidden=0 dropPos=null user=UserHandle{0} screenType=0)], mShowBadge : [false], item.mBadgeCount : [0]

11-14 17:49:43.426 23911 20468 I AppIconSolution: load=com.wallapop, bg=144-144, dr=126-126, forDefault=true, density=0

11-14 17:49:43.432 23911 20468 I AppIconSolution: load=com.wallapop-contain, bg=166-166, dr=126-126

11-14 17:49:43.470  1335  1335 I com.wallapop: report jit thread pid = 1346

11-14 17:49:43.495  4211  6257 I ActivityManager: DSS on for com.wallapop and scale is 1.0

11-14 17:49:43.510 23911 23911 D RecommendedView: updateBadgeItems: [IconInfo(title=_Wallapop_ intent=Intent { act=android.intent.action.MAIN cat=[android.intent.category.LAUNCHER] flg=0x10200000 cmp=com.wallapop/.activities.HomeActivity (has extras) } id=162 type=0 container=-102 screen=1 cellX=3 cellY=0 spanX=1 spanY=1 rank=3 hidden=0 dropPos=null user=UserHandle{0} screenType=0)]

11-14 17:49:43.645  1335  1335 I com.wallapop: The ClassLoaderContext is a special shared library.

11-14 17:49:45.142  1335  1400 W com.wallapop: Unsupported class loader

11-14 17:49:45.166  1335  1400 W com.wallapop: Skipping duplicate class check due to unsupported classloader

11-14 17:49:45.461  1335  1400 W com.wallapop: Unsupported class loader

11-14 17:49:46.465  1335  1400 I com.wallapop: Waiting for a blocking GC ClassLinker

11-14 17:49:46.574  1335  1400 I com.wallapop: WaitForGcToComplete blocked ClassLinker on ClassLinker for 108.520ms

11-14 17:49:47.725  1335  1388 I FA      :   adb shell setprop debug.firebase.analytics.app com.wallapop

11-14 17:49:48.729  1335  1377 I com.wallapop: Waiting for a blocking GC ProfileSaver

11-14 17:49:48.842  1335  1377 I com.wallapop: WaitForGcToComplete blocked ProfileSaver on ClassLinker for 112.544ms

11-14 17:49:48.880  1335  1353 I com.wallapop: WaitForGcToComplete blocked CollectorTransition on ProfileSaver for 30.740ms

11-14 17:49:49.144  1335  1468 I stetho  : Listening on @stetho_com.wallapop_devtools_remote

11-14 17:49:49.294  1335  1474 W com.wallapop: Accessing hidden field Lsun/misc/Unsafe;->theUnsafe:Lsun/misc/Unsafe; (light greylist, reflection)

11-14 17:49:49.360  1335  1476 W com.wallapop: Accessing hidden field Ljava/nio/Buffer;->address:J (light greylist, reflection)

11-14 17:49:49.430  1335  1335 I com.wallapop: The ClassLoaderContext is a special shared library.

11-14 17:49:49.440  1335  1335 I com.wallapop: The ClassLoaderContext is a special shared library.

11-14 17:49:49.447  1335  1335 I com.wallapop: The ClassLoaderContext is a special shared library.

11-14 17:49:49.780  1335  1501 W com.wallapop: Accessing hidden method Landroid/content/Context;->bindServiceAsUser(Landroid/content/Intent;Landroid/content/ServiceConnection;ILandroid/os/Handler;Landroid/os/UserHandle;)Z (light greylist, reflection)

11-14 17:49:49.786  4211  6759 I ApplicationPolicy: isApplicationExternalStorageWhitelisted:com.wallapop user:0

11-14 17:49:49.786  4211  6759 D ActivityManager: package  com.wallapop, user - 0 is SDcard whitelisted

11-14 17:49:49.786  4211  6759 I ApplicationPolicy: isApplicationExternalStorageBlacklisted:com.wallapop user:0

11-14 17:49:49.786  4211  6759 I ApplicationPolicy: isApplicationExternalStorageBlacklisted:com.wallapop user:0

11-14 17:49:49.807  4211  4229 I ActivityManager: Start proc 1504:com.android.chrome:sandboxed_process0/u0i923 for webview_service com.wallapop/org.chromium.content.app.SandboxedProcessService0

11-14 17:49:49.849  4211  6757 I ActivityManager: DSS on for com.wallapop and scale is 1.0

11-14 17:49:49.851  4211  6759 D WifiPermissionsUtil: canAccessScanResults: pkgName = com.wallapop, uid = 10313

11-14 17:49:49.929  1335  1335 W com.wallapop: Accessing hidden method Landroid/view/textclassifier/logging/SmartSelectionEventTracker;-><init>(Landroid/content/Context;I)V (light greylist, reflection)

11-14 17:49:49.929  1335  1335 W com.wallapop: Accessing hidden method Landroid/view/textclassifier/logging/SmartSelectionEventTracker;->logEvent(Landroid/view/textclassifier/logging/SmartSelectionEventTracker$SelectionEvent;)V (light greylist, reflection)

11-14 17:49:49.929  1335  1335 W com.wallapop: Accessing hidden method Landroid/view/textclassifier/logging/SmartSelectionEventTracker$SelectionEvent;->selectionStarted(I)Landroid/view/textclassifier/logging/SmartSelectionEventTracker$SelectionEvent; (light greylist, reflection)

11-14 17:49:49.929  1335  1335 W com.wallapop: Accessing hidden method Landroid/view/textclassifier/logging/SmartSelectionEventTracker$SelectionEvent;->selectionModified(II)Landroid/view/textclassifier/logging/SmartSelectionEventTracker$SelectionEvent; (light greylist, reflection)

11-14 17:49:49.929  1335  1335 W com.wallapop: Accessing hidden method Landroid/view/textclassifier/logging/SmartSelectionEventTracker$SelectionEvent;->selectionModified(IILandroid/view/textclassifier/TextClassification;)Landroid/view/textclassifier/logging/SmartSelectionEventTracker$SelectionEvent; (light greylist, reflection)

11-14 17:49:49.929  1335  1335 W com.wallapop: Accessing hidden method Landroid/view/textclassifier/logging/SmartSelectionEventTracker$SelectionEvent;->selectionModified(IILandroid/view/textclassifier/TextSelection;)Landroid/view/textclassifier/logging/SmartSelectionEventTracker$SelectionEvent; (light greylist, reflection)

11-14 17:49:49.929  1335  1335 W com.wallapop: Accessing hidden method Landroid/view/textclassifier/logging/SmartSelectionEventTracker$SelectionEvent;->selectionAction(III)Landroid/view/textclassifier/logging/SmartSelectionEventTracker$SelectionEvent; (light greylist, reflection)

11-14 17:49:49.929  1335  1335 W com.wallapop: Accessing hidden method Landroid/view/textclassifier/logging/SmartSelectionEventTracker$SelectionEvent;->selectionAction(IIILandroid/view/textclassifier/TextClassification;)Landroid/view/textclassifier/logging/SmartSelectionEventTracker$SelectionEvent; (light greylist, reflection)

11-14 17:49:49.989  1335  1517 W com.wallapop: Accessing hidden method Landroid/media/AudioManager;->getOutputLatency(I)I (light greylist, reflection)

11-14 17:49:50.045  1335  1335 W com.wallapop: Accessing hidden method Landroid/app/ActivityThread;->currentPackageName()Ljava/lang/String; (light greylist, reflection)

11-14 17:49:50.378  1335  1575 W com.wallapop: Accessing hidden method Lcom/android/org/conscrypt/OpenSSLSocketImpl;->setAlpnProtocols([B)V (light greylist, reflection)

11-14 17:49:50.718  1335  1575 W com.wallapop: Accessing hidden method Lcom/android/org/conscrypt/OpenSSLSocketImpl;->getAlpnSelectedProtocol()[B (light greylist, reflection)

11-14 17:49:52.314  4211  6757 D SamsungAlarmManager: Cancel Alarm calling from uid:10313 pid :1335 / op:PendingIntent{fe3a3e0: PendingIntentRecord{f654bac com.wallapop broadcastIntent}}

11-14 17:49:53.197  1335  1466 W com.wallapop: Accessing hidden method Ldalvik/system/VMRuntime;->getRuntime()Ldalvik/system/VMRuntime; (light greylist, reflection)

11-14 17:49:53.198  1335  1466 W com.wallapop: Accessing hidden method Ldalvik/system/VMRuntime;->vmInstructionSet()Ljava/lang/String; (light greylist, reflection)

11-14 17:49:53.205  1335  1629 I com.wallapop: The ClassLoaderContext is a special shared library.

11-14 17:49:53.221  1335  1629 I com.wallapop: Waiting for a blocking GC ClassLinker

11-14 17:49:53.868  1335  1629 I com.wallapop: WaitForGcToComplete blocked ClassLinker on HeapTrim for 646.182ms

11-14 17:50:16.557  4211  5504 I ActivityManager: Force stopping com.wallapop appid=10313 user=0: from pid 1668 caller com.android.server.am.ActivityManagerShellCommand.runForceStop:967

11-14 17:50:16.559  4211  5504 I ActivityManager: Killing 1335:com.wallapop/u0a313 (adj 900): stop com.wallapop,from pid 1668 caller com.android.server.am.ActivityManagerShellCommand.runForceStop:967

11-14 17:50:16.590  4211  4211 D SamsungAlarmManager: Remove alarm for next reason : android.intent.action.PACKAGE_RESTARTED : package: com.wallapop

11-14 17:50:16.601  4211  4227 W BroadcastQueue: Background execution not allowed: receiving Intent { act=android.intent.action.PACKAGE_RESTARTED dat=package:com.wallapop flg=0x10 (has extras) } to android/com.kddi.android.CpaNotiReceiver

11-14 17:52:52.346  1818  1847 I appium  : AppiumResponse: {"sessionId":"4bd63294-9e21-450c-9f3f-31037969ece4","value":{"sessionId":"4bd63294-9e21-450c-9f3f-31037969ece4","capabilities":{"firstMatch":[{"platform":"LINUX","webStorageEnabled":false,"takesScreenshot":true,"javascriptEnabled":true,"databaseEnabled":false,"networkConnectionEnabled":true,"locationContextEnabled":false,"warnings":{},"desired":{"platformName":"android","normalizeTagNames":true,"androidInstallTimeout":150000,"app":"","appActivity":"com.rewallapop.ui.main.MainActivity","appPackage":"com.wallapop","isHeadless":false,"skipDeviceInitialization":true,"autoAcceptAlerts":true,"autoGrantPermissions":true,"automationName":"UiAutomator2","avd":"","deviceName":"3200f02dc0aab5db","deviceReadyTimeout":1,"fullReset":false,"ignoreUnimportantViews":true,"newCommandTimeout":60,"noReset":true,"systemPort":8223,"udid":"3200f02dc0aab5db"},"platformName":"android","normalizeTagNames":true,"androidInstallTimeout":150000,"app":"","appActivity":"com.rewallapop.ui.main.MainActivity","appPackage":"com.wallapop","isHeadless":false,"skipDeviceInitialization":true,"autoAcceptAlerts":true,"autoGrantPermissions":true,"automationName":"UiAutomator2","avd":"","deviceName":"3200f02dc0aab5db","deviceReadyTimeout":1,"fullReset":false,"ignoreUnimportantViews":true,"newCommandTimeout":60,"noReset":true,"systemPort":8223,"udid":"3200f02dc0aab5db","deviceUDID":"3200f02dc0aab5db"}],"alwaysMatch":{}}}}

11-14 17:52:52.928  4211  4312 I ActivityManager: Force stopping com.wallapop appid=10313 user=0: from pid 1855 caller com.android.server.am.ActivityManagerShellCommand.runStartActivity:412

11-14 17:52:52.933  4211  4211 D SamsungAlarmManager: Remove alarm for next reason : android.intent.action.PACKAGE_RESTARTED : package: com.wallapop

11-14 17:52:52.941  4211  4227 W BroadcastQueue: Background execution not allowed: receiving Intent { act=android.intent.action.PACKAGE_RESTARTED dat=package:com.wallapop flg=0x10 (has extras) } to android/com.kddi.android.CpaNotiReceiver

11-14 17:52:53.192  4211  4312 I ActivityManager: START u0 {act=null typ=null flg=0x10000000 cmp=ComponentInfo{com.wallapop/com.rewallapop.ui.main.MainActivity}} from uid 2000

11-14 17:52:53.203  4211  4312 I ActivityManager: [IOP] sourceDir : /data/app/com.wallapop-N9ua0QKKrjIAApR3SfN52w== in ActivityStacksupervisor

11-14 17:52:53.222  3727  3727 I SurfaceFlinger: id=28274 createSurf (4440x4440),2 flag=4, AppWindowToken{cdc6afc token=Token{dbf2fef ActivityRecord{f9cf4ce u0 com.wallapop/com.rewallapop.ui.main.MainActivity t2201}}}#0

11-14 17:52:53.237  3727  3727 I SurfaceFlinger: id=28275 createSurf (4440x4440),2 flag=4, 2884339 Splash Screen com.wallapop#0

11-14 17:52:53.237  4211  6759 D StorageManagerService: getExternalStorageMountMode : final mountMode=1, uid : 10313, packageName : com.wallapop

11-14 17:52:53.237  4211  6759 I ApplicationPolicy: isApplicationExternalStorageWhitelisted:com.wallapop user:0

11-14 17:52:53.237  4211  6759 D ActivityManager: package  com.wallapop, user - 0 is SDcard whitelisted

11-14 17:52:53.237  4211  6759 I ApplicationPolicy: isApplicationExternalStorageBlacklisted:com.wallapop user:0

11-14 17:52:53.237  4211  6759 I ApplicationPolicy: isApplicationExternalStorageBlacklisted:com.wallapop user:0

11-14 17:52:53.240  4211  4211 D Telecom:SamsungPrebindingServiceImpl: onTopActivityChanged : ComponentInfo{com.wallapop/com.rewallapop.ui.main.MainActivity}

11-14 17:52:53.252  4211  4310 V WindowManager: Relayout Window{2884339 u0 Splash Screen com.wallapop}: viewVisibility=0 req=1080x2220 {(0,0)(fillxfill) sim={adjust=pan} ty=APPLICATION_STARTING fmt=TRANSLUCENT wanim=0x10302fe

11-14 17:52:53.256  3727  3727 I SurfaceFlinger: id=28276 createSurf (1080x2220),1 flag=4, Splash Screen com.wallapop#0

11-14 17:52:53.258  4211  4229 I ActivityManager: Start proc 1858:com.wallapop/u0a313 for activity com.wallapop/com.rewallapop.ui.main.MainActivity

11-14 17:52:53.258  4211  4310 D WindowManager: makeSurface duration=3 name=Splash Screen com.wallapop

11-14 17:52:53.266  1858  1858 I com.wallapop: Late-enabling -Xcheck:jni

11-14 17:52:53.279  4211  4310 D WindowManager: finishDrawingWindow: Window{2884339 u0 Splash Screen com.wallapop} mDrawState=DRAW_PENDING

11-14 17:52:53.280  4211  4310 I WindowManager: commitFinishDrawingLocked: mDrawState=READY_TO_SHOW Surface(name=Splash Screen com.wallapop)/@0x77cddfb

11-14 17:52:53.280  4211  4310 V WindowManager: Resize reasons for w=Window{2884339 u0 Splash Screen com.wallapop}:  contentInsetsChanged=false [0,63][0,126] visibleInsetsChanged=false [0,63][0,126] stableInsetsChanged=false [0,63][0,126] outsetsChanged=false [0,0][0,0] surfaceResized=false configChanged=false dragResizingChanged=false reportOrientationChanged=false displayCutoutChanged=false nextForceRelayoutToClient=false

11-14 17:52:53.296  1858  1858 I com.wallapop: report jit thread pid = 1863

11-14 17:52:53.312  4211  6759 I ActivityManager: DSS on for com.wallapop and scale is 1.0

11-14 17:52:53.316  4211  6759 I WindowManager: commitFinishDrawingLocked: mDrawState=READY_TO_SHOW Surface(name=Splash Screen com.wallapop)/@0x77cddfb

11-14 17:52:53.320  4211  6759 D GamePkgDataHelper: notifyAppCreate(), pkgName: com.wallapop, sendRet: true

11-14 17:52:53.320  4211  4473 D GamePkgDataHelper: getGamePkgData(). com.wallapop

11-14 17:52:53.320  4211  4473 D GameManagerService: handleMessage(), MSG_APP_CREATE. ignore. pkgName: com.wallapop

11-14 17:52:53.322  4211  4310 I WindowManager: commitFinishDrawingLocked: mDrawState=READY_TO_SHOW Surface(name=Splash Screen com.wallapop)/@0x77cddfb

11-14 17:52:53.326  4211  6759 D GameManagerService: noteResumeComponent(), resumeComponent: com.wallapop

11-14 17:52:53.326  4211  6759 D GamePkgDataHelper: getSosPolicy(). com.wallapop

11-14 17:52:53.326  4211  4473 D GameManagerService: handleForegroundChange(). pkgName: com.wallapop, clsName: com.rewallapop.ui.main.MainActivity,FgActivityName:com.wallapop/com.rewallapop.ui.main.MainActivity

11-14 17:52:53.326  4211  4473 D GameManagerService:   handleForegroundChange(). set mFgApp: com.wallapop

11-14 17:52:53.326  4211  5514 D GamePkgDataHelper: getGamePkgDataIncServer(). com.wallapop

11-14 17:52:53.326  4211  4473 D GameManagerService: notifyResumePause(). pkg: com.wallapop, type: 4, isMinimized: false, isTunableApp: false

11-14 17:52:53.327  4211  6759 D GameManagerService: identifyGamePackage. com.wallapop

11-14 17:52:53.327  4211  6759 D GamePkgDataHelper: getGamePkgData(). com.wallapop

11-14 17:52:53.327  4211  6759 D MARsPolicyManager: onPackageResumedFG pkgName = com.wallapop, userId = 0

11-14 17:52:53.329  4211  4310 I WindowManager: commitFinishDrawingLocked: mDrawState=READY_TO_SHOW Surface(name=Splash Screen com.wallapop)/@0x77cddfb

11-14 17:52:53.339  4211  4310 I WindowManager: Cancelling animation restarting=true, leash=null, surface=Surface(name=AppWindowToken{cdc6afc token=Token{dbf2fef ActivityRecord{f9cf4ce u0 com.wallapop/com.rewallapop.ui.main.MainActivity t2201}}})/@0x4e1175c, parent=Surface(name=Task=2201)/@0x61d2a65

11-14 17:52:53.339  4211  4310 I WindowManager: Reparenting to leash, surface=Surface(name=AppWindowToken{cdc6afc token=Token{dbf2fef ActivityRecord{f9cf4ce u0 com.wallapop/com.rewallapop.ui.main.MainActivity t2201}}})/@0x4e1175c

11-14 17:52:53.340  3727  3727 I SurfaceFlinger: id=28278 createSurf (4440x4440),2 flag=4, Surface(name=AppWindowToken{cdc6afc token=Token{dbf2fef ActivityRecord{f9cf4ce u0 com.wallapop/com.rewallapop.ui.main.MainActivity t2201}}})/@0x4e1175c - animation-leash#0

11-14 17:52:53.342  4211  4310 D WindowManager: makeSurface duration=3 leash=Surface(name=Surface(name=AppWindowToken{cdc6afc token=Token{dbf2fef ActivityRecord{f9cf4ce u0 com.wallapop/com.rewallapop.ui.main.MainActivity t2201}}})/@0x4e1175c - animation-leash)/@0xc74033a

11-14 17:52:53.342  4211  4310 D SurfaceControl: reparent is called, sc=Surface(name=AppWindowToken{cdc6afc token=Token{dbf2fef ActivityRecord{f9cf4ce u0 com.wallapop/com.rewallapop.ui.main.MainActivity t2201}}})/@0x4e1175c, newParentHandle=android.os.BinderProxy@f3d3beb, transaction=android.view.SurfaceControl$Transaction@8164d48

11-14 17:52:53.342  4211  4310 V WindowManager: performShowLocked: mDrawState=HAS_DRAWN in Window{2884339 u0 Splash Screen com.wallapop}

11-14 17:52:53.345  3727  3964 D Layer   : [AppWindowToken{cdc6afc token=Token{dbf2fef ActivityRecord{f9cf4ce u0 com.wallapop/com.rewallapop.ui.main.MainActivity t2201}}}#0]::reparent oldParent:[Task=2201#0], newParent:[Surface(name=AppWindowToken{cdc6afc token=Token{dbf2fef ActivityRecord{f9cf4ce u0 com.wallapop/com.rewallapop.ui.main.MainActivity t2201}}})/@0x4e1175c - animation-leash#0]

11-14 17:52:53.351  4211  6759 D GamePkgDataHelper: getSosPolicy(). com.wallapop

11-14 17:52:53.353  1858  1858 I com.wallapop: The ClassLoaderContext is a special shared library.

11-14 17:52:53.355  4211  4809 D GameManagerService: identifyGamePackage. com.wallapop

11-14 17:52:53.355  4211  4809 D GamePkgDataHelper: getGamePkgData(). com.wallapop

11-14 17:52:53.357  4211  4228 D CodecSolution: isMaxAspectPackageEx: com.wallapop : true(2)

11-14 17:52:53.359  4211  4228 D WindowManager: setSystemUiVisibility: vis= 0xa018, fullscreenVis= 0x2000, dockedVis= 0x0, win=Window{2884339 u0 Splash Screen com.wallapop}

11-14 17:52:53.366  4211  6759 D GameManagerService: identifyGamePackage. com.wallapop

11-14 17:52:53.367  4211  6759 D GamePkgDataHelper: getGamePkgData(). com.wallapop

11-14 17:52:53.446  3727  3727 I SurfaceFlinger:      Device | 0x70de0335c0 | 0000 | RGBA_8888 |   0.0    1.0 1080.0 2219.0 |   89  184  991 2036 | Splash Screen com.wallapop#0

11-14 17:52:53.465  3727  3727 I SurfaceFlinger:      Device | 0x70de0335c0 | 0000 | RGBA_8888 |   0.0    0.0 1080.0 2220.0 |   67  137 1013 2083 | Splash Screen com.wallapop#0

11-14 17:52:53.481  4211  4669 D MdnieScenarioControlService:  packageName : com.wallapop    className : com.rewallapop.ui.main.MainActivity

11-14 17:52:53.580  4211  4310 I WindowManager: reset, Reparenting to original parent, shouldDeferScheduleAnimation=false, destroyLeash=true, surface=Surface(name=AppWindowToken{cdc6afc token=Token{dbf2fef ActivityRecord{f9cf4ce u0 com.wallapop/com.rewallapop.ui.main.MainActivity t2201}}})/@0x4e1175c, parent=Surface(name=Task=2201)/@0x61d2a65, parentNativeHandle=android.os.BinderProxy@fe6f5f4, caller=com.android.server.wm.SurfaceAnimator.lambda$getFinishedCallback$0:97 com.android.server.wm.-$$Lambda$SurfaceAnimator$SIBia0mND666K8lMCPsoid8pUTI.run:4 com.android.server.wm.SurfaceAnimator.lambda$getFinishedCallback$1:104 com.android.server.wm.-$$Lambda$SurfaceAnimator$vdRZk66hQVbQCvVXEaQCT1kVmFc.onAnimationFinished:4 com.android.server.wm.LocalAnimationAdapter.lambda$startAnimation$0:74

11-14 17:52:53.580  4211  4310 D SurfaceControl: reparent is called, sc=Surface(name=AppWindowToken{cdc6afc token=Token{dbf2fef ActivityRecord{f9cf4ce u0 com.wallapop/com.rewallapop.ui.main.MainActivity t2201}}})/@0x4e1175c, newParentHandle=android.os.BinderProxy@fe6f5f4, transaction=android.view.SurfaceControl$Transaction@8164d48

11-14 17:52:53.581  4211  4310 D SurfaceControl: destroy(transaction), animation-leash is destroyed, sc=Surface(name=Surface(name=AppWindowToken{cdc6afc token=Token{dbf2fef ActivityRecord{f9cf4ce u0 com.wallapop/com.rewallapop.ui.main.MainActivity t2201}}})/@0x4e1175c - animation-leash)/@0xc74033a, transaction=android.view.SurfaceControl$Transaction@8164d48, caller=com.android.server.wm.SurfaceAnimator.reset:338 com.android.server.wm.SurfaceAnimator.lambda$getFinishedCallback$0:97 com.android.server.wm.-$$Lambda$SurfaceAnimator$SIBia0mND666K8lMCPsoid8pUTI.run:4 com.android.server.wm.SurfaceAnimator.lambda$getFinishedCallback$1:104 com.android.server.wm.-$$Lambda$SurfaceAnimator$vdRZk66hQVbQCvVXEaQCT1kVmFc.onAnimationFinished:4 com.android.server.wm.LocalAnimationAdapter.lambda$startAnimation$0:74 com.android.server.wm.-$$Lambda$LocalAnimationAdapter$X--EomqUvw4qy89IeeTFTH7aCMo.run:4

11-14 17:52:53.584  3727  5001 D Layer   : [AppWindowToken{cdc6afc token=Token{dbf2fef ActivityRecord{f9cf4ce u0 com.wallapop/com.rewallapop.ui.main.MainActivity t2201}}}#0]::reparent oldParent:[Surface(name=AppWindowToken{cdc6afc token=Token{dbf2fef ActivityRecord{f9cf4ce u0 com.wallapop/com.rewallapop.ui.main.MainActivity t2201}}})/@0x4e1175c - animation-leash#0], newParent:[Task=2201#0]

11-14 17:52:53.585  3727  5001 I SurfaceFlinger: id=28278 Removed Surface(name=AppWindowToken{cdc6afc token=Token{dbf2fef ActivityRecord{f9cf4ce u0 com.wallapop/com.rewallapop.ui.main.MainActivity t2201}}})/@0x4e1175c - animation-leash#0 (0/65)

11-14 17:52:53.596  3727  3727 I Layer   : id=28278 onRemoved Surface(name=AppWindowToken{cdc6afc token=Token{dbf2fef ActivityRecord{f9cf4ce u0 com.wallapop/com.rewallapop.ui.main.MainActivity t2201}}})/@0x4e1175c - animation-leash#0

11-14 17:52:53.639  3727  3727 I SurfaceFlinger:      Device | 0x70de0335c0 | 0000 | RGBA_8888 |   0.0    0.0 1080.0 2220.0 |    0    0 1080 2220 | Splash Screen com.wallapop#0

11-14 17:52:53.673  1858  1869 I com.wallapop: Background concurrent copying GC freed 14851(4MB) AllocSpace objects, 24(772KB) LOS objects, 73% free, 2MB/8MB, paused 239us total 121.042ms

11-14 17:52:53.762  1858  1903 W com.wallapop: Unsupported class loader

11-14 17:52:53.771  1858  1903 W com.wallapop: Skipping duplicate class check due to unsupported classloader

11-14 17:52:53.815  1858  1903 W com.wallapop: Unsupported class loader

11-14 17:52:53.820  1858  1885 I FA      :   adb shell setprop debug.firebase.analytics.app com.wallapop

11-14 17:52:54.914  1858  1869 I com.wallapop: Background concurrent copying GC freed 47526(2MB) AllocSpace objects, 17(2MB) LOS objects, 49% free, 8MB/16MB, paused 170us total 160.112ms

11-14 17:52:55.842  1858  1938 I stetho  : Listening on @stetho_com.wallapop_devtools_remote

11-14 17:52:55.920  1858  1950 W com.wallapop: Accessing hidden field Lsun/misc/Unsafe;->theUnsafe:Lsun/misc/Unsafe; (light greylist, reflection)

11-14 17:52:55.947  1858  1951 W com.wallapop: Accessing hidden field Ljava/nio/Buffer;->address:J (light greylist, reflection)

11-14 17:52:56.017  1858  1858 I com.wallapop: The ClassLoaderContext is a special shared library.

11-14 17:52:56.019  1858  1858 I chatty  : uid=10313(com.wallapop) identical 1 line

11-14 17:52:56.021  1858  1858 I com.wallapop: The ClassLoaderContext is a special shared library.

11-14 17:52:56.512  1858  1977 W com.wallapop: Accessing hidden method Landroid/content/Context;->bindServiceAsUser(Landroid/content/Intent;Landroid/content/ServiceConnection;ILandroid/os/Handler;Landroid/os/UserHandle;)Z (light greylist, reflection)

11-14 17:52:56.518  4211  6759 I ApplicationPolicy: isApplicationExternalStorageWhitelisted:com.wallapop user:0

11-14 17:52:56.518  4211  6759 D ActivityManager: package  com.wallapop, user - 0 is SDcard whitelisted

11-14 17:52:56.518  4211  6759 I ApplicationPolicy: isApplicationExternalStorageBlacklisted:com.wallapop user:0

11-14 17:52:56.518  4211  6759 I ApplicationPolicy: isApplicationExternalStorageBlacklisted:com.wallapop user:0

11-14 17:52:56.527  4211  4390 D WifiTrafficPoller: TrafficStats TxPkts=980674 RxPkts=1715766 TxBytes=211578009 RxBytes=1631571844 , Foreground uid=10313 pkgName=com.wallapop TxPackets=64843 RxPackets=58876 TxBytes=13702875 RxBytes=40021694

11-14 17:52:56.529  4211  4229 I ActivityManager: Start proc 1979:com.android.chrome:sandboxed_process0/u0i924 for webview_service com.wallapop/org.chromium.content.app.SandboxedProcessService0

11-14 17:52:56.565  4211  6759 I ActivityManager: DSS on for com.wallapop and scale is 1.0

11-14 17:52:56.566  4211  6759 D MultiDisplayManager: init process display: set packageProcessId, displayId=0, same_package_proc=ProcessRecord{a133d63d0 1858:com.wallapop/u0a313}, app=ProcessRecord{3b64425d0 1979:com.android.chrome:sandboxed_process0/u0a313i924}

11-14 17:52:56.607  4211  6759 D WifiPermissionsUtil: canAccessScanResults: pkgName = com.wallapop, uid = 10313

11-14 17:52:56.668  1858  1858 W com.wallapop: Accessing hidden method Landroid/view/textclassifier/logging/SmartSelectionEventTracker;-><init>(Landroid/content/Context;I)V (light greylist, reflection)

11-14 17:52:56.668  1858  1858 W com.wallapop: Accessing hidden method Landroid/view/textclassifier/logging/SmartSelectionEventTracker;->logEvent(Landroid/view/textclassifier/logging/SmartSelectionEventTracker$SelectionEvent;)V (light greylist, reflection)

11-14 17:52:56.669  1858  1858 W com.wallapop: Accessing hidden method Landroid/view/textclassifier/logging/SmartSelectionEventTracker$SelectionEvent;->selectionStarted(I)Landroid/view/textclassifier/logging/SmartSelectionEventTracker$SelectionEvent; (light greylist, reflection)

11-14 17:52:56.669  1858  1858 W com.wallapop: Accessing hidden method Landroid/view/textclassifier/logging/SmartSelectionEventTracker$SelectionEvent;->selectionModified(II)Landroid/view/textclassifier/logging/SmartSelectionEventTracker$SelectionEvent; (light greylist, reflection)

11-14 17:52:56.669  1858  1858 W com.wallapop: Accessing hidden method Landroid/view/textclassifier/logging/SmartSelectionEventTracker$SelectionEvent;->selectionModified(IILandroid/view/textclassifier/TextClassification;)Landroid/view/textclassifier/logging/SmartSelectionEventTracker$SelectionEvent; (light greylist, reflection)

11-14 17:52:56.669  1858  1858 W com.wallapop: Accessing hidden method Landroid/view/textclassifier/logging/SmartSelectionEventTracker$SelectionEvent;->selectionModified(IILandroid/view/textclassifier/TextSelection;)Landroid/view/textclassifier/logging/SmartSelectionEventTracker$SelectionEvent; (light greylist, reflection)

11-14 17:52:56.669  1858  1858 W com.wallapop: Accessing hidden method Landroid/view/textclassifier/logging/SmartSelectionEventTracker$SelectionEvent;->selectionAction(III)Landroid/view/textclassifier/logging/SmartSelectionEventTracker$SelectionEvent; (light greylist, reflection)

11-14 17:52:56.669  1858  1858 W com.wallapop: Accessing hidden method Landroid/view/textclassifier/logging/SmartSelectionEventTracker$SelectionEvent;->selectionAction(IIILandroid/view/textclassifier/TextClassification;)Landroid/view/textclassifier/logging/SmartSelectionEventTracker$SelectionEvent; (light greylist, reflection)

11-14 17:52:56.715  1858  2002 W com.wallapop: Accessing hidden method Landroid/media/AudioManager;->getOutputLatency(I)I (light greylist, reflection)

11-14 17:52:56.767  1858  1858 W com.wallapop: Accessing hidden method Landroid/app/ActivityThread;->currentPackageName()Ljava/lang/String; (light greylist, reflection)

11-14 17:52:57.105  1858  2053 W com.wallapop: Accessing hidden method Lcom/android/org/conscrypt/OpenSSLSocketImpl;->setAlpnProtocols([B)V (light greylist, reflection)

11-14 17:52:57.463  1858  2053 W com.wallapop: Accessing hidden method Lcom/android/org/conscrypt/OpenSSLSocketImpl;->getAlpnSelectedProtocol()[B (light greylist, reflection)

11-14 17:52:59.056  4211  5504 D SamsungAlarmManager: Cancel Alarm calling from uid:10313 pid :1858 / op:PendingIntent{1a13c7c: PendingIntentRecord{f654bac com.wallapop broadcastIntent}}

11-14 17:52:59.306  1858  1858 W com.wallapop: Accessing hidden method Landroid/view/View;->computeFitSystemWindows(Landroid/graphics/Rect;Landroid/graphics/Rect;)Z (light greylist, reflection)

11-14 17:52:59.308  1858  1858 W com.wallapop: Accessing hidden method Landroid/view/ViewGroup;->makeOptionalFitsSystemWindows()V (light greylist, reflection)

11-14 17:52:59.331  1858  1858 W com.wallapop: Accessing hidden field Landroid/view/ViewGroup;->mOnHierarchyChangeListener:Landroid/view/ViewGroup$OnHierarchyChangeListener; (light greylist, reflection)

11-14 17:52:59.355  4211  5504 D SamsungAlarmManager: Cancel Alarm calling from uid:10313 pid :1858 / op:PendingIntent{5e95db2: PendingIntentRecord{f85df6d com.wallapop broadcastIntent}}

11-14 17:52:59.358  4211  7608 D GameManagerService: identifyGamePackage. com.wallapop

11-14 17:52:59.358  4211  7608 D GamePkgDataHelper: getGamePkgData(). com.wallapop

11-14 17:52:59.452  1858  1858 I chatty  : uid=10313(com.wallapop) identical 4 lines

11-14 17:52:59.466  1858  1858 I chatty  : uid=10313(com.wallapop) identical 8 lines

11-14 17:52:59.467  1858  1858 I chatty  : uid=10313(com.wallapop) identical 1 line

11-14 17:52:59.468  1858  1858 I chatty  : uid=10313(com.wallapop) identical 8 lines

11-14 17:52:59.541  1858  1869 I com.wallapop: Background concurrent copying GC freed 51219(3MB) AllocSpace objects, 38(1832KB) LOS objects, 49% free, 9MB/18MB, paused 423us total 350.156ms

11-14 17:52:59.597  4211  5504 I ActivityManager: START u0 {act=null typ=null flg=0x0 cmp=ComponentInfo{com.wallapop/com.rewallapop.ui.wall.WallActivity}} from uid 10313

11-14 17:52:59.613  3727  3727 I SurfaceFlinger: id=28279 createSurf (4440x4440),2 flag=4, AppWindowToken{e8ba2fe token=Token{5bc1eb9 ActivityRecord{1949880 u0 com.wallapop/com.rewallapop.ui.wall.WallActivity t2201}}}#0

11-14 17:52:59.616  4211  5504 D SurfaceControl: reparent is called, sc=Surface(name=2884339 Splash Screen com.wallapop)/@0xb91fa5f, newParentHandle=android.os.BinderProxy@beabcac, transaction=android.view.SurfaceControl$Transaction@176ed75

11-14 17:52:59.623  3727  5386 D Layer   : [2884339 Splash Screen com.wallapop#0]::reparent oldParent:[AppWindowToken{cdc6afc token=Token{dbf2fef ActivityRecord{f9cf4ce u0 com.wallapop/com.rewallapop.ui.main.MainActivity t2201}}}#0], newParent:[AppWindowToken{e8ba2fe token=Token{5bc1eb9 ActivityRecord{1949880 u0 com.wallapop/com.rewallapop.ui.wall.WallActivity t2201}}}#0]

11-14 17:52:59.628  4211  4228 D WindowManager: setSystemUiVisibility: vis= 0xa018, fullscreenVis= 0x2000, dockedVis= 0x0, win=Window{2884339 u0 Splash Screen com.wallapop}

11-14 17:52:59.634  4211  4211 D Telecom:SamsungPrebindingServiceImpl: onTopActivityChanged : ComponentInfo{com.wallapop/com.rewallapop.ui.wall.WallActivity}

11-14 17:52:59.888  4211  4227 D ApplicationPolicy: isStatusBarNotificationAllowedAsUser: packageName = com.wallapop,userId = 0

11-14 17:52:59.889  4211  4227 D ApplicationPolicy: isStatusBarNotificationAllowedAsUser: packageName = com.wallapop,userId = 0

11-14 17:52:59.894  4211  6751 D GamePkgDataHelper: notifyAppCreate(), pkgName: com.wallapop, sendRet: true

11-14 17:52:59.895  4211  4473 D GamePkgDataHelper: getGamePkgData(). com.wallapop

11-14 17:52:59.895  4211  4473 D GameManagerService: handleMessage(), MSG_APP_CREATE. ignore. pkgName: com.wallapop

11-14 17:52:59.897  4211  6751 D GameManagerService: noteResumeComponent(), resumeComponent: com.wallapop

11-14 17:52:59.897  4211  4473 D GameManagerService: handleForegroundChange(). pkgName: com.wallapop, clsName: com.rewallapop.ui.wall.WallActivity,FgActivityName:com.wallapop/com.rewallapop.ui.wall.WallActivity

11-14 17:52:59.897  4211  6751 D MARsPolicyManager: onPackageResumedFG pkgName = com.wallapop, userId = 0

11-14 17:52:59.899  4211  4211 D Telecom:SamsungPrebindingServiceImpl: onTopActivityChanged : ComponentInfo{com.wallapop/com.rewallapop.ui.wall.WallActivity}

11-14 17:52:59.902  4211  6751 I WindowManager: Cancelling animation restarting=true, leash=null, surface=Surface(name=AppWindowToken{cdc6afc token=Token{dbf2fef ActivityRecord{f9cf4ce u0 com.wallapop/com.rewallapop.ui.main.MainActivity t2201}}})/@0x4e1175c, parent=Surface(name=Task=2201)/@0x61d2a65

11-14 17:52:59.902  4211  6751 I WindowManager: Reparenting to leash, surface=Surface(name=AppWindowToken{cdc6afc token=Token{dbf2fef ActivityRecord{f9cf4ce u0 com.wallapop/com.rewallapop.ui.main.MainActivity t2201}}})/@0x4e1175c

11-14 17:52:59.903  3727  3727 I SurfaceFlinger: id=28280 createSurf (4440x4440),2 flag=4, Surface(name=AppWindowToken{cdc6afc token=Token{dbf2fef ActivityRecord{f9cf4ce u0 com.wallapop/com.rewallapop.ui.main.MainActivity t2201}}})/@0x4e1175c - animation-leash#0

11-14 17:52:59.904  4211  6751 D WindowManager: makeSurface duration=2 leash=Surface(name=Surface(name=AppWindowToken{cdc6afc token=Token{dbf2fef ActivityRecord{f9cf4ce u0 com.wallapop/com.rewallapop.ui.main.MainActivity t2201}}})/@0x4e1175c - animation-leash)/@0x8451b6b

11-14 17:52:59.904  4211  6751 D SurfaceControl: reparent is called, sc=Surface(name=AppWindowToken{cdc6afc token=Token{dbf2fef ActivityRecord{f9cf4ce u0 com.wallapop/com.rewallapop.ui.main.MainActivity t2201}}})/@0x4e1175c, newParentHandle=android.os.BinderProxy@38976c8, transaction=android.view.SurfaceControl$Transaction@8164d48

11-14 17:52:59.908  3727  5386 D Layer   : [AppWindowToken{cdc6afc token=Token{dbf2fef ActivityRecord{f9cf4ce u0 com.wallapop/com.rewallapop.ui.main.MainActivity t2201}}}#0]::reparent oldParent:[Task=2201#0], newParent:[Surface(name=AppWindowToken{cdc6afc token=Token{dbf2fef ActivityRecord{f9cf4ce u0 com.wallapop/com.rewallapop.ui.main.MainActivity t2201}}})/@0x4e1175c - animation-leash#0]

11-14 17:52:59.933  1858  2139 I com.wallapop: The ClassLoaderContext is a special shared library.

11-14 17:52:59.960  1858  1936 W com.wallapop: Accessing hidden method Ldalvik/system/VMRuntime;->getRuntime()Ldalvik/system/VMRuntime; (light greylist, reflection)

11-14 17:52:59.961  1858  1936 W com.wallapop: Accessing hidden method Ldalvik/system/VMRuntime;->vmInstructionSet()Ljava/lang/String; (light greylist, reflection)

11-14 17:52:59.998 23911 23911 D Notification.Badge: [valid] onNotificationPosted : StatusBarNotification(pkg=com.wallapop user=UserHandle{0} id=999 tag=null key=0|com.wallapop|999|null|10313: Notification(channel=wallapop_channel pri=-2 contentView=null vibrate=null sound=null defaults=0x0 flags=0x62 color=0x00000000 vis=PRIVATE semFlags=0x0 semPriority=0 semMissedCount=0))

11-14 17:52:59.998 23911 23911 D Notification.Badge: notificationKey : 0|com.wallapop|999|null|10313, count : 0, this.count : 1

11-14 17:52:59.999 19377 20028 I Finsky  : [9630] fxs.d(3): com.wallapop: Account determined from installer data - [rJj4Md76H4LxoN-B4dnoZM7XaXDDBcXGlC-caOCi6Uc]

11-14 17:53:00.000 23911 23978 D Notification.Badge: LauncherModel:onNotificationPosted() : com.wallapop, count : [0], shouldBeFilteredOut : [false]

11-14 17:53:00.000 19377 20028 I Finsky  : [9630] fxs.d(14): com.wallapop: Account from preferred account - [rJj4Md76H4LxoN-B4dnoZM7XaXDDBcXGlC-caOCi6Uc]

11-14 17:53:00.000 23911 23978 D Notification.Badge: notificationKey : 0|com.wallapop|999|null|10313, count : 1, mTotalCount : 1

11-14 17:53:00.005 23911 23978 D Notification.Badge: updateLauncherIconBadges() item : [IconInfo(title=_Wallapop_ intent=Intent { act=android.intent.action.MAIN cat=[android.intent.category.LAUNCHER] flg=0x10200000 cmp=com.wallapop/.activities.HomeActivity (has extras) } id=162 type=0 container=-102 screen=1 cellX=3 cellY=0 spanX=1 spanY=1 rank=3 hidden=0 dropPos=null user=UserHandle{0} screenType=0)], mShowBadge : [true], item.mBadgeCount : [1]

11-14 17:53:00.007 19377 20028 I Finsky  : [9630] fxs.d(3): com.wallapop: Account determined from installer data - [rJj4Md76H4LxoN-B4dnoZM7XaXDDBcXGlC-caOCi6Uc]

11-14 17:53:00.007 19377 20028 I Finsky  : [9630] fxs.d(14): com.wallapop: Account from preferred account - [rJj4Md76H4LxoN-B4dnoZM7XaXDDBcXGlC-caOCi6Uc]

11-14 17:53:00.018 19377 20028 I Finsky  : [9630] fxs.d(3): com.wallapop: Account determined from installer data - [rJj4Md76H4LxoN-B4dnoZM7XaXDDBcXGlC-caOCi6Uc]

11-14 17:53:00.019 19377 20028 I Finsky  : [9630] fxs.d(14): com.wallapop: Account from preferred account - [rJj4Md76H4LxoN-B4dnoZM7XaXDDBcXGlC-caOCi6Uc]

11-14 17:53:00.022 19377 20028 I Finsky  : [9630] fxs.d(3): com.wallapop: Account determined from installer data - [rJj4Md76H4LxoN-B4dnoZM7XaXDDBcXGlC-caOCi6Uc]

11-14 17:53:00.022 19377 20028 I Finsky  : [9630] fxs.d(14): com.wallapop: Account from preferred account - [rJj4Md76H4LxoN-B4dnoZM7XaXDDBcXGlC-caOCi6Uc]

11-14 17:53:00.079 23911 23911 D RecommendedView: updateBadgeItems: [IconInfo(title=_Wallapop_ intent=Intent { act=android.intent.action.MAIN cat=[android.intent.category.LAUNCHER] flg=0x10200000 cmp=com.wallapop/.activities.HomeActivity (has extras) } id=162 type=0 container=-102 screen=1 cellX=3 cellY=0 spanX=1 spanY=1 rank=3 hidden=0 dropPos=null user=UserHandle{0} screenType=0)]

11-14 17:53:00.191  4211  4310 I WindowManager: reset, Reparenting to original parent, shouldDeferScheduleAnimation=false, destroyLeash=true, surface=Surface(name=AppWindowToken{cdc6afc token=Token{dbf2fef ActivityRecord{f9cf4ce u0 com.wallapop/com.rewallapop.ui.main.MainActivity t2201}}})/@0x4e1175c, parent=Surface(name=Task=2201)/@0x61d2a65, parentNativeHandle=android.os.BinderProxy@71a010c, caller=com.android.server.wm.SurfaceAnimator.lambda$getFinishedCallback$0:97 com.android.server.wm.-$$Lambda$SurfaceAnimator$SIBia0mND666K8lMCPsoid8pUTI.run:4 com.android.server.wm.SurfaceAnimator.lambda$getFinishedCallback$1:104 com.android.server.wm.-$$Lambda$SurfaceAnimator$vdRZk66hQVbQCvVXEaQCT1kVmFc.onAnimationFinished:4 com.android.server.wm.LocalAnimationAdapter.lambda$startAnimation$0:74

11-14 17:53:00.191  4211  4310 D SurfaceControl: reparent is called, sc=Surface(name=AppWindowToken{cdc6afc token=Token{dbf2fef ActivityRecord{f9cf4ce u0 com.wallapop/com.rewallapop.ui.main.MainActivity t2201}}})/@0x4e1175c, newParentHandle=android.os.BinderProxy@71a010c, transaction=android.view.SurfaceControl$Transaction@8164d48

11-14 17:53:00.191  4211  4310 D SurfaceControl: destroy(transaction), animation-leash is destroyed, sc=Surface(name=Surface(name=AppWindowToken{cdc6afc token=Token{dbf2fef ActivityRecord{f9cf4ce u0 com.wallapop/com.rewallapop.ui.main.MainActivity t2201}}})/@0x4e1175c - animation-leash)/@0x8451b6b, transaction=android.view.SurfaceControl$Transaction@8164d48, caller=com.android.server.wm.SurfaceAnimator.reset:338 com.android.server.wm.SurfaceAnimator.lambda$getFinishedCallback$0:97 com.android.server.wm.-$$Lambda$SurfaceAnimator$SIBia0mND666K8lMCPsoid8pUTI.run:4 com.android.server.wm.SurfaceAnimator.lambda$getFinishedCallback$1:104 com.android.server.wm.-$$Lambda$SurfaceAnimator$vdRZk66hQVbQCvVXEaQCT1kVmFc.onAnimationFinished:4 com.android.server.wm.LocalAnimationAdapter.lambda$startAnimation$0:74 com.android.server.wm.-$$Lambda$LocalAnimationAdapter$X--EomqUvw4qy89IeeTFTH7aCMo.run:4

11-14 17:53:00.209  3727  3770 D Layer   : [AppWindowToken{cdc6afc token=Token{dbf2fef ActivityRecord{f9cf4ce u0 com.wallapop/com.rewallapop.ui.main.MainActivity t2201}}}#0]::reparent oldParent:[Surface(name=AppWindowToken{cdc6afc token=Token{dbf2fef ActivityRecord{f9cf4ce u0 com.wallapop/com.rewallapop.ui.main.MainActivity t2201}}})/@0x4e1175c - animation-leash#0], newParent:[Task=2201#0]

11-14 17:53:00.209  3727  3770 I SurfaceFlinger: id=28280 Removed Surface(name=AppWindowToken{cdc6afc token=Token{dbf2fef ActivityRecord{f9cf4ce u0 com.wallapop/com.rewallapop.ui.main.MainActivity t2201}}})/@0x4e1175c - animation-leash#0 (0/64)

11-14 17:53:00.224  3727  3727 I Layer   : id=28280 onRemoved Surface(name=AppWindowToken{cdc6afc token=Token{dbf2fef ActivityRecord{f9cf4ce u0 com.wallapop/com.rewallapop.ui.main.MainActivity t2201}}})/@0x4e1175c - animation-leash#0

11-14 17:53:00.250  4211  6751 D SamsungAlarmManager: Cancel Alarm calling from uid:10313 pid :1858 / op:PendingIntent{dac4a55: PendingIntentRecord{f85df6d com.wallapop broadcastIntent}}

11-14 17:53:00.388  1858  1858 W com.wallapop: Accessing hidden method Landroid/widget/TextView;->getTextDirectionHeuristic()Landroid/text/TextDirectionHeuristic; (light greylist, linking)

11-14 17:53:00.396  1858  1858 W com.wallapop: Accessing hidden method Landroid/graphics/FontFamily;-><init>()V (light greylist, reflection)

11-14 17:53:00.396  1858  1858 W com.wallapop: Accessing hidden method Landroid/graphics/FontFamily;->addFontFromAssetManager(Landroid/content/res/AssetManager;Ljava/lang/String;IZIII[Landroid/graphics/fonts/FontVariationAxis;)Z (light greylist, reflection)

11-14 17:53:00.396  1858  1858 W com.wallapop: Accessing hidden method Landroid/graphics/FontFamily;->addFontFromBuffer(Ljava/nio/ByteBuffer;I[Landroid/graphics/fonts/FontVariationAxis;II)Z (light greylist, reflection)

11-14 17:53:00.396  1858  1858 W com.wallapop: Accessing hidden method Landroid/graphics/FontFamily;->freeze()Z (light greylist, reflection)

11-14 17:53:00.396  1858  1858 W com.wallapop: Accessing hidden method Landroid/graphics/FontFamily;->abortCreation()V (light greylist, reflection)

11-14 17:53:00.397  1858  1858 W com.wallapop: Accessing hidden method Landroid/graphics/Typeface;->createFromFamiliesWithDefault([Landroid/graphics/FontFamily;Ljava/lang/String;II)Landroid/graphics/Typeface; (light greylist, reflection)

11-14 17:53:00.498  1858  1869 I com.wallapop: Background concurrent copying GC freed 164788(9MB) AllocSpace objects, 35(1316KB) LOS objects, 49% free, 11MB/23MB, paused 369us total 188.783ms

11-14 17:53:00.581  4211  4390 D WifiTrafficPoller: TrafficStats TxPkts=980826 RxPkts=1715893 TxBytes=211617659 RxBytes=1631640141 , Foreground uid=10313 pkgName=com.wallapop TxPackets=64985 RxPackets=58987 TxBytes=13741837 RxBytes=40088185

11-14 17:53:01.005  1858  2135 I com.wallapop: The ClassLoaderContext is a special shared library.

11-14 17:53:01.128  3727  3727 I SurfaceFlinger: id=28281 createSurf (4440x4440),2 flag=4, b8db7ca com.wallapop/com.rewallapop.ui.wall.WallActivity#0

11-14 17:53:01.155 19377 20028 I Finsky  : [9630] fxs.d(3): com.wallapop: Account determined from installer data - [rJj4Md76H4LxoN-B4dnoZM7XaXDDBcXGlC-caOCi6Uc]

11-14 17:53:01.156 19377 20028 I Finsky  : [9630] fxs.d(14): com.wallapop: Account from preferred account - [rJj4Md76H4LxoN-B4dnoZM7XaXDDBcXGlC-caOCi6Uc]

11-14 17:53:01.215 19377 20028 I Finsky  : [9630] fxs.d(3): com.wallapop: Account determined from installer data - [rJj4Md76H4LxoN-B4dnoZM7XaXDDBcXGlC-caOCi6Uc]

11-14 17:53:01.216 19377 20028 I Finsky  : [9630] fxs.d(14): com.wallapop: Account from preferred account - [rJj4Md76H4LxoN-B4dnoZM7XaXDDBcXGlC-caOCi6Uc]

11-14 17:53:01.294 19377 20028 I Finsky  : [9630] fxs.d(3): com.wallapop: Account determined from installer data - [rJj4Md76H4LxoN-B4dnoZM7XaXDDBcXGlC-caOCi6Uc]

11-14 17:53:01.295 19377 20028 I Finsky  : [9630] fxs.d(14): com.wallapop: Account from preferred account - [rJj4Md76H4LxoN-B4dnoZM7XaXDDBcXGlC-caOCi6Uc]

11-14 17:53:01.342 19377 20028 I Finsky  : [9630] fxs.d(3): com.wallapop: Account determined from installer data - [rJj4Md76H4LxoN-B4dnoZM7XaXDDBcXGlC-caOCi6Uc]

11-14 17:53:01.342 19377 20028 I Finsky  : [9630] fxs.d(14): com.wallapop: Account from preferred account - [rJj4Md76H4LxoN-B4dnoZM7XaXDDBcXGlC-caOCi6Uc]

11-14 17:53:01.605  4211  5239 D ActivityManagerPerformance: Received MSG_DISABLE_ACT_START, r: ActivityRecord{1949880 u0 com.wallapop/com.rewallapop.ui.wall.WallActivity t2201}

11-14 17:53:01.725  1858  1869 I com.wallapop: Background concurrent copying GC freed 154883(11MB) AllocSpace objects, 36(1740KB) LOS objects, 49% free, 13MB/27MB, paused 591us total 264.896ms

11-14 17:53:02.040  4211  5504 V WindowManager: Relayout Window{b8db7ca u0 com.wallapop/com.rewallapop.ui.wall.WallActivity}: viewVisibility=0 req=1080x2220 {(0,0)(fillxfill) sim={adjust=resize forwardNavigation} ty=BASE_APPLICATION wanim=0x10302fe

11-14 17:53:02.043  3727  3727 I SurfaceFlinger: id=28282 createSurf (1080x2220),1 flag=404, com.wallapop/com.rewallapop.ui.wall.WallActivity[1858]#0

11-14 17:53:02.045  4211  5504 D WindowManager: makeSurface duration=2 name=com.wallapop/com.rewallapop.ui.wall.WallActivity[1858]

11-14 17:53:02.045  4211  5504 V WindowManager: Changing focus from null to Window{b8db7ca u0 com.wallapop/com.rewallapop.ui.wall.WallActivity} Callers=com.android.server.wm.WindowManagerService.relayoutWindow:2526 com.android.server.wm.Session.relayoutForTranslate:302 android.view.IWindowSession$Stub.onTransact:518 com.android.server.wm.Session.onTransact:186

11-14 17:53:02.045  4211  4228 D WindowManager: setSystemUiVisibility: vis= 0xa518, fullscreenVis= 0x2000, dockedVis= 0x0, win=Window{b8db7ca u0 com.wallapop/com.rewallapop.ui.wall.WallActivity}

11-14 17:53:02.047  4211  4242 D WindowManager: reportFocusChangedSerialized, focused=true, inTouchMode=true, win=Window{b8db7ca u0 com.wallapop/com.rewallapop.ui.wall.WallActivity}

11-14 17:53:02.167 19377 19389 I Finsky  : [9558] fxs.d(3): com.wallapop: Account determined from installer data - [rJj4Md76H4LxoN-B4dnoZM7XaXDDBcXGlC-caOCi6Uc]

11-14 17:53:02.168 19377 19389 I Finsky  : [9558] fxs.d(14): com.wallapop: Account from preferred account - [rJj4Md76H4LxoN-B4dnoZM7XaXDDBcXGlC-caOCi6Uc]

11-14 17:53:02.363  4211  4311 D WindowManager: finishDrawingWindow: Window{b8db7ca u0 com.wallapop/com.rewallapop.ui.wall.WallActivity} mDrawState=DRAW_PENDING

11-14 17:53:02.366  4211  4310 I WindowManager: commitFinishDrawingLocked: mDrawState=READY_TO_SHOW Surface(name=com.wallapop/com.rewallapop.ui.wall.WallActivity[1858])/@0x4b3abd2

11-14 17:53:02.367  4211  4310 V WindowManager: Resize reasons for w=Window{b8db7ca u0 com.wallapop/com.rewallapop.ui.wall.WallActivity}:  contentInsetsChanged=false [0,63][0,126] visibleInsetsChanged=false [0,63][0,126] stableInsetsChanged=false [0,63][0,126] outsetsChanged=false [0,0][0,0] surfaceResized=false configChanged=false dragResizingChanged=false reportOrientationChanged=false displayCutoutChanged=false nextForceRelayoutToClient=false

11-14 17:53:02.374  4211  4310 I WindowManager: commitFinishDrawingLocked: mDrawState=READY_TO_SHOW Surface(name=com.wallapop/com.rewallapop.ui.wall.WallActivity[1858])/@0x4b3abd2

11-14 17:53:02.374  4211  4310 I WindowManager: Cancelling animation restarting=false, leash=null, surface=Surface(name=b8db7ca com.wallapop/com.rewallapop.ui.wall.WallActivity)/@0x54654a3, parent=Surface(name=AppWindowToken{e8ba2fe token=Token{5bc1eb9 ActivityRecord{1949880 u0 com.wallapop/com.rewallapop.ui.wall.WallActivity t2201}}})/@0x5cde3a0

11-14 17:53:02.374  4211  4310 V WindowManager: performShowLocked: mDrawState=HAS_DRAWN in Window{b8db7ca u0 com.wallapop/com.rewallapop.ui.wall.WallActivity}

11-14 17:53:02.392  4211  4242 I ActivityManager: Displayed com.wallapop/com.rewallapop.ui.wall.WallActivity: +2s484ms (total +9s141ms)

11-14 17:53:02.393  4211  4310 V WindowManager: Remove Window{2884339 u0 Splash Screen com.wallapop}: mSurfaceController=Surface(name=Splash Screen com.wallapop)/@0x77cddfb mAnimatingExit=false mRemoveOnExit=false mHasSurface=true surfaceShowing=true isAnimationSet=false app-animation=false mWillReplaceWindow=false inPendingTransaction=false mDisplayFrozen=false callers=com.android.server.wm.WindowState.removeIfPossible:2764 com.android.server.wm.WindowManagerService.removeWindow:1943 com.android.server.wm.Session.remove:268 android.view.ViewRootImpl.dispatchDetachedFromWindow:4565 android.view.ViewRootImpl.doDie:7996 android.view.ViewRootImpl$ViewRootHandler.handleMessage:4987

11-14 17:53:02.394  4211  4310 I WindowManager: Cancelling animation restarting=true, leash=null, surface=Surface(name=2884339 Splash Screen com.wallapop)/@0xb91fa5f, parent=Surface(name=AppWindowToken{e8ba2fe token=Token{5bc1eb9 ActivityRecord{1949880 u0 com.wallapop/com.rewallapop.ui.wall.WallActivity t2201}}})/@0x5cde3a0

11-14 17:53:02.395  4211  4310 I WindowManager: Reparenting to leash, surface=Surface(name=2884339 Splash Screen com.wallapop)/@0xb91fa5f

11-14 17:53:02.395  3727  3727 I SurfaceFlinger:      Device | 0x70d6734d80 | 0002 | RGBA_8888 |   0.0    0.0 1080.0 2220.0 |    0    0 1080 2220 | com.wallapop/com.rewallapop.ui.wall.WallActivity[1858]#0

11-14 17:53:02.395  3727  3727 I SurfaceFlinger:      Device | 0x70de0335c0 | 0000 | RGBA_8888 |   0.0    0.0 1080.0 2220.0 |    0    0 1080 2220 | Splash Screen com.wallapop#0

11-14 17:53:02.397  3727  3727 I SurfaceFlinger: id=28283 createSurf (4440x4440),2 flag=4, Surface(name=2884339 Splash Screen com.wallapop)/@0xb91fa5f - animation-leash#0

11-14 17:53:02.399  4211  4310 D WindowManager: makeSurface duration=4 leash=Surface(name=Surface(name=2884339 Splash Screen com.wallapop)/@0xb91fa5f - animation-leash)/@0xb7cb31e

11-14 17:53:02.399  4211  4310 D SurfaceControl: reparent is called, sc=Surface(name=2884339 Splash Screen com.wallapop)/@0xb91fa5f, newParentHandle=android.os.BinderProxy@9df97ff, transaction=android.view.SurfaceControl$Transaction@176ed75

11-14 17:53:02.404  3727  3771 D Layer   : [2884339 Splash Screen com.wallapop#0]::reparent oldParent:[AppWindowToken{e8ba2fe token=Token{5bc1eb9 ActivityRecord{1949880 u0 com.wallapop/com.rewallapop.ui.wall.WallActivity t2201}}}#0], newParent:[Surface(name=2884339 Splash Screen com.wallapop)/@0xb91fa5f - animation-leash#0]

11-14 17:53:02.482  1858  1858 V InputMethodManager: Starting input: tba=com.wallapop ic=null mNaviBarColor -1 mIsGetNaviBarColorSuccess true , NavVisible : true , NavTrans : false

11-14 17:53:02.485  4211  4311 V InputMethodManagerService: windowGainedFocus : reason=WINDOW_FOCUS_GAIN client=android.os.BinderProxy@482f56c inputContext=null missingMethods= attribute=android.view.inputmethod.EditorInfo@f5ed415 nm = com.wallapop controlFlags=#104 softInputMode=#110 windowFlags=#81810100

11-14 17:53:02.561  4211  4310 I WindowManager: reset, Reparenting to original parent, shouldDeferScheduleAnimation=false, destroyLeash=true, surface=Surface(name=2884339 Splash Screen com.wallapop)/@0xb91fa5f, parent=Surface(name=AppWindowToken{e8ba2fe token=Token{5bc1eb9 ActivityRecord{1949880 u0 com.wallapop/com.rewallapop.ui.wall.WallActivity t2201}}})/@0x5cde3a0, parentNativeHandle=android.os.BinderProxy@beabcac, caller=com.android.server.wm.SurfaceAnimator.lambda$getFinishedCallback$0:97 com.android.server.wm.-$$Lambda$SurfaceAnimator$SIBia0mND666K8lMCPsoid8pUTI.run:4 com.android.server.wm.SurfaceAnimator.lambda$getFinishedCallback$1:104 com.android.server.wm.-$$Lambda$SurfaceAnimator$vdRZk66hQVbQCvVXEaQCT1kVmFc.onAnimationFinished:4 com.android.server.wm.LocalAnimationAdapter.lambda$startAnimation$0:74

11-14 17:53:02.562  4211  4310 D SurfaceControl: reparent is called, sc=Surface(name=2884339 Splash Screen com.wallapop)/@0xb91fa5f, newParentHandle=android.os.BinderProxy@beabcac, transaction=android.view.SurfaceControl$Transaction@176ed75

11-14 17:53:02.562  4211  4310 D SurfaceControl: destroy(transaction), animation-leash is destroyed, sc=Surface(name=Surface(name=2884339 Splash Screen com.wallapop)/@0xb91fa5f - animation-leash)/@0xb7cb31e, transaction=android.view.SurfaceControl$Transaction@176ed75, caller=com.android.server.wm.SurfaceAnimator.reset:338 com.android.server.wm.SurfaceAnimator.lambda$getFinishedCallback$0:97 com.android.server.wm.-$$Lambda$SurfaceAnimator$SIBia0mND666K8lMCPsoid8pUTI.run:4 com.android.server.wm.SurfaceAnimator.lambda$getFinishedCallback$1:104 com.android.server.wm.-$$Lambda$SurfaceAnimator$vdRZk66hQVbQCvVXEaQCT1kVmFc.onAnimationFinished:4 com.android.server.wm.LocalAnimationAdapter.lambda$startAnimation$0:74 com.android.server.wm.-$$Lambda$LocalAnimationAdapter$X--EomqUvw4qy89IeeTFTH7aCMo.run:4

11-14 17:53:02.563  4211  4310 E WindowManager: win=Window{2884339 u0 Splash Screen com.wallapop EXITING} destroySurfaces: appStopped=false win.mWindowRemovalAllowed=true win.mRemoveOnExit=true win.mViewVisibility=0 caller=com.android.server.wm.AppWindowToken.destroySurfaces:870 com.android.server.wm.AppWindowToken.destroySurfaces:851 com.android.server.wm.WindowState.onExitAnimationDone:5436 com.android.server.wm.WindowStateAnimator.onAnimationFinished:319 com.android.server.wm.WindowState.onAnimationFinished:5858 com.android.server.wm.-$$Lambda$yVRF8YoeNdTa8GR1wDStVsHu8xM.run:2 com.android.server.wm.SurfaceAnimator.lambda$getFinishedCallback$0:100

11-14 17:53:02.563  4211  4310 I WindowManager: Destroying surface Surface(name=Splash Screen com.wallapop)/@0x77cddfb called by com.android.server.wm.WindowStateAnimator.destroySurface:1901 com.android.server.wm.WindowStateAnimator.destroySurfaceLocked:838 com.android.server.wm.WindowState.destroySurfaceUnchecked:3839 com.android.server.wm.WindowState.destroySurface:3820 com.android.server.wm.AppWindowToken.destroySurfaces:870 com.android.server.wm.AppWindowToken.destroySurfaces:851 com.android.server.wm.WindowState.onExitAnimationDone:5436 com.android.server.wm.WindowStateAnimator.onAnimationFinished:319

11-14 17:53:02.564  3727  3770 I SurfaceFlinger: id=28276 Removed Splash Screen com.wallapop#0 (0/66)

11-14 17:53:02.570  3727  5386 W SurfaceFlinger: Attempting to set client state on removed layer: Splash Screen com.wallapop#0 [s.what : 40]

11-14 17:53:02.570  3727  5386 D Layer   : [2884339 Splash Screen com.wallapop#0]::reparent oldParent:[Surface(name=2884339 Splash Screen com.wallapop)/@0xb91fa5f - animation-leash#0], newParent:[AppWindowToken{e8ba2fe token=Token{5bc1eb9 ActivityRecord{1949880 u0 com.wallapop/com.rewallapop.ui.wall.WallActivity t2201}}}#0]

11-14 17:53:02.571  3727  5386 I SurfaceFlinger: id=28283 Removed Surface(name=2884339 Splash Screen com.wallapop)/@0xb91fa5f - animation-leash#0 (2/65)

11-14 17:53:02.571  3727  5386 W SurfaceFlinger: Attempting to destroy on removed layer: Splash Screen com.wallapop#0

11-14 17:53:02.571  3727  5386 I SurfaceFlinger: id=28275 Removed 2884339 Splash Screen com.wallapop#0 (1/64)

11-14 17:53:02.578  3727  3727 I Layer   : id=28275 onRemoved 2884339 Splash Screen com.wallapop#0

11-14 17:53:02.578  3727  3727 I Layer   : id=28276 onRemoved Splash Screen com.wallapop#0

11-14 17:53:02.579  3727  3727 I Layer   : id=28283 onRemoved Surface(name=2884339 Splash Screen com.wallapop)/@0xb91fa5f - animation-leash#0

11-14 17:53:02.583  3727  3727 I SurfaceFlinger:      Device | 0x70d6734d80 | 0002 | RGBA_8888 |   0.0    0.0 1080.0 2220.0 |    0    0 1080 2220 | com.wallapop/com.rewallapop.ui.wall.WallActivity[1858]#0

11-14 17:53:02.620  1858  1858 V InputMethodManager: Starting input: tba=com.wallapop ic=null mNaviBarColor -1 mIsGetNaviBarColorSuccess true , NavVisible : true , NavTrans : false

11-14 17:53:02.649 19377 19613 I Finsky  : [9616] fxs.d(3): com.wallapop: Account determined from installer data - [rJj4Md76H4LxoN-B4dnoZM7XaXDDBcXGlC-caOCi6Uc]

11-14 17:53:02.650 19377 19613 I Finsky  : [9616] fxs.d(14): com.wallapop: Account from preferred account - [rJj4Md76H4LxoN-B4dnoZM7XaXDDBcXGlC-caOCi6Uc]

11-14 17:53:02.667 19377 19613 I Finsky  : [9616] fxs.d(3): com.wallapop: Account determined from installer data - [rJj4Md76H4LxoN-B4dnoZM7XaXDDBcXGlC-caOCi6Uc]

11-14 17:53:02.672 19377 19613 I Finsky  : [9616] fxs.d(14): com.wallapop: Account from preferred account - [rJj4Md76H4LxoN-B4dnoZM7XaXDDBcXGlC-caOCi6Uc]

11-14 17:53:02.708  4622  4682 E RequestManager_FLP: [FusedLocationApi] Location request b4e242c(Listener) PRIORITY_BALANCED_POWER_ACCURACY interval=300000 from com.wallapop

11-14 17:53:02.801  4211  4228 D CodecSolution: isMaxAspectPackageEx: com.wallapop : true(2)

11-14 17:53:02.836  4211  5504 I WindowManager: Cancelling animation restarting=false, leash=null, surface=Surface(name=AppWindowToken{cdc6afc token=Token{dbf2fef ActivityRecord{f9cf4ce u0 com.wallapop/com.rewallapop.ui.main.MainActivity t2201}}})/@0x4e1175c, parent=Surface(name=Task=2201)/@0x61d2a65

11-14 17:53:02.847  3727  3770 I SurfaceFlinger: id=28274 Removed AppWindowToken{cdc6afc token=Token{dbf2fef ActivityRecord{f9cf4ce u0 com.wallapop/com.rewallapop.ui.main.MainActivity t2201}}}#0 (0/63)

11-14 17:53:02.862  3727  3727 I Layer   : id=28274 onRemoved AppWindowToken{cdc6afc token=Token{dbf2fef ActivityRecord{f9cf4ce u0 com.wallapop/com.rewallapop.ui.main.MainActivity t2201}}}#0

11-14 17:53:02.930  4211  4669 D MdnieScenarioControlService:  packageName : com.wallapop    className : com.rewallapop.ui.wall.WallActivity

11-14 17:53:03.077  1858  1863 I com.wallapop: Compiler allocated 4MB to compile void android.widget.TextView.<init>(android.content.Context, android.util.AttributeSet, int, int)

11-14 17:53:03.154  1858  1858 W com.wallapop: Accessing hidden field Landroid/view/View;->mAccessibilityDelegate:Landroid/view/View$AccessibilityDelegate; (light greylist, reflection)

11-14 17:53:04.009  1858  1858 W View    : requestLayout() improperly called by com.wallapop.design.view.WallapopTextView{a825086 V.ED..... ......ID 47,26-47,86 #7f0a0904 app:id/wp__home__tv_bubble} during layout: running second layout pass

11-14 17:53:04.418  1858  1869 I com.wallapop: Background concurrent copying GC freed 186699(11MB) AllocSpace objects, 43(2MB) LOS objects, 49% free, 14MB/28MB, paused 405us total 206.909ms

11-14 17:53:04.674  4211  4390 D WifiTrafficPoller: TrafficStats TxPkts=981007 RxPkts=1716076 TxBytes=211680550 RxBytes=1631711310 , Foreground uid=10313 pkgName=com.wallapop TxPackets=65112 RxPackets=59102 TxBytes=13768173 RxBytes=40145431

11-14 17:53:05.544  4211  4809 D WifiPermissionsUtil: canAccessScanResults: pkgName = com.wallapop, uid = 10313

11-14 17:53:06.119  1858  2187 D Amazon DTB Ads API: with query params:[?dt=android&app=app&dinfo=%7B%22os%22%3A%22Android%22%2C%22model%22%3A%22SM-A750FN%22%2C%22make%22%3A%22samsung%22%2C%22osVersion%22%3A%229%22%2C%22connectionType%22%3A%22Wifi%22%2C%22country%22%3A%22ES%22%2C%22scalingFactor%22%3A%222.625%22%2C%22carrier%22%3A%22JAZZTEL%22%2C%22language%22%3A%22es%22%2C%22screenSize%22%3A%221080x2094%22%2C%22orientation%22%3A%22portrait%22%7D&oo=0&aud=3p&idfa=bf505ce3-e614-4d9a-a4d7-9c324edc6560&appId=d2ba46e2d5ef4c9883051d9c8d0125d5&sdkVer=aps-android-7.4.3&ua=Dalvik%2F2.1.0%20%28Linux%3B%20U%3B%20Android%209%3B%20SM-A750FN%20Build%2FPPR1.180610.011%29&pkg=%7B%22lbl%22%3A%22_Wallapop_%22%2C%22pn%22%3A%22com.wallapop%22%2C%22v%22%3A%221850000%22%2C%22vn%22%3A%221.85.0-d1910251130%22%7D]

11-14 17:53:06.589  1858  2187 D Amazon DTB Ads API: Error while connecting to remote server: https://s.amazon-adsystem.com/api3/generate_did?dt=android&app=app&dinfo=%7B%22os%22%3A%22Android%22%2C%22model%22%3A%22SM-A750FN%22%2C%22make%22%3A%22samsung%22%2C%22osVersion%22%3A%229%22%2C%22connectionType%22%3A%22Wifi%22%2C%22country%22%3A%22ES%22%2C%22scalingFactor%22%3A%222.625%22%2C%22carrier%22%3A%22JAZZTEL%22%2C%22language%22%3A%22es%22%2C%22screenSize%22%3A%221080x2094%22%2C%22orientation%22%3A%22portrait%22%7D&oo=0&aud=3p&idfa=bf505ce3-e614-4d9a-a4d7-9c324edc6560&appId=d2ba46e2d5ef4c9883051d9c8d0125d5&sdkVer=aps-android-7.4.3&ua=Dalvik%2F2.1.0%20%28Linux%3B%20U%3B%20Android%209%3B%20SM-A750FN%20Build%2FPPR1.180610.011%29&pkg=%7B%22lbl%22%3A%22_Wallapop_%22%2C%22pn%22%3A%22com.wallapop%22%2C%22v%22%3A%221850000%22%2C%22vn%22%3A%221.85.0-d1910251130%22%7D with error:Chain validation failed

11-14 17:53:06.591  1858  2187 E Amazon DTB Ads API: 	at com.wallapop.thirdparty.ads.b.a.a(SourceFile:43)

11-14 17:53:06.591  1858  2187 E Amazon DTB Ads API: 	at com.wallapop.thirdparty.ads.b.a$b$1.invokeSuspend(SourceFile:34)

11-14 17:53:06.591  1858  2187 E Amazon DTB Ads API: 	at com.wallapop.thirdparty.ads.b.a$b$1.invoke(Unknown Source:10)

11-14 17:53:06.591  1858  2187 E Amazon DTB Ads API: 	at com.wallapop.thirdparty.ads.b.a$b.invokeSuspend(SourceFile:33)

11-14 17:53:06.678  1858  2409 D Amazon DTB Ads API: with query params:[?dt=android&app=app&dinfo=%7B%22os%22%3A%22Android%22%2C%22model%22%3A%22SM-A750FN%22%2C%22make%22%3A%22samsung%22%2C%22osVersion%22%3A%229%22%2C%22connectionType%22%3A%22Wifi%22%2C%22country%22%3A%22ES%22%2C%22scalingFactor%22%3A%222.625%22%2C%22carrier%22%3A%22JAZZTEL%22%2C%22language%22%3A%22es%22%2C%22screenSize%22%3A%221080x2094%22%2C%22orientation%22%3A%22portrait%22%7D&oo=0&aud=3p&idfa=bf505ce3-e614-4d9a-a4d7-9c324edc6560&appId=d2ba46e2d5ef4c9883051d9c8d0125d5&sdkVer=aps-android-7.4.3&ua=Dalvik%2F2.1.0%20%28Linux%3B%20U%3B%20Android%209%3B%20SM-A750FN%20Build%2FPPR1.180610.011%29&pkg=%7B%22lbl%22%3A%22_Wallapop_%22%2C%22pn%22%3A%22com.wallapop%22%2C%22v%22%3A%221850000%22%2C%22vn%22%3A%221.85.0-d1910251130%22%7D]

11-14 17:53:07.003  1858  1869 I com.wallapop: Background concurrent copying GC freed 219393(11MB) AllocSpace objects, 76(3MB) LOS objects, 50% free, 17MB/34MB, paused 494us total 229.230ms

11-14 17:53:07.099  1858  2409 D Amazon DTB Ads API: Error while connecting to remote server: https://s.amazon-adsystem.com/api3/generate_did?dt=android&app=app&dinfo=%7B%22os%22%3A%22Android%22%2C%22model%22%3A%22SM-A750FN%22%2C%22make%22%3A%22samsung%22%2C%22osVersion%22%3A%229%22%2C%22connectionType%22%3A%22Wifi%22%2C%22country%22%3A%22ES%22%2C%22scalingFactor%22%3A%222.625%22%2C%22carrier%22%3A%22JAZZTEL%22%2C%22language%22%3A%22es%22%2C%22screenSize%22%3A%221080x2094%22%2C%22orientation%22%3A%22portrait%22%7D&oo=0&aud=3p&idfa=bf505ce3-e614-4d9a-a4d7-9c324edc6560&appId=d2ba46e2d5ef4c9883051d9c8d0125d5&sdkVer=aps-android-7.4.3&ua=Dalvik%2F2.1.0%20%28Linux%3B%20U%3B%20Android%209%3B%20SM-A750FN%20Build%2FPPR1.180610.011%29&pkg=%7B%22lbl%22%3A%22_Wallapop_%22%2C%22pn%22%3A%22com.wallapop%22%2C%22v%22%3A%221850000%22%2C%22vn%22%3A%221.85.0-d1910251130%22%7D with error:Chain validation failed

11-14 17:53:07.132  1858  2409 D Amazon DTB Ads API: with json params:[{"oo":"false","dinfo":{"os":"Android","model":"SM-A750FN","make":"samsung","osVersion":"9","connectionType":"Wifi","country":"ES","scalingFactor":"2.625","carrier":"JAZZTEL","language":"es","screenSize":"1080x2094","orientation":"portrait"},"adsdk":"aps-android-7.4.3","slots":[{"sz":"320x50","slot":"f414d83c-ab9f-4e02-9c59-5137663ee6c7","slotId":1,"supportedMediaTypes":["DISPLAY"]}],"mraid":["1.0","2.0","3.0"],"appId":"d2ba46e2d5ef4c9883051d9c8d0125d5","idfa":"bf505ce3-e614-4d9a-a4d7-9c324edc6560","geoloc":"41.4058684,2.1865172,18.145","isDTBMobile":"true","ua":"Dalvik\/2.1.0 (Linux; U; Android 9; SM-A750FN Build\/PPR1.180610.011)","pkg":{"lbl":"_Wallapop_","pn":"com.wallapop","v":"1850000","vn":"1.85.0-d1910251130"},"gdpr":{"e":"1","c":"BOR0xKKOR0xKKABABAENBZ-AAAAfZ7_______9______9uz_Gv_v_f__33e8__9v_l_7_-___u_-33d4-_1vX99yfm1-7ftr3tp_86ues2vHqK9ZoA"}}]

11-14 17:53:08.415  1858  1858 W com.wallapop: Accessing hidden method Landroid/media/AudioTrack;->getLatency()I (light greylist, reflection)

11-14 17:53:08.766  4211  4390 D WifiTrafficPoller: TrafficStats TxPkts=981382 RxPkts=1716464 TxBytes=211775859 RxBytes=1631939578 , Foreground uid=10313 pkgName=com.wallapop TxPackets=65424 RxPackets=59395 TxBytes=13832821 RxBytes=40319303

11-14 17:53:08.902  4211  4475 I CodecSolution: pid(1858) pkg(com.wallapop)

11-14 17:53:08.915  4211  4311 D CodecSolution: topName : com.wallapop

11-14 17:53:08.915  4211  4311 I CodecSolution: Top : com.wallapop

11-14 17:53:08.915  4211  4311 D SCPMHelper: getPackageInfo(com.wallapop)

11-14 17:53:08.951  4211  4475 I CodecSolution: pid(1858) pkg(com.wallapop)

11-14 17:53:08.959  4211  4554 D CodecSolution: topName : com.wallapop

11-14 17:53:08.959  4211  4554 I CodecSolution: Top : com.wallapop

11-14 17:53:08.959  4211  4554 D SCPMHelper: getPackageInfo(com.wallapop)

11-14 17:53:08.958  1858  2364 I com.wallapop: IncrementDisableThreadFlip blocked for 10.318ms

11-14 17:53:09.050  1858  2453 I chatty  : uid=10313(com.wallapop) CodecLooper identical 1 line

11-14 17:53:09.153  1858  1869 I com.wallapop: Background concurrent copying GC freed 245512(11MB) AllocSpace objects, 124(5MB) LOS objects, 50% free, 18MB/37MB, paused 2.467ms total 246.971ms

11-14 17:53:09.764  1858  2448 I chatty  : uid=10313(com.wallapop) CodecLooper identical 1 line


