Executed 'TestRailTest_01()' on 04-11-2019
---------------------------------------------------------------------------------
11-14 15:53:45.091 30108 30119 I com.wallapop: Background concurrent copying GC freed 511220(22MB) AllocSpace objects, 12(584KB) LOS objects, 41% free, 34MB/58MB, paused 1.029ms total 293.829ms

11-14 16:02:09.529 30108 30119 I com.wallapop: Background concurrent copying GC freed 568605(24MB) AllocSpace objects, 0(0B) LOS objects, 41% free, 34MB/58MB, paused 761us total 293.559ms

11-14 16:03:17.565 30108 30108 V InputMethodManager: Starting input: tba=com.wallapop ic=null mNaviBarColor -1 mIsGetNaviBarColorSuccess true , NavVisible : true , NavTrans : false

11-14 16:03:17.590  4211  4244 D GameManagerService: noteResumeComponent(), resumeComponent: com.wallapop

11-14 16:03:17.590  4211  4244 D MARsPolicyManager: onPackageResumedFG pkgName = com.wallapop, userId = 0

11-14 16:03:17.590  4211  4473 D GameManagerService: handleForegroundChange(). pkgName: com.wallapop, clsName: com.wallapop.chatui.conversation.ConversationActivity,FgActivityName:com.wallapop/.chatui.conversation.ConversationActivity

11-14 16:03:17.613  4211  4228 I WindowManager: Waiting for drawn Window{11c5145 u0 com.wallapop/com.wallapop.chatui.conversation.ConversationActivity}: removed=false visible=true mHasSurface=true drawState=1

11-14 16:03:17.616  4211  4310 V WindowManager: Resize reasons for w=Window{11c5145 u0 com.wallapop/com.wallapop.chatui.conversation.ConversationActivity}:  contentInsetsChanged=true [0,63][0,126] visibleInsetsChanged=false [0,63][0,126] stableInsetsChanged=false [0,63][0,126] outsetsChanged=false [0,0][0,0] surfaceResized=false configChanged=false dragResizingChanged=false reportOrientationChanged=false displayCutoutChanged=false nextForceRelayoutToClient=false

11-14 16:03:17.622  4211  4310 I WindowManager: Waiting for drawn Window{11c5145 u0 com.wallapop/com.wallapop.chatui.conversation.ConversationActivity}: removed=false visible=true mHasSurface=true drawState=1

11-14 16:03:17.647  4211  4312 D SamsungAlarmManager: Cancel Alarm calling from uid:10313 pid :30108 / op:PendingIntent{41a5051: PendingIntentRecord{35310b6 com.wallapop broadcastIntent}}

11-14 16:03:17.754  4211  6757 D LocationManagerService: request 44930af passive Request[POWER_NONE passive fastest=0 num=1 lowPowerMode=false] from com.wallapop(10313 foreground)

11-14 16:03:17.755  4622  4682 V ListenerMonitor_FLP: addListener, type : 0 packageName : com.wallapop , listener count : 1

11-14 16:03:17.755  4622  4682 E RequestManager_FLP: [LocationManagerService] Location request 44930af(PendingIntent) passive interval=0 from com.wallapop(10313)

11-14 16:03:17.756  4211  4310 I WindowManager: Waiting for drawn Window{11c5145 u0 com.wallapop/com.wallapop.chatui.conversation.ConversationActivity}: removed=false visible=true mHasSurface=true drawState=1

11-14 16:03:17.858  4211  4473 D GameManagerService:   handleUserPresent(). resume signal is needed for com.wallapop

11-14 16:03:17.859  4211  4211 D MdnieScenarioControlService:  packageName : com.wallapop    className : com.wallapop.chatui.conversation.ConversationActivity

11-14 16:03:17.867  4211  4211 D GameManagerService: identifyGamePackage. com.wallapop

11-14 16:03:17.867  4211  4211 D GamePkgDataHelper: getGamePkgData(). com.wallapop

11-14 16:03:17.873  4211  4310 I WindowManager: Waiting for drawn Window{11c5145 u0 com.wallapop/com.wallapop.chatui.conversation.ConversationActivity}: removed=false visible=true mHasSurface=true drawState=1

11-14 16:03:18.003  4211  5593 V WindowManager: Relayout Window{11c5145 u0 com.wallapop/com.wallapop.chatui.conversation.ConversationActivity}: viewVisibility=0 req=1080x2220 {(0,0)(fillxfill) sim={adjust=resize forwardNavigation} ty=BASE_APPLICATION wanim=0x10302fe

11-14 16:03:18.007  4211  5593 I WindowManager: Waiting for drawn Window{11c5145 u0 com.wallapop/com.wallapop.chatui.conversation.ConversationActivity}: removed=false visible=true mHasSurface=true drawState=1

11-14 16:03:18.059  4211  5593 D WindowManager: finishDrawingWindow: Window{11c5145 u0 com.wallapop/com.wallapop.chatui.conversation.ConversationActivity} mDrawState=DRAW_PENDING

11-14 16:03:18.062  4211  4310 I WindowManager: commitFinishDrawingLocked: mDrawState=READY_TO_SHOW Surface(name=com.wallapop/com.wallapop.chatui.conversation.ConversationActivity[30108])/@0xcdd5854

11-14 16:03:18.073  4211  4310 V WindowManager: performShowLocked: mDrawState=HAS_DRAWN in Window{11c5145 u0 com.wallapop/com.wallapop.chatui.conversation.ConversationActivity}

11-14 16:03:18.076  4211  4310 I WindowManager: Waiting for drawn Window{11c5145 u0 com.wallapop/com.wallapop.chatui.conversation.ConversationActivity}: removed=false visible=true mHasSurface=true drawState=4

11-14 16:03:18.076  4211  4310 D WindowManager: Window drawn win=Window{11c5145 u0 com.wallapop/com.wallapop.chatui.conversation.ConversationActivity}

11-14 16:03:18.122  3727  3727 I SurfaceFlinger:      Device | 0x70d6734600 | 0002 | RGBA_8888 |   0.0    0.0 1080.0 2220.0 |    0    0 1080 2220 | com.wallapop/com.wallapop.chatui.conversation.ConversationActivity[30108]#0

11-14 16:03:19.067  2273  2368 I appium  : AppiumResponse: {"sessionId":"78fab6ad-73fc-4225-be52-e36db7027801","value":{"sessionId":"78fab6ad-73fc-4225-be52-e36db7027801","capabilities":{"firstMatch":[{"platform":"LINUX","webStorageEnabled":false,"takesScreenshot":true,"javascriptEnabled":true,"databaseEnabled":false,"networkConnectionEnabled":true,"locationContextEnabled":false,"warnings":{},"desired":{"platformName":"android","normalizeTagNames":true,"androidInstallTimeout":150000,"app":"","appActivity":"com.rewallapop.ui.main.MainActivity","appPackage":"com.wallapop","isHeadless":false,"skipDeviceInitialization":true,"autoAcceptAlerts":true,"autoGrantPermissions":true,"automationName":"UiAutomator2","avd":"","deviceName":"3200f02dc0aab5db","deviceReadyTimeout":1,"fullReset":false,"ignoreUnimportantViews":true,"newCommandTimeout":60,"noReset":true,"systemPort":8223,"udid":"3200f02dc0aab5db"},"platformName":"android","normalizeTagNames":true,"androidInstallTimeout":150000,"app":"","appActivity":"com.rewallapop.ui.main.MainActivity","appPackage":"com.wallapop","isHeadless":false,"skipDeviceInitialization":true,"autoAcceptAlerts":true,"autoGrantPermissions":true,"automationName":"UiAutomator2","avd":"","deviceName":"3200f02dc0aab5db","deviceReadyTimeout":1,"fullReset":false,"ignoreUnimportantViews":true,"newCommandTimeout":60,"noReset":true,"systemPort":8223,"udid":"3200f02dc0aab5db","deviceUDID":"3200f02dc0aab5db"}],"alwaysMatch":{}}}}

11-14 16:03:19.619  4211  5593 I ActivityManager: Force stopping com.wallapop appid=10313 user=0: from pid 2379 caller com.android.server.am.ActivityManagerShellCommand.runStartActivity:412

11-14 16:03:19.620  4211  5593 I ActivityManager: Killing 30108:com.wallapop/u0a313 (adj 0): stop com.wallapop,from pid 2379 caller com.android.server.am.ActivityManagerShellCommand.runStartActivity:412

11-14 16:03:19.649  4211  5593 W ActivityManager: Scheduling restart of crashed service com.wallapop/com.rewallapop.ui.debug.view.DebugActivity$Service in 1000ms

11-14 16:03:19.650  4211  5593 W ActivityManager: Force removing ActivityRecord{3241e24 u0 com.wallapop/.chatui.conversation.ConversationActivity t2176}: app died, no saved state

11-14 16:03:19.653  4211  5593 V WindowManager: Changing focus from Window{11c5145 u0 com.wallapop/com.wallapop.chatui.conversation.ConversationActivity} to null Callers=com.android.server.wm.AppWindowToken.setVisibility:536 com.android.server.wm.AppWindowToken.onRemovedFromDisplay:766 com.android.server.wm.DisplayContent.removeAppToken:1079 com.android.server.wm.AppWindowContainerController.removeContainer:305

11-14 16:03:19.663 23911 23911 D Notification.Badge: [invalid] onNotificationRemoved : StatusBarNotification(pkg=com.wallapop user=UserHandle{0} id=999 tag=null key=0|com.wallapop|999|null|10313: Notification(channel=wallapop_channel pri=-2 contentView=null vibrate=null sound=null defaults=0x0 flags=0x62 color=0x00000000 vis=PRIVATE semFlags=0x0 semPriority=0 semMissedCount=0))

11-14 16:03:19.664  4211  5593 V WindowManager: Setting visibility of Window{11c5145 u0 com.wallapop/com.wallapop.chatui.conversation.ConversationActivity}: false, caller=com.android.server.wm.WindowContainer.sendAppVisibilityToClients:615 com.android.server.wm.AppWindowToken.setClientHidden:460 com.android.server.wm.AppWindowToken.onAnimationFinished:2383 com.android.server.wm.AppWindowToken.setVisibility:551 com.android.server.wm.AppWindowToken.onRemovedFromDisplay:766

11-14 16:03:19.666  4211  5593 I WindowManager: Cancelling animation restarting=false, leash=null, surface=Surface(name=AppWindowToken{2961b42 token=Token{b67fd8d ActivityRecord{3241e24 u0 com.wallapop/.chatui.conversation.ConversationActivity t2176}}})/@0xc3ba3fa, parent=Surface(name=Task=2176)/@0x7846e20

11-14 16:03:19.666  4211  5593 V WindowManager: Remove Window{11c5145 u0 com.wallapop/com.wallapop.chatui.conversation.ConversationActivity}: mSurfaceController=Surface(name=com.wallapop/com.wallapop.chatui.conversation.ConversationActivity[30108])/@0xcdd5854 mAnimatingExit=false mRemoveOnExit=false mHasSurface=true surfaceShowing=false isAnimationSet=false app-animation=false mWillReplaceWindow=false inPendingTransaction=false mDisplayFrozen=false callers=com.android.server.wm.WindowState.removeIfPossible:2764 com.android.server.wm.WindowToken.removeAllWindowsIfPossible:150 com.android.server.wm.AppWindowToken.removeIfPossible:743 com.android.server.wm.AppWindowToken.onRemovedFromDisplay:819 com.android.server.wm.DisplayContent.removeAppToken:1079 com.android.server.wm.AppWindowContainerController.removeContainer:305

11-14 16:03:19.668  4211  5593 I WindowManager: Destroying surface Surface(name=com.wallapop/com.wallapop.chatui.conversation.ConversationActivity[30108])/@0xcdd5854 called by com.android.server.wm.WindowStateAnimator.destroySurface:1901 com.android.server.wm.WindowStateAnimator.destroySurfaceLocked:838 com.android.server.wm.WindowState.removeImmediately:2743 com.android.server.wm.WindowState.removeIfPossible:2893 com.android.server.wm.WindowState.removeIfPossible:2764 com.android.server.wm.WindowToken.removeAllWindowsIfPossible:150 com.android.server.wm.AppWindowToken.removeIfPossible:743 com.android.server.wm.AppWindowToken.onRemovedFromDisplay:819

11-14 16:03:19.668  3727  3771 I SurfaceFlinger: id=27382 Removed com.wallapop/com.wallapop.chatui.conversation.ConversationActivity[30108]#0 (0/61)

11-14 16:03:19.674  3727  3771 I SurfaceFlinger: id=27381 Removed 11c5145 com.wallapop/com.wallapop.chatui.conversation.ConversationActivity#0 (0/60)

11-14 16:03:19.679  3727  3771 I SurfaceFlinger: id=27380 Removed AppWindowToken{2961b42 token=Token{b67fd8d ActivityRecord{3241e24 u0 com.wallapop/.chatui.conversation.ConversationActivity t2176}}}#0 (2/59)

11-14 16:03:19.682  3727  3727 I Layer   : id=27381 onRemoved 11c5145 com.wallapop/com.wallapop.chatui.conversation.ConversationActivity#0

11-14 16:03:19.683  3727  3727 I Layer   : id=27380 onRemoved AppWindowToken{2961b42 token=Token{b67fd8d ActivityRecord{3241e24 u0 com.wallapop/.chatui.conversation.ConversationActivity t2176}}}#0

11-14 16:03:19.683  3727  3727 I Layer   : id=27382 onRemoved com.wallapop/com.wallapop.chatui.conversation.ConversationActivity[30108]#0

11-14 16:03:19.685  4211  4242 D WindowManager: reportFocusChangedSerialized, focused=false, inTouchMode=true, win=Window{11c5145 u0 com.wallapop/com.wallapop.chatui.conversation.ConversationActivity}

11-14 16:03:19.694  4211  5593 D StorageManagerService: getExternalStorageMountMode : final mountMode=1, uid : 10313, packageName : com.wallapop

11-14 16:03:19.696  4211  5593 I ApplicationPolicy: isApplicationExternalStorageWhitelisted:com.wallapop user:0

11-14 16:03:19.696  4211  5593 D ActivityManager: package  com.wallapop, user - 0 is SDcard whitelisted

11-14 16:03:19.696  4211  5593 I ApplicationPolicy: isApplicationExternalStorageBlacklisted:com.wallapop user:0

11-14 16:03:19.696  4211  5593 I ApplicationPolicy: isApplicationExternalStorageBlacklisted:com.wallapop user:0

11-14 16:03:19.700  4211  5593 V WindowManager: Setting visibility of Window{b552d5f u0 com.wallapop/com.rewallapop.ui.item.ItemDetailActivity}: true, caller=com.android.server.wm.WindowContainer.sendAppVisibilityToClients:615 com.android.server.wm.AppWindowToken.setClientHidden:460 com.android.server.wm.AppWindowContainerController.setVisibility:440 com.android.server.am.ActivityRecord.setVisibility:1917 com.android.server.am.ActivityRecord.setVisible:1925

11-14 16:03:19.708  4211  5593 I ActivityManager:   Force finishing activity ActivityRecord{46e8b6f u0 com.wallapop/com.rewallapop.ui.wall.WallActivity t2176}

11-14 16:03:19.708  3727  3727 I SurfaceFlinger: id=27390 createSurf (4440x4440),2 flag=4, 2fdfd68 Splash Screen com.wallapop#0

11-14 16:03:19.724  4211  5593 I ActivityManager:   Force finishing activity ActivityRecord{c99e405 u0 com.wallapop/com.rewallapop.ui.item.ItemDetailActivity t2176}

11-14 16:03:19.728  4211  4310 V WindowManager: Relayout Window{2fdfd68 u0 Splash Screen com.wallapop}: viewVisibility=0 req=1080x2220 {(0,0)(fillxfill) sim={adjust=pan} ty=APPLICATION_STARTING wanim=0x10302fe

11-14 16:03:19.735  3727  3727 I SurfaceFlinger: id=27391 createSurf (1080x2220),1 flag=404, Splash Screen com.wallapop#0

11-14 16:03:19.738  4211  4310 D WindowManager: makeSurface duration=5 name=Splash Screen com.wallapop

11-14 16:03:19.751  4211  5593 V WindowManager: Setting visibility of Window{b552d5f u0 com.wallapop/com.rewallapop.ui.item.ItemDetailActivity}: false, caller=com.android.server.wm.WindowContainer.sendAppVisibilityToClients:615 com.android.server.wm.AppWindowToken.setClientHidden:460 com.android.server.wm.AppWindowToken.onAnimationFinished:2383 com.android.server.wm.AppWindowToken.setVisibility:551 com.android.server.wm.WindowSurfacePlacer.handleClosingApps:536

11-14 16:03:19.755  4211  5593 I ActivityManager:   Force finishing activity ActivityRecord{46e8b6f u0 com.wallapop/com.rewallapop.ui.wall.WallActivity t2176 f}

11-14 16:03:19.755  4211  5593 W ActivityManager: Duplicate finish request for ActivityRecord{46e8b6f u0 com.wallapop/com.rewallapop.ui.wall.WallActivity t2176 f}

11-14 16:03:19.755  4211  5593 I ActivityManager:   Force finishing activity ActivityRecord{c99e405 u0 com.wallapop/com.rewallapop.ui.item.ItemDetailActivity t2176 f}

11-14 16:03:19.755  4211  5593 W ActivityManager: Duplicate finish request for ActivityRecord{c99e405 u0 com.wallapop/com.rewallapop.ui.item.ItemDetailActivity t2176 f}

11-14 16:03:19.766  4211  4310 D WindowManager: finishDrawingWindow: Window{2fdfd68 u0 Splash Screen com.wallapop} mDrawState=DRAW_PENDING

11-14 16:03:19.768  4211  4310 I WindowManager: commitFinishDrawingLocked: mDrawState=READY_TO_SHOW Surface(name=Splash Screen com.wallapop)/@0x9dd38bd

11-14 16:03:19.773  4211  5518 I WindowManager: commitFinishDrawingLocked: mDrawState=READY_TO_SHOW Surface(name=Splash Screen com.wallapop)/@0x9dd38bd

11-14 16:03:19.776  4211  4310 V WindowManager: Remove Window{2fdfd68 u0 Splash Screen com.wallapop}: mSurfaceController=Surface(name=Splash Screen com.wallapop)/@0x9dd38bd mAnimatingExit=false mRemoveOnExit=false mHasSurface=true surfaceShowing=false isAnimationSet=false app-animation=false mWillReplaceWindow=false inPendingTransaction=false mDisplayFrozen=false callers=com.android.server.wm.WindowState.removeIfPossible:2764 com.android.server.wm.WindowManagerService.removeWindow:1943 com.android.server.wm.Session.remove:268 android.view.ViewRootImpl.dispatchDetachedFromWindow:4565 android.view.ViewRootImpl.doDie:7996 android.view.ViewRootImpl$ViewRootHandler.handleMessage:4987

11-14 16:03:19.777  4211  4211 D Telecom:SamsungPrebindingServiceImpl: onTopActivityChanged : ComponentInfo{com.wallapop/com.rewallapop.ui.item.ItemDetailActivity}

11-14 16:03:19.777  4211  4310 I WindowManager: Destroying surface Surface(name=Splash Screen com.wallapop)/@0x9dd38bd called by com.android.server.wm.WindowStateAnimator.destroySurface:1901 com.android.server.wm.WindowStateAnimator.destroySurfaceLocked:838 com.android.server.wm.WindowState.removeImmediately:2743 com.android.server.wm.WindowState.removeIfPossible:2893 com.android.server.wm.WindowState.removeIfPossible:2764 com.android.server.wm.WindowManagerService.removeWindow:1943 com.android.server.wm.Session.remove:268 android.view.ViewRootImpl.dispatchDetachedFromWindow:4565

11-14 16:03:19.778  3727  3770 I SurfaceFlinger: id=27391 Removed Splash Screen com.wallapop#0 (0/60)

11-14 16:03:19.778  4211  4211 D Telecom:SamsungPrebindingServiceImpl: onTopActivityChanged : ComponentInfo{com.wallapop/com.rewallapop.ui.item.ItemDetailActivity}

11-14 16:03:19.782  3727  3727 I Layer   : id=27391 onRemoved Splash Screen com.wallapop#0

11-14 16:03:19.783  3727  5386 I SurfaceFlinger: id=27390 Removed 2fdfd68 Splash Screen com.wallapop#0 (1/59)

11-14 16:03:19.793  4211  4227 I WindowManager: Cancelling animation restarting=false, leash=null, surface=Surface(name=AppWindowToken{f520d05 token=Token{867607c ActivityRecord{46e8b6f u0 com.wallapop/com.rewallapop.ui.wall.WallActivity t2176}}})/@0xd974bed, parent=Surface(name=Task=2176)/@0x7846e20

11-14 16:03:19.793  4211  4227 V WindowManager: Remove Window{db05d28 u0 com.wallapop/com.rewallapop.ui.wall.WallActivity}: mSurfaceController=null mAnimatingExit=false mRemoveOnExit=false mHasSurface=false surfaceShowing=false isAnimationSet=false app-animation=false mWillReplaceWindow=false inPendingTransaction=false mDisplayFrozen=false callers=com.android.server.wm.WindowState.removeIfPossible:2764 com.android.server.wm.WindowToken.removeAllWindowsIfPossible:150 com.android.server.wm.AppWindowToken.removeIfPossible:743 com.android.server.wm.AppWindowToken.onRemovedFromDisplay:819 com.android.server.wm.DisplayContent.removeAppToken:1079 com.android.server.wm.AppWindowContainerController.removeContainer:305

11-14 16:03:19.797  3727  5386 I SurfaceFlinger: id=27054 Removed db05d28 com.wallapop/com.rewallapop.ui.wall.WallActivity#0 (0/58)

11-14 16:03:19.799  3727  3727 I Layer   : id=27054 onRemoved db05d28 com.wallapop/com.rewallapop.ui.wall.WallActivity#0

11-14 16:03:19.799  3727  3727 I Layer   : id=27390 onRemoved 2fdfd68 Splash Screen com.wallapop#0

11-14 16:03:19.799  3727  5386 I SurfaceFlinger: id=27052 Removed AppWindowToken{f520d05 token=Token{867607c ActivityRecord{46e8b6f u0 com.wallapop/com.rewallapop.ui.wall.WallActivity t2176}}}#0 (0/57)

11-14 16:03:19.802  2385  2385 I com.wallapop: Late-enabling -Xcheck:jni

11-14 16:03:19.804  4211  4229 I ActivityManager: Start proc 2385:com.wallapop/u0a313 for activity com.wallapop/com.rewallapop.ui.item.ItemDetailActivity

11-14 16:03:19.807  4211  4227 W BroadcastQueue: Background execution not allowed: receiving Intent { act=android.intent.action.PACKAGE_RESTARTED dat=package:com.wallapop flg=0x10 (has extras) } to android/com.kddi.android.CpaNotiReceiver

11-14 16:03:19.811  4211  4211 D SamsungAlarmManager: Remove alarm for next reason : android.intent.action.PACKAGE_RESTARTED : package: com.wallapop

11-14 16:03:19.816  3727  3727 I Layer   : id=27052 onRemoved AppWindowToken{f520d05 token=Token{867607c ActivityRecord{46e8b6f u0 com.wallapop/com.rewallapop.ui.wall.WallActivity t2176}}}#0

11-14 16:03:19.830  4211  4360 W InputDispatcher: channel 'b552d5f com.wallapop/com.rewallapop.ui.item.ItemDetailActivity (server)' ~ Consumer closed input channel or an error occurred.  events=0x9, fd=281

11-14 16:03:19.830  4211  4360 E InputDispatcher: channel 'b552d5f com.wallapop/com.rewallapop.ui.item.ItemDetailActivity (server)' ~ Channel is unrecoverably broken and will be disposed!

11-14 16:03:19.834  2385  2385 I com.wallapop: report jit thread pid = 2390

11-14 16:03:19.850 23911 23978 D Notification.Badge: updateLauncherIconBadges() item : [IconInfo(title=_Wallapop_ intent=Intent { act=android.intent.action.MAIN cat=[android.intent.category.LAUNCHER] flg=0x10200000 cmp=com.wallapop/.activities.HomeActivity (has extras) } id=162 type=0 container=-102 screen=1 cellX=3 cellY=0 spanX=1 spanY=1 rank=3 hidden=0 dropPos=null user=UserHandle{0} screenType=0)], mShowBadge : [false], item.mBadgeCount : [0]

11-14 16:03:19.861  4211  6757 I WindowManager: WIN DEATH: Window{b552d5f u0 com.wallapop/com.rewallapop.ui.item.ItemDetailActivity}

11-14 16:03:19.861  4211  6757 W InputDispatcher: Attempted to unregister already unregistered input channel 'b552d5f com.wallapop/com.rewallapop.ui.item.ItemDetailActivity (server)'

11-14 16:03:19.862  4211  6757 V WindowManager: Remove Window{b552d5f u0 com.wallapop/com.rewallapop.ui.item.ItemDetailActivity}: mSurfaceController=null mAnimatingExit=false mRemoveOnExit=false mHasSurface=false surfaceShowing=false isAnimationSet=false app-animation=false mWillReplaceWindow=false inPendingTransaction=false mDisplayFrozen=false callers=com.android.server.wm.WindowState.access$300:282 com.android.server.wm.WindowState$DeathRecipient.binderDied:3382 android.os.BinderProxy.sendDeathNotice:1211 <bottom of call stack> <bottom of call stack> <bottom of call stack>

11-14 16:03:19.865  4211  4222 I ActivityManager: DSS on for com.wallapop and scale is 1.0

11-14 16:03:19.865  3727  5386 I SurfaceFlinger: id=27359 Removed b552d5f com.wallapop/com.rewallapop.ui.item.ItemDetailActivity#0 (0/56)

11-14 16:03:19.882  3727  3727 I Layer   : id=27359 onRemoved b552d5f com.wallapop/com.rewallapop.ui.item.ItemDetailActivity#0

11-14 16:03:19.888 23911 27641 I AppIconSolution: load=com.wallapop, bg=144-144, dr=126-126, forDefault=true, density=0

11-14 16:03:19.890 23911 27641 I AppIconSolution: load=com.wallapop-contain, bg=166-166, dr=126-126

11-14 16:03:19.919 23911 23911 D RecommendedView: updateBadgeItems: [IconInfo(title=_Wallapop_ intent=Intent { act=android.intent.action.MAIN cat=[android.intent.category.LAUNCHER] flg=0x10200000 cmp=com.wallapop/.activities.HomeActivity (has extras) } id=162 type=0 container=-102 screen=1 cellX=3 cellY=0 spanX=1 spanY=1 rank=3 hidden=0 dropPos=null user=UserHandle{0} screenType=0)]

11-14 16:03:19.983  2385  2385 I com.wallapop: The ClassLoaderContext is a special shared library.

11-14 16:03:20.021  4211  5593 I ActivityManager: START u0 {act=null typ=null flg=0x10000000 cmp=ComponentInfo{com.wallapop/com.rewallapop.ui.main.MainActivity}} from uid 2000

11-14 16:03:20.023  4211  5593 I ActivityManager: [IOP] sourceDir : /data/app/com.wallapop-N9ua0QKKrjIAApR3SfN52w== in ActivityStacksupervisor

11-14 16:03:20.058  3727  3727 I SurfaceFlinger: id=27397 createSurf (4440x4440),2 flag=4, AppWindowToken{48a1ba token=Token{ff32e5 ActivityRecord{25bf1dc u0 com.wallapop/com.rewallapop.ui.main.MainActivity t2182}}}#0

11-14 16:03:20.076  3727  3727 I SurfaceFlinger: id=27398 createSurf (4440x4440),2 flag=4, 494213f Splash Screen com.wallapop#0

11-14 16:03:20.086  4211  4310 V WindowManager: Relayout Window{494213f u0 Splash Screen com.wallapop}: viewVisibility=0 req=1080x2220 {(0,0)(fillxfill) sim={adjust=pan} ty=APPLICATION_STARTING fmt=TRANSLUCENT wanim=0x10302fe

11-14 16:03:20.090  3727  3727 I SurfaceFlinger: id=27399 createSurf (1080x2220),1 flag=4, Splash Screen com.wallapop[2385]#0

11-14 16:03:20.093  4211  4310 D WindowManager: makeSurface duration=4 name=Splash Screen com.wallapop[2385]

11-14 16:03:20.103  4211  4473 D GamePkgDataHelper: getGamePkgData(). com.wallapop

11-14 16:03:20.103  4211  5662 D GamePkgDataHelper: notifyAppCreate(), pkgName: com.wallapop, sendRet: true

11-14 16:03:20.103  4211  4473 D GameManagerService: handleMessage(), MSG_APP_CREATE. ignore. pkgName: com.wallapop

11-14 16:03:20.108  4211  5662 D GameManagerService: noteResumeComponent(), resumeComponent: com.wallapop

11-14 16:03:20.108  4211  5662 D GamePkgDataHelper: getSosPolicy(). com.wallapop

11-14 16:03:20.108  4211  4473 D GameManagerService: handleForegroundChange(). pkgName: com.wallapop, clsName: com.rewallapop.ui.main.MainActivity,FgActivityName:com.wallapop/com.rewallapop.ui.main.MainActivity

11-14 16:03:20.108  4211  4473 D GameManagerService:   handleForegroundChange(). set mFgApp: com.wallapop

11-14 16:03:20.108  4211  4222 D GamePkgDataHelper: getGamePkgDataIncServer(). com.wallapop

11-14 16:03:20.109  4211  5662 D GameManagerService: identifyGamePackage. com.wallapop

11-14 16:03:20.109  4211  4473 D GameManagerService: notifyResumePause(). pkg: com.wallapop, type: 4, isMinimized: false, isTunableApp: false

11-14 16:03:20.109  4211  5662 D GamePkgDataHelper: getGamePkgData(). com.wallapop

11-14 16:03:20.109  4211  5662 D MARsPolicyManager: onPackageResumedFG pkgName = com.wallapop, userId = 0

11-14 16:03:20.111  4211  4211 D Telecom:SamsungPrebindingServiceImpl: onTopActivityChanged : ComponentInfo{com.wallapop/com.rewallapop.ui.main.MainActivity}

11-14 16:03:20.112  4211  5662 V WindowManager: Resize reasons for w=Window{494213f u0 Splash Screen com.wallapop}:  contentInsetsChanged=false [0,63][0,126] visibleInsetsChanged=false [0,63][0,126] stableInsetsChanged=false [0,63][0,126] outsetsChanged=false [0,0][0,0] surfaceResized=false configChanged=false dragResizingChanged=false reportOrientationChanged=false displayCutoutChanged=false nextForceRelayoutToClient=false

11-14 16:03:20.118  4211  4494 D GamePkgDataHelper: getSosPolicy(). com.wallapop

11-14 16:03:20.119  4211  4228 D CodecSolution: isMaxAspectPackageEx: com.wallapop : true(2)

11-14 16:03:20.123  4211  4310 D WindowManager: finishDrawingWindow: Window{494213f u0 Splash Screen com.wallapop} mDrawState=DRAW_PENDING

11-14 16:03:20.124  4211  4222 D GameManagerService: identifyGamePackage. com.wallapop

11-14 16:03:20.124  4211  4222 D GamePkgDataHelper: getGamePkgData(). com.wallapop

11-14 16:03:20.128  4211  4310 I WindowManager: commitFinishDrawingLocked: mDrawState=READY_TO_SHOW Surface(name=Splash Screen com.wallapop[2385])/@0x3647636

11-14 16:03:20.130  4211  4222 D GameManagerService: identifyGamePackage. com.wallapop

11-14 16:03:20.130  4211  4222 D GamePkgDataHelper: getGamePkgData(). com.wallapop

11-14 16:03:20.136  4211  4310 I WindowManager: Cancelling animation restarting=true, leash=null, surface=Surface(name=AppWindowToken{48a1ba token=Token{ff32e5 ActivityRecord{25bf1dc u0 com.wallapop/com.rewallapop.ui.main.MainActivity t2182}}})/@0x9235228, parent=Surface(name=Task=2182)/@0xa025b41

11-14 16:03:20.136  4211  4310 I WindowManager: Reparenting to leash, surface=Surface(name=AppWindowToken{48a1ba token=Token{ff32e5 ActivityRecord{25bf1dc u0 com.wallapop/com.rewallapop.ui.main.MainActivity t2182}}})/@0x9235228

11-14 16:03:20.139  3727  3727 I SurfaceFlinger: id=27401 createSurf (4440x4440),2 flag=4, Surface(name=AppWindowToken{48a1ba token=Token{ff32e5 ActivityRecord{25bf1dc u0 com.wallapop/com.rewallapop.ui.main.MainActivity t2182}}})/@0x9235228 - animation-leash#0

11-14 16:03:20.142  4211  4310 D WindowManager: makeSurface duration=5 leash=Surface(name=Surface(name=AppWindowToken{48a1ba token=Token{ff32e5 ActivityRecord{25bf1dc u0 com.wallapop/com.rewallapop.ui.main.MainActivity t2182}}})/@0x9235228 - animation-leash)/@0x14d8e6

11-14 16:03:20.142  4211  4310 D SurfaceControl: reparent is called, sc=Surface(name=AppWindowToken{48a1ba token=Token{ff32e5 ActivityRecord{25bf1dc u0 com.wallapop/com.rewallapop.ui.main.MainActivity t2182}}})/@0x9235228, newParentHandle=android.os.BinderProxy@ada9e27, transaction=android.view.SurfaceControl$Transaction@46f68d4

11-14 16:03:20.143  4211  4310 V WindowManager: performShowLocked: mDrawState=HAS_DRAWN in Window{494213f u0 Splash Screen com.wallapop}

11-14 16:03:20.145  4211  4228 D WindowManager: setSystemUiVisibility: vis= 0xa018, fullscreenVis= 0x2000, dockedVis= 0x0, win=Window{494213f u0 Splash Screen com.wallapop}

11-14 16:03:20.146  3727  5386 D Layer   : [AppWindowToken{48a1ba token=Token{ff32e5 ActivityRecord{25bf1dc u0 com.wallapop/com.rewallapop.ui.main.MainActivity t2182}}}#0]::reparent oldParent:[Task=2182#0], newParent:[Surface(name=AppWindowToken{48a1ba token=Token{ff32e5 ActivityRecord{25bf1dc u0 com.wallapop/com.rewallapop.ui.main.MainActivity t2182}}})/@0x9235228 - animation-leash#0]

11-14 16:03:20.167  4211  4310 D WindowManager: finishDrawingWindow: Window{494213f u0 Splash Screen com.wallapop} mDrawState=HAS_DRAWN

11-14 16:03:20.247  4211  4669 D MdnieScenarioControlService:  packageName : com.wallapop    className : com.rewallapop.ui.main.MainActivity

11-14 16:03:20.257  3727  3727 I SurfaceFlinger:      Device | 0x70dda205c0 | 0000 | RGBA_8888 |   0.0    1.0 1080.0 2219.0 |   89  184  991 2036 | Splash Screen com.wallapop[2385]#0

11-14 16:03:20.277  3727  3727 I SurfaceFlinger:      Device | 0x70dda205c0 | 0000 | RGBA_8888 |   0.0    0.0 1080.0 2220.0 |   67  137 1013 2083 | Splash Screen com.wallapop[2385]#0

11-14 16:03:20.384  4211  4310 I WindowManager: reset, Reparenting to original parent, shouldDeferScheduleAnimation=false, destroyLeash=true, surface=Surface(name=AppWindowToken{48a1ba token=Token{ff32e5 ActivityRecord{25bf1dc u0 com.wallapop/com.rewallapop.ui.main.MainActivity t2182}}})/@0x9235228, parent=Surface(name=Task=2182)/@0xa025b41, parentNativeHandle=android.os.BinderProxy@3c43e40, caller=com.android.server.wm.SurfaceAnimator.lambda$getFinishedCallback$0:97 com.android.server.wm.-$$Lambda$SurfaceAnimator$SIBia0mND666K8lMCPsoid8pUTI.run:4 com.android.server.wm.SurfaceAnimator.lambda$getFinishedCallback$1:104 com.android.server.wm.-$$Lambda$SurfaceAnimator$vdRZk66hQVbQCvVXEaQCT1kVmFc.onAnimationFinished:4 com.android.server.wm.LocalAnimationAdapter.lambda$startAnimation$0:74

11-14 16:03:20.384  4211  4310 D SurfaceControl: reparent is called, sc=Surface(name=AppWindowToken{48a1ba token=Token{ff32e5 ActivityRecord{25bf1dc u0 com.wallapop/com.rewallapop.ui.main.MainActivity t2182}}})/@0x9235228, newParentHandle=android.os.BinderProxy@3c43e40, transaction=android.view.SurfaceControl$Transaction@46f68d4

11-14 16:03:20.384  4211  4310 D SurfaceControl: destroy(transaction), animation-leash is destroyed, sc=Surface(name=Surface(name=AppWindowToken{48a1ba token=Token{ff32e5 ActivityRecord{25bf1dc u0 com.wallapop/com.rewallapop.ui.main.MainActivity t2182}}})/@0x9235228 - animation-leash)/@0x14d8e6, transaction=android.view.SurfaceControl$Transaction@46f68d4, caller=com.android.server.wm.SurfaceAnimator.reset:338 com.android.server.wm.SurfaceAnimator.lambda$getFinishedCallback$0:97 com.android.server.wm.-$$Lambda$SurfaceAnimator$SIBia0mND666K8lMCPsoid8pUTI.run:4 com.android.server.wm.SurfaceAnimator.lambda$getFinishedCallback$1:104 com.android.server.wm.-$$Lambda$SurfaceAnimator$vdRZk66hQVbQCvVXEaQCT1kVmFc.onAnimationFinished:4 com.android.server.wm.LocalAnimationAdapter.lambda$startAnimation$0:74 com.android.server.wm.-$$Lambda$LocalAnimationAdapter$X--EomqUvw4qy89IeeTFTH7aCMo.run:4

11-14 16:03:20.386  3727  3964 D Layer   : [AppWindowToken{48a1ba token=Token{ff32e5 ActivityRecord{25bf1dc u0 com.wallapop/com.rewallapop.ui.main.MainActivity t2182}}}#0]::reparent oldParent:[Surface(name=AppWindowToken{48a1ba token=Token{ff32e5 ActivityRecord{25bf1dc u0 com.wallapop/com.rewallapop.ui.main.MainActivity t2182}}})/@0x9235228 - animation-leash#0], newParent:[Task=2182#0]

11-14 16:03:20.386  3727  3964 I SurfaceFlinger: id=27401 Removed Surface(name=AppWindowToken{48a1ba token=Token{ff32e5 ActivityRecord{25bf1dc u0 com.wallapop/com.rewallapop.ui.main.MainActivity t2182}}})/@0x9235228 - animation-leash#0 (0/64)

11-14 16:03:20.400  3727  3727 I Layer   : id=27401 onRemoved Surface(name=AppWindowToken{48a1ba token=Token{ff32e5 ActivityRecord{25bf1dc u0 com.wallapop/com.rewallapop.ui.main.MainActivity t2182}}})/@0x9235228 - animation-leash#0

11-14 16:03:20.448  3727  3727 I SurfaceFlinger:      Device | 0x70dda205c0 | 0000 | RGBA_8888 |   0.0    0.0 1080.0 2220.0 |    0    0 1080 2220 | Splash Screen com.wallapop[2385]#0

11-14 16:03:20.555  2385  2425 W com.wallapop: Unsupported class loader

11-14 16:03:20.559  2385  2425 W com.wallapop: Skipping duplicate class check due to unsupported classloader

11-14 16:03:20.612  2385  2425 W com.wallapop: Unsupported class loader

11-14 16:03:20.619  2385  2415 I FA      :   adb shell setprop debug.firebase.analytics.app com.wallapop

11-14 16:03:20.770  4211  7608 D GameManagerService: identifyGamePackage. com.wallapop

11-14 16:03:20.770  4211  7608 D GamePkgDataHelper: getGamePkgData(). com.wallapop

11-14 16:03:20.774  2385  2425 I com.wallapop: Waiting for a blocking GC ClassLinker

11-14 16:03:20.885  2385  2396 I com.wallapop: Background concurrent copying GC freed 55732(4MB) AllocSpace objects, 42(1196KB) LOS objects, 70% free, 2MB/8MB, paused 233us total 130.309ms

11-14 16:03:20.885  2385  2425 I com.wallapop: WaitForGcToComplete blocked ClassLinker on ClassLinker for 110.566ms

11-14 16:03:21.417  2385  2396 I com.wallapop: Background concurrent copying GC freed 47830(3MB) AllocSpace objects, 8(1112KB) LOS objects, 58% free, 4MB/10MB, paused 185us total 128.831ms

11-14 16:03:21.730  2385  2396 I com.wallapop: Background concurrent copying GC freed 20449(1005KB) AllocSpace objects, 15(3MB) LOS objects, 49% free, 6MB/12MB, paused 185us total 129.882ms

11-14 16:03:22.194  2385  2463 W com.wallapop: Accessing hidden field Ljava/nio/Buffer;->address:J (light greylist, reflection)

11-14 16:03:22.689  2385  2470 I stetho  : Listening on @stetho_com.wallapop_devtools_remote

11-14 16:03:22.769  2385  2476 W com.wallapop: Accessing hidden field Lsun/misc/Unsafe;->theUnsafe:Lsun/misc/Unsafe; (light greylist, reflection)

11-14 16:03:22.860  2385  2385 I com.wallapop: The ClassLoaderContext is a special shared library.

11-14 16:03:22.863  2385  2385 I chatty  : uid=10313(com.wallapop) identical 1 line

11-14 16:03:22.866  2385  2385 I com.wallapop: The ClassLoaderContext is a special shared library.

11-14 16:03:23.370  2385  2506 W com.wallapop: Accessing hidden method Landroid/content/Context;->bindServiceAsUser(Landroid/content/Intent;Landroid/content/ServiceConnection;ILandroid/os/Handler;Landroid/os/UserHandle;)Z (light greylist, reflection)

11-14 16:03:23.374  4211  4222 I ApplicationPolicy: isApplicationExternalStorageWhitelisted:com.wallapop user:0

11-14 16:03:23.374  4211  4222 D ActivityManager: package  com.wallapop, user - 0 is SDcard whitelisted

11-14 16:03:23.374  4211  4222 I ApplicationPolicy: isApplicationExternalStorageBlacklisted:com.wallapop user:0

11-14 16:03:23.374  4211  4222 I ApplicationPolicy: isApplicationExternalStorageBlacklisted:com.wallapop user:0

11-14 16:03:23.389  4211  4229 I ActivityManager: Start proc 2514:com.android.chrome:sandboxed_process0/u0i885 for webview_service com.wallapop/org.chromium.content.app.SandboxedProcessService0

11-14 16:03:23.412  2385  2396 I com.wallapop: Background concurrent copying GC freed 92288(7MB) AllocSpace objects, 27(2MB) LOS objects, 50% free, 8MB/16MB, paused 213us total 113.843ms

11-14 16:03:23.430  4211  4222 I ActivityManager: DSS on for com.wallapop and scale is 1.0

11-14 16:03:23.431  4211  4222 D MultiDisplayManager: init process display: set packageProcessId, displayId=0, same_package_proc=ProcessRecord{14c1ebed0 2385:com.wallapop/u0a313}, app=ProcessRecord{83b5c3dd0 2514:com.android.chrome:sandboxed_process0/u0a313i885}

11-14 16:03:23.573  2385  2385 W com.wallapop: Accessing hidden method Landroid/view/textclassifier/logging/SmartSelectionEventTracker;-><init>(Landroid/content/Context;I)V (light greylist, reflection)

11-14 16:03:23.573  2385  2385 W com.wallapop: Accessing hidden method Landroid/view/textclassifier/logging/SmartSelectionEventTracker;->logEvent(Landroid/view/textclassifier/logging/SmartSelectionEventTracker$SelectionEvent;)V (light greylist, reflection)

11-14 16:03:23.574  2385  2385 W com.wallapop: Accessing hidden method Landroid/view/textclassifier/logging/SmartSelectionEventTracker$SelectionEvent;->selectionStarted(I)Landroid/view/textclassifier/logging/SmartSelectionEventTracker$SelectionEvent; (light greylist, reflection)

11-14 16:03:23.574  2385  2385 W com.wallapop: Accessing hidden method Landroid/view/textclassifier/logging/SmartSelectionEventTracker$SelectionEvent;->selectionModified(II)Landroid/view/textclassifier/logging/SmartSelectionEventTracker$SelectionEvent; (light greylist, reflection)

11-14 16:03:23.574  2385  2385 W com.wallapop: Accessing hidden method Landroid/view/textclassifier/logging/SmartSelectionEventTracker$SelectionEvent;->selectionModified(IILandroid/view/textclassifier/TextClassification;)Landroid/view/textclassifier/logging/SmartSelectionEventTracker$SelectionEvent; (light greylist, reflection)

11-14 16:03:23.574  2385  2385 W com.wallapop: Accessing hidden method Landroid/view/textclassifier/logging/SmartSelectionEventTracker$SelectionEvent;->selectionModified(IILandroid/view/textclassifier/TextSelection;)Landroid/view/textclassifier/logging/SmartSelectionEventTracker$SelectionEvent; (light greylist, reflection)

11-14 16:03:23.574  2385  2385 W com.wallapop: Accessing hidden method Landroid/view/textclassifier/logging/SmartSelectionEventTracker$SelectionEvent;->selectionAction(III)Landroid/view/textclassifier/logging/SmartSelectionEventTracker$SelectionEvent; (light greylist, reflection)

11-14 16:03:23.574  2385  2385 W com.wallapop: Accessing hidden method Landroid/view/textclassifier/logging/SmartSelectionEventTracker$SelectionEvent;->selectionAction(IIILandroid/view/textclassifier/TextClassification;)Landroid/view/textclassifier/logging/SmartSelectionEventTracker$SelectionEvent; (light greylist, reflection)

11-14 16:03:23.627  2385  2538 W com.wallapop: Accessing hidden method Landroid/media/AudioManager;->getOutputLatency(I)I (light greylist, reflection)

11-14 16:03:23.669  2385  2385 W com.wallapop: Accessing hidden method Landroid/app/ActivityThread;->currentPackageName()Ljava/lang/String; (light greylist, reflection)

11-14 16:03:23.882  4211  7608 D GameManagerService: identifyGamePackage. com.wallapop

11-14 16:03:23.882  4211  7608 D GamePkgDataHelper: getGamePkgData(). com.wallapop

11-14 16:03:24.014  2385  2581 W com.wallapop: Accessing hidden method Lcom/android/org/conscrypt/OpenSSLSocketImpl;->setAlpnProtocols([B)V (light greylist, reflection)

11-14 16:03:24.413  2385  2581 W com.wallapop: Accessing hidden method Lcom/android/org/conscrypt/OpenSSLSocketImpl;->getAlpnSelectedProtocol()[B (light greylist, reflection)

11-14 16:03:25.974  4211  4222 D SamsungAlarmManager: Cancel Alarm calling from uid:10313 pid :2385 / op:PendingIntent{9d72506: PendingIntentRecord{ac6156b com.wallapop broadcastIntent}}

11-14 16:03:26.111  4211  7608 D GameManagerService: identifyGamePackage. com.wallapop

11-14 16:03:26.111  4211  7608 D GamePkgDataHelper: getGamePkgData(). com.wallapop

11-14 16:03:26.210  2385  2385 W com.wallapop: Accessing hidden method Landroid/view/View;->computeFitSystemWindows(Landroid/graphics/Rect;Landroid/graphics/Rect;)Z (light greylist, reflection)

11-14 16:03:26.214  2385  2385 W com.wallapop: Accessing hidden method Landroid/view/ViewGroup;->makeOptionalFitsSystemWindows()V (light greylist, reflection)

11-14 16:03:26.231  2385  2385 W com.wallapop: Accessing hidden field Landroid/view/ViewGroup;->mOnHierarchyChangeListener:Landroid/view/ViewGroup$OnHierarchyChangeListener; (light greylist, reflection)

11-14 16:03:26.245  4211  4222 D SamsungAlarmManager: Cancel Alarm calling from uid:10313 pid :2385 / op:PendingIntent{b3d7b8c: PendingIntentRecord{35310b6 com.wallapop broadcastIntent}}

11-14 16:03:26.328  2385  2385 I chatty  : uid=10313(com.wallapop) identical 4 lines

11-14 16:03:26.334  2385  2385 I chatty  : uid=10313(com.wallapop) identical 2 lines

11-14 16:03:26.344  2385  2385 I chatty  : uid=10313(com.wallapop) identical 3 lines

11-14 16:03:26.344  2385  2385 I chatty  : uid=10313(com.wallapop) identical 1 line

11-14 16:03:26.346  2385  2385 I chatty  : uid=10313(com.wallapop) identical 8 lines

11-14 16:03:26.492  4211  5662 I ActivityManager: START u0 {act=null typ=null flg=0x0 cmp=ComponentInfo{com.wallapop/com.rewallapop.ui.wall.WallActivity}} from uid 10313

11-14 16:03:26.506  3727  3727 I SurfaceFlinger: id=27402 createSurf (4440x4440),2 flag=4, AppWindowToken{30cc478 token=Token{39351db ActivityRecord{2fdfaea u0 com.wallapop/com.rewallapop.ui.wall.WallActivity t2182}}}#0

11-14 16:03:26.509  4211  5662 D SurfaceControl: reparent is called, sc=Surface(name=494213f Splash Screen com.wallapop)/@0xd1c6751, newParentHandle=android.os.BinderProxy@638dbb6, transaction=android.view.SurfaceControl$Transaction@deb30b7

11-14 16:03:26.515  4211  4228 D WindowManager: setSystemUiVisibility: vis= 0xa018, fullscreenVis= 0x2000, dockedVis= 0x0, win=Window{494213f u0 Splash Screen com.wallapop}

11-14 16:03:26.516  3727  5386 D Layer   : [494213f Splash Screen com.wallapop#0]::reparent oldParent:[AppWindowToken{48a1ba token=Token{ff32e5 ActivityRecord{25bf1dc u0 com.wallapop/com.rewallapop.ui.main.MainActivity t2182}}}#0], newParent:[AppWindowToken{30cc478 token=Token{39351db ActivityRecord{2fdfaea u0 com.wallapop/com.rewallapop.ui.wall.WallActivity t2182}}}#0]

11-14 16:03:26.522  4211  4211 D Telecom:SamsungPrebindingServiceImpl: onTopActivityChanged : ComponentInfo{com.wallapop/com.rewallapop.ui.wall.WallActivity}

11-14 16:03:26.731  2385  2396 I com.wallapop: Background concurrent copying GC freed 125761(7MB) AllocSpace objects, 45(2MB) LOS objects, 49% free, 9MB/19MB, paused 422us total 361.927ms

11-14 16:03:26.750  2385  2660 I com.wallapop: The ClassLoaderContext is a special shared library.

11-14 16:03:26.772  4211  7608 D GameManagerService: identifyGamePackage. com.wallapop

11-14 16:03:26.772  4211  7608 D GamePkgDataHelper: getGamePkgData(). com.wallapop

11-14 16:03:26.818  4211  5519 D GamePkgDataHelper: notifyAppCreate(), pkgName: com.wallapop, sendRet: true

11-14 16:03:26.818  4211  4473 D GamePkgDataHelper: getGamePkgData(). com.wallapop

11-14 16:03:26.818  4211  4473 D GameManagerService: handleMessage(), MSG_APP_CREATE. ignore. pkgName: com.wallapop

11-14 16:03:26.820  4211  5519 D GameManagerService: noteResumeComponent(), resumeComponent: com.wallapop

11-14 16:03:26.820  4211  5519 D MARsPolicyManager: onPackageResumedFG pkgName = com.wallapop, userId = 0

11-14 16:03:26.820  4211  4473 D GameManagerService: handleForegroundChange(). pkgName: com.wallapop, clsName: com.rewallapop.ui.wall.WallActivity,FgActivityName:com.wallapop/com.rewallapop.ui.wall.WallActivity

11-14 16:03:26.821  4211  4211 D Telecom:SamsungPrebindingServiceImpl: onTopActivityChanged : ComponentInfo{com.wallapop/com.rewallapop.ui.wall.WallActivity}

11-14 16:03:26.825  4211  5519 I WindowManager: Cancelling animation restarting=true, leash=null, surface=Surface(name=AppWindowToken{48a1ba token=Token{ff32e5 ActivityRecord{25bf1dc u0 com.wallapop/com.rewallapop.ui.main.MainActivity t2182}}})/@0x9235228, parent=Surface(name=Task=2182)/@0xa025b41

11-14 16:03:26.825  4211  5519 I WindowManager: Reparenting to leash, surface=Surface(name=AppWindowToken{48a1ba token=Token{ff32e5 ActivityRecord{25bf1dc u0 com.wallapop/com.rewallapop.ui.main.MainActivity t2182}}})/@0x9235228

11-14 16:03:26.826  3727  3727 I SurfaceFlinger: id=27403 createSurf (4440x4440),2 flag=4, Surface(name=AppWindowToken{48a1ba token=Token{ff32e5 ActivityRecord{25bf1dc u0 com.wallapop/com.rewallapop.ui.main.MainActivity t2182}}})/@0x9235228 - animation-leash#0

11-14 16:03:26.828  4211  5519 D WindowManager: makeSurface duration=3 leash=Surface(name=Surface(name=AppWindowToken{48a1ba token=Token{ff32e5 ActivityRecord{25bf1dc u0 com.wallapop/com.rewallapop.ui.main.MainActivity t2182}}})/@0x9235228 - animation-leash)/@0x8460dfd

11-14 16:03:26.828  4211  5519 D SurfaceControl: reparent is called, sc=Surface(name=AppWindowToken{48a1ba token=Token{ff32e5 ActivityRecord{25bf1dc u0 com.wallapop/com.rewallapop.ui.main.MainActivity t2182}}})/@0x9235228, newParentHandle=android.os.BinderProxy@cc53af2, transaction=android.view.SurfaceControl$Transaction@46f68d4

11-14 16:03:26.832  3727  3964 D Layer   : [AppWindowToken{48a1ba token=Token{ff32e5 ActivityRecord{25bf1dc u0 com.wallapop/com.rewallapop.ui.main.MainActivity t2182}}}#0]::reparent oldParent:[Task=2182#0], newParent:[Surface(name=AppWindowToken{48a1ba token=Token{ff32e5 ActivityRecord{25bf1dc u0 com.wallapop/com.rewallapop.ui.main.MainActivity t2182}}})/@0x9235228 - animation-leash#0]

11-14 16:03:26.833  4211  4227 D ApplicationPolicy: isStatusBarNotificationAllowedAsUser: packageName = com.wallapop,userId = 0

11-14 16:03:26.836  4211  4227 D ApplicationPolicy: isStatusBarNotificationAllowedAsUser: packageName = com.wallapop,userId = 0

11-14 16:03:26.892  2385  2468 W com.wallapop: Accessing hidden method Ldalvik/system/VMRuntime;->getRuntime()Ldalvik/system/VMRuntime; (light greylist, reflection)

11-14 16:03:26.892  2385  2468 W com.wallapop: Accessing hidden method Ldalvik/system/VMRuntime;->vmInstructionSet()Ljava/lang/String; (light greylist, reflection)

11-14 16:03:26.930 25561 25573 I Finsky  : [9439] fxs.d(3): com.wallapop: Account determined from installer data - [rJj4Md76H4LxoN-B4dnoZM7XaXDDBcXGlC-caOCi6Uc]

11-14 16:03:26.931 25561 25573 I Finsky  : [9439] fxs.d(14): com.wallapop: Account from preferred account - [rJj4Md76H4LxoN-B4dnoZM7XaXDDBcXGlC-caOCi6Uc]

11-14 16:03:26.937 25561 25573 I Finsky  : [9439] fxs.d(3): com.wallapop: Account determined from installer data - [rJj4Md76H4LxoN-B4dnoZM7XaXDDBcXGlC-caOCi6Uc]

11-14 16:03:26.937 25561 25573 I Finsky  : [9439] fxs.d(14): com.wallapop: Account from preferred account - [rJj4Md76H4LxoN-B4dnoZM7XaXDDBcXGlC-caOCi6Uc]

11-14 16:03:26.943 23911 23911 D Notification.Badge: [valid] onNotificationPosted : StatusBarNotification(pkg=com.wallapop user=UserHandle{0} id=999 tag=null key=0|com.wallapop|999|null|10313: Notification(channel=wallapop_channel pri=-2 contentView=null vibrate=null sound=null defaults=0x0 flags=0x62 color=0x00000000 vis=PRIVATE semFlags=0x0 semPriority=0 semMissedCount=0))

11-14 16:03:26.943 23911 23911 D Notification.Badge: notificationKey : 0|com.wallapop|999|null|10313, count : 0, this.count : 1

11-14 16:03:26.944 23911 23978 D Notification.Badge: LauncherModel:onNotificationPosted() : com.wallapop, count : [0], shouldBeFilteredOut : [false]

11-14 16:03:26.944 23911 23978 D Notification.Badge: notificationKey : 0|com.wallapop|999|null|10313, count : 1, mTotalCount : 1

11-14 16:03:26.949 25561 25573 I Finsky  : [9439] fxs.d(3): com.wallapop: Account determined from installer data - [rJj4Md76H4LxoN-B4dnoZM7XaXDDBcXGlC-caOCi6Uc]

11-14 16:03:26.950 25561 25573 I Finsky  : [9439] fxs.d(14): com.wallapop: Account from preferred account - [rJj4Md76H4LxoN-B4dnoZM7XaXDDBcXGlC-caOCi6Uc]

11-14 16:03:26.951 23911 23978 D Notification.Badge: updateLauncherIconBadges() item : [IconInfo(title=_Wallapop_ intent=Intent { act=android.intent.action.MAIN cat=[android.intent.category.LAUNCHER] flg=0x10200000 cmp=com.wallapop/.activities.HomeActivity (has extras) } id=162 type=0 container=-102 screen=1 cellX=3 cellY=0 spanX=1 spanY=1 rank=3 hidden=0 dropPos=null user=UserHandle{0} screenType=0)], mShowBadge : [true], item.mBadgeCount : [1]

11-14 16:03:26.954 25561 25573 I Finsky  : [9439] fxs.d(3): com.wallapop: Account determined from installer data - [rJj4Md76H4LxoN-B4dnoZM7XaXDDBcXGlC-caOCi6Uc]

11-14 16:03:26.954 25561 25573 I Finsky  : [9439] fxs.d(14): com.wallapop: Account from preferred account - [rJj4Md76H4LxoN-B4dnoZM7XaXDDBcXGlC-caOCi6Uc]

11-14 16:03:26.957 23911 23911 D RecommendedView: updateBadgeItems: [IconInfo(title=_Wallapop_ intent=Intent { act=android.intent.action.MAIN cat=[android.intent.category.LAUNCHER] flg=0x10200000 cmp=com.wallapop/.activities.HomeActivity (has extras) } id=162 type=0 container=-102 screen=1 cellX=3 cellY=0 spanX=1 spanY=1 rank=3 hidden=0 dropPos=null user=UserHandle{0} screenType=0)]

11-14 16:03:27.051  2385  2385 W com.wallapop: Accessing hidden method Landroid/view/WindowManagerGlobal;->getInstance()Landroid/view/WindowManagerGlobal; (light greylist, reflection)

11-14 16:03:27.052  2385  2385 W com.wallapop: Accessing hidden field Landroid/view/WindowManagerGlobal;->mRoots:Ljava/util/ArrayList; (light greylist, reflection)

11-14 16:03:27.052  2385  2385 W com.wallapop: Accessing hidden field Landroid/view/ViewRootImpl;->mStopped:Z (light greylist, reflection)

11-14 16:03:27.116  4211  4310 I WindowManager: reset, Reparenting to original parent, shouldDeferScheduleAnimation=false, destroyLeash=true, surface=Surface(name=AppWindowToken{48a1ba token=Token{ff32e5 ActivityRecord{25bf1dc u0 com.wallapop/com.rewallapop.ui.main.MainActivity t2182}}})/@0x9235228, parent=Surface(name=Task=2182)/@0xa025b41, parentNativeHandle=android.os.BinderProxy@3c43e40, caller=com.android.server.wm.SurfaceAnimator.lambda$getFinishedCallback$0:97 com.android.server.wm.-$$Lambda$SurfaceAnimator$SIBia0mND666K8lMCPsoid8pUTI.run:4 com.android.server.wm.SurfaceAnimator.lambda$getFinishedCallback$1:104 com.android.server.wm.-$$Lambda$SurfaceAnimator$vdRZk66hQVbQCvVXEaQCT1kVmFc.onAnimationFinished:4 com.android.server.wm.LocalAnimationAdapter.lambda$startAnimation$0:74

11-14 16:03:27.116  4211  4310 D SurfaceControl: reparent is called, sc=Surface(name=AppWindowToken{48a1ba token=Token{ff32e5 ActivityRecord{25bf1dc u0 com.wallapop/com.rewallapop.ui.main.MainActivity t2182}}})/@0x9235228, newParentHandle=android.os.BinderProxy@3c43e40, transaction=android.view.SurfaceControl$Transaction@46f68d4

11-14 16:03:27.118  4211  4310 D SurfaceControl: destroy(transaction), animation-leash is destroyed, sc=Surface(name=Surface(name=AppWindowToken{48a1ba token=Token{ff32e5 ActivityRecord{25bf1dc u0 com.wallapop/com.rewallapop.ui.main.MainActivity t2182}}})/@0x9235228 - animation-leash)/@0x8460dfd, transaction=android.view.SurfaceControl$Transaction@46f68d4, caller=com.android.server.wm.SurfaceAnimator.reset:338 com.android.server.wm.SurfaceAnimator.lambda$getFinishedCallback$0:97 com.android.server.wm.-$$Lambda$SurfaceAnimator$SIBia0mND666K8lMCPsoid8pUTI.run:4 com.android.server.wm.SurfaceAnimator.lambda$getFinishedCallback$1:104 com.android.server.wm.-$$Lambda$SurfaceAnimator$vdRZk66hQVbQCvVXEaQCT1kVmFc.onAnimationFinished:4 com.android.server.wm.LocalAnimationAdapter.lambda$startAnimation$0:74 com.android.server.wm.-$$Lambda$LocalAnimationAdapter$X--EomqUvw4qy89IeeTFTH7aCMo.run:4

11-14 16:03:27.132  3727  5386 D Layer   : [AppWindowToken{48a1ba token=Token{ff32e5 ActivityRecord{25bf1dc u0 com.wallapop/com.rewallapop.ui.main.MainActivity t2182}}}#0]::reparent oldParent:[Surface(name=AppWindowToken{48a1ba token=Token{ff32e5 ActivityRecord{25bf1dc u0 com.wallapop/com.rewallapop.ui.main.MainActivity t2182}}})/@0x9235228 - animation-leash#0], newParent:[Task=2182#0]

11-14 16:03:27.132  3727  5386 I SurfaceFlinger: id=27403 Removed Surface(name=AppWindowToken{48a1ba token=Token{ff32e5 ActivityRecord{25bf1dc u0 com.wallapop/com.rewallapop.ui.main.MainActivity t2182}}})/@0x9235228 - animation-leash#0 (0/63)

11-14 16:03:27.148  3727  3727 I Layer   : id=27403 onRemoved Surface(name=AppWindowToken{48a1ba token=Token{ff32e5 ActivityRecord{25bf1dc u0 com.wallapop/com.rewallapop.ui.main.MainActivity t2182}}})/@0x9235228 - animation-leash#0

11-14 16:03:27.274  4211  4222 D SamsungAlarmManager: Cancel Alarm calling from uid:10313 pid :2385 / op:PendingIntent{1cd364a: PendingIntentRecord{35310b6 com.wallapop broadcastIntent}}

11-14 16:03:27.441  2385  2385 W com.wallapop: Accessing hidden method Landroid/widget/TextView;->getTextDirectionHeuristic()Landroid/text/TextDirectionHeuristic; (light greylist, linking)

11-14 16:03:27.449  2385  2385 W com.wallapop: Accessing hidden method Landroid/graphics/FontFamily;-><init>()V (light greylist, reflection)

11-14 16:03:27.453  2385  2385 W com.wallapop: Accessing hidden method Landroid/graphics/FontFamily;->addFontFromAssetManager(Landroid/content/res/AssetManager;Ljava/lang/String;IZIII[Landroid/graphics/fonts/FontVariationAxis;)Z (light greylist, reflection)

11-14 16:03:27.453  2385  2385 W com.wallapop: Accessing hidden method Landroid/graphics/FontFamily;->addFontFromBuffer(Ljava/nio/ByteBuffer;I[Landroid/graphics/fonts/FontVariationAxis;II)Z (light greylist, reflection)

11-14 16:03:27.453  2385  2385 W com.wallapop: Accessing hidden method Landroid/graphics/FontFamily;->freeze()Z (light greylist, reflection)

11-14 16:03:27.453  2385  2385 W com.wallapop: Accessing hidden method Landroid/graphics/FontFamily;->abortCreation()V (light greylist, reflection)

11-14 16:03:27.454  2385  2385 W com.wallapop: Accessing hidden method Landroid/graphics/Typeface;->createFromFamiliesWithDefault([Landroid/graphics/FontFamily;Ljava/lang/String;II)Landroid/graphics/Typeface; (light greylist, reflection)

11-14 16:03:27.494  2385  2396 I com.wallapop: Background concurrent copying GC freed 159794(8MB) AllocSpace objects, 38(2MB) LOS objects, 49% free, 13MB/26MB, paused 363us total 198.494ms

11-14 16:03:28.038  2385  2577 I com.wallapop: The ClassLoaderContext is a special shared library.

11-14 16:03:28.151  3727  3727 I SurfaceFlinger: id=27404 createSurf (4440x4440),2 flag=4, 2b24d11 com.wallapop/com.rewallapop.ui.wall.WallActivity#0

11-14 16:03:28.181 25561 31996 I Finsky  : [9537] fxs.d(3): com.wallapop: Account determined from installer data - [rJj4Md76H4LxoN-B4dnoZM7XaXDDBcXGlC-caOCi6Uc]

11-14 16:03:28.182 25561 31996 I Finsky  : [9537] fxs.d(14): com.wallapop: Account from preferred account - [rJj4Md76H4LxoN-B4dnoZM7XaXDDBcXGlC-caOCi6Uc]

11-14 16:03:28.285 25561 31996 I Finsky  : [9537] fxs.d(3): com.wallapop: Account determined from installer data - [rJj4Md76H4LxoN-B4dnoZM7XaXDDBcXGlC-caOCi6Uc]

11-14 16:03:28.286 25561 31996 I Finsky  : [9537] fxs.d(14): com.wallapop: Account from preferred account - [rJj4Md76H4LxoN-B4dnoZM7XaXDDBcXGlC-caOCi6Uc]

11-14 16:03:28.356 25561 31996 I Finsky  : [9537] fxs.d(3): com.wallapop: Account determined from installer data - [rJj4Md76H4LxoN-B4dnoZM7XaXDDBcXGlC-caOCi6Uc]

11-14 16:03:28.357 25561 31996 I Finsky  : [9537] fxs.d(14): com.wallapop: Account from preferred account - [rJj4Md76H4LxoN-B4dnoZM7XaXDDBcXGlC-caOCi6Uc]

11-14 16:03:28.436 25561 31996 I Finsky  : [9537] fxs.d(3): com.wallapop: Account determined from installer data - [rJj4Md76H4LxoN-B4dnoZM7XaXDDBcXGlC-caOCi6Uc]

11-14 16:03:28.436 25561 31996 I Finsky  : [9537] fxs.d(14): com.wallapop: Account from preferred account - [rJj4Md76H4LxoN-B4dnoZM7XaXDDBcXGlC-caOCi6Uc]

11-14 16:03:28.501  4211  5239 D ActivityManagerPerformance: Received MSG_DISABLE_ACT_START, r: ActivityRecord{2fdfaea u0 com.wallapop/com.rewallapop.ui.wall.WallActivity t2182}

11-14 16:03:28.966  4211  4808 V WindowManager: Relayout Window{2b24d11 u0 com.wallapop/com.rewallapop.ui.wall.WallActivity}: viewVisibility=0 req=1080x2220 {(0,0)(fillxfill) sim={adjust=resize forwardNavigation} ty=BASE_APPLICATION wanim=0x10302fe

11-14 16:03:28.971  3727  3727 I SurfaceFlinger: id=27405 createSurf (1080x2220),1 flag=404, com.wallapop/com.rewallapop.ui.wall.WallActivity[2385]#0

11-14 16:03:28.973  4211  4808 D WindowManager: makeSurface duration=4 name=com.wallapop/com.rewallapop.ui.wall.WallActivity[2385]

11-14 16:03:28.974  4211  4808 V WindowManager: Changing focus from null to Window{2b24d11 u0 com.wallapop/com.rewallapop.ui.wall.WallActivity} Callers=com.android.server.wm.WindowManagerService.relayoutWindow:2526 com.android.server.wm.Session.relayoutForTranslate:302 android.view.IWindowSession$Stub.onTransact:518 com.android.server.wm.Session.onTransact:186

11-14 16:03:28.974  4211  4228 D WindowManager: setSystemUiVisibility: vis= 0xa518, fullscreenVis= 0x2000, dockedVis= 0x0, win=Window{2b24d11 u0 com.wallapop/com.rewallapop.ui.wall.WallActivity}

11-14 16:03:28.977  4211  4242 D WindowManager: reportFocusChangedSerialized, focused=true, inTouchMode=true, win=Window{2b24d11 u0 com.wallapop/com.rewallapop.ui.wall.WallActivity}

11-14 16:03:29.121 25561 25573 I Finsky  : [9439] fxs.d(3): com.wallapop: Account determined from installer data - [rJj4Md76H4LxoN-B4dnoZM7XaXDDBcXGlC-caOCi6Uc]

11-14 16:03:29.122 25561 25573 I Finsky  : [9439] fxs.d(14): com.wallapop: Account from preferred account - [rJj4Md76H4LxoN-B4dnoZM7XaXDDBcXGlC-caOCi6Uc]

11-14 16:03:29.591  4211  4221 D WindowManager: finishDrawingWindow: Window{2b24d11 u0 com.wallapop/com.rewallapop.ui.wall.WallActivity} mDrawState=DRAW_PENDING

11-14 16:03:29.594  4211  4310 I WindowManager: commitFinishDrawingLocked: mDrawState=READY_TO_SHOW Surface(name=com.wallapop/com.rewallapop.ui.wall.WallActivity[2385])/@0x4475e6e

11-14 16:03:29.594  4211  4310 V WindowManager: Resize reasons for w=Window{2b24d11 u0 com.wallapop/com.rewallapop.ui.wall.WallActivity}:  contentInsetsChanged=false [0,63][0,126] visibleInsetsChanged=false [0,63][0,126] stableInsetsChanged=false [0,63][0,126] outsetsChanged=false [0,0][0,0] surfaceResized=false configChanged=false dragResizingChanged=false reportOrientationChanged=false displayCutoutChanged=false nextForceRelayoutToClient=false

11-14 16:03:29.600  4211  4310 I WindowManager: commitFinishDrawingLocked: mDrawState=READY_TO_SHOW Surface(name=com.wallapop/com.rewallapop.ui.wall.WallActivity[2385])/@0x4475e6e

11-14 16:03:29.601  4211  4310 I WindowManager: Cancelling animation restarting=false, leash=null, surface=Surface(name=2b24d11 com.wallapop/com.rewallapop.ui.wall.WallActivity)/@0x83ce90f, parent=Surface(name=AppWindowToken{30cc478 token=Token{39351db ActivityRecord{2fdfaea u0 com.wallapop/com.rewallapop.ui.wall.WallActivity t2182}}})/@0x18bfd9c

11-14 16:03:29.601  4211  4310 V WindowManager: performShowLocked: mDrawState=HAS_DRAWN in Window{2b24d11 u0 com.wallapop/com.rewallapop.ui.wall.WallActivity}

11-14 16:03:29.613  4211  4242 I ActivityManager: Displayed com.wallapop/com.rewallapop.ui.wall.WallActivity: +2s786ms (total +9s881ms)

11-14 16:03:29.613  2385  2396 I com.wallapop: Background concurrent copying GC freed 193965(13MB) AllocSpace objects, 42(1856KB) LOS objects, 49% free, 11MB/23MB, paused 8.020ms total 422.682ms

11-14 16:03:29.613  4211  4310 V WindowManager: Remove Window{494213f u0 Splash Screen com.wallapop}: mSurfaceController=Surface(name=Splash Screen com.wallapop[2385])/@0x3647636 mAnimatingExit=false mRemoveOnExit=false mHasSurface=true surfaceShowing=true isAnimationSet=false app-animation=false mWillReplaceWindow=false inPendingTransaction=false mDisplayFrozen=false callers=com.android.server.wm.WindowState.removeIfPossible:2764 com.android.server.wm.WindowManagerService.removeWindow:1943 com.android.server.wm.Session.remove:268 android.view.ViewRootImpl.dispatchDetachedFromWindow:4565 android.view.ViewRootImpl.doDie:7996 android.view.ViewRootImpl$ViewRootHandler.handleMessage:4987

11-14 16:03:29.614  4211  4310 I WindowManager: Cancelling animation restarting=true, leash=null, surface=Surface(name=494213f Splash Screen com.wallapop)/@0xd1c6751, parent=Surface(name=AppWindowToken{30cc478 token=Token{39351db ActivityRecord{2fdfaea u0 com.wallapop/com.rewallapop.ui.wall.WallActivity t2182}}})/@0x18bfd9c

11-14 16:03:29.614  4211  4310 I WindowManager: Reparenting to leash, surface=Surface(name=494213f Splash Screen com.wallapop)/@0xd1c6751

11-14 16:03:29.617  3727  3727 I SurfaceFlinger:      Device | 0x70dda1ff00 | 0002 | RGBA_8888 |   0.0    0.0 1080.0 2220.0 |    0    0 1080 2220 | com.wallapop/com.rewallapop.ui.wall.WallActivity[2385]#0

11-14 16:03:29.617  3727  3727 I SurfaceFlinger:      Device | 0x70dda205c0 | 0000 | RGBA_8888 |   0.0    0.0 1080.0 2220.0 |    0    0 1080 2220 | Splash Screen com.wallapop[2385]#0

11-14 16:03:29.618  3727  3727 I SurfaceFlinger: id=27406 createSurf (4440x4440),2 flag=4, Surface(name=494213f Splash Screen com.wallapop)/@0xd1c6751 - animation-leash#0

11-14 16:03:29.622  4211  4310 D WindowManager: makeSurface duration=9 leash=Surface(name=Surface(name=494213f Splash Screen com.wallapop)/@0xd1c6751 - animation-leash)/@0x18ef37a

11-14 16:03:29.623  4211  4310 D SurfaceControl: reparent is called, sc=Surface(name=494213f Splash Screen com.wallapop)/@0xd1c6751, newParentHandle=android.os.BinderProxy@269072b, transaction=android.view.SurfaceControl$Transaction@deb30b7

11-14 16:03:29.628  3727  5386 D Layer   : [494213f Splash Screen com.wallapop#0]::reparent oldParent:[AppWindowToken{30cc478 token=Token{39351db ActivityRecord{2fdfaea u0 com.wallapop/com.rewallapop.ui.wall.WallActivity t2182}}}#0], newParent:[Surface(name=494213f Splash Screen com.wallapop)/@0xd1c6751 - animation-leash#0]

11-14 16:03:29.730  2385  2385 V InputMethodManager: Starting input: tba=com.wallapop ic=null mNaviBarColor -1 mIsGetNaviBarColorSuccess true , NavVisible : true , NavTrans : false

11-14 16:03:29.733  4211  6757 V InputMethodManagerService: windowGainedFocus : reason=WINDOW_FOCUS_GAIN client=android.os.BinderProxy@f697c95 inputContext=null missingMethods= attribute=android.view.inputmethod.EditorInfo@ca5b2b8 nm = com.wallapop controlFlags=#104 softInputMode=#110 windowFlags=#81810100

11-14 16:03:29.788  4211  4310 I WindowManager: reset, Reparenting to original parent, shouldDeferScheduleAnimation=false, destroyLeash=true, surface=Surface(name=494213f Splash Screen com.wallapop)/@0xd1c6751, parent=Surface(name=AppWindowToken{30cc478 token=Token{39351db ActivityRecord{2fdfaea u0 com.wallapop/com.rewallapop.ui.wall.WallActivity t2182}}})/@0x18bfd9c, parentNativeHandle=android.os.BinderProxy@638dbb6, caller=com.android.server.wm.SurfaceAnimator.lambda$getFinishedCallback$0:97 com.android.server.wm.-$$Lambda$SurfaceAnimator$SIBia0mND666K8lMCPsoid8pUTI.run:4 com.android.server.wm.SurfaceAnimator.lambda$getFinishedCallback$1:104 com.android.server.wm.-$$Lambda$SurfaceAnimator$vdRZk66hQVbQCvVXEaQCT1kVmFc.onAnimationFinished:4 com.android.server.wm.LocalAnimationAdapter.lambda$startAnimation$0:74

11-14 16:03:29.789  4211  4310 D SurfaceControl: reparent is called, sc=Surface(name=494213f Splash Screen com.wallapop)/@0xd1c6751, newParentHandle=android.os.BinderProxy@638dbb6, transaction=android.view.SurfaceControl$Transaction@deb30b7

11-14 16:03:29.790  4211  4310 D SurfaceControl: destroy(transaction), animation-leash is destroyed, sc=Surface(name=Surface(name=494213f Splash Screen com.wallapop)/@0xd1c6751 - animation-leash)/@0x18ef37a, transaction=android.view.SurfaceControl$Transaction@deb30b7, caller=com.android.server.wm.SurfaceAnimator.reset:338 com.android.server.wm.SurfaceAnimator.lambda$getFinishedCallback$0:97 com.android.server.wm.-$$Lambda$SurfaceAnimator$SIBia0mND666K8lMCPsoid8pUTI.run:4 com.android.server.wm.SurfaceAnimator.lambda$getFinishedCallback$1:104 com.android.server.wm.-$$Lambda$SurfaceAnimator$vdRZk66hQVbQCvVXEaQCT1kVmFc.onAnimationFinished:4 com.android.server.wm.LocalAnimationAdapter.lambda$startAnimation$0:74 com.android.server.wm.-$$Lambda$LocalAnimationAdapter$X--EomqUvw4qy89IeeTFTH7aCMo.run:4

11-14 16:03:29.791  4211  4310 E WindowManager: win=Window{494213f u0 Splash Screen com.wallapop EXITING} destroySurfaces: appStopped=false win.mWindowRemovalAllowed=true win.mRemoveOnExit=true win.mViewVisibility=0 caller=com.android.server.wm.AppWindowToken.destroySurfaces:870 com.android.server.wm.AppWindowToken.destroySurfaces:851 com.android.server.wm.WindowState.onExitAnimationDone:5436 com.android.server.wm.WindowStateAnimator.onAnimationFinished:319 com.android.server.wm.WindowState.onAnimationFinished:5858 com.android.server.wm.-$$Lambda$yVRF8YoeNdTa8GR1wDStVsHu8xM.run:2 com.android.server.wm.SurfaceAnimator.lambda$getFinishedCallback$0:100

11-14 16:03:29.791  4211  4310 I WindowManager: Destroying surface Surface(name=Splash Screen com.wallapop[2385])/@0x3647636 called by com.android.server.wm.WindowStateAnimator.destroySurface:1901 com.android.server.wm.WindowStateAnimator.destroySurfaceLocked:838 com.android.server.wm.WindowState.destroySurfaceUnchecked:3839 com.android.server.wm.WindowState.destroySurface:3820 com.android.server.wm.AppWindowToken.destroySurfaces:870 com.android.server.wm.AppWindowToken.destroySurfaces:851 com.android.server.wm.WindowState.onExitAnimationDone:5436 com.android.server.wm.WindowStateAnimator.onAnimationFinished:319

11-14 16:03:29.791  3727  3964 I SurfaceFlinger: id=27399 Removed Splash Screen com.wallapop[2385]#0 (0/65)

11-14 16:03:29.799  3727  5386 W SurfaceFlinger: Attempting to set client state on removed layer: Splash Screen com.wallapop[2385]#0 [s.what : 40]

11-14 16:03:29.799  3727  5386 D Layer   : [494213f Splash Screen com.wallapop#0]::reparent oldParent:[Surface(name=494213f Splash Screen com.wallapop)/@0xd1c6751 - animation-leash#0], newParent:[AppWindowToken{30cc478 token=Token{39351db ActivityRecord{2fdfaea u0 com.wallapop/com.rewallapop.ui.wall.WallActivity t2182}}}#0]

11-14 16:03:29.799  3727  5386 W SurfaceFlinger: Attempting to destroy on removed layer: Splash Screen com.wallapop[2385]#0

11-14 16:03:29.799  3727  5386 I SurfaceFlinger: id=27406 Removed Surface(name=494213f Splash Screen com.wallapop)/@0xd1c6751 - animation-leash#0 (2/64)

11-14 16:03:29.799  3727  5386 I SurfaceFlinger: id=27398 Removed 494213f Splash Screen com.wallapop#0 (1/63)

11-14 16:03:29.805  3727  3727 I Layer   : id=27399 onRemoved Splash Screen com.wallapop[2385]#0

11-14 16:03:29.806  3727  3727 I Layer   : id=27406 onRemoved Surface(name=494213f Splash Screen com.wallapop)/@0xd1c6751 - animation-leash#0

11-14 16:03:29.806  3727  3727 I Layer   : id=27398 onRemoved 494213f Splash Screen com.wallapop#0

11-14 16:03:29.812  3727  3727 I SurfaceFlinger:      Device | 0x70dda1ff00 | 0002 | RGBA_8888 |   0.0    0.0 1080.0 2220.0 |    0    0 1080 2220 | com.wallapop/com.rewallapop.ui.wall.WallActivity[2385]#0

11-14 16:03:29.905 25561 25573 I Finsky  : [9439] fxs.d(3): com.wallapop: Account determined from installer data - [rJj4Md76H4LxoN-B4dnoZM7XaXDDBcXGlC-caOCi6Uc]

11-14 16:03:29.906 25561 25573 I Finsky  : [9439] fxs.d(14): com.wallapop: Account from preferred account - [rJj4Md76H4LxoN-B4dnoZM7XaXDDBcXGlC-caOCi6Uc]

11-14 16:03:29.930  2385  2385 V InputMethodManager: Starting input: tba=com.wallapop ic=null mNaviBarColor -1 mIsGetNaviBarColorSuccess true , NavVisible : true , NavTrans : false

11-14 16:03:29.935 25561 31996 I Finsky  : [9537] fxs.d(3): com.wallapop: Account determined from installer data - [rJj4Md76H4LxoN-B4dnoZM7XaXDDBcXGlC-caOCi6Uc]

11-14 16:03:29.936 25561 31996 I Finsky  : [9537] fxs.d(14): com.wallapop: Account from preferred account - [rJj4Md76H4LxoN-B4dnoZM7XaXDDBcXGlC-caOCi6Uc]

11-14 16:03:30.001  4622  4682 E RequestManager_FLP: [FusedLocationApi] Location request 34ec746(Listener) PRIORITY_BALANCED_POWER_ACCURACY interval=300000 from com.wallapop

11-14 16:03:30.106  4211  4227 I WindowManager: Cancelling animation restarting=false, leash=null, surface=Surface(name=AppWindowToken{74f9e8b token=Token{1ddcc5a ActivityRecord{c99e405 u0 com.wallapop/com.rewallapop.ui.item.ItemDetailActivity t2176}}})/@0xf127fba, parent=Surface(name=Task=2176)/@0x7846e20

11-14 16:03:30.119  3727  3964 W SurfaceFlinger: Attempting to destroy on removed layer: AppWindowToken{74f9e8b token=Token{1ddcc5a ActivityRecord{c99e405 u0 com.wallapop/com.rewallapop.ui.item.ItemDetailActivity t2176}}}#0

11-14 16:03:30.122  3727  3727 I Layer   : id=27358 onRemoved AppWindowToken{74f9e8b token=Token{1ddcc5a ActivityRecord{c99e405 u0 com.wallapop/com.rewallapop.ui.item.ItemDetailActivity t2176}}}#0

11-14 16:03:30.154  4211  6758 I WindowManager: Cancelling animation restarting=false, leash=null, surface=Surface(name=AppWindowToken{48a1ba token=Token{ff32e5 ActivityRecord{25bf1dc u0 com.wallapop/com.rewallapop.ui.main.MainActivity t2182}}})/@0x9235228, parent=Surface(name=Task=2182)/@0xa025b41

11-14 16:03:30.158  3727  3964 I SurfaceFlinger: id=27397 Removed AppWindowToken{48a1ba token=Token{ff32e5 ActivityRecord{25bf1dc u0 com.wallapop/com.rewallapop.ui.main.MainActivity t2182}}}#0 (0/58)

11-14 16:03:30.160  4211  4228 D CodecSolution: isMaxAspectPackageEx: com.wallapop : true(2)

11-14 16:03:30.172  3727  3727 I Layer   : id=27397 onRemoved AppWindowToken{48a1ba token=Token{ff32e5 ActivityRecord{25bf1dc u0 com.wallapop/com.rewallapop.ui.main.MainActivity t2182}}}#0

11-14 16:03:30.287  4211  4669 D MdnieScenarioControlService:  packageName : com.wallapop    className : com.rewallapop.ui.wall.WallActivity

11-14 16:03:30.623  4622  4682 D ListenerMonitor_FLP: removeListener, type : 0 , packageName : com.wallapop , listener count : 0

11-14 16:03:30.623  4622  4682 E RequestManager_FLP: [LocationManagerService] Location remove 44930af from com.wallapop

11-14 16:03:30.670  2385  2385 W com.wallapop: Accessing hidden field Landroid/view/View;->mAccessibilityDelegate:Landroid/view/View$AccessibilityDelegate; (light greylist, reflection)

11-14 16:03:31.437  2385  2390 I com.wallapop: Compiler allocated 4MB to compile void android.widget.TextView.<init>(android.content.Context, android.util.AttributeSet, int, int)

11-14 16:03:31.505  2385  2385 W View    : requestLayout() improperly called by com.wallapop.design.view.WallapopTextView{3c5e736 V.ED..... ......ID 47,26-47,86 #7f0a0904 app:id/wp__home__tv_bubble} during layout: running second layout pass

11-14 16:03:31.917  2385  2396 I com.wallapop: Background concurrent copying GC freed 122924(8MB) AllocSpace objects, 31(884KB) LOS objects, 49% free, 14MB/28MB, paused 4.139ms total 230.309ms

11-14 16:03:32.247  2385  2390 I com.wallapop: Compiler allocated 4MB to compile void android.widget.TextView.<init>(android.content.Context, android.util.AttributeSet, int, int)

11-14 16:03:33.408  4211  6758 D WifiPermissionsUtil: canAccessScanResults: pkgName = com.wallapop, uid = 10313

11-14 16:03:33.981  2385  2710 D Amazon DTB Ads API: with query params:[?dt=android&app=app&dinfo=%7B%22os%22%3A%22Android%22%2C%22model%22%3A%22SM-A750FN%22%2C%22make%22%3A%22samsung%22%2C%22osVersion%22%3A%229%22%2C%22connectionType%22%3A%2213%22%2C%22country%22%3A%22ES%22%2C%22scalingFactor%22%3A%222.625%22%2C%22carrier%22%3A%22JAZZTEL%22%2C%22language%22%3A%22es%22%2C%22screenSize%22%3A%221080x2094%22%2C%22orientation%22%3A%22portrait%22%7D&oo=0&aud=3p&idfa=bf505ce3-e614-4d9a-a4d7-9c324edc6560&appId=d2ba46e2d5ef4c9883051d9c8d0125d5&sdkVer=aps-android-7.4.3&ua=Dalvik%2F2.1.0%20%28Linux%3B%20U%3B%20Android%209%3B%20SM-A750FN%20Build%2FPPR1.180610.011%29&pkg=%7B%22lbl%22%3A%22_Wallapop_%22%2C%22pn%22%3A%22com.wallapop%22%2C%22v%22%3A%221850000%22%2C%22vn%22%3A%221.85.0-d1910251130%22%7D]

11-14 16:03:34.492  2385  2710 D Amazon DTB Ads API: Error while connecting to remote server: https://s.amazon-adsystem.com/api3/generate_did?dt=android&app=app&dinfo=%7B%22os%22%3A%22Android%22%2C%22model%22%3A%22SM-A750FN%22%2C%22make%22%3A%22samsung%22%2C%22osVersion%22%3A%229%22%2C%22connectionType%22%3A%2213%22%2C%22country%22%3A%22ES%22%2C%22scalingFactor%22%3A%222.625%22%2C%22carrier%22%3A%22JAZZTEL%22%2C%22language%22%3A%22es%22%2C%22screenSize%22%3A%221080x2094%22%2C%22orientation%22%3A%22portrait%22%7D&oo=0&aud=3p&idfa=bf505ce3-e614-4d9a-a4d7-9c324edc6560&appId=d2ba46e2d5ef4c9883051d9c8d0125d5&sdkVer=aps-android-7.4.3&ua=Dalvik%2F2.1.0%20%28Linux%3B%20U%3B%20Android%209%3B%20SM-A750FN%20Build%2FPPR1.180610.011%29&pkg=%7B%22lbl%22%3A%22_Wallapop_%22%2C%22pn%22%3A%22com.wallapop%22%2C%22v%22%3A%221850000%22%2C%22vn%22%3A%221.85.0-d1910251130%22%7D with error:Chain validation failed

11-14 16:03:34.494  2385  2710 E Amazon DTB Ads API: 	at com.wallapop.thirdparty.ads.b.a.a(SourceFile:43)

11-14 16:03:34.494  2385  2710 E Amazon DTB Ads API: 	at com.wallapop.thirdparty.ads.b.a$b$1.invokeSuspend(SourceFile:34)

11-14 16:03:34.494  2385  2710 E Amazon DTB Ads API: 	at com.wallapop.thirdparty.ads.b.a$b$1.invoke(Unknown Source:10)

11-14 16:03:34.494  2385  2710 E Amazon DTB Ads API: 	at com.wallapop.thirdparty.ads.b.a$b.invokeSuspend(SourceFile:33)

11-14 16:03:34.603  2385  3033 D Amazon DTB Ads API: with query params:[?dt=android&app=app&dinfo=%7B%22os%22%3A%22Android%22%2C%22model%22%3A%22SM-A750FN%22%2C%22make%22%3A%22samsung%22%2C%22osVersion%22%3A%229%22%2C%22connectionType%22%3A%2213%22%2C%22country%22%3A%22ES%22%2C%22scalingFactor%22%3A%222.625%22%2C%22carrier%22%3A%22JAZZTEL%22%2C%22language%22%3A%22es%22%2C%22screenSize%22%3A%221080x2094%22%2C%22orientation%22%3A%22portrait%22%7D&oo=0&aud=3p&idfa=bf505ce3-e614-4d9a-a4d7-9c324edc6560&appId=d2ba46e2d5ef4c9883051d9c8d0125d5&sdkVer=aps-android-7.4.3&ua=Dalvik%2F2.1.0%20%28Linux%3B%20U%3B%20Android%209%3B%20SM-A750FN%20Build%2FPPR1.180610.011%29&pkg=%7B%22lbl%22%3A%22_Wallapop_%22%2C%22pn%22%3A%22com.wallapop%22%2C%22v%22%3A%221850000%22%2C%22vn%22%3A%221.85.0-d1910251130%22%7D]

11-14 16:03:34.777  2385  2396 I com.wallapop: Background concurrent copying GC freed 220037(11MB) AllocSpace objects, 63(2MB) LOS objects, 50% free, 17MB/34MB, paused 327us total 254.891ms

11-14 16:03:35.109  2385  3033 D Amazon DTB Ads API: Error while connecting to remote server: https://s.amazon-adsystem.com/api3/generate_did?dt=android&app=app&dinfo=%7B%22os%22%3A%22Android%22%2C%22model%22%3A%22SM-A750FN%22%2C%22make%22%3A%22samsung%22%2C%22osVersion%22%3A%229%22%2C%22connectionType%22%3A%2213%22%2C%22country%22%3A%22ES%22%2C%22scalingFactor%22%3A%222.625%22%2C%22carrier%22%3A%22JAZZTEL%22%2C%22language%22%3A%22es%22%2C%22screenSize%22%3A%221080x2094%22%2C%22orientation%22%3A%22portrait%22%7D&oo=0&aud=3p&idfa=bf505ce3-e614-4d9a-a4d7-9c324edc6560&appId=d2ba46e2d5ef4c9883051d9c8d0125d5&sdkVer=aps-android-7.4.3&ua=Dalvik%2F2.1.0%20%28Linux%3B%20U%3B%20Android%209%3B%20SM-A750FN%20Build%2FPPR1.180610.011%29&pkg=%7B%22lbl%22%3A%22_Wallapop_%22%2C%22pn%22%3A%22com.wallapop%22%2C%22v%22%3A%221850000%22%2C%22vn%22%3A%221.85.0-d1910251130%22%7D with error:Chain validation failed

11-14 16:03:35.153  2385  3033 D Amazon DTB Ads API: with json params:[{"oo":"false","dinfo":{"os":"Android","model":"SM-A750FN","make":"samsung","osVersion":"9","connectionType":"13","country":"ES","scalingFactor":"2.625","carrier":"JAZZTEL","language":"es","screenSize":"1080x2094","orientation":"portrait"},"adsdk":"aps-android-7.4.3","slots":[{"sz":"320x50","slot":"f414d83c-ab9f-4e02-9c59-5137663ee6c7","slotId":1,"supportedMediaTypes":["DISPLAY"]}],"mraid":["1.0","2.0","3.0"],"appId":"d2ba46e2d5ef4c9883051d9c8d0125d5","idfa":"bf505ce3-e614-4d9a-a4d7-9c324edc6560","geoloc":"41.4058162,2.1864397,19.11","isDTBMobile":"true","ua":"Dalvik\/2.1.0 (Linux; U; Android 9; SM-A750FN Build\/PPR1.180610.011)","pkg":{"lbl":"_Wallapop_","pn":"com.wallapop","v":"1850000","vn":"1.85.0-d1910251130"},"gdpr":{"e":"1","c":"BOR0xKKOR0xKKABABAENBZ-AAAAfZ7_______9______9uz_Gv_v_f__33e8__9v_l_7_-___u_-33d4-_1vX99yfm1-7ftr3tp_86ues2vHqK9ZoA"}}]

11-14 16:03:37.618  2385  2396 I com.wallapop: Background concurrent copying GC freed 253208(11MB) AllocSpace objects, 153(7MB) LOS objects, 49% free, 15MB/31MB, paused 534us total 205.762ms


