Executed 'TestRailTest_01()' on 03-11-2019
---------------------------------------------------------------------------------
11-03 02:32:48.920  6178  6178 E e4defrag: ext4 defragmentation for directory(/data/data/com.wallapop)

11-03 02:32:48.939  6178  6178 E e4defrag: [79;0H[K[26/679]/data/data/com.wallapop/cache/org.chromium.android_webview/Code Cache/js/2a02cbd8ba9ba5ae_0:	100%

11-03 02:32:48.939  6178  6178 E e4defrag: [79;0H[K[28/679]/data/data/com.wallapop/cache/org.chromium.android_webview/Code Cache/js/7f17f822e1e62820_0:	100%

11-03 02:32:48.939  6178  6178 E e4defrag: [79;0H[K[32/679]/data/data/com.wallapop/cache/org.chromium.android_webview/Code Cache/js/9ee7b33688d06d20_0:	100%

11-03 02:32:48.940  6178  6178 E e4defrag: [79;0H[K[35/679]/data/data/com.wallapop/cache/org.chromium.android_webview/Code Cache/js/87148a014412bf5f_0:	100%

11-03 02:32:48.940  6178  6178 E e4defrag: [79;0H[K[43/679]/data/data/com.wallapop/cache/org.chromium.android_webview/Code Cache/js/7659751a5e121d9a_0:	100%

11-03 02:32:48.944  6178  6178 E e4defrag: [79;0H[K[84/679]/data/data/com.wallapop/cache/org.chromium.android_webview/f038e94cb33282ab_0:	100%

11-03 02:32:48.944  6178  6178 E e4defrag: [79;0H[K[85/679]/data/data/com.wallapop/cache/org.chromium.android_webview/20f9fcfcbe9fdb98_0:	100%

11-03 02:32:49.453  6174  6174 I appproc : Command=app_process /system/bin com.android.commands.am.Am force-stop com.wallapop

11-03 02:32:50.527  6191  6262 I FA      :   adb shell setprop debug.firebase.analytics.app com.wallapop

11-03 02:32:52.281  6191  6191 I art     : Rejecting re-init on previously-failed class java.lang.Class<com.wallapop.clickstream.JobIntentService$f>

11-03 02:32:52.282  6191  6191 I art     : Rejecting re-init on previously-failed class java.lang.Class<com.wallapop.clickstream.JobIntentService$f>

11-03 02:32:55.815  6191  6418 E linker  : warning: unable to get realpath for the library "/data/data/com.wallapop/app_optimized/audience_network.dex". Will use given name.

11-03 02:32:58.449  3066  3388 E HwCHRWebMonitor: HwCHRWifiUIDWebSpeed [appName=com.wallapop UID=10196  WEBSENDSEGS=120  WEBRESENDSEGS=0  WEBRECVSEGS=115  WEBERRSEGS=0  WEBOUTRSTS=0  WEBESTABLISRST=0  WEBRTTDURATION=194  WEBRTTSEGS=50  WEBSNDDUPACKS=0  suckTimes=0 recovage_times=0]

11-03 02:35:27.275  6948  6981 I appium  : AppiumResponse: {"sessionId":"a00c459b-94b9-4cc3-bb27-84dd2f981815","value":{"sessionId":"a00c459b-94b9-4cc3-bb27-84dd2f981815","capabilities":{"firstMatch":[{"platform":"LINUX","webStorageEnabled":false,"takesScreenshot":true,"javascriptEnabled":true,"databaseEnabled":false,"networkConnectionEnabled":true,"locationContextEnabled":false,"warnings":{},"desired":{"platformName":"android","normalizeTagNames":true,"androidInstallTimeout":150000,"app":"","appActivity":"com.rewallapop.ui.main.MainActivity","appPackage":"com.wallapop","isHeadless":false,"skipDeviceInitialization":true,"autoAcceptAlerts":true,"autoGrantPermissions":true,"automationName":"UiAutomator2","avd":"","deviceName":"W3D7N16219018904","deviceReadyTimeout":1,"fullReset":false,"ignoreUnimportantViews":true,"newCommandTimeout":60,"noReset":true,"systemPort":8223,"udid":"W3D7N16219018904"},"platformName":"android","normalizeTagNames":true,"androidInstallTimeout":150000,"app":"","appActivity":"com.rewallapop.ui.main.MainActivity","appPackage":"com.wallapop","isHeadless":false,"skipDeviceInitialization":true,"autoAcceptAlerts":true,"autoGrantPermissions":true,"automationName":"UiAutomator2","avd":"","deviceName":"W3D7N16219018904","deviceReadyTimeout":1,"fullReset":false,"ignoreUnimportantViews":true,"newCommandTimeout":60,"noReset":true,"systemPort":8223,"udid":"W3D7N16219018904","deviceUDID":"W3D7N16219018904"}],"alwaysMatch":{}}}}

11-03 02:35:28.406  6987  6987 I appproc : Command=app_process /system/bin com.android.commands.am.Am start -W -n com.wallapop/com.rewallapop.ui.main.MainActivity -S

11-03 02:35:28.943  3986  4530 W PGApi_client: recv actoionId = 10000, action = com.huawei.pgmng.PGAction@e375095 actionId =10000 pkg =com.wallapop extend1 =14989 extend2 = flag =3 type =1

11-03 02:35:28.943  3986  4530 W PGMiddleWare: in handleAction, invoke client = com.huawei.pgmng.middleware.AudioEffectLowPowerImpl@1eaa45e, action = com.huawei.pgmng.PGAction@e375095 actionId =10000 pkg =com.wallapop extend1 =14989 extend2 = flag =3 type =1

11-03 02:35:29.955  7013  7103 I FA      :   adb shell setprop debug.firebase.analytics.app com.wallapop

11-03 02:35:31.246  7013  7013 I art     : Rejecting re-init on previously-failed class java.lang.Class<com.wallapop.clickstream.JobIntentService$f>

11-03 02:35:31.246  7013  7013 I art     : Rejecting re-init on previously-failed class java.lang.Class<com.wallapop.clickstream.JobIntentService$f>

11-03 02:35:35.279  7013  7277 E linker  : warning: unable to get realpath for the library "/data/data/com.wallapop/app_optimized/audience_network.dex". Will use given name.

11-03 02:35:36.950  7013  7154 E linker  : warning: unable to get realpath for the library "/data/data/com.wallapop/cache/1570054248636.dex". Will use given name.

11-03 02:35:37.140 30059 30073 I Finsky  : [783] fyd.d(3): com.wallapop: Account determined from installer data - [VoWxNn8b5rEQ16LF0i3-s5KcEVYDMATZSI2v8NbSQx0]

11-03 02:35:37.144 30059 30073 I Finsky  : [783] fyd.d(14): com.wallapop: Account from preferred account - [VoWxNn8b5rEQ16LF0i3-s5KcEVYDMATZSI2v8NbSQx0]

11-03 02:35:37.150 30059 30258 I Finsky  : [858] fyd.d(3): com.wallapop: Account determined from installer data - [VoWxNn8b5rEQ16LF0i3-s5KcEVYDMATZSI2v8NbSQx0]

11-03 02:35:37.150 30059 30258 I Finsky  : [858] fyd.d(14): com.wallapop: Account from preferred account - [VoWxNn8b5rEQ16LF0i3-s5KcEVYDMATZSI2v8NbSQx0]

11-03 02:35:37.154 30059 30257 I Finsky  : [857] fyd.d(3): com.wallapop: Account determined from installer data - [VoWxNn8b5rEQ16LF0i3-s5KcEVYDMATZSI2v8NbSQx0]

11-03 02:35:37.155 30059 30257 I Finsky  : [857] fyd.d(14): com.wallapop: Account from preferred account - [VoWxNn8b5rEQ16LF0i3-s5KcEVYDMATZSI2v8NbSQx0]

11-03 02:35:37.173 30059 30072 I Finsky  : [782] fyd.d(3): com.wallapop: Account determined from installer data - [VoWxNn8b5rEQ16LF0i3-s5KcEVYDMATZSI2v8NbSQx0]

11-03 02:35:37.174 30059 30072 I Finsky  : [782] fyd.d(14): com.wallapop: Account from preferred account - [VoWxNn8b5rEQ16LF0i3-s5KcEVYDMATZSI2v8NbSQx0]

11-03 02:35:37.764  3066  3085 I ActivityManager: Displayed com.wallapop/com.rewallapop.ui.wall.WallActivity: +2s815ms (total +2m48s95ms)

11-03 02:35:37.853 30059 30257 I Finsky  : [857] fyd.d(3): com.wallapop: Account determined from installer data - [VoWxNn8b5rEQ16LF0i3-s5KcEVYDMATZSI2v8NbSQx0]

11-03 02:35:37.854 30059 30257 I Finsky  : [857] fyd.d(14): com.wallapop: Account from preferred account - [VoWxNn8b5rEQ16LF0i3-s5KcEVYDMATZSI2v8NbSQx0]

11-03 02:35:37.901 30059 30072 I Finsky  : [782] fyd.d(3): com.wallapop: Account determined from installer data - [VoWxNn8b5rEQ16LF0i3-s5KcEVYDMATZSI2v8NbSQx0]

11-03 02:35:37.902 30059 30072 I Finsky  : [782] fyd.d(14): com.wallapop: Account from preferred account - [VoWxNn8b5rEQ16LF0i3-s5KcEVYDMATZSI2v8NbSQx0]

11-03 02:35:37.917 30059 30073 I Finsky  : [783] fyd.d(3): com.wallapop: Account determined from installer data - [VoWxNn8b5rEQ16LF0i3-s5KcEVYDMATZSI2v8NbSQx0]

11-03 02:35:37.918 30059 30073 I Finsky  : [783] fyd.d(14): com.wallapop: Account from preferred account - [VoWxNn8b5rEQ16LF0i3-s5KcEVYDMATZSI2v8NbSQx0]

11-03 02:35:37.948 30059 30258 I Finsky  : [858] fyd.d(3): com.wallapop: Account determined from installer data - [VoWxNn8b5rEQ16LF0i3-s5KcEVYDMATZSI2v8NbSQx0]

11-03 02:35:37.949 30059 30258 I Finsky  : [858] fyd.d(14): com.wallapop: Account from preferred account - [VoWxNn8b5rEQ16LF0i3-s5KcEVYDMATZSI2v8NbSQx0]

11-03 02:35:38.072 30059 30257 I Finsky  : [857] fyd.d(3): com.wallapop: Account determined from installer data - [VoWxNn8b5rEQ16LF0i3-s5KcEVYDMATZSI2v8NbSQx0]

11-03 02:35:38.073 30059 30257 I Finsky  : [857] fyd.d(14): com.wallapop: Account from preferred account - [VoWxNn8b5rEQ16LF0i3-s5KcEVYDMATZSI2v8NbSQx0]

11-03 02:35:38.362 30059 30072 I Finsky  : [782] fyd.d(3): com.wallapop: Account determined from installer data - [VoWxNn8b5rEQ16LF0i3-s5KcEVYDMATZSI2v8NbSQx0]

11-03 02:35:38.362 30059 30072 I Finsky  : [782] fyd.d(14): com.wallapop: Account from preferred account - [VoWxNn8b5rEQ16LF0i3-s5KcEVYDMATZSI2v8NbSQx0]

11-03 02:35:38.456 30059 30073 I Finsky  : [783] fyd.d(3): com.wallapop: Account determined from installer data - [VoWxNn8b5rEQ16LF0i3-s5KcEVYDMATZSI2v8NbSQx0]

11-03 02:35:38.459 30059 30073 I Finsky  : [783] fyd.d(14): com.wallapop: Account from preferred account - [VoWxNn8b5rEQ16LF0i3-s5KcEVYDMATZSI2v8NbSQx0]

11-03 02:35:39.639  3066  3388 E HwCHRWebMonitor: running processNamecom.wallapop

11-03 02:35:39.640  3066  3388 E HwCHRWebMonitor: HwCHRWifiUIDWebSpeed [appName=com.wallapop UID=10196  WEBSENDSEGS=274  WEBRESENDSEGS=0  WEBRECVSEGS=219  WEBERRSEGS=0  WEBOUTRSTS=0  WEBESTABLISRST=0  WEBRTTDURATION=897  WEBRTTSEGS=100  WEBSNDDUPACKS=0  suckTimes=0 recovage_times=0]

11-03 02:35:44.661  3066  3388 E HwCHRWebMonitor: running processNamecom.wallapop

11-03 02:35:44.662  3066  3388 E HwCHRWebMonitor: HwCHRWifiUIDWebSpeed [appName=com.wallapop UID=10196  WEBSENDSEGS=240  WEBRESENDSEGS=0  WEBRECVSEGS=253  WEBERRSEGS=0  WEBOUTRSTS=0  WEBESTABLISRST=0  WEBRTTDURATION=306  WEBRTTSEGS=62  WEBSNDDUPACKS=0  suckTimes=0 recovage_times=1]


