Executed 'TestRailTest_01()' on 03-11-2019
---------------------------------------------------------------------------------
11-03 01:52:34.265 26883 26883 E e4defrag: ext4 defragmentation for directory(/data/data/com.wallapop)

11-03 01:52:34.280 26883 26883 E e4defrag: [79;0H[K[26/604]/data/data/com.wallapop/cache/org.chromium.android_webview/Code Cache/js/2a02cbd8ba9ba5ae_0:	100%

11-03 01:52:34.280 26883 26883 E e4defrag: [79;0H[K[28/604]/data/data/com.wallapop/cache/org.chromium.android_webview/Code Cache/js/7f17f822e1e62820_0:	100%

11-03 01:52:34.280 26883 26883 E e4defrag: [79;0H[K[32/604]/data/data/com.wallapop/cache/org.chromium.android_webview/Code Cache/js/9ee7b33688d06d20_0:	100%

11-03 01:52:34.281 26883 26883 E e4defrag: [79;0H[K[35/604]/data/data/com.wallapop/cache/org.chromium.android_webview/Code Cache/js/87148a014412bf5f_0:	100%

11-03 01:52:34.281 26883 26883 E e4defrag: [79;0H[K[43/604]/data/data/com.wallapop/cache/org.chromium.android_webview/Code Cache/js/7659751a5e121d9a_0:	100%

11-03 01:52:34.286 26883 26883 E e4defrag: [79;0H[K[77/604]/data/data/com.wallapop/cache/org.chromium.android_webview/f038e94cb33282ab_0:	100%

11-03 01:52:34.288 26883 26883 E e4defrag: [79;0H[K[78/604]/data/data/com.wallapop/cache/org.chromium.android_webview/20f9fcfcbe9fdb98_0:	100%

11-03 01:52:34.324 26883 26883 E e4defrag: [79;0H[K[595/604]/data/data/com.wallapop/app_webview/QuotaManager:	100%

11-03 01:52:34.324 26883 26883 E e4defrag: [79;0H[K[598/604]/data/data/com.wallapop/app_webview/databases/Databases.db:	100%

11-03 01:52:35.000 26879 26879 I appproc : Command=app_process /system/bin com.android.commands.am.Am force-stop com.wallapop

11-03 01:52:35.593  3066  3349 W InputDispatcher: channel 'f5b467 com.wallapop/com.rewallapop.ui.wall.WallActivity (server)' ~ Consumer closed input channel or an error occurred.  events=0x9

11-03 01:52:35.593  3066  3349 E InputDispatcher: channel 'f5b467 com.wallapop/com.rewallapop.ui.wall.WallActivity (server)' ~ Channel is unrecoverably broken and will be disposed!

11-03 01:52:35.593  3066  3349 W InputDispatcher: channel '2f94c0a com.wallapop/com.rewallapop.ui.wall.WallActivity (server)' ~ Consumer closed input channel or an error occurred.  events=0x9

11-03 01:52:35.593  3066  3349 E InputDispatcher: channel '2f94c0a com.wallapop/com.rewallapop.ui.wall.WallActivity (server)' ~ Channel is unrecoverably broken and will be disposed!

11-03 01:52:35.602  3066  3079 W InputDispatcher: Attempted to unregister already unregistered input channel '2f94c0a com.wallapop/com.rewallapop.ui.wall.WallActivity (server)'

11-03 01:52:35.608  3066  3079 W InputDispatcher: Attempted to unregister already unregistered input channel 'f5b467 com.wallapop/com.rewallapop.ui.wall.WallActivity (server)'

11-03 01:52:38.116 26897 26941 I FA      :   adb shell setprop debug.firebase.analytics.app com.wallapop

11-03 01:52:39.971 26897 26897 I art     : Rejecting re-init on previously-failed class java.lang.Class<com.wallapop.clickstream.JobIntentService$f>

11-03 01:52:39.971 26897 26897 I art     : Rejecting re-init on previously-failed class java.lang.Class<com.wallapop.clickstream.JobIntentService$f>

11-03 01:52:44.226 26897 27184 E linker  : warning: unable to get realpath for the library "/data/data/com.wallapop/app_optimized/audience_network.dex". Will use given name.

11-03 01:52:45.772  3066  3388 E HwCHRWebMonitor: HwCHRWifiUIDWebSpeed [appName=com.wallapop UID=10196  WEBSENDSEGS=108  WEBRESENDSEGS=0  WEBRECVSEGS=96  WEBERRSEGS=0  WEBOUTRSTS=0  WEBESTABLISRST=0  WEBRTTDURATION=217  WEBRTTSEGS=42  WEBSNDDUPACKS=0  suckTimes=0 recovage_times=0]

11-03 01:53:15.983  3066  3388 E HwCHRWebMonitor: HwCHRWifiUIDWebSpeed [appName=com.wallapop UID=10196  WEBSENDSEGS=3  WEBRESENDSEGS=0  WEBRECVSEGS=3  WEBERRSEGS=0  WEBOUTRSTS=0  WEBESTABLISRST=0  WEBRTTDURATION=8  WEBRTTSEGS=2  WEBSNDDUPACKS=0  suckTimes=0 recovage_times=0]

11-03 01:53:35.079 27314 27346 I appium  : AppiumResponse: {"sessionId":"961a278b-7ccc-40bc-b3f8-f5b4c45d1922","value":{"sessionId":"961a278b-7ccc-40bc-b3f8-f5b4c45d1922","capabilities":{"firstMatch":[{"platform":"LINUX","webStorageEnabled":false,"takesScreenshot":true,"javascriptEnabled":true,"databaseEnabled":false,"networkConnectionEnabled":true,"locationContextEnabled":false,"warnings":{},"desired":{"platformName":"android","normalizeTagNames":true,"androidInstallTimeout":150000,"app":"","appActivity":"com.rewallapop.ui.main.MainActivity","appPackage":"com.wallapop","isHeadless":false,"skipDeviceInitialization":true,"autoAcceptAlerts":true,"autoGrantPermissions":true,"automationName":"UiAutomator2","avd":"","deviceName":"W3D7N16219018904","deviceReadyTimeout":1,"fullReset":false,"ignoreUnimportantViews":true,"newCommandTimeout":60,"noReset":true,"systemPort":8223,"udid":"W3D7N16219018904"},"platformName":"android","normalizeTagNames":true,"androidInstallTimeout":150000,"app":"","appActivity":"com.rewallapop.ui.main.MainActivity","appPackage":"com.wallapop","isHeadless":false,"skipDeviceInitialization":true,"autoAcceptAlerts":true,"autoGrantPermissions":true,"automationName":"UiAutomator2","avd":"","deviceName":"W3D7N16219018904","deviceReadyTimeout":1,"fullReset":false,"ignoreUnimportantViews":true,"newCommandTimeout":60,"noReset":true,"systemPort":8223,"udid":"W3D7N16219018904","deviceUDID":"W3D7N16219018904"}],"alwaysMatch":{}}}}

11-03 01:53:36.222 27350 27350 I appproc : Command=app_process /system/bin com.android.commands.am.Am start -W -n com.wallapop/com.rewallapop.ui.main.MainActivity -S

11-03 01:53:36.776  3986  4530 W PGApi_client: recv actoionId = 10000, action = com.huawei.pgmng.PGAction@75a901c actionId =10000 pkg =com.wallapop extend1 =14989 extend2 = flag =3 type =1

11-03 01:53:36.776  3986  4530 W PGMiddleWare: in handleAction, invoke client = com.huawei.pgmng.middleware.AudioEffectLowPowerImpl@1eaa45e, action = com.huawei.pgmng.PGAction@75a901c actionId =10000 pkg =com.wallapop extend1 =14989 extend2 = flag =3 type =1

11-03 01:53:37.532 27362 27448 I FA      :   adb shell setprop debug.firebase.analytics.app com.wallapop

11-03 01:53:39.042 27362 27362 I art     : Rejecting re-init on previously-failed class java.lang.Class<com.wallapop.clickstream.JobIntentService$f>

11-03 01:53:39.043 27362 27362 I art     : Rejecting re-init on previously-failed class java.lang.Class<com.wallapop.clickstream.JobIntentService$f>

11-03 01:53:43.151 27362 27623 E linker  : warning: unable to get realpath for the library "/data/data/com.wallapop/app_optimized/audience_network.dex". Will use given name.

11-03 01:53:43.914 27362 27506 E linker  : warning: unable to get realpath for the library "/data/data/com.wallapop/cache/1570054248636.dex". Will use given name.

11-03 01:53:45.482 30059 30258 I Finsky  : [858] fyd.d(3): com.wallapop: Account determined from installer data - [VoWxNn8b5rEQ16LF0i3-s5KcEVYDMATZSI2v8NbSQx0]

11-03 01:53:45.486 30059 30258 I Finsky  : [858] fyd.d(14): com.wallapop: Account from preferred account - [VoWxNn8b5rEQ16LF0i3-s5KcEVYDMATZSI2v8NbSQx0]

11-03 01:53:45.499 30059 30072 I Finsky  : [782] fyd.d(3): com.wallapop: Account determined from installer data - [VoWxNn8b5rEQ16LF0i3-s5KcEVYDMATZSI2v8NbSQx0]

11-03 01:53:45.500 30059 30072 I Finsky  : [782] fyd.d(14): com.wallapop: Account from preferred account - [VoWxNn8b5rEQ16LF0i3-s5KcEVYDMATZSI2v8NbSQx0]

11-03 01:53:45.504 30059 30257 I Finsky  : [857] fyd.d(3): com.wallapop: Account determined from installer data - [VoWxNn8b5rEQ16LF0i3-s5KcEVYDMATZSI2v8NbSQx0]

11-03 01:53:45.505 30059 30257 I Finsky  : [857] fyd.d(14): com.wallapop: Account from preferred account - [VoWxNn8b5rEQ16LF0i3-s5KcEVYDMATZSI2v8NbSQx0]

11-03 01:53:45.517 30059 30073 I Finsky  : [783] fyd.d(3): com.wallapop: Account determined from installer data - [VoWxNn8b5rEQ16LF0i3-s5KcEVYDMATZSI2v8NbSQx0]

11-03 01:53:45.517 30059 30073 I Finsky  : [783] fyd.d(14): com.wallapop: Account from preferred account - [VoWxNn8b5rEQ16LF0i3-s5KcEVYDMATZSI2v8NbSQx0]

11-03 01:53:46.013  3066  3085 I ActivityManager: Displayed com.wallapop/com.rewallapop.ui.wall.WallActivity: +3s198ms (total +1m10s597ms)

11-03 01:53:46.096 30059 30257 I Finsky  : [857] fyd.d(3): com.wallapop: Account determined from installer data - [VoWxNn8b5rEQ16LF0i3-s5KcEVYDMATZSI2v8NbSQx0]

11-03 01:53:46.097 30059 30257 I Finsky  : [857] fyd.d(14): com.wallapop: Account from preferred account - [VoWxNn8b5rEQ16LF0i3-s5KcEVYDMATZSI2v8NbSQx0]

11-03 01:53:46.243  3066  3388 E HwCHRWebMonitor: running processNamecom.wallapop

11-03 01:53:46.245  3066  3388 E HwCHRWebMonitor: HwCHRWifiUIDWebSpeed [appName=com.wallapop UID=10196  WEBSENDSEGS=231  WEBRESENDSEGS=0  WEBRECVSEGS=186  WEBERRSEGS=0  WEBOUTRSTS=0  WEBESTABLISRST=0  WEBRTTDURATION=829  WEBRTTSEGS=83  WEBSNDDUPACKS=0  suckTimes=0 recovage_times=0]

11-03 01:53:46.250 30059 30073 I Finsky  : [783] fyd.d(3): com.wallapop: Account determined from installer data - [VoWxNn8b5rEQ16LF0i3-s5KcEVYDMATZSI2v8NbSQx0]

11-03 01:53:46.250 30059 30073 I Finsky  : [783] fyd.d(14): com.wallapop: Account from preferred account - [VoWxNn8b5rEQ16LF0i3-s5KcEVYDMATZSI2v8NbSQx0]

11-03 01:53:46.269 30059 30258 I Finsky  : [858] fyd.d(3): com.wallapop: Account determined from installer data - [VoWxNn8b5rEQ16LF0i3-s5KcEVYDMATZSI2v8NbSQx0]

11-03 01:53:46.270 30059 30258 I Finsky  : [858] fyd.d(14): com.wallapop: Account from preferred account - [VoWxNn8b5rEQ16LF0i3-s5KcEVYDMATZSI2v8NbSQx0]

11-03 01:53:46.294 30059 30072 I Finsky  : [782] fyd.d(3): com.wallapop: Account determined from installer data - [VoWxNn8b5rEQ16LF0i3-s5KcEVYDMATZSI2v8NbSQx0]

11-03 01:53:46.295 30059 30072 I Finsky  : [782] fyd.d(14): com.wallapop: Account from preferred account - [VoWxNn8b5rEQ16LF0i3-s5KcEVYDMATZSI2v8NbSQx0]

11-03 01:53:46.574 30059 30257 I Finsky  : [857] fyd.d(3): com.wallapop: Account determined from installer data - [VoWxNn8b5rEQ16LF0i3-s5KcEVYDMATZSI2v8NbSQx0]

11-03 01:53:46.575 30059 30257 I Finsky  : [857] fyd.d(14): com.wallapop: Account from preferred account - [VoWxNn8b5rEQ16LF0i3-s5KcEVYDMATZSI2v8NbSQx0]

11-03 01:53:46.819 30059 30072 I Finsky  : [782] fyd.d(3): com.wallapop: Account determined from installer data - [VoWxNn8b5rEQ16LF0i3-s5KcEVYDMATZSI2v8NbSQx0]

11-03 01:53:46.820 30059 30072 I Finsky  : [782] fyd.d(14): com.wallapop: Account from preferred account - [VoWxNn8b5rEQ16LF0i3-s5KcEVYDMATZSI2v8NbSQx0]

11-03 01:53:46.965 30059 30073 I Finsky  : [783] fyd.d(3): com.wallapop: Account determined from installer data - [VoWxNn8b5rEQ16LF0i3-s5KcEVYDMATZSI2v8NbSQx0]

11-03 01:53:46.965 30059 30073 I Finsky  : [783] fyd.d(14): com.wallapop: Account from preferred account - [VoWxNn8b5rEQ16LF0i3-s5KcEVYDMATZSI2v8NbSQx0]

11-03 01:53:51.269  3066  3388 E HwCHRWebMonitor: running processNamecom.wallapop

11-03 01:53:51.270  3066  3388 E HwCHRWebMonitor: HwCHRWifiUIDWebSpeed [appName=com.wallapop UID=10196  WEBSENDSEGS=174  WEBRESENDSEGS=0  WEBRECVSEGS=160  WEBERRSEGS=0  WEBOUTRSTS=0  WEBESTABLISRST=0  WEBRTTDURATION=359  WEBRTTSEGS=68  WEBSNDDUPACKS=0  suckTimes=0 recovage_times=1]

11-03 01:53:56.292  3066  3388 E HwCHRWebMonitor: running processNamecom.wallapop

11-03 01:53:56.292  3066  3388 E HwCHRWebMonitor: HwCHRWifiUIDWebSpeed [appName=com.wallapop UID=10196  WEBSENDSEGS=106  WEBRESENDSEGS=0  WEBRECVSEGS=104  WEBERRSEGS=0  WEBOUTRSTS=0  WEBESTABLISRST=0  WEBRTTDURATION=97  WEBRTTSEGS=13  WEBSNDDUPACKS=0  suckTimes=0 recovage_times=2]


