Executed 'TestRailTest_01()' on 03-11-2019
---------------------------------------------------------------------------------
11-03 02:58:54.619 13156 13156 W View    : requestLayout() improperly called by com.wallapop.design.view.WallapopTextView{8ffb66c V.ED..... ......ID 36,20-423,61 #7f0a08f8 app:id/wp__home__tv_bubble} during layout: running second layout pass

11-03 02:58:55.030  3066  3388 E HwCHRWebMonitor: running processNamecom.wallapop

11-03 02:58:55.031  3066  3388 E HwCHRWebMonitor: HwCHRWifiUIDWebSpeed [appName=com.wallapop UID=10196  WEBSENDSEGS=261  WEBRESENDSEGS=0  WEBRECVSEGS=226  WEBERRSEGS=0  WEBOUTRSTS=0  WEBESTABLISRST=0  WEBRTTDURATION=437  WEBRTTSEGS=62  WEBSNDDUPACKS=0  suckTimes=0 recovage_times=0]

11-03 02:58:57.495 13156 13163 W REALM_JAVA: Remember to call close() on all Realm instances. Realm /data/data/com.wallapop/files/feature_flags is being finalized without being closed, this can lead to running out of native memory.

11-03 02:58:57.529 13156 13163 W REALM_JAVA: Remember to call close() on all Realm instances. Realm /data/data/com.wallapop/files/feature_flags is being finalized without being closed, this can lead to running out of native memory.

11-03 02:58:57.547 13156 13163 W REALM_JAVA: Remember to call close() on all Realm instances. Realm /data/data/com.wallapop/files/feature_flags is being finalized without being closed, this can lead to running out of native memory.

11-03 02:59:00.046  3066  3388 E HwCHRWebMonitor: running processNamecom.wallapop

11-03 02:59:00.047  3066  3388 E HwCHRWebMonitor: HwCHRWifiUIDWebSpeed [appName=com.wallapop UID=10196  WEBSENDSEGS=263  WEBRESENDSEGS=0  WEBRECVSEGS=277  WEBERRSEGS=0  WEBOUTRSTS=0  WEBESTABLISRST=0  WEBRTTDURATION=417  WEBRTTSEGS=81  WEBSNDDUPACKS=0  suckTimes=0 recovage_times=1]

11-03 02:59:05.066  3066  3388 E HwCHRWebMonitor: running processNamecom.wallapop

11-03 02:59:05.855  3066  3085 I ActivityManager: Displayed com.wallapop/com.rewallapop.ui.user.profile.MyProfileActivity: +265ms

11-03 02:59:06.115 13156 13156 W GmsClientEvents: unregisterConnectionFailedListener(): listener GooglePlayServicesHeadlessFragment{7404a59 (f127a1c4-590f-4152-860b-6d80930ee81f) com.wallapop.fragments.headless.GooglePlayServicesHeadlessFragment} not found

11-03 02:59:06.115 13156 13156 W GmsClientEvents: unregisterConnectionCallbacks(): listener GooglePlayServicesHeadlessFragment{7404a59 (f127a1c4-590f-4152-860b-6d80930ee81f) com.wallapop.fragments.headless.GooglePlayServicesHeadlessFragment} not found

11-03 02:59:06.184  3066  3085 I ActivityManager: Displayed com.wallapop/com.rewallapop.ui.user.profile.ProfileActivity: +281ms

11-03 02:59:07.092 13156 13788 E WallapopError: 	at com.wallapop.kernel.o.a$a.a(SourceFile:5)

11-03 02:59:07.092 13156 13788 E WallapopError: 	at com.wallapop.kernel.o.g$a.a(SourceFile:8)

11-03 02:59:07.092 13156 13788 E WallapopError: 	at com.wallapop.kernel.o.a$a.b(SourceFile)

11-03 02:59:08.126 13156 13156 W View    : requestLayout() improperly called by com.wallapop.design.view.WallapopTextView{74a9dff V.ED..... ..S..AID 0,15-190,70 #7f0a026b app:id/counterView} during layout: running second layout pass

11-03 02:59:10.085  3066  3388 E HwCHRWebMonitor: running processNamecom.wallapop

11-03 02:59:10.086  3066  3388 E HwCHRWebMonitor: HwCHRWifiUIDWebSpeed [appName=com.wallapop UID=10196  WEBSENDSEGS=210  WEBRESENDSEGS=0  WEBRECVSEGS=200  WEBERRSEGS=0  WEBOUTRSTS=0  WEBESTABLISRST=0  WEBRTTDURATION=210  WEBRTTSEGS=39  WEBSNDDUPACKS=0  suckTimes=0 recovage_times=2]

11-03 02:59:15.105  3066  3388 E HwCHRWebMonitor: running processNamecom.wallapop

11-03 02:59:15.106  3066  3388 E HwCHRWebMonitor: HwCHRWifiUIDWebSpeed [appName=com.wallapop UID=10196  WEBSENDSEGS=7  WEBRESENDSEGS=0  WEBRECVSEGS=5  WEBERRSEGS=0  WEBOUTRSTS=0  WEBESTABLISRST=0  WEBRTTDURATION=12  WEBRTTSEGS=1  WEBSNDDUPACKS=0  suckTimes=0 recovage_times=3]

11-03 02:59:58.047 13103 13138 I appium  : AppiumResponse: {"sessionId":"None","value":[{"id":"56e7ced8-6ff7-4867-a0bf-2c1d8450df51","capabilities":{"androidInstallTimeout":150000,"appActivity":"com.rewallapop.ui.main.MainActivity","webStorageEnabled":false,"skipDeviceInitialization":true,"appPackage":"com.wallapop","ignoreUnimportantViews":true,"systemPort":8223,"takesScreenshot":true,"databaseEnabled":false,"deviceUDID":"W3D7N16219018904","udid":"W3D7N16219018904","deviceName":"W3D7N16219018904","avd":"","javascriptEnabled":true,"fullReset":false,"platformName":"android","desired":"{platformName=android, normalizeTagNames=true, androidInstallTimeout=150000, app=, appActivity=com.rewallapop.ui.main.MainActivity, appPackage=com.wallapop, isHeadless=false, skipDeviceInitialization=true, autoAcceptAlerts=true, autoGrantPermissions=true, automationName=UiAutomator2, avd=, deviceName=W3D7N16219018904, deviceReadyTimeout=1, fullReset=false, ignoreUnimportantViews=true, newCommandTimeout=60, noReset=true, systemPort=8223, udid=W3D7N16219018904}","normalizeTagNames":true,"networkConnectionEnabled":true,"autoGrantPermissions":true,"autoAcceptAlerts":true,"isHeadless":false,"warnings":"{}","app":"","platform":"LINUX","noReset":true,"newCommandTimeout":60,"automationName":"UiAutomator2","deviceReadyTimeout":1,"locationContextEnabled":false}}]}

11-03 03:00:03.353 14434 14459 I appium  : AppiumResponse: {"sessionId":"23564d93-dfde-458c-95d0-7d739a7c5d57","value":{"sessionId":"23564d93-dfde-458c-95d0-7d739a7c5d57","capabilities":{"firstMatch":[{"platform":"LINUX","webStorageEnabled":false,"takesScreenshot":true,"javascriptEnabled":true,"databaseEnabled":false,"networkConnectionEnabled":true,"locationContextEnabled":false,"warnings":{},"desired":{"platformName":"android","normalizeTagNames":true,"androidInstallTimeout":150000,"app":"","appActivity":"com.rewallapop.ui.main.MainActivity","appPackage":"com.wallapop","isHeadless":false,"skipDeviceInitialization":true,"autoAcceptAlerts":true,"autoGrantPermissions":true,"automationName":"UiAutomator2","avd":"","deviceName":"W3D7N16219018904","deviceReadyTimeout":1,"fullReset":false,"ignoreUnimportantViews":true,"newCommandTimeout":60,"noReset":true,"systemPort":8223,"udid":"W3D7N16219018904"},"platformName":"android","normalizeTagNames":true,"androidInstallTimeout":150000,"app":"","appActivity":"com.rewallapop.ui.main.MainActivity","appPackage":"com.wallapop","isHeadless":false,"skipDeviceInitialization":true,"autoAcceptAlerts":true,"autoGrantPermissions":true,"automationName":"UiAutomator2","avd":"","deviceName":"W3D7N16219018904","deviceReadyTimeout":1,"fullReset":false,"ignoreUnimportantViews":true,"newCommandTimeout":60,"noReset":true,"systemPort":8223,"udid":"W3D7N16219018904","deviceUDID":"W3D7N16219018904"}],"alwaysMatch":{}}}}

11-03 03:00:04.329 14463 14463 I appproc : Command=app_process /system/bin com.android.commands.am.Am start -W -n com.wallapop/com.rewallapop.ui.main.MainActivity -S

11-03 03:00:04.597  3066  3085 W WindowManager: Token{d02ea80 ActivityRecord{261ab03 u0 com.wallapop/com.rewallapop.ui.wall.WallActivity t621 f}} already running, starting window not displayed. Unable to add window -- token Token{d02ea80 ActivityRecord{261ab03 u0 com.wallapop/com.rewallapop.ui.wall.WallActivity t621 f}} is not valid; is your activity running?

11-03 03:00:04.642  3066  3349 W InputDispatcher: channel '792d455 com.wallapop/com.rewallapop.ui.wall.WallActivity (server)' ~ Consumer closed input channel or an error occurred.  events=0x9

11-03 03:00:04.642  3066  3349 E InputDispatcher: channel '792d455 com.wallapop/com.rewallapop.ui.wall.WallActivity (server)' ~ Channel is unrecoverably broken and will be disposed!

11-03 03:00:04.646  3066  4156 W InputDispatcher: Attempted to unregister already unregistered input channel '792d455 com.wallapop/com.rewallapop.ui.wall.WallActivity (server)'

11-03 03:00:05.239  3986  4530 W PGApi_client: recv actoionId = 10000, action = com.huawei.pgmng.PGAction@5184c7c actionId =10000 pkg =com.wallapop extend1 =14992 extend2 = flag =3 type =1

11-03 03:00:05.239  3986  4530 W PGMiddleWare: in handleAction, invoke client = com.huawei.pgmng.middleware.AudioEffectLowPowerImpl@1eaa45e, action = com.huawei.pgmng.PGAction@5184c7c actionId =10000 pkg =com.wallapop extend1 =14992 extend2 = flag =3 type =1

11-03 03:00:05.364 14473 14559 I FA      :   adb shell setprop debug.firebase.analytics.app com.wallapop

11-03 03:00:06.748 14473 14473 I art     : Rejecting re-init on previously-failed class java.lang.Class<com.wallapop.clickstream.JobIntentService$f>

11-03 03:00:06.749 14473 14473 I art     : Rejecting re-init on previously-failed class java.lang.Class<com.wallapop.clickstream.JobIntentService$f>

11-03 03:00:10.455  3066  3388 E HwCHRWebMonitor: running processNamecom.wallapop

11-03 03:00:10.456  3066  3388 E HwCHRWebMonitor: HwCHRWifiUIDWebSpeed [appName=com.wallapop UID=10196  WEBSENDSEGS=120  WEBRESENDSEGS=0  WEBRECVSEGS=97  WEBERRSEGS=0  WEBOUTRSTS=0  WEBESTABLISRST=2  WEBRTTDURATION=345  WEBRTTSEGS=47  WEBSNDDUPACKS=0  suckTimes=0 recovage_times=0]

11-03 03:00:10.570 14473 14732 E linker  : warning: unable to get realpath for the library "/data/data/com.wallapop/app_optimized/audience_network.dex". Will use given name.

11-03 03:00:11.349 14473 14625 E linker  : warning: unable to get realpath for the library "/data/data/com.wallapop/cache/1570054248636.dex". Will use given name.

11-03 03:00:11.963 30059 30072 I Finsky  : [782] fyd.d(3): com.wallapop: Account determined from installer data - [VoWxNn8b5rEQ16LF0i3-s5KcEVYDMATZSI2v8NbSQx0]

11-03 03:00:11.964 30059 30072 I Finsky  : [782] fyd.d(14): com.wallapop: Account from preferred account - [VoWxNn8b5rEQ16LF0i3-s5KcEVYDMATZSI2v8NbSQx0]

11-03 03:00:12.010 30059 30258 I Finsky  : [858] fyd.d(3): com.wallapop: Account determined from installer data - [VoWxNn8b5rEQ16LF0i3-s5KcEVYDMATZSI2v8NbSQx0]

11-03 03:00:12.011 30059 30258 I Finsky  : [858] fyd.d(14): com.wallapop: Account from preferred account - [VoWxNn8b5rEQ16LF0i3-s5KcEVYDMATZSI2v8NbSQx0]

11-03 03:00:12.093 30059 30073 I Finsky  : [783] fyd.d(3): com.wallapop: Account determined from installer data - [VoWxNn8b5rEQ16LF0i3-s5KcEVYDMATZSI2v8NbSQx0]

11-03 03:00:12.094 30059 30073 I Finsky  : [783] fyd.d(14): com.wallapop: Account from preferred account - [VoWxNn8b5rEQ16LF0i3-s5KcEVYDMATZSI2v8NbSQx0]

11-03 03:00:12.097 30059 30072 I Finsky  : [782] fyd.d(3): com.wallapop: Account determined from installer data - [VoWxNn8b5rEQ16LF0i3-s5KcEVYDMATZSI2v8NbSQx0]

11-03 03:00:12.098 30059 30072 I Finsky  : [782] fyd.d(14): com.wallapop: Account from preferred account - [VoWxNn8b5rEQ16LF0i3-s5KcEVYDMATZSI2v8NbSQx0]

11-03 03:00:12.384 14837 14837 I appproc : Command=app_process /system/bin com.android.commands.am.Am force-stop com.wallapop

11-03 03:00:15.491  3066  3388 E HwCHRWebMonitor: HwCHRWifiUIDWebSpeed [appName=com.wallapop UID=10196  WEBSENDSEGS=89  WEBRESENDSEGS=0  WEBRECVSEGS=91  WEBERRSEGS=0  WEBOUTRSTS=0  WEBESTABLISRST=0  WEBRTTDURATION=292  WEBRTTSEGS=33  WEBSNDDUPACKS=0  suckTimes=0 recovage_times=1]

11-03 03:00:26.486 14919 14919 I appproc : Command=app_process /system/bin com.android.commands.am.Am force-stop com.wallapop

11-03 03:01:13.719 15021 15051 I appium  : AppiumResponse: {"sessionId":"a96dfb62-fc03-4a2d-812b-19e2c4938f28","value":{"sessionId":"a96dfb62-fc03-4a2d-812b-19e2c4938f28","capabilities":{"firstMatch":[{"platform":"LINUX","webStorageEnabled":false,"takesScreenshot":true,"javascriptEnabled":true,"databaseEnabled":false,"networkConnectionEnabled":true,"locationContextEnabled":false,"warnings":{},"desired":{"platformName":"android","normalizeTagNames":true,"androidInstallTimeout":150000,"app":"","appActivity":"com.rewallapop.ui.main.MainActivity","appPackage":"com.wallapop","isHeadless":false,"skipDeviceInitialization":true,"autoAcceptAlerts":true,"autoGrantPermissions":true,"automationName":"UiAutomator2","avd":"","deviceName":"W3D7N16219018904","deviceReadyTimeout":1,"fullReset":false,"ignoreUnimportantViews":true,"newCommandTimeout":60,"noReset":true,"systemPort":8223,"udid":"W3D7N16219018904"},"platformName":"android","normalizeTagNames":true,"androidInstallTimeout":150000,"app":"","appActivity":"com.rewallapop.ui.main.MainActivity","appPackage":"com.wallapop","isHeadless":false,"skipDeviceInitialization":true,"autoAcceptAlerts":true,"autoGrantPermissions":true,"automationName":"UiAutomator2","avd":"","deviceName":"W3D7N16219018904","deviceReadyTimeout":1,"fullReset":false,"ignoreUnimportantViews":true,"newCommandTimeout":60,"noReset":true,"systemPort":8223,"udid":"W3D7N16219018904","deviceUDID":"W3D7N16219018904"}],"alwaysMatch":{}}}}

11-03 03:01:17.440 15096 15096 I appproc : Command=app_process /system/bin com.android.commands.am.Am start -W -n com.wallapop/com.rewallapop.ui.main.MainActivity -S

11-03 03:01:17.970  3986  4530 W PGApi_client: recv actoionId = 10000, action = com.huawei.pgmng.PGAction@ddbb468 actionId =10000 pkg =com.wallapop extend1 =14992 extend2 = flag =3 type =1

11-03 03:01:17.971  3986  4530 W PGMiddleWare: in handleAction, invoke client = com.huawei.pgmng.middleware.AudioEffectLowPowerImpl@1eaa45e, action = com.huawei.pgmng.PGAction@ddbb468 actionId =10000 pkg =com.wallapop extend1 =14992 extend2 = flag =3 type =1

11-03 03:01:18.391 15111 15194 I FA      :   adb shell setprop debug.firebase.analytics.app com.wallapop

11-03 03:01:19.847 15111 15111 I art     : Rejecting re-init on previously-failed class java.lang.Class<com.wallapop.clickstream.JobIntentService$f>

11-03 03:01:19.847 15111 15111 I art     : Rejecting re-init on previously-failed class java.lang.Class<com.wallapop.clickstream.JobIntentService$f>

11-03 03:01:23.830 15111 15369 E linker  : warning: unable to get realpath for the library "/data/data/com.wallapop/app_optimized/audience_network.dex". Will use given name.

11-03 03:01:24.278 15111 15246 E linker  : warning: unable to get realpath for the library "/data/data/com.wallapop/cache/1570054248636.dex". Will use given name.

11-03 03:01:25.098 30059 30258 I Finsky  : [858] fyd.d(3): com.wallapop: Account determined from installer data - [VoWxNn8b5rEQ16LF0i3-s5KcEVYDMATZSI2v8NbSQx0]

11-03 03:01:25.099 30059 30258 I Finsky  : [858] fyd.d(14): com.wallapop: Account from preferred account - [VoWxNn8b5rEQ16LF0i3-s5KcEVYDMATZSI2v8NbSQx0]

11-03 03:01:25.102 30059 30073 I Finsky  : [783] fyd.d(3): com.wallapop: Account determined from installer data - [VoWxNn8b5rEQ16LF0i3-s5KcEVYDMATZSI2v8NbSQx0]

11-03 03:01:25.103 30059 30073 I Finsky  : [783] fyd.d(14): com.wallapop: Account from preferred account - [VoWxNn8b5rEQ16LF0i3-s5KcEVYDMATZSI2v8NbSQx0]

11-03 03:01:25.106 30059 30257 I Finsky  : [857] fyd.d(3): com.wallapop: Account determined from installer data - [VoWxNn8b5rEQ16LF0i3-s5KcEVYDMATZSI2v8NbSQx0]

11-03 03:01:25.107 30059 30257 I Finsky  : [857] fyd.d(14): com.wallapop: Account from preferred account - [VoWxNn8b5rEQ16LF0i3-s5KcEVYDMATZSI2v8NbSQx0]

11-03 03:01:25.111 30059 30072 I Finsky  : [782] fyd.d(3): com.wallapop: Account determined from installer data - [VoWxNn8b5rEQ16LF0i3-s5KcEVYDMATZSI2v8NbSQx0]

11-03 03:01:25.112 30059 30072 I Finsky  : [782] fyd.d(14): com.wallapop: Account from preferred account - [VoWxNn8b5rEQ16LF0i3-s5KcEVYDMATZSI2v8NbSQx0]

11-03 03:01:25.874 30059 30073 I Finsky  : [783] fyd.d(3): com.wallapop: Account determined from installer data - [VoWxNn8b5rEQ16LF0i3-s5KcEVYDMATZSI2v8NbSQx0]

11-03 03:01:25.875 30059 30073 I Finsky  : [783] fyd.d(14): com.wallapop: Account from preferred account - [VoWxNn8b5rEQ16LF0i3-s5KcEVYDMATZSI2v8NbSQx0]

11-03 03:01:25.892 30059 30257 I Finsky  : [857] fyd.d(3): com.wallapop: Account determined from installer data - [VoWxNn8b5rEQ16LF0i3-s5KcEVYDMATZSI2v8NbSQx0]

11-03 03:01:25.893 30059 30257 I Finsky  : [857] fyd.d(14): com.wallapop: Account from preferred account - [VoWxNn8b5rEQ16LF0i3-s5KcEVYDMATZSI2v8NbSQx0]

11-03 03:01:25.907 30059 30072 I Finsky  : [782] fyd.d(3): com.wallapop: Account determined from installer data - [VoWxNn8b5rEQ16LF0i3-s5KcEVYDMATZSI2v8NbSQx0]

11-03 03:01:25.907 30059 30072 I Finsky  : [782] fyd.d(14): com.wallapop: Account from preferred account - [VoWxNn8b5rEQ16LF0i3-s5KcEVYDMATZSI2v8NbSQx0]

11-03 03:01:25.930 30059 30258 I Finsky  : [858] fyd.d(3): com.wallapop: Account determined from installer data - [VoWxNn8b5rEQ16LF0i3-s5KcEVYDMATZSI2v8NbSQx0]

11-03 03:01:25.931 30059 30258 I Finsky  : [858] fyd.d(14): com.wallapop: Account from preferred account - [VoWxNn8b5rEQ16LF0i3-s5KcEVYDMATZSI2v8NbSQx0]

11-03 03:01:26.049  3066  3388 E HwCHRWebMonitor: running processNamecom.wallapop

11-03 03:01:26.050  3066  3388 E HwCHRWebMonitor: HwCHRWifiUIDWebSpeed [appName=com.wallapop UID=10196  WEBSENDSEGS=169  WEBRESENDSEGS=0  WEBRECVSEGS=140  WEBERRSEGS=0  WEBOUTRSTS=0  WEBESTABLISRST=0  WEBRTTDURATION=445  WEBRTTSEGS=58  WEBSNDDUPACKS=0  suckTimes=0 recovage_times=0]

11-03 03:01:26.100  3066  3085 I ActivityManager: Displayed com.wallapop/com.rewallapop.ui.wall.WallActivity: +2s324ms (total +1m21s592ms)

11-03 03:01:26.379 30059 30073 I Finsky  : [783] fyd.d(3): com.wallapop: Account determined from installer data - [VoWxNn8b5rEQ16LF0i3-s5KcEVYDMATZSI2v8NbSQx0]

11-03 03:01:26.380 30059 30073 I Finsky  : [783] fyd.d(14): com.wallapop: Account from preferred account - [VoWxNn8b5rEQ16LF0i3-s5KcEVYDMATZSI2v8NbSQx0]

11-03 03:01:26.855 30059 30073 I Finsky  : [783] fyd.d(3): com.wallapop: Account determined from installer data - [VoWxNn8b5rEQ16LF0i3-s5KcEVYDMATZSI2v8NbSQx0]

11-03 03:01:26.856 30059 30073 I Finsky  : [783] fyd.d(14): com.wallapop: Account from preferred account - [VoWxNn8b5rEQ16LF0i3-s5KcEVYDMATZSI2v8NbSQx0]

11-03 03:01:26.868 30059 30257 I Finsky  : [857] fyd.d(3): com.wallapop: Account determined from installer data - [VoWxNn8b5rEQ16LF0i3-s5KcEVYDMATZSI2v8NbSQx0]

11-03 03:01:26.869 30059 30257 I Finsky  : [857] fyd.d(14): com.wallapop: Account from preferred account - [VoWxNn8b5rEQ16LF0i3-s5KcEVYDMATZSI2v8NbSQx0]

11-03 03:01:28.325 15111 15111 W View    : requestLayout() improperly called by com.wallapop.design.view.WallapopTextView{ca163ef V.ED..... ......ID 36,20-36,61 #7f0a08f8 app:id/wp__home__tv_bubble} during layout: running second layout pass

11-03 03:01:31.064  3066  3388 E HwCHRWebMonitor: running processNamecom.wallapop

11-03 03:01:31.069  3066  3388 E HwCHRWebMonitor: HwCHRWifiUIDWebSpeed [appName=com.wallapop UID=10196  WEBSENDSEGS=255  WEBRESENDSEGS=0  WEBRECVSEGS=250  WEBERRSEGS=0  WEBOUTRSTS=0  WEBESTABLISRST=0  WEBRTTDURATION=399  WEBRTTSEGS=62  WEBSNDDUPACKS=0  suckTimes=0 recovage_times=1]

11-03 03:01:36.092  3066  3388 E HwCHRWebMonitor: running processNamecom.wallapop

11-03 03:01:36.092  3066  3388 E HwCHRWebMonitor: HwCHRWifiUIDWebSpeed [appName=com.wallapop UID=10196  WEBSENDSEGS=132  WEBRESENDSEGS=0  WEBRECVSEGS=134  WEBERRSEGS=0  WEBOUTRSTS=0  WEBESTABLISRST=0  WEBRTTDURATION=219  WEBRTTSEGS=57  WEBSNDDUPACKS=0  suckTimes=0 recovage_times=2]


