Executed 'TestRailTest_01()' on 03-11-2019
---------------------------------------------------------------------------------
11-03 23:10:55.198 13531 13531 I art     : Rejecting re-init on previously-failed class java.lang.Class<com.wallapop.clickstream.JobIntentService$f>

11-03 23:10:55.199 13531 13531 I art     : Rejecting re-init on previously-failed class java.lang.Class<com.wallapop.clickstream.JobIntentService$f>

11-03 23:10:58.784 13531 13781 E linker  : warning: unable to get realpath for the library "/data/data/com.wallapop/app_optimized/audience_network.dex". Will use given name.

11-03 23:11:03.012  3066  3388 E HwCHRWebMonitor: HwCHRWifiUIDWebSpeed [appName=com.wallapop UID=10196  WEBSENDSEGS=69  WEBRESENDSEGS=0  WEBRECVSEGS=57  WEBERRSEGS=0  WEBOUTRSTS=0  WEBESTABLISRST=0  WEBRTTDURATION=86  WEBRTTSEGS=30  WEBSNDDUPACKS=0  suckTimes=0 recovage_times=0]

11-03 23:14:53.302 16546 18869 I HwSystemManager: SavingSettingUtil:the pkgname = com.wallapop is exist!

11-03 23:15:09.987  3066  3388 E HwCHRWebMonitor: HwCHRWifiUIDWebSpeed [appName=com.wallapop UID=10196  WEBSENDSEGS=6  WEBRESENDSEGS=0  WEBRECVSEGS=9  WEBERRSEGS=0  WEBOUTRSTS=0  WEBESTABLISRST=0  WEBRTTDURATION=9  WEBRTTSEGS=2  WEBSNDDUPACKS=0  suckTimes=0 recovage_times=0]

11-03 23:20:39.129 14522 14557 I appium  : AppiumResponse: {"sessionId":"1a4c6d66-2b47-409e-aaf8-6b7770d6a1cd","value":{"sessionId":"1a4c6d66-2b47-409e-aaf8-6b7770d6a1cd","capabilities":{"firstMatch":[{"platform":"LINUX","webStorageEnabled":false,"takesScreenshot":true,"javascriptEnabled":true,"databaseEnabled":false,"networkConnectionEnabled":true,"locationContextEnabled":false,"warnings":{},"desired":{"platformName":"android","normalizeTagNames":true,"androidInstallTimeout":150000,"app":"","appActivity":"com.rewallapop.ui.main.MainActivity","appPackage":"com.wallapop","isHeadless":false,"skipDeviceInitialization":true,"autoAcceptAlerts":true,"autoGrantPermissions":true,"automationName":"UiAutomator2","avd":"","deviceName":"W3D7N16219018904","deviceReadyTimeout":1,"fullReset":false,"ignoreUnimportantViews":true,"newCommandTimeout":60,"noReset":true,"systemPort":8223,"udid":"W3D7N16219018904"},"platformName":"android","normalizeTagNames":true,"androidInstallTimeout":150000,"app":"","appActivity":"com.rewallapop.ui.main.MainActivity","appPackage":"com.wallapop","isHeadless":false,"skipDeviceInitialization":true,"autoAcceptAlerts":true,"autoGrantPermissions":true,"automationName":"UiAutomator2","avd":"","deviceName":"W3D7N16219018904","deviceReadyTimeout":1,"fullReset":false,"ignoreUnimportantViews":true,"newCommandTimeout":60,"noReset":true,"systemPort":8223,"udid":"W3D7N16219018904","deviceUDID":"W3D7N16219018904"}],"alwaysMatch":{}}}}

11-03 23:20:42.511 14610 14610 I appproc : Command=app_process /system/bin com.android.commands.am.Am start -W -n com.wallapop/com.rewallapop.ui.main.MainActivity -S

11-03 23:20:43.076  3986  4530 W PGApi_client: recv actoionId = 10000, action = com.huawei.pgmng.PGAction@b1e6cd2 actionId =10000 pkg =com.wallapop extend1 =16550 extend2 = flag =3 type =1

11-03 23:20:43.076  3986  4530 W PGMiddleWare: in handleAction, invoke client = com.huawei.pgmng.middleware.AudioEffectLowPowerImpl@1eaa45e, action = com.huawei.pgmng.PGAction@b1e6cd2 actionId =10000 pkg =com.wallapop extend1 =16550 extend2 = flag =3 type =1

11-03 23:20:43.507 14619 14707 I FA      :   adb shell setprop debug.firebase.analytics.app com.wallapop

11-03 23:20:44.984 14619 14619 I art     : Rejecting re-init on previously-failed class java.lang.Class<com.wallapop.clickstream.JobIntentService$f>

11-03 23:20:44.984 14619 14619 I art     : Rejecting re-init on previously-failed class java.lang.Class<com.wallapop.clickstream.JobIntentService$f>

11-03 23:20:49.207 14619 14895 E linker  : warning: unable to get realpath for the library "/data/data/com.wallapop/app_optimized/audience_network.dex". Will use given name.

11-03 23:20:50.255 14619 14764 E linker  : warning: unable to get realpath for the library "/data/data/com.wallapop/cache/1570054248636.dex". Will use given name.

11-03 23:20:52.722  3066  3388 E HwCHRWebMonitor: running processNamecom.wallapop

11-03 23:20:52.724  3066  3388 E HwCHRWebMonitor: HwCHRWifiUIDWebSpeed [appName=com.wallapop UID=10196  WEBSENDSEGS=204  WEBRESENDSEGS=0  WEBRECVSEGS=165  WEBERRSEGS=0  WEBOUTRSTS=0  WEBESTABLISRST=0  WEBRTTDURATION=498  WEBRTTSEGS=71  WEBSNDDUPACKS=0  suckTimes=0 recovage_times=0]

11-03 23:20:53.087 14910 14922 I Finsky  : [1006] fyd.d(3): com.wallapop: Account determined from installer data - [VoWxNn8b5rEQ16LF0i3-s5KcEVYDMATZSI2v8NbSQx0]

11-03 23:20:53.088 14910 14922 I Finsky  : [1006] fyd.d(14): com.wallapop: Account from preferred account - [VoWxNn8b5rEQ16LF0i3-s5KcEVYDMATZSI2v8NbSQx0]

11-03 23:20:53.143 14910 14925 I Finsky  : [1007] fyd.d(3): com.wallapop: Account determined from installer data - [VoWxNn8b5rEQ16LF0i3-s5KcEVYDMATZSI2v8NbSQx0]

11-03 23:20:53.144 14910 14925 I Finsky  : [1007] fyd.d(14): com.wallapop: Account from preferred account - [VoWxNn8b5rEQ16LF0i3-s5KcEVYDMATZSI2v8NbSQx0]

11-03 23:20:53.421  3066  3085 I ActivityManager: Displayed com.wallapop/com.rewallapop.ui.wall.WallActivity: +4s110ms (total +10s433ms)

11-03 23:20:53.546 14910 14925 I Finsky  : [1007] fyd.d(3): com.wallapop: Account determined from installer data - [VoWxNn8b5rEQ16LF0i3-s5KcEVYDMATZSI2v8NbSQx0]

11-03 23:20:53.547 14910 14925 I Finsky  : [1007] fyd.d(14): com.wallapop: Account from preferred account - [VoWxNn8b5rEQ16LF0i3-s5KcEVYDMATZSI2v8NbSQx0]

11-03 23:20:53.614 14910 15105 I Finsky  : [1082] fyd.d(3): com.wallapop: Account determined from installer data - [VoWxNn8b5rEQ16LF0i3-s5KcEVYDMATZSI2v8NbSQx0]

11-03 23:20:53.615 14910 15105 I Finsky  : [1082] fyd.d(14): com.wallapop: Account from preferred account - [VoWxNn8b5rEQ16LF0i3-s5KcEVYDMATZSI2v8NbSQx0]

11-03 23:20:53.648 14910 15104 I Finsky  : [1081] fyd.d(3): com.wallapop: Account determined from installer data - [VoWxNn8b5rEQ16LF0i3-s5KcEVYDMATZSI2v8NbSQx0]

11-03 23:20:53.649 14910 15104 I Finsky  : [1081] fyd.d(14): com.wallapop: Account from preferred account - [VoWxNn8b5rEQ16LF0i3-s5KcEVYDMATZSI2v8NbSQx0]

11-03 23:20:53.679 14910 14925 I Finsky  : [1007] fyd.d(3): com.wallapop: Account determined from installer data - [VoWxNn8b5rEQ16LF0i3-s5KcEVYDMATZSI2v8NbSQx0]

11-03 23:20:53.679 14910 14925 I Finsky  : [1007] fyd.d(14): com.wallapop: Account from preferred account - [VoWxNn8b5rEQ16LF0i3-s5KcEVYDMATZSI2v8NbSQx0]

11-03 23:20:53.842 14910 14922 I Finsky  : [1006] fyd.d(3): com.wallapop: Account determined from installer data - [VoWxNn8b5rEQ16LF0i3-s5KcEVYDMATZSI2v8NbSQx0]

11-03 23:20:53.843 14910 14922 I Finsky  : [1006] fyd.d(14): com.wallapop: Account from preferred account - [VoWxNn8b5rEQ16LF0i3-s5KcEVYDMATZSI2v8NbSQx0]

11-03 23:20:54.326 14910 15105 I Finsky  : [1082] fyd.d(3): com.wallapop: Account determined from installer data - [VoWxNn8b5rEQ16LF0i3-s5KcEVYDMATZSI2v8NbSQx0]

11-03 23:20:54.326 14910 15105 I Finsky  : [1082] fyd.d(14): com.wallapop: Account from preferred account - [VoWxNn8b5rEQ16LF0i3-s5KcEVYDMATZSI2v8NbSQx0]

11-03 23:20:54.362 14910 15104 I Finsky  : [1081] fyd.d(3): com.wallapop: Account determined from installer data - [VoWxNn8b5rEQ16LF0i3-s5KcEVYDMATZSI2v8NbSQx0]

11-03 23:20:54.363 14910 15104 I Finsky  : [1081] fyd.d(14): com.wallapop: Account from preferred account - [VoWxNn8b5rEQ16LF0i3-s5KcEVYDMATZSI2v8NbSQx0]

11-03 23:20:56.536 14619 14619 W View    : requestLayout() improperly called by com.wallapop.design.view.WallapopTextView{74a500b V.ED..... ......ID 36,20-36,61 #7f0a08f8 app:id/wp__home__tv_bubble} during layout: running second layout pass

11-03 23:20:57.759  3066  3388 E HwCHRWebMonitor: running processNamecom.wallapop

11-03 23:20:57.761  3066  3388 E HwCHRWebMonitor: HwCHRWifiUIDWebSpeed [appName=com.wallapop UID=10196  WEBSENDSEGS=118  WEBRESENDSEGS=0  WEBRECVSEGS=103  WEBERRSEGS=0  WEBOUTRSTS=0  WEBESTABLISRST=0  WEBRTTDURATION=175  WEBRTTSEGS=34  WEBSNDDUPACKS=0  suckTimes=0 recovage_times=1]

11-03 23:21:02.783  3066  3388 E HwCHRWebMonitor: running processNamecom.wallapop

11-03 23:21:02.784  3066  3388 E HwCHRWebMonitor: HwCHRWifiUIDWebSpeed [appName=com.wallapop UID=10196  WEBSENDSEGS=289  WEBRESENDSEGS=0  WEBRECVSEGS=280  WEBERRSEGS=0  WEBOUTRSTS=0  WEBESTABLISRST=0  WEBRTTDURATION=353  WEBRTTSEGS=84  WEBSNDDUPACKS=0  suckTimes=0 recovage_times=2]

11-03 23:21:07.808  3066  3388 E HwCHRWebMonitor: running processNamecom.wallapop

11-03 23:21:07.809  3066  3388 E HwCHRWebMonitor: HwCHRWifiUIDWebSpeed [appName=com.wallapop UID=10196  WEBSENDSEGS=150  WEBRESENDSEGS=0  WEBRECVSEGS=146  WEBERRSEGS=0  WEBOUTRSTS=0  WEBESTABLISRST=0  WEBRTTDURATION=232  WEBRTTSEGS=63  WEBSNDDUPACKS=0  suckTimes=0 recovage_times=3]

11-03 23:21:11.400  3986  3986 I AppsCleanUp: don't kill audio playing proc: com.wallapop

11-03 23:21:12.838  3066  3388 E HwCHRWebMonitor: running processNamecom.wallapop

11-03 23:21:12.839  3066  3388 E HwCHRWebMonitor: HwCHRWifiUIDWebSpeed [appName=com.wallapop UID=10196  WEBSENDSEGS=30  WEBRESENDSEGS=0  WEBRECVSEGS=25  WEBERRSEGS=0  WEBOUTRSTS=0  WEBESTABLISRST=0  WEBRTTDURATION=154  WEBRTTSEGS=11  WEBSNDDUPACKS=0  suckTimes=0 recovage_times=4]

11-03 23:21:17.875  3066  3388 E HwCHRWebMonitor: running processNamecom.wallapop

11-03 23:22:09.155 15523 15523 I appproc : Command=app_process /system/bin com.android.commands.am.Am force-stop com.wallapop

11-03 23:22:10.366 15532 15605 I FA      :   adb shell setprop debug.firebase.analytics.app com.wallapop

11-03 23:22:12.349 15532 15532 I art     : Rejecting re-init on previously-failed class java.lang.Class<com.wallapop.clickstream.JobIntentService$f>

11-03 23:22:12.349 15532 15532 I art     : Rejecting re-init on previously-failed class java.lang.Class<com.wallapop.clickstream.JobIntentService$f>

11-03 23:22:16.033 15532 15772 E linker  : warning: unable to get realpath for the library "/data/data/com.wallapop/app_optimized/audience_network.dex". Will use given name.

11-03 23:22:18.377  3066  3388 E HwCHRWebMonitor: HwCHRWifiUIDWebSpeed [appName=com.wallapop UID=10196  WEBSENDSEGS=102  WEBRESENDSEGS=0  WEBRECVSEGS=93  WEBERRSEGS=0  WEBOUTRSTS=0  WEBESTABLISRST=0  WEBRTTDURATION=150  WEBRTTSEGS=39  WEBSNDDUPACKS=0  suckTimes=0 recovage_times=0]

11-03 23:25:10.801 15991 16024 I appium  : AppiumResponse: {"sessionId":"c1a3ce8b-83d4-4c64-9656-a880147c008a","value":{"sessionId":"c1a3ce8b-83d4-4c64-9656-a880147c008a","capabilities":{"firstMatch":[{"platform":"LINUX","webStorageEnabled":false,"takesScreenshot":true,"javascriptEnabled":true,"databaseEnabled":false,"networkConnectionEnabled":true,"locationContextEnabled":false,"warnings":{},"desired":{"platformName":"android","normalizeTagNames":true,"androidInstallTimeout":150000,"app":"","appActivity":"com.rewallapop.ui.main.MainActivity","appPackage":"com.wallapop","isHeadless":false,"skipDeviceInitialization":true,"autoAcceptAlerts":true,"autoGrantPermissions":true,"automationName":"UiAutomator2","avd":"","deviceName":"W3D7N16219018904","deviceReadyTimeout":1,"fullReset":false,"ignoreUnimportantViews":true,"newCommandTimeout":60,"noReset":true,"systemPort":8223,"udid":"W3D7N16219018904"},"platformName":"android","normalizeTagNames":true,"androidInstallTimeout":150000,"app":"","appActivity":"com.rewallapop.ui.main.MainActivity","appPackage":"com.wallapop","isHeadless":false,"skipDeviceInitialization":true,"autoAcceptAlerts":true,"autoGrantPermissions":true,"automationName":"UiAutomator2","avd":"","deviceName":"W3D7N16219018904","deviceReadyTimeout":1,"fullReset":false,"ignoreUnimportantViews":true,"newCommandTimeout":60,"noReset":true,"systemPort":8223,"udid":"W3D7N16219018904","deviceUDID":"W3D7N16219018904"}],"alwaysMatch":{}}}}

11-03 23:25:14.710 16075 16075 I appproc : Command=app_process /system/bin com.android.commands.am.Am start -W -n com.wallapop/com.rewallapop.ui.main.MainActivity -S

11-03 23:25:15.262  3986  4530 W PGApi_client: recv actoionId = 10000, action = com.huawei.pgmng.PGAction@452841e actionId =10000 pkg =com.wallapop extend1 =16550 extend2 = flag =3 type =1

11-03 23:25:15.262  3986  4530 W PGMiddleWare: in handleAction, invoke client = com.huawei.pgmng.middleware.AudioEffectLowPowerImpl@1eaa45e, action = com.huawei.pgmng.PGAction@452841e actionId =10000 pkg =com.wallapop extend1 =16550 extend2 = flag =3 type =1

11-03 23:25:15.694 16089 16172 I FA      :   adb shell setprop debug.firebase.analytics.app com.wallapop

11-03 23:25:17.149 16089 16089 I art     : Rejecting re-init on previously-failed class java.lang.Class<com.wallapop.clickstream.JobIntentService$f>

11-03 23:25:17.149 16089 16089 I art     : Rejecting re-init on previously-failed class java.lang.Class<com.wallapop.clickstream.JobIntentService$f>

11-03 23:25:21.191 16089 16343 E linker  : warning: unable to get realpath for the library "/data/data/com.wallapop/app_optimized/audience_network.dex". Will use given name.

11-03 23:25:22.492 14910 14922 I Finsky  : [1006] fyd.d(3): com.wallapop: Account determined from installer data - [VoWxNn8b5rEQ16LF0i3-s5KcEVYDMATZSI2v8NbSQx0]

11-03 23:25:22.492 14910 14922 I Finsky  : [1006] fyd.d(14): com.wallapop: Account from preferred account - [VoWxNn8b5rEQ16LF0i3-s5KcEVYDMATZSI2v8NbSQx0]

11-03 23:25:22.518 14910 14925 I Finsky  : [1007] fyd.d(3): com.wallapop: Account determined from installer data - [VoWxNn8b5rEQ16LF0i3-s5KcEVYDMATZSI2v8NbSQx0]

11-03 23:25:22.518 14910 14925 I Finsky  : [1007] fyd.d(14): com.wallapop: Account from preferred account - [VoWxNn8b5rEQ16LF0i3-s5KcEVYDMATZSI2v8NbSQx0]

11-03 23:25:23.056 16089 16226 E linker  : warning: unable to get realpath for the library "/data/data/com.wallapop/cache/1570054248636.dex". Will use given name.

11-03 23:25:23.382 14910 15105 I Finsky  : [1082] fyd.d(3): com.wallapop: Account determined from installer data - [VoWxNn8b5rEQ16LF0i3-s5KcEVYDMATZSI2v8NbSQx0]

11-03 23:25:23.383 14910 15105 I Finsky  : [1082] fyd.d(14): com.wallapop: Account from preferred account - [VoWxNn8b5rEQ16LF0i3-s5KcEVYDMATZSI2v8NbSQx0]

11-03 23:25:23.401 14910 14922 I Finsky  : [1006] fyd.d(3): com.wallapop: Account determined from installer data - [VoWxNn8b5rEQ16LF0i3-s5KcEVYDMATZSI2v8NbSQx0]

11-03 23:25:23.401 14910 14922 I Finsky  : [1006] fyd.d(14): com.wallapop: Account from preferred account - [VoWxNn8b5rEQ16LF0i3-s5KcEVYDMATZSI2v8NbSQx0]

11-03 23:25:23.414 14910 14925 I Finsky  : [1007] fyd.d(3): com.wallapop: Account determined from installer data - [VoWxNn8b5rEQ16LF0i3-s5KcEVYDMATZSI2v8NbSQx0]

11-03 23:25:23.415 14910 14925 I Finsky  : [1007] fyd.d(14): com.wallapop: Account from preferred account - [VoWxNn8b5rEQ16LF0i3-s5KcEVYDMATZSI2v8NbSQx0]

11-03 23:25:23.434 14910 15104 I Finsky  : [1081] fyd.d(3): com.wallapop: Account determined from installer data - [VoWxNn8b5rEQ16LF0i3-s5KcEVYDMATZSI2v8NbSQx0]

11-03 23:25:23.436 14910 15104 I Finsky  : [1081] fyd.d(14): com.wallapop: Account from preferred account - [VoWxNn8b5rEQ16LF0i3-s5KcEVYDMATZSI2v8NbSQx0]

11-03 23:25:23.801  3066  3085 I ActivityManager: Displayed com.wallapop/com.rewallapop.ui.wall.WallActivity: +2s484ms (total +3m14s457ms)

11-03 23:25:23.929 14910 15105 I Finsky  : [1082] fyd.d(3): com.wallapop: Account determined from installer data - [VoWxNn8b5rEQ16LF0i3-s5KcEVYDMATZSI2v8NbSQx0]

11-03 23:25:23.930 14910 15105 I Finsky  : [1082] fyd.d(14): com.wallapop: Account from preferred account - [VoWxNn8b5rEQ16LF0i3-s5KcEVYDMATZSI2v8NbSQx0]

11-03 23:25:24.251 14910 14922 I Finsky  : [1006] fyd.d(3): com.wallapop: Account determined from installer data - [VoWxNn8b5rEQ16LF0i3-s5KcEVYDMATZSI2v8NbSQx0]

11-03 23:25:24.252 14910 14922 I Finsky  : [1006] fyd.d(14): com.wallapop: Account from preferred account - [VoWxNn8b5rEQ16LF0i3-s5KcEVYDMATZSI2v8NbSQx0]

11-03 23:25:24.327 14910 15104 I Finsky  : [1081] fyd.d(3): com.wallapop: Account determined from installer data - [VoWxNn8b5rEQ16LF0i3-s5KcEVYDMATZSI2v8NbSQx0]

11-03 23:25:24.328 14910 15104 I Finsky  : [1081] fyd.d(14): com.wallapop: Account from preferred account - [VoWxNn8b5rEQ16LF0i3-s5KcEVYDMATZSI2v8NbSQx0]

11-03 23:25:25.120  3066  3388 E HwCHRWebMonitor: running processNamecom.wallapop

11-03 23:25:25.121  3066  3388 E HwCHRWebMonitor: HwCHRWifiUIDWebSpeed [appName=com.wallapop UID=10196  WEBSENDSEGS=215  WEBRESENDSEGS=0  WEBRECVSEGS=180  WEBERRSEGS=0  WEBOUTRSTS=0  WEBESTABLISRST=0  WEBRTTDURATION=543  WEBRTTSEGS=75  WEBSNDDUPACKS=0  suckTimes=0 recovage_times=0]

11-03 23:25:26.389 16089 16089 W View    : requestLayout() improperly called by com.wallapop.design.view.WallapopTextView{736e36 V.ED..... ......ID 36,20-36,61 #7f0a08f8 app:id/wp__home__tv_bubble} during layout: running second layout pass

11-03 23:25:30.139  3066  3388 E HwCHRWebMonitor: running processNamecom.wallapop

11-03 23:25:30.140  3066  3388 E HwCHRWebMonitor: HwCHRWifiUIDWebSpeed [appName=com.wallapop UID=10196  WEBSENDSEGS=275  WEBRESENDSEGS=0  WEBRECVSEGS=261  WEBERRSEGS=0  WEBOUTRSTS=0  WEBESTABLISRST=0  WEBRTTDURATION=323  WEBRTTSEGS=69  WEBSNDDUPACKS=0  suckTimes=0 recovage_times=1]

11-03 23:25:35.162  3066  3388 E HwCHRWebMonitor: running processNamecom.wallapop

11-03 23:25:35.163  3066  3388 E HwCHRWebMonitor: HwCHRWifiUIDWebSpeed [appName=com.wallapop UID=10196  WEBSENDSEGS=199  WEBRESENDSEGS=0  WEBRECVSEGS=181  WEBERRSEGS=0  WEBOUTRSTS=0  WEBESTABLISRST=0  WEBRTTDURATION=363  WEBRTTSEGS=87  WEBSNDDUPACKS=0  suckTimes=0 recovage_times=2]


