Executed 'TestRailTest_01()' on 03-11-2019
---------------------------------------------------------------------------------
11-03 23:20:57.759  3066  3388 E HwCHRWebMonitor: running processNamecom.wallapop

11-03 23:20:57.761  3066  3388 E HwCHRWebMonitor: HwCHRWifiUIDWebSpeed [appName=com.wallapop UID=10196  WEBSENDSEGS=118  WEBRESENDSEGS=0  WEBRECVSEGS=103  WEBERRSEGS=0  WEBOUTRSTS=0  WEBESTABLISRST=0  WEBRTTDURATION=175  WEBRTTSEGS=34  WEBSNDDUPACKS=0  suckTimes=0 recovage_times=1]

11-03 23:21:02.783  3066  3388 E HwCHRWebMonitor: running processNamecom.wallapop

11-03 23:21:02.784  3066  3388 E HwCHRWebMonitor: HwCHRWifiUIDWebSpeed [appName=com.wallapop UID=10196  WEBSENDSEGS=289  WEBRESENDSEGS=0  WEBRECVSEGS=280  WEBERRSEGS=0  WEBOUTRSTS=0  WEBESTABLISRST=0  WEBRTTDURATION=353  WEBRTTSEGS=84  WEBSNDDUPACKS=0  suckTimes=0 recovage_times=2]

11-03 23:21:07.808  3066  3388 E HwCHRWebMonitor: running processNamecom.wallapop

11-03 23:21:07.809  3066  3388 E HwCHRWebMonitor: HwCHRWifiUIDWebSpeed [appName=com.wallapop UID=10196  WEBSENDSEGS=150  WEBRESENDSEGS=0  WEBRECVSEGS=146  WEBERRSEGS=0  WEBOUTRSTS=0  WEBESTABLISRST=0  WEBRTTDURATION=232  WEBRTTSEGS=63  WEBSNDDUPACKS=0  suckTimes=0 recovage_times=3]

11-03 23:21:11.400  3986  3986 I AppsCleanUp: don't kill audio playing proc: com.wallapop

11-03 23:21:12.838  3066  3388 E HwCHRWebMonitor: running processNamecom.wallapop

11-03 23:21:12.839  3066  3388 E HwCHRWebMonitor: HwCHRWifiUIDWebSpeed [appName=com.wallapop UID=10196  WEBSENDSEGS=30  WEBRESENDSEGS=0  WEBRECVSEGS=25  WEBERRSEGS=0  WEBOUTRSTS=0  WEBESTABLISRST=0  WEBRTTDURATION=154  WEBRTTSEGS=11  WEBSNDDUPACKS=0  suckTimes=0 recovage_times=4]

11-03 23:21:17.875  3066  3388 E HwCHRWebMonitor: running processNamecom.wallapop

11-03 23:22:09.155 15523 15523 I appproc : Command=app_process /system/bin com.android.commands.am.Am force-stop com.wallapop

11-03 23:22:10.366 15532 15605 I FA      :   adb shell setprop debug.firebase.analytics.app com.wallapop

11-03 23:22:12.349 15532 15532 I art     : Rejecting re-init on previously-failed class java.lang.Class<com.wallapop.clickstream.JobIntentService$f>

11-03 23:22:12.349 15532 15532 I art     : Rejecting re-init on previously-failed class java.lang.Class<com.wallapop.clickstream.JobIntentService$f>

11-03 23:22:16.033 15532 15772 E linker  : warning: unable to get realpath for the library "/data/data/com.wallapop/app_optimized/audience_network.dex". Will use given name.

11-03 23:22:18.377  3066  3388 E HwCHRWebMonitor: HwCHRWifiUIDWebSpeed [appName=com.wallapop UID=10196  WEBSENDSEGS=102  WEBRESENDSEGS=0  WEBRECVSEGS=93  WEBERRSEGS=0  WEBOUTRSTS=0  WEBESTABLISRST=0  WEBRTTDURATION=150  WEBRTTSEGS=39  WEBSNDDUPACKS=0  suckTimes=0 recovage_times=0]

11-03 23:25:10.801 15991 16024 I appium  : AppiumResponse: {"sessionId":"c1a3ce8b-83d4-4c64-9656-a880147c008a","value":{"sessionId":"c1a3ce8b-83d4-4c64-9656-a880147c008a","capabilities":{"firstMatch":[{"platform":"LINUX","webStorageEnabled":false,"takesScreenshot":true,"javascriptEnabled":true,"databaseEnabled":false,"networkConnectionEnabled":true,"locationContextEnabled":false,"warnings":{},"desired":{"platformName":"android","normalizeTagNames":true,"androidInstallTimeout":150000,"app":"","appActivity":"com.rewallapop.ui.main.MainActivity","appPackage":"com.wallapop","isHeadless":false,"skipDeviceInitialization":true,"autoAcceptAlerts":true,"autoGrantPermissions":true,"automationName":"UiAutomator2","avd":"","deviceName":"W3D7N16219018904","deviceReadyTimeout":1,"fullReset":false,"ignoreUnimportantViews":true,"newCommandTimeout":60,"noReset":true,"systemPort":8223,"udid":"W3D7N16219018904"},"platformName":"android","normalizeTagNames":true,"androidInstallTimeout":150000,"app":"","appActivity":"com.rewallapop.ui.main.MainActivity","appPackage":"com.wallapop","isHeadless":false,"skipDeviceInitialization":true,"autoAcceptAlerts":true,"autoGrantPermissions":true,"automationName":"UiAutomator2","avd":"","deviceName":"W3D7N16219018904","deviceReadyTimeout":1,"fullReset":false,"ignoreUnimportantViews":true,"newCommandTimeout":60,"noReset":true,"systemPort":8223,"udid":"W3D7N16219018904","deviceUDID":"W3D7N16219018904"}],"alwaysMatch":{}}}}

11-03 23:25:14.710 16075 16075 I appproc : Command=app_process /system/bin com.android.commands.am.Am start -W -n com.wallapop/com.rewallapop.ui.main.MainActivity -S

11-03 23:25:15.262  3986  4530 W PGApi_client: recv actoionId = 10000, action = com.huawei.pgmng.PGAction@452841e actionId =10000 pkg =com.wallapop extend1 =16550 extend2 = flag =3 type =1

11-03 23:25:15.262  3986  4530 W PGMiddleWare: in handleAction, invoke client = com.huawei.pgmng.middleware.AudioEffectLowPowerImpl@1eaa45e, action = com.huawei.pgmng.PGAction@452841e actionId =10000 pkg =com.wallapop extend1 =16550 extend2 = flag =3 type =1

11-03 23:25:15.694 16089 16172 I FA      :   adb shell setprop debug.firebase.analytics.app com.wallapop

11-03 23:25:17.149 16089 16089 I art     : Rejecting re-init on previously-failed class java.lang.Class<com.wallapop.clickstream.JobIntentService$f>

11-03 23:25:17.149 16089 16089 I art     : Rejecting re-init on previously-failed class java.lang.Class<com.wallapop.clickstream.JobIntentService$f>

11-03 23:25:21.191 16089 16343 E linker  : warning: unable to get realpath for the library "/data/data/com.wallapop/app_optimized/audience_network.dex". Will use given name.

11-03 23:25:22.492 14910 14922 I Finsky  : [1006] fyd.d(3): com.wallapop: Account determined from installer data - [VoWxNn8b5rEQ16LF0i3-s5KcEVYDMATZSI2v8NbSQx0]

11-03 23:25:22.492 14910 14922 I Finsky  : [1006] fyd.d(14): com.wallapop: Account from preferred account - [VoWxNn8b5rEQ16LF0i3-s5KcEVYDMATZSI2v8NbSQx0]

11-03 23:25:22.518 14910 14925 I Finsky  : [1007] fyd.d(3): com.wallapop: Account determined from installer data - [VoWxNn8b5rEQ16LF0i3-s5KcEVYDMATZSI2v8NbSQx0]

11-03 23:25:22.518 14910 14925 I Finsky  : [1007] fyd.d(14): com.wallapop: Account from preferred account - [VoWxNn8b5rEQ16LF0i3-s5KcEVYDMATZSI2v8NbSQx0]

11-03 23:25:23.056 16089 16226 E linker  : warning: unable to get realpath for the library "/data/data/com.wallapop/cache/1570054248636.dex". Will use given name.

11-03 23:25:23.382 14910 15105 I Finsky  : [1082] fyd.d(3): com.wallapop: Account determined from installer data - [VoWxNn8b5rEQ16LF0i3-s5KcEVYDMATZSI2v8NbSQx0]

11-03 23:25:23.383 14910 15105 I Finsky  : [1082] fyd.d(14): com.wallapop: Account from preferred account - [VoWxNn8b5rEQ16LF0i3-s5KcEVYDMATZSI2v8NbSQx0]

11-03 23:25:23.401 14910 14922 I Finsky  : [1006] fyd.d(3): com.wallapop: Account determined from installer data - [VoWxNn8b5rEQ16LF0i3-s5KcEVYDMATZSI2v8NbSQx0]

11-03 23:25:23.401 14910 14922 I Finsky  : [1006] fyd.d(14): com.wallapop: Account from preferred account - [VoWxNn8b5rEQ16LF0i3-s5KcEVYDMATZSI2v8NbSQx0]

11-03 23:25:23.414 14910 14925 I Finsky  : [1007] fyd.d(3): com.wallapop: Account determined from installer data - [VoWxNn8b5rEQ16LF0i3-s5KcEVYDMATZSI2v8NbSQx0]

11-03 23:25:23.415 14910 14925 I Finsky  : [1007] fyd.d(14): com.wallapop: Account from preferred account - [VoWxNn8b5rEQ16LF0i3-s5KcEVYDMATZSI2v8NbSQx0]

11-03 23:25:23.434 14910 15104 I Finsky  : [1081] fyd.d(3): com.wallapop: Account determined from installer data - [VoWxNn8b5rEQ16LF0i3-s5KcEVYDMATZSI2v8NbSQx0]

11-03 23:25:23.436 14910 15104 I Finsky  : [1081] fyd.d(14): com.wallapop: Account from preferred account - [VoWxNn8b5rEQ16LF0i3-s5KcEVYDMATZSI2v8NbSQx0]

11-03 23:25:23.801  3066  3085 I ActivityManager: Displayed com.wallapop/com.rewallapop.ui.wall.WallActivity: +2s484ms (total +3m14s457ms)

11-03 23:25:23.929 14910 15105 I Finsky  : [1082] fyd.d(3): com.wallapop: Account determined from installer data - [VoWxNn8b5rEQ16LF0i3-s5KcEVYDMATZSI2v8NbSQx0]

11-03 23:25:23.930 14910 15105 I Finsky  : [1082] fyd.d(14): com.wallapop: Account from preferred account - [VoWxNn8b5rEQ16LF0i3-s5KcEVYDMATZSI2v8NbSQx0]

11-03 23:25:24.251 14910 14922 I Finsky  : [1006] fyd.d(3): com.wallapop: Account determined from installer data - [VoWxNn8b5rEQ16LF0i3-s5KcEVYDMATZSI2v8NbSQx0]

11-03 23:25:24.252 14910 14922 I Finsky  : [1006] fyd.d(14): com.wallapop: Account from preferred account - [VoWxNn8b5rEQ16LF0i3-s5KcEVYDMATZSI2v8NbSQx0]

11-03 23:25:24.327 14910 15104 I Finsky  : [1081] fyd.d(3): com.wallapop: Account determined from installer data - [VoWxNn8b5rEQ16LF0i3-s5KcEVYDMATZSI2v8NbSQx0]

11-03 23:25:24.328 14910 15104 I Finsky  : [1081] fyd.d(14): com.wallapop: Account from preferred account - [VoWxNn8b5rEQ16LF0i3-s5KcEVYDMATZSI2v8NbSQx0]

11-03 23:25:25.120  3066  3388 E HwCHRWebMonitor: running processNamecom.wallapop

11-03 23:25:25.121  3066  3388 E HwCHRWebMonitor: HwCHRWifiUIDWebSpeed [appName=com.wallapop UID=10196  WEBSENDSEGS=215  WEBRESENDSEGS=0  WEBRECVSEGS=180  WEBERRSEGS=0  WEBOUTRSTS=0  WEBESTABLISRST=0  WEBRTTDURATION=543  WEBRTTSEGS=75  WEBSNDDUPACKS=0  suckTimes=0 recovage_times=0]

11-03 23:25:26.389 16089 16089 W View    : requestLayout() improperly called by com.wallapop.design.view.WallapopTextView{736e36 V.ED..... ......ID 36,20-36,61 #7f0a08f8 app:id/wp__home__tv_bubble} during layout: running second layout pass

11-03 23:25:30.139  3066  3388 E HwCHRWebMonitor: running processNamecom.wallapop

11-03 23:25:30.140  3066  3388 E HwCHRWebMonitor: HwCHRWifiUIDWebSpeed [appName=com.wallapop UID=10196  WEBSENDSEGS=275  WEBRESENDSEGS=0  WEBRECVSEGS=261  WEBERRSEGS=0  WEBOUTRSTS=0  WEBESTABLISRST=0  WEBRTTDURATION=323  WEBRTTSEGS=69  WEBSNDDUPACKS=0  suckTimes=0 recovage_times=1]

11-03 23:25:35.162  3066  3388 E HwCHRWebMonitor: running processNamecom.wallapop

11-03 23:25:35.163  3066  3388 E HwCHRWebMonitor: HwCHRWifiUIDWebSpeed [appName=com.wallapop UID=10196  WEBSENDSEGS=199  WEBRESENDSEGS=0  WEBRECVSEGS=181  WEBERRSEGS=0  WEBOUTRSTS=0  WEBESTABLISRST=0  WEBRTTDURATION=363  WEBRTTSEGS=87  WEBSNDDUPACKS=0  suckTimes=0 recovage_times=2]

11-03 23:25:40.198  3066  3388 E HwCHRWebMonitor: running processNamecom.wallapop

11-03 23:25:40.199  3066  3388 E HwCHRWebMonitor: HwCHRWifiUIDWebSpeed [appName=com.wallapop UID=10196  WEBSENDSEGS=51  WEBRESENDSEGS=0  WEBRECVSEGS=64  WEBERRSEGS=0  WEBOUTRSTS=0  WEBESTABLISRST=0  WEBRTTDURATION=245  WEBRTTSEGS=26  WEBSNDDUPACKS=0  suckTimes=0 recovage_times=3]

11-03 23:25:42.506  3986  3986 I AppsCleanUp: don't kill audio playing proc: com.wallapop

11-03 23:25:45.229  3066  3388 E HwCHRWebMonitor: running processNamecom.wallapop

11-03 23:25:45.229  3066  3388 E HwCHRWebMonitor: HwCHRWifiUIDWebSpeed [appName=com.wallapop UID=10196  WEBSENDSEGS=13  WEBRESENDSEGS=0  WEBRECVSEGS=10  WEBERRSEGS=0  WEBOUTRSTS=0  WEBESTABLISRST=0  WEBRTTDURATION=55  WEBRTTSEGS=4  WEBSNDDUPACKS=0  suckTimes=0 recovage_times=4]

11-03 23:26:40.669 16806 16806 I appproc : Command=app_process /system/bin com.android.commands.am.Am force-stop com.wallapop

11-03 23:26:41.691 16818 16907 I FA      :   adb shell setprop debug.firebase.analytics.app com.wallapop

11-03 23:26:43.459 16818 16818 I art     : Rejecting re-init on previously-failed class java.lang.Class<com.wallapop.clickstream.JobIntentService$f>

11-03 23:26:43.459 16818 16818 I art     : Rejecting re-init on previously-failed class java.lang.Class<com.wallapop.clickstream.JobIntentService$f>

11-03 23:26:46.916 16818 17044 E linker  : warning: unable to get realpath for the library "/data/data/com.wallapop/app_optimized/audience_network.dex". Will use given name.

11-03 23:26:50.717  3066  3388 E HwCHRWebMonitor: HwCHRWifiUIDWebSpeed [appName=com.wallapop UID=10196  WEBSENDSEGS=93  WEBRESENDSEGS=0  WEBRECVSEGS=93  WEBERRSEGS=0  WEBOUTRSTS=0  WEBESTABLISRST=1  WEBRTTDURATION=168  WEBRTTSEGS=40  WEBSNDDUPACKS=0  suckTimes=0 recovage_times=0]

11-03 23:29:17.334 17246 17276 I appium  : AppiumResponse: {"sessionId":"41f8cf89-379f-41bb-bb90-9aa293e3f437","value":{"sessionId":"41f8cf89-379f-41bb-bb90-9aa293e3f437","capabilities":{"firstMatch":[{"platform":"LINUX","webStorageEnabled":false,"takesScreenshot":true,"javascriptEnabled":true,"databaseEnabled":false,"networkConnectionEnabled":true,"locationContextEnabled":false,"warnings":{},"desired":{"platformName":"android","normalizeTagNames":true,"androidInstallTimeout":150000,"app":"","appActivity":"com.rewallapop.ui.main.MainActivity","appPackage":"com.wallapop","isHeadless":false,"skipDeviceInitialization":true,"autoAcceptAlerts":true,"autoGrantPermissions":true,"automationName":"UiAutomator2","avd":"","deviceName":"W3D7N16219018904","deviceReadyTimeout":1,"fullReset":false,"ignoreUnimportantViews":true,"newCommandTimeout":60,"noReset":true,"systemPort":8223,"udid":"W3D7N16219018904"},"platformName":"android","normalizeTagNames":true,"androidInstallTimeout":150000,"app":"","appActivity":"com.rewallapop.ui.main.MainActivity","appPackage":"com.wallapop","isHeadless":false,"skipDeviceInitialization":true,"autoAcceptAlerts":true,"autoGrantPermissions":true,"automationName":"UiAutomator2","avd":"","deviceName":"W3D7N16219018904","deviceReadyTimeout":1,"fullReset":false,"ignoreUnimportantViews":true,"newCommandTimeout":60,"noReset":true,"systemPort":8223,"udid":"W3D7N16219018904","deviceUDID":"W3D7N16219018904"}],"alwaysMatch":{}}}}

11-03 23:29:20.873 17318 17318 I appproc : Command=app_process /system/bin com.android.commands.am.Am start -W -n com.wallapop/com.rewallapop.ui.main.MainActivity -S

11-03 23:29:21.454  3986  4530 W PGApi_client: recv actoionId = 10000, action = com.huawei.pgmng.PGAction@c1ec42a actionId =10000 pkg =com.wallapop extend1 =16550 extend2 = flag =3 type =1

11-03 23:29:21.454  3986  4530 W PGMiddleWare: in handleAction, invoke client = com.huawei.pgmng.middleware.AudioEffectLowPowerImpl@1eaa45e, action = com.huawei.pgmng.PGAction@c1ec42a actionId =10000 pkg =com.wallapop extend1 =16550 extend2 = flag =3 type =1

11-03 23:29:21.891 17332 17415 I FA      :   adb shell setprop debug.firebase.analytics.app com.wallapop

11-03 23:29:23.326 17332 17332 I art     : Rejecting re-init on previously-failed class java.lang.Class<com.wallapop.clickstream.JobIntentService$f>

11-03 23:29:23.326 17332 17332 I art     : Rejecting re-init on previously-failed class java.lang.Class<com.wallapop.clickstream.JobIntentService$f>

11-03 23:29:27.278 17332 17575 E linker  : warning: unable to get realpath for the library "/data/data/com.wallapop/app_optimized/audience_network.dex". Will use given name.

11-03 23:29:27.947 17332 17465 E linker  : warning: unable to get realpath for the library "/data/data/com.wallapop/cache/1570054248636.dex". Will use given name.

11-03 23:29:28.705 14910 14925 I Finsky  : [1007] fyd.d(3): com.wallapop: Account determined from installer data - [VoWxNn8b5rEQ16LF0i3-s5KcEVYDMATZSI2v8NbSQx0]

11-03 23:29:28.706 14910 14925 I Finsky  : [1007] fyd.d(14): com.wallapop: Account from preferred account - [VoWxNn8b5rEQ16LF0i3-s5KcEVYDMATZSI2v8NbSQx0]

11-03 23:29:28.725 14910 15105 I Finsky  : [1082] fyd.d(3): com.wallapop: Account determined from installer data - [VoWxNn8b5rEQ16LF0i3-s5KcEVYDMATZSI2v8NbSQx0]

11-03 23:29:28.727 14910 15105 I Finsky  : [1082] fyd.d(14): com.wallapop: Account from preferred account - [VoWxNn8b5rEQ16LF0i3-s5KcEVYDMATZSI2v8NbSQx0]

11-03 23:29:29.405 14910 15105 I Finsky  : [1082] fyd.d(3): com.wallapop: Account determined from installer data - [VoWxNn8b5rEQ16LF0i3-s5KcEVYDMATZSI2v8NbSQx0]

11-03 23:29:29.406 14910 15105 I Finsky  : [1082] fyd.d(14): com.wallapop: Account from preferred account - [VoWxNn8b5rEQ16LF0i3-s5KcEVYDMATZSI2v8NbSQx0]

11-03 23:29:29.427 14910 15104 I Finsky  : [1081] fyd.d(3): com.wallapop: Account determined from installer data - [VoWxNn8b5rEQ16LF0i3-s5KcEVYDMATZSI2v8NbSQx0]

11-03 23:29:29.428 14910 15104 I Finsky  : [1081] fyd.d(14): com.wallapop: Account from preferred account - [VoWxNn8b5rEQ16LF0i3-s5KcEVYDMATZSI2v8NbSQx0]

11-03 23:29:29.444 14910 14925 I Finsky  : [1007] fyd.d(3): com.wallapop: Account determined from installer data - [VoWxNn8b5rEQ16LF0i3-s5KcEVYDMATZSI2v8NbSQx0]

11-03 23:29:29.445 14910 14925 I Finsky  : [1007] fyd.d(14): com.wallapop: Account from preferred account - [VoWxNn8b5rEQ16LF0i3-s5KcEVYDMATZSI2v8NbSQx0]

11-03 23:29:29.467 14910 14922 I Finsky  : [1006] fyd.d(3): com.wallapop: Account determined from installer data - [VoWxNn8b5rEQ16LF0i3-s5KcEVYDMATZSI2v8NbSQx0]

11-03 23:29:29.468 14910 14922 I Finsky  : [1006] fyd.d(14): com.wallapop: Account from preferred account - [VoWxNn8b5rEQ16LF0i3-s5KcEVYDMATZSI2v8NbSQx0]

11-03 23:29:29.734  3066  3085 I ActivityManager: Displayed com.wallapop/com.rewallapop.ui.wall.WallActivity: +2s382ms (total +2m48s874ms)

11-03 23:29:30.008 14910 14922 I Finsky  : [1006] fyd.d(3): com.wallapop: Account determined from installer data - [VoWxNn8b5rEQ16LF0i3-s5KcEVYDMATZSI2v8NbSQx0]

11-03 23:29:30.009 14910 14922 I Finsky  : [1006] fyd.d(14): com.wallapop: Account from preferred account - [VoWxNn8b5rEQ16LF0i3-s5KcEVYDMATZSI2v8NbSQx0]

11-03 23:29:30.467 14910 14922 I Finsky  : [1006] fyd.d(3): com.wallapop: Account determined from installer data - [VoWxNn8b5rEQ16LF0i3-s5KcEVYDMATZSI2v8NbSQx0]

11-03 23:29:30.468 14910 14922 I Finsky  : [1006] fyd.d(14): com.wallapop: Account from preferred account - [VoWxNn8b5rEQ16LF0i3-s5KcEVYDMATZSI2v8NbSQx0]

11-03 23:29:30.495 14910 15105 I Finsky  : [1082] fyd.d(3): com.wallapop: Account determined from installer data - [VoWxNn8b5rEQ16LF0i3-s5KcEVYDMATZSI2v8NbSQx0]

11-03 23:29:30.495 14910 15105 I Finsky  : [1082] fyd.d(14): com.wallapop: Account from preferred account - [VoWxNn8b5rEQ16LF0i3-s5KcEVYDMATZSI2v8NbSQx0]

11-03 23:29:31.915  3066  3388 E HwCHRWebMonitor: running processNamecom.wallapop

11-03 23:29:31.917  3066  3388 E HwCHRWebMonitor: HwCHRWifiUIDWebSpeed [appName=com.wallapop UID=10196  WEBSENDSEGS=216  WEBRESENDSEGS=1  WEBRECVSEGS=185  WEBERRSEGS=0  WEBOUTRSTS=0  WEBESTABLISRST=0  WEBRTTDURATION=694  WEBRTTSEGS=77  WEBSNDDUPACKS=0  suckTimes=0 recovage_times=0]

11-03 23:29:32.119 17332 17332 W View    : requestLayout() improperly called by com.wallapop.design.view.WallapopTextView{7048efc V.ED..... ......ID 36,20-36,61 #7f0a08f8 app:id/wp__home__tv_bubble} during layout: running second layout pass

11-03 23:29:36.936  3066  3388 E HwCHRWebMonitor: running processNamecom.wallapop

11-03 23:29:36.937  3066  3388 E HwCHRWebMonitor: HwCHRWifiUIDWebSpeed [appName=com.wallapop UID=10196  WEBSENDSEGS=274  WEBRESENDSEGS=0  WEBRECVSEGS=263  WEBERRSEGS=0  WEBOUTRSTS=0  WEBESTABLISRST=0  WEBRTTDURATION=312  WEBRTTSEGS=72  WEBSNDDUPACKS=0  suckTimes=0 recovage_times=1]


