Executed '[C740] Help: Access and sections' on 26-06-2019
---------------------------------------------------------------------------------
06-26 02:28:17.371  3140  3476 E HwCHRWebMonitor: HwCHRWifiUIDWebSpeed [appName=com.wallapop UID=10181  WEBSENDSEGS=19  WEBRESENDSEGS=0  WEBRECVSEGS=16  WEBERRSEGS=0  WEBOUTRSTS=0  WEBESTABLISRST=0  WEBRTTDURATION=41  WEBRTTSEGS=7  WEBSNDDUPACKS=0  suckTimes=0 recovage_times=0]

06-26 02:29:37.216  2202  2202 I appproc : Command=app_process /system/bin com.android.commands.am.Am start -W -n com.wallapop/com.rewallapop.ui.main.MainActivity -S

06-26 02:29:37.772  4080  4630 W PGApi_client: recv actoionId = 10000, action = com.huawei.pgmng.PGAction@f4a2323 actionId =10000 pkg =com.wallapop extend1 =32486 extend2 = flag =3 type =1

06-26 02:29:37.772  4080  4630 W PGMiddleWare: in handleAction, invoke client = com.huawei.pgmng.middleware.AudioEffectLowPowerImpl@98189ad, action = com.huawei.pgmng.PGAction@f4a2323 actionId =10000 pkg =com.wallapop extend1 =32486 extend2 = flag =3 type =1

06-26 02:29:38.161  2219  2262 I FA      :   adb shell setprop debug.firebase.analytics.app com.wallapop

06-26 02:29:39.834  2219  2219 I art     : Rejecting re-init on previously-failed class java.lang.Class<com.wallapop.clickstream.JobIntentService$f>

06-26 02:29:39.834  2219  2219 I art     : Rejecting re-init on previously-failed class java.lang.Class<com.wallapop.clickstream.JobIntentService$f>

06-26 02:29:45.878  8848  8861 I Finsky  : [3787] eth.b(2): com.wallapop: Account determined from installer data - [E7ZhE6RtwBr6ZrivWaTWep8klQM]

06-26 02:29:45.878  8848  8861 I Finsky  : [3787] eth.b(9): com.wallapop: Account from preferred account - [E7ZhE6RtwBr6ZrivWaTWep8klQM]

06-26 02:29:45.891  8848  8860 I Finsky  : [3786] eth.b(2): com.wallapop: Account determined from installer data - [E7ZhE6RtwBr6ZrivWaTWep8klQM]

06-26 02:29:45.892  8848  8860 I Finsky  : [3786] eth.b(9): com.wallapop: Account from preferred account - [E7ZhE6RtwBr6ZrivWaTWep8klQM]

06-26 02:29:46.538  2219  2324 E linker  : warning: unable to get realpath for the library "/data/data/com.wallapop/cache/1548865591327.dex". Will use given name.

06-26 02:29:47.086  8848  8860 I Finsky  : [3786] eth.b(2): com.wallapop: Account determined from installer data - [E7ZhE6RtwBr6ZrivWaTWep8klQM]

06-26 02:29:47.087  8848  8860 I Finsky  : [3786] eth.b(9): com.wallapop: Account from preferred account - [E7ZhE6RtwBr6ZrivWaTWep8klQM]

06-26 02:29:47.196  8848  9045 I Finsky  : [3860] eth.b(2): com.wallapop: Account determined from installer data - [E7ZhE6RtwBr6ZrivWaTWep8klQM]

06-26 02:29:47.197  8848  9045 I Finsky  : [3860] eth.b(9): com.wallapop: Account from preferred account - [E7ZhE6RtwBr6ZrivWaTWep8klQM]

06-26 02:29:47.220  3140  3159 I ActivityManager: Displayed com.wallapop/com.rewallapop.ui.wall.WallActivity: +3s22ms (total +3m10s218ms)

06-26 02:29:47.225  8848  9044 I Finsky  : [3859] eth.b(2): com.wallapop: Account determined from installer data - [E7ZhE6RtwBr6ZrivWaTWep8klQM]

06-26 02:29:47.225  8848  9044 I Finsky  : [3859] eth.b(9): com.wallapop: Account from preferred account - [E7ZhE6RtwBr6ZrivWaTWep8klQM]

06-26 02:29:47.246  8848  8861 I Finsky  : [3787] eth.b(2): com.wallapop: Account determined from installer data - [E7ZhE6RtwBr6ZrivWaTWep8klQM]

06-26 02:29:47.246  8848  8861 I Finsky  : [3787] eth.b(9): com.wallapop: Account from preferred account - [E7ZhE6RtwBr6ZrivWaTWep8klQM]

06-26 02:29:47.406  8848  8860 I Finsky  : [3786] eth.b(2): com.wallapop: Account determined from installer data - [E7ZhE6RtwBr6ZrivWaTWep8klQM]

06-26 02:29:47.406  8848  8860 I Finsky  : [3786] eth.b(9): com.wallapop: Account from preferred account - [E7ZhE6RtwBr6ZrivWaTWep8klQM]

06-26 02:29:47.588  8848  9045 I Finsky  : [3860] eth.b(2): com.wallapop: Account determined from installer data - [E7ZhE6RtwBr6ZrivWaTWep8klQM]

06-26 02:29:47.588  8848  9045 I Finsky  : [3860] eth.b(9): com.wallapop: Account from preferred account - [E7ZhE6RtwBr6ZrivWaTWep8klQM]

06-26 02:29:47.605  8848  9044 I Finsky  : [3859] eth.b(2): com.wallapop: Account determined from installer data - [E7ZhE6RtwBr6ZrivWaTWep8klQM]

06-26 02:29:47.606  8848  9044 I Finsky  : [3859] eth.b(9): com.wallapop: Account from preferred account - [E7ZhE6RtwBr6ZrivWaTWep8klQM]

06-26 02:29:48.133  3140  3476 E HwCHRWebMonitor: HwCHRWifiUIDWebSpeed [appName=com.wallapop UID=10181  WEBSENDSEGS=204  WEBRESENDSEGS=0  WEBRECVSEGS=173  WEBERRSEGS=0  WEBOUTRSTS=0  WEBESTABLISRST=0  WEBRTTDURATION=590  WEBRTTSEGS=69  WEBSNDDUPACKS=0  suckTimes=0 recovage_times=0]

06-26 02:29:49.258  2219  2219 W View    : requestLayout() improperly called by com.wallapop.design.view.WallapopTextView{b1338d2 V.ED..... ......ID 36,20-36,61 #7f0a08d2 app:id/wp__home__tv_bubble} during layout: running second layout pass

06-26 02:29:50.434  2127  2758 W ByMatcher: Node returned null child: android.view.accessibility.AccessibilityNodeInfo@80008bb7; boundsInParent: Rect(0, 0 - 720, 1158); boundsInScreen: Rect(0, 162 - 720, 1208); packageName: com.wallapop; className: androidx.recyclerview.widget.RecyclerView; text: null; error: null; maxTextLength: -1; contentDescription: null; viewIdResName: com.wallapop:id/wallList; checkable: false; checked: false; focusable: true; focused: true; selected: false; clickable: false; longClickable: false; contextClickable: false; enabled: true; password: false; scrollable: true; actions: [AccessibilityAction: ACTION_CLEAR_FOCUS - null, AccessibilityAction: ACTION_SELECT - null, AccessibilityAction: ACTION_CLEAR_SELECTION - null, AccessibilityAction: ACTION_ACCESSIBILITY_FOCUS - null, AccessibilityAction: ACTION_SCROLL_FORWARD - null, AccessibilityAction: ACTION_UNKNOWN - null]

06-26 02:29:50.479  2127  2758 W ByMatcher: Node returned null child: android.view.accessibility.AccessibilityNodeInfo@8000b502; boundsInParent: Rect(0, 0 - 720, 1158); boundsInScreen: Rect(0, 162 - 720, 1208); packageName: com.wallapop; className: android.view.ViewGroup; text: null; error: null; maxTextLength: -1; contentDescription: null; viewIdResName: com.wallapop:id/swipeToRefresh; checkable: false; checked: false; focusable: false; focused: false; selected: false; clickable: false; longClickable: false; contextClickable: false; enabled: true; password: false; scrollable: false; actions: [AccessibilityAction: ACTION_SELECT - null, AccessibilityAction: ACTION_CLEAR_SELECTION - null, AccessibilityAction: ACTION_ACCESSIBILITY_FOCUS - null, AccessibilityAction: ACTION_UNKNOWN - null]


